Log file open, 10/28/18 19:09:50
LogWindows: Failed to load 'aqProf.dll' (GetLastError=126)
LogWindows: File 'aqProf.dll' does not exist
LogWindows: Failed to load 'VSPerf140.dll' (GetLastError=126)
LogWindows: File 'VSPerf140.dll' does not exist
LogWindows: Failed to load 'VtuneApi.dll' (GetLastError=126)
LogWindows: File 'VtuneApi.dll' does not exist
LogWindows: Failed to load 'VtuneApi32e.dll' (GetLastError=126)
LogWindows: File 'VtuneApi32e.dll' does not exist
LogInit: Display: Running engine for game: DAGD300Assignment
LogPlatformFile: Not using cached read wrapper
LogTaskGraph: Started task graph with 5 named threads and 14 total threads with 3 sets of task threads.
LogStats: Stats thread started at 0.198303
LogD3D11RHI: Loaded GFSDK_Aftermath_Lib.x64.dll
LogICUInternationalization: Display: ICU TimeZone Detection - Raw Offset: -5:00, Platform Override: ''
LogPluginManager: Mounting plugin Paper2D
LogPluginManager: Mounting plugin AISupport
LogPluginManager: Mounting plugin LightPropagationVolume
LogPluginManager: Mounting plugin CLionSourceCodeAccess
LogPluginManager: Mounting plugin CodeLiteSourceCodeAccess
LogPluginManager: Mounting plugin GitSourceControl
LogPluginManager: Mounting plugin KDevelopSourceCodeAccess
LogPluginManager: Mounting plugin NullSourceCodeAccess
LogPluginManager: Mounting plugin PerforceSourceControl
LogPluginManager: Mounting plugin SubversionSourceControl
LogPluginManager: Mounting plugin UObjectPlugin
LogPluginManager: Mounting plugin VisualStudioCodeSourceCodeAccess
LogPluginManager: Mounting plugin VisualStudioSourceCodeAccess
LogPluginManager: Mounting plugin XCodeSourceCodeAccess
LogPluginManager: Mounting plugin AssetManagerEditor
LogPluginManager: Mounting plugin CryptoKeys
LogPluginManager: Mounting plugin DataValidation
LogPluginManager: Mounting plugin FacialAnimation
LogPluginManager: Mounting plugin GameplayTagsEditor
LogPluginManager: Mounting plugin MacGraphicsSwitching
LogPluginManager: Mounting plugin MeshEditor
LogPluginManager: Mounting plugin MobileLauncherProfileWizard
LogPluginManager: Mounting plugin PluginBrowser
LogPluginManager: Mounting plugin SpeedTreeImporter
LogPluginManager: Mounting plugin DatasmithContent
LogPluginManager: Mounting plugin AlembicImporter
LogPluginManager: Mounting plugin AppleImageUtils
LogPluginManager: Mounting plugin AppleVision
LogPluginManager: Mounting plugin BackChannel
LogPluginManager: Mounting plugin CharacterAI
LogPluginManager: Mounting plugin GeometryCache
LogPluginManager: Mounting plugin HTML5Networking
LogPluginManager: Mounting plugin ProxyLODPlugin
LogPluginManager: Mounting plugin MagicLeap
LogPluginManager: Mounting plugin MagicLeapEmulator
LogPluginManager: Mounting plugin MagicLeapMedia
LogPluginManager: Mounting plugin AndroidMedia
LogPluginManager: Mounting plugin AvfMedia
LogPluginManager: Mounting plugin ImgMedia
LogPluginManager: Mounting plugin LinearTimecode
LogPluginManager: Mounting plugin MediaCompositing
LogPluginManager: Mounting plugin MediaPlayerEditor
LogPluginManager: Mounting plugin WmfMedia
LogPluginManager: Mounting plugin TcpMessaging
LogPluginManager: Mounting plugin UdpMessaging
LogPluginManager: Mounting plugin ActorSequence
LogPluginManager: Mounting plugin LevelSequenceEditor
LogPluginManager: Mounting plugin MatineeToLevelSequence
LogPluginManager: Mounting plugin NetcodeUnitTest
LogPluginManager: Mounting plugin NUTUnrealEngine4
LogPluginManager: Mounting plugin OnlineSubsystemGooglePlay
LogPluginManager: Mounting plugin OnlineSubsystemIOS
LogPluginManager: Mounting plugin OnlineSubsystem
LogPluginManager: Mounting plugin OnlineSubsystemNull
LogPluginManager: Mounting plugin OnlineSubsystemUtils
LogPluginManager: Mounting plugin LauncherChunkInstaller
LogPluginManager: Mounting plugin AndroidDeviceProfileSelector
LogPluginManager: Mounting plugin AndroidMoviePlayer
LogPluginManager: Mounting plugin AndroidPermission
LogPluginManager: Mounting plugin AppleMoviePlayer
LogPluginManager: Mounting plugin ArchVisCharacter
LogPluginManager: Mounting plugin AudioCapture
LogPluginManager: Mounting plugin CableComponent
LogPluginManager: Mounting plugin CustomMeshComponent
LogPluginManager: Mounting plugin EditableMesh
LogPluginManager: Mounting plugin ExampleDeviceProfileSelector
LogPluginManager: Mounting plugin GoogleCloudMessaging
LogPluginManager: Mounting plugin ImmediatePhysics
LogPluginManager: Mounting plugin IOSDeviceProfileSelector
LogPluginManager: Mounting plugin LinuxDeviceProfileSelector
LogPluginManager: Mounting plugin LocationServicesBPLibrary
LogPluginManager: Mounting plugin MobilePatchingUtils
LogPluginManager: Mounting plugin OculusVR
LogPluginManager: Plugin shader directory ../../../Engine/Plugins/Runtime/Oculus/OculusVR/Shaders found
LogPluginManager: Mapping shader source directory ../../../Engine/Plugins/Runtime/Oculus/OculusVR/Shaders to virtual directory /Plugin/OculusVR
LogPluginManager: Mounting plugin PhysXVehicles
LogPluginManager: Mounting plugin ProceduralMeshComponent
LogPluginManager: Mounting plugin RuntimePhysXCooking
LogPluginManager: Mounting plugin SteamVR
LogPluginManager: Mounting plugin WindowsMoviePlayer
LogStreaming: Display: Took  0.420s to configure plugins.
LogInit: Using libcurl 7.55.1-DEV
LogInit:  - built for x86_64-pc-win32
LogInit:  - supports SSL with OpenSSL/1.0.2h
LogInit:  - supports HTTP deflate (compression) using libz 1.2.8
LogInit:  - other features:
LogInit:      CURL_VERSION_SSL
LogInit:      CURL_VERSION_LIBZ
LogInit:      CURL_VERSION_IPV6
LogInit:      CURL_VERSION_ASYNCHDNS
LogInit:      CURL_VERSION_LARGEFILE
LogInit:      CURL_VERSION_IDN
LogInit:  CurlRequestOptions (configurable via config and command line):
LogInit:  - bVerifyPeer = false  - Libcurl will NOT verify peer certificate
LogInit:  - bUseHttpProxy = false  - Libcurl will NOT use HTTP proxy
LogInit:  - bDontReuseConnections = false  - Libcurl will reuse connections
LogInit:  - CertBundlePath = nullptr  - Libcurl will use whatever was configured at build time.
LogInit:  - MaxHostConnections = 16  - Libcurl will limit the number of connections to a host
LogInit:  - LocalHostAddr = Default
LogInit:  - BufferSize = 65536
LogInit: WinSock: version 1.1 (2.2), MaxSocks=32767, MaxUdp=65467
LogInit: Build: ++UE4+Release-4.20-CL-4302132
LogInit: Engine Version: 4.20.2-4302132+++UE4+Release-4.20
LogInit: Compatible Engine Version: 4.20.0-4212847+++UE4+Release-4.20
LogInit: Net CL: 4212847
LogInit: OS: Windows 10 (), CPU: Intel(R) Core(TM) i5-7300HQ CPU @ 2.50GHz, GPU: Intel(R) HD Graphics 630
LogInit: Compiled (64-bit): Aug 21 2018 02:06:06
LogInit: Compiled with Visual C++: 19.13.26129.00
LogInit: Build Configuration: Development
LogInit: Branch Name: ++UE4+Release-4.20
LogInit: Command Line: 
LogInit: Base Directory: C:/Program Files/Epic Games/UE_4.20/Engine/Binaries/Win64/
LogInit: Installed Engine Build: 1
LogDevObjectVersion: Number of dev versions registered: 20
LogDevObjectVersion:   Dev-Blueprints (B0D832E4-1F89-4F0D-ACCF-7EB736FD4AA2): 10
LogDevObjectVersion:   Dev-Build (E1C64328-A22C-4D53-A36C-8E866417BD8C): 0
LogDevObjectVersion:   Dev-Core (375EC13C-06E4-48FB-B500-84F0262A717E): 2
LogDevObjectVersion:   Dev-Editor (E4B068ED-F494-42E9-A231-DA0B2E46BB41): 24
LogDevObjectVersion:   Dev-Framework (CFFC743F-43B0-4480-9391-14DF171D2073): 34
LogDevObjectVersion:   Dev-Mobile (B02B49B5-BB20-44E9-A304-32B752E40360): 2
LogDevObjectVersion:   Dev-Networking (A4E4105C-59A1-49B5-A7C5-40C4547EDFEE): 0
LogDevObjectVersion:   Dev-Online (39C831C9-5AE6-47DC-9A44-9C173E1C8E7C): 0
LogDevObjectVersion:   Dev-Physics (78F01B33-EBEA-4F98-B9B4-84EACCB95AA2): 0
LogDevObjectVersion:   Dev-Platform (6631380F-2D4D-43E0-8009-CF276956A95A): 0
LogDevObjectVersion:   Dev-Rendering (12F88B9F-8875-4AFC-A67C-D90C383ABD29): 26
LogDevObjectVersion:   Dev-Sequencer (7B5AE74C-D270-4C10-A958-57980B212A5A): 9
LogDevObjectVersion:   Dev-VR (D7296918-1DD6-4BDD-9DE2-64A83CC13884): 2
LogDevObjectVersion:   Dev-LoadTimes (C2A15278-BFE7-4AFE-6C17-90FF531DF755): 1
LogDevObjectVersion:   Private-Geometry (6EACA3D4-40EC-4CC1-B786-8BED09428FC5): 3
LogDevObjectVersion:   Dev-AnimPhys (29E575DD-E0A3-4627-9D10-D276232CDCEA): 17
LogDevObjectVersion:   Dev-ReflectionCapture (6B266CEC-1EC7-4B8F-A30B-E4D90942FC07): 1
LogDevObjectVersion:   Dev-Automation (0DF73D61-A23F-47EA-B727-89E90C41499A): 1
LogDevObjectVersion:   FortniteMain (601D1886-AC64-4F84-AA16-D3DE0DEAC7D6): 12
LogDevObjectVersion:   Dev-Enterprise (9DFFBCD6-494F-0158-E221-12823C92A888): 1
LogStreaming: Display: Took  0.001s to delete old logs.
LogInit: Presizing for max 8388607 objects, including 0 objects not considered by GC, pre-allocating 0 bytes for permanent pool.
LogInit: Object subsystem initialized
[2018.10.28-23.09.52:363][  0]LogInit: Selected Device Profile: [Windows]
[2018.10.28-23.09.52:376][  0]LogInit: Applying CVar settings loaded from the selected device profile: [Windows]
[2018.10.28-23.09.52:407][  0]LogHAL: Display: Platform has ~ 8 GB [8445386752 / 8589934592 / 8], which maps to Default [LargestMinGB=32, LargerMinGB=12, DefaultMinGB=8, SmallerMinGB=6, SmallestMinGB=0)
[2018.10.28-23.09.52:407][  0]LogInit: Setting Device Profile CVar: [[r.Vulkan.UseRealUBs:1]]
[2018.10.28-23.09.52:407][  0]LogInit: Going up to parent DeviceProfile []
[2018.10.28-23.09.52:463][  0]LogInit: Computer: LAPTOP-FD302QU7
[2018.10.28-23.09.52:463][  0]LogInit: User: cp283
[2018.10.28-23.09.52:463][  0]LogInit: CPU Page size=4096, Cores=4
[2018.10.28-23.09.52:463][  0]LogInit: High frequency timer resolution =2.437502 MHz
[2018.10.28-23.09.52:463][  0]LogMemory: Memory total: Physical=7.9GB (8GB approx)
[2018.10.28-23.09.52:463][  0]LogMemory: Platform Memory Stats for Windows
[2018.10.28-23.09.52:463][  0]LogMemory: Process Physical Memory: 100.18 MB used, 100.18 MB peak
[2018.10.28-23.09.52:463][  0]LogMemory: Process Virtual Memory: 84.34 MB used, 84.34 MB peak
[2018.10.28-23.09.52:463][  0]LogMemory: Physical Memory: 5659.24 MB used,  2394.91 MB free, 8054.15 MB total
[2018.10.28-23.09.52:463][  0]LogMemory: Virtual Memory: 4625.16 MB used,  2394.91 MB free, 134217728.00 MB total
[2018.10.28-23.09.52:931][  0]LogInit: Using OS detected language (en-US).
[2018.10.28-23.09.52:931][  0]LogInit: Using OS detected locale (en-US).
[2018.10.28-23.09.52:962][  0]LogTextLocalizationManager: No specific localization for 'en-US' exists, so the 'en' localization will be used.
[2018.10.28-23.09.53:971][  0]LogStreaming: Display: Took  1.040s to InitEngineTextLocalization.
[2018.10.28-23.09.54:000][  0]LogInit: Setting process to per monitor DPI aware
[2018.10.28-23.09.54:255][  0]LogSlate: New Slate User Created.  User Index 0, Is Virtual User: 0
[2018.10.28-23.09.54:255][  0]LogSlate: Slate User Registered.  User Index 0, Is Virtual User: 0
[2018.10.28-23.09.59:806][  0]LogHMD: Failed to initialize OpenVR with code 110
[2018.10.28-23.09.59:806][  0]LogD3D11RHI: D3D11 adapters:
[2018.10.28-23.10.00:881][  0]LogD3D11RHI:    0. 'NVIDIA GeForce GTX 1050' (Feature Level 11_0)
[2018.10.28-23.10.00:881][  0]LogD3D11RHI:       4021/0/4027 MB DedicatedVideo/DedicatedSystem/SharedSystem, Outputs:2, VendorId:0x10de
[2018.10.28-23.10.00:892][  0]LogD3D11RHI:    1. 'Intel(R) HD Graphics 630' (Feature Level 11_0)
[2018.10.28-23.10.00:892][  0]LogD3D11RHI:       128/0/4027 MB DedicatedVideo/DedicatedSystem/SharedSystem, Outputs:0, VendorId:0x8086
[2018.10.28-23.10.00:895][  0]LogD3D11RHI:    2. 'Microsoft Basic Render Driver' (Feature Level 11_0)
[2018.10.28-23.10.00:895][  0]LogD3D11RHI:       0/0/4027 MB DedicatedVideo/DedicatedSystem/SharedSystem, Outputs:0, VendorId:0x1414
[2018.10.28-23.10.00:895][  0]LogD3D11RHI: Chosen D3D11 Adapter: 0
[2018.10.28-23.10.00:934][  0]LogD3D11RHI: Creating new Direct3DDevice
[2018.10.28-23.10.00:934][  0]LogD3D11RHI:     GPU DeviceId: 0x1c8d (for the marketing name, search the web for "GPU Device Id")
[2018.10.28-23.10.00:934][  0]LogWindows: EnumDisplayDevices:
[2018.10.28-23.10.00:934][  0]LogWindows:    0. 'Intel(R) HD Graphics 630' (P:1 D:1)
[2018.10.28-23.10.00:934][  0]LogWindows:    1. 'Intel(R) HD Graphics 630' (P:0 D:1)
[2018.10.28-23.10.00:935][  0]LogWindows:    2. 'Intel(R) HD Graphics 630' (P:0 D:0)
[2018.10.28-23.10.00:952][  0]LogWindows: DebugString: PrimaryIsNotTheChoosenAdapter PrimaryIsNotTheChoosenAdapter PrimaryIsNotTheChoosenAdapter FoundDriverCount:0 
[2018.10.28-23.10.00:952][  0]LogD3D11RHI:     Adapter Name: NVIDIA GeForce GTX 1050
[2018.10.28-23.10.00:952][  0]LogD3D11RHI:   Driver Version: Unknown (internal:Unknown, unified:Unknown)
[2018.10.28-23.10.00:952][  0]LogD3D11RHI:      Driver Date: Unknown
[2018.10.28-23.10.00:952][  0]LogRHI: Texture pool is 2814 MB (70% of 4021 MB)
[2018.10.28-23.10.01:037][  0]LogD3D11RHI: Async texture creation enabled
[2018.10.28-23.10.01:139][  0]LogD3D11RHI: GPU Timing Frequency: 1000.000000 (Debug: 2 2)
[2018.10.28-23.10.01:211][  0]LogShaderCompilers: Guid format shader working directory is 10 characters bigger than the processId version (D:/UnrealProjects/DAGD300Assignment/Intermediate/Shaders/WorkingDirectory/19216/).
[2018.10.28-23.10.01:212][  0]LogShaderCompilers: Cleaned the shader compiler working directory 'C:/Users/cp283/AppData/Local/Temp/UnrealShaderWorkingDir/CC5FB4B945700876C5AD76A50A27A843/'.
[2018.10.28-23.10.10:498][  0]LogTemp: Display: Loaded TP AllDesktopTargetPlatform
[2018.10.28-23.10.10:527][  0]LogTemp: Display: Loaded TP MacClientTargetPlatform
[2018.10.28-23.10.10:543][  0]LogTemp: Display: Loaded TP MacNoEditorTargetPlatform
[2018.10.28-23.10.10:558][  0]LogTemp: Display: Loaded TP MacServerTargetPlatform
[2018.10.28-23.10.10:612][  0]LogTemp: Display: Loaded TP MacTargetPlatform
[2018.10.28-23.10.10:635][  0]LogTemp: Display: Loaded TP WindowsClientTargetPlatform
[2018.10.28-23.10.10:686][  0]LogTemp: Display: Loaded TP WindowsNoEditorTargetPlatform
[2018.10.28-23.10.10:718][  0]LogTemp: Display: Loaded TP WindowsServerTargetPlatform
[2018.10.28-23.10.10:733][  0]LogTemp: Display: Loaded TP WindowsTargetPlatform
[2018.10.28-23.10.10:902][  0]LogTemp: Display: Loaded TP AndroidTargetPlatform
[2018.10.28-23.10.10:902][  0]LogTemp: Display: Loaded TP AndroidTargetPlatform
[2018.10.28-23.10.10:902][  0]LogTemp: Display: Loaded TP AndroidTargetPlatform
[2018.10.28-23.10.10:902][  0]LogTemp: Display: Loaded TP AndroidTargetPlatform
[2018.10.28-23.10.10:902][  0]LogTemp: Display: Loaded TP AndroidTargetPlatform
[2018.10.28-23.10.10:902][  0]LogTemp: Display: Loaded TP AndroidTargetPlatform
[2018.10.28-23.10.10:902][  0]LogTemp: Display: Loaded TP AndroidTargetPlatform
[2018.10.28-23.10.10:902][  0]LogTemp: Display: Loaded TP AndroidTargetPlatform
[2018.10.28-23.10.10:902][  0]LogTemp: Display: Loaded TP AndroidTargetPlatform
[2018.10.28-23.10.10:902][  0]LogTemp: Display: Loaded TP AndroidTargetPlatform
[2018.10.28-23.10.10:902][  0]LogTemp: Display: Loaded TP AndroidTargetPlatform
[2018.10.28-23.10.10:902][  0]LogTemp: Display: Loaded TP AndroidTargetPlatform
[2018.10.28-23.10.10:902][  0]LogTemp: Display: Loaded TP AndroidTargetPlatform
[2018.10.28-23.10.10:902][  0]LogTemp: Display: Loaded TP AndroidTargetPlatform
[2018.10.28-23.10.10:902][  0]LogTemp: Display: Loaded TP AndroidTargetPlatform
[2018.10.28-23.10.10:902][  0]LogTemp: Display: Loaded TP AndroidTargetPlatform
[2018.10.28-23.10.10:902][  0]LogTemp: Display: Loaded TP AndroidTargetPlatform
[2018.10.28-23.10.10:902][  0]LogTemp: Display: Loaded TP AndroidTargetPlatform
[2018.10.28-23.10.10:919][  0]LogTemp: Display: Loaded TP HTML5TargetPlatform
[2018.10.28-23.10.11:025][  0]LogTemp: Display: Loaded TP IOSTargetPlatform
[2018.10.28-23.10.11:025][  0]LogTemp: Display: Loaded TP IOSTargetPlatform
[2018.10.28-23.10.11:053][  0]LogTemp: Display: Loaded TP TVOSTargetPlatform
[2018.10.28-23.10.11:053][  0]LogTemp: Display: Loaded TP TVOSTargetPlatform
[2018.10.28-23.10.11:079][  0]LogTemp: Display: Loaded TP LinuxClientTargetPlatform
[2018.10.28-23.10.11:127][  0]LogTemp: Display: Loaded TP LinuxNoEditorTargetPlatform
[2018.10.28-23.10.11:174][  0]LogTemp: Display: Loaded TP LinuxServerTargetPlatform
[2018.10.28-23.10.11:202][  0]LogTemp: Display: Loaded TP LinuxTargetPlatform
[2018.10.28-23.10.11:212][  0]LogTemp: Display: Loaded TP LuminTargetPlatform
[2018.10.28-23.10.11:212][  0]LogTargetPlatformManager: Display: Building Assets For Windows
[2018.10.28-23.10.11:620][  0]LogXGEController: Cleaning working directory: C:/Users/cp283/AppData/Local/Temp/UnrealXGEWorkingDir/
[2018.10.28-23.10.11:638][  0]LogXGEController: Cannot use XGE Controller as Incredibuild is not installed on this machine.
[2018.10.28-23.10.11:638][  0]LogShaderCompilers: Cannot use XGE Shader Compiler as Incredibuild is not installed on this machine.
[2018.10.28-23.10.11:638][  0]LogShaderCompilers: Display: Using Local Shader Compiler.
[2018.10.28-23.10.15:050][  0]LogDerivedDataCache: Display: Max Cache Size: 512 MB
[2018.10.28-23.10.16:128][  0]LogDerivedDataCache: Loaded boot cache 1.07s 71MB C:/Users/cp283/AppData/Local/UnrealEngine/4.20/DerivedDataCache/Boot.ddc.
[2018.10.28-23.10.16:128][  0]LogDerivedDataCache: Display: Loaded Boot cache: C:/Users/cp283/AppData/Local/UnrealEngine/4.20/DerivedDataCache/Boot.ddc
[2018.10.28-23.10.16:128][  0]LogDerivedDataCache: FDerivedDataBackendGraph:  Pak pak cache file D:/UnrealProjects/DAGD300Assignment/DerivedDataCache/DDC.ddp not found, will not use a pak cache.
[2018.10.28-23.10.16:129][  0]LogDerivedDataCache: Unable to find inner node Pak for hierarchical cache Hierarchy.
[2018.10.28-23.10.16:129][  0]LogDerivedDataCache: FDerivedDataBackendGraph:  CompressedPak pak cache file D:/UnrealProjects/DAGD300Assignment/DerivedDataCache/Compressed.ddp not found, will not use a pak cache.
[2018.10.28-23.10.16:129][  0]LogDerivedDataCache: Unable to find inner node CompressedPak for hierarchical cache Hierarchy.
[2018.10.28-23.10.16:187][  0]LogDerivedDataCache: Display: Pak cache opened for reading ../../../Engine/DerivedDataCache/Compressed.ddp.
[2018.10.28-23.10.16:200][  0]LogDerivedDataCache: Using Local data cache path C:/Users/cp283/AppData/Local/UnrealEngine/Common/DerivedDataCache: Writable
[2018.10.28-23.10.16:200][  0]LogDerivedDataCache: Shared data cache path not found in *engine.ini, will not use an Shared cache.
[2018.10.28-23.10.16:200][  0]LogDerivedDataCache: Unable to find inner node Shared for hierarchical cache Hierarchy.
[2018.10.28-23.10.16:253][  0]LogMaterial: Verifying Global Shaders for PCD3D_SM5
[2018.10.28-23.10.16:272][  0]LogSlate: Using FreeType 2.6.0
[2018.10.28-23.10.16:325][  0]LogSlate: SlateFontServices - WITH_FREETYPE: 1, WITH_HARFBUZZ: 1
[2018.10.28-23.10.16:690][  0]LogAssetRegistry: FAssetRegistry took 0.0278 seconds to start up
[2018.10.28-23.10.19:394][  0]LogInit: Selected Device Profile: [Windows]
[2018.10.28-23.10.20:609][  0]LogSimplygon: Simplygon DLL not present - disabling.
[2018.10.28-23.10.20:710][  0]LogMeshReduction: Using SimplygonSwarm for distributed automatic mesh merging
[2018.10.28-23.10.20:744][  0]LogMeshReduction: Using ProxyLODMeshReduction for automatic mesh merging
[2018.10.28-23.10.20:769][  0]LogMeshReduction: Using QuadricMeshReduction for automatic static mesh reduction
[2018.10.28-23.10.20:769][  0]LogMeshReduction: No automatic skeletal mesh reduction module available
[2018.10.28-23.10.20:937][  0]LogNetVersion: DAGD300Assignment 1.0.0, NetCL: 4212847, EngineNetVer: 5, GameNetVer: 0 (Checksum: 724653226)
[2018.10.28-23.10.24:800][  0]LogPackageLocalizationCache: Processed 11 localized package path(s) for 2 prioritized culture(s) in 0.237496 seconds
[2018.10.28-23.10.24:807][  0]LogUObjectArray: 38425 objects as part of root set at end of initial load.
[2018.10.28-23.10.24:807][  0]LogUObjectAllocator: 6690864 out of 0 bytes used by permanent object pool.
[2018.10.28-23.10.24:807][  0]LogUObjectArray: CloseDisregardForGC: 0/0 objects in disregard for GC pool
[2018.10.28-23.10.52:800][  0]LogTcpMessaging: Initializing TcpMessaging bridge
[2018.10.28-23.10.52:832][  0]LogUdpMessaging: Initializing bridge on interface 0.0.0.0:0 to multicast group 230.0.0.1:6666.
[2018.10.28-23.10.54:304][  0]SourceControl: Source control is disabled
[2018.10.28-23.10.54:304][  0]SourceControl: Source control is disabled
[2018.10.28-23.10.54:369][  0]SourceControl: Source control is disabled
[2018.10.28-23.10.54:411][  0]SourceControl: Source control is disabled
[2018.10.28-23.10.55:606][  0]LogAndroidPermission: UAndroidPermissionCallbackProxy::GetInstance
[2018.10.28-23.10.55:860][  0]LogOcInput: OculusInput pre-init called
[2018.10.28-23.10.56:544][  0]LogEngine: Initializing Engine...
[2018.10.28-23.10.56:561][  0]LogHMD: Failed to initialize OpenVR with code 110
[2018.10.28-23.10.56:611][  0]LogStats: UGameplayTagsManager::ConstructGameplayTagTree: ImportINI prefixes -  0.000 s
[2018.10.28-23.10.56:611][  0]LogStats: UGameplayTagsManager::ConstructGameplayTagTree: Construct from data asset -  0.000 s
[2018.10.28-23.10.56:612][  0]LogStats: UGameplayTagsManager::ConstructGameplayTagTree: ImportINI -  0.000 s
[2018.10.28-23.10.56:612][  0]LogStats: UGameplayTagsManager::ConstructGameplayTagTree: GameplayTagTreeChangedEvent.Broadcast -  0.000 s
[2018.10.28-23.10.57:350][  0]LogInit: Initializing FReadOnlyCVARCache
[2018.10.28-23.10.57:583][  0]LogAIModule: Creating AISystem for world Untitled
[2018.10.28-23.10.57:619][  0]LogInit: XAudio2 using 'Speakers / Headphones (Realtek Audio)' : 2 channels at 48 kHz using 32 bits per sample (channel mask 0x3)
[2018.10.28-23.10.57:976][  0]LogInit: FAudioDevice initialized.
[2018.10.28-23.10.57:976][  0]LogNetVersion: Set ProjectVersion to 1.0.0.0. Version Checksum will be recalculated on next use.
[2018.10.28-23.10.58:259][  0]LogDerivedDataCache: Saved boot cache 0.28s 71MB C:/Users/cp283/AppData/Local/UnrealEngine/4.20/DerivedDataCache/Boot.ddc.
[2018.10.28-23.10.58:268][  0]LogInit: Texture streaming: Enabled
[2018.10.28-23.10.58:975][  0]LogEngineSessionManager: EngineSessionManager initialized
[2018.10.28-23.10.58:975][  0]LogEngineSessionManager: EngineSessionManager sent abnormal shutdown report. Type=Crashed, SessionId={075F1736-4D47-361B-B765-16803796AE12}
[2018.10.28-23.10.59:695][  0]LogInit: Transaction tracking system initialized
[2018.10.28-23.11.00:594][  0]BlueprintLog: New page: Editor Load
[2018.10.28-23.11.02:047][  0]LocalizationService: Localization service is disabled
[2018.10.28-23.11.05:364][  0]LogFileCache: Scanning file cache for directory 'D:/UnrealProjects/DAGD300Assignment/Content/' took 0.02s
[2018.10.28-23.11.05:364][  0]LogCook: Display: Max memory allowance for cook 16384mb min free memory 0mb
[2018.10.28-23.11.05:382][  0]LogCook: Display: Mobile HDR setting 1
[2018.10.28-23.11.05:422][  0]LogGameplayTags: Display: UGameplayTagsManager::DoneAddingNativeTags. DelegateIsBound: 0
[2018.10.28-23.11.05:422][  0]LogStats: UGameplayTagsManager::ConstructGameplayTagTree: ImportINI prefixes -  0.000 s
[2018.10.28-23.11.05:422][  0]LogStats: UGameplayTagsManager::ConstructGameplayTagTree: Construct from data asset -  0.000 s
[2018.10.28-23.11.05:423][  0]LogStats: UGameplayTagsManager::ConstructGameplayTagTree: ImportINI -  0.000 s
[2018.10.28-23.11.05:423][  0]LogStats: UGameplayTagsManager::ConstructGameplayTagTree: GameplayTagTreeChangedEvent.Broadcast -  0.000 s
[2018.10.28-23.11.07:406][  0]SourceControl: Source control is disabled
[2018.10.28-23.11.07:667][  0]LogWindowsTextInputMethodSystem: Display: IME system now deactivated.
[2018.10.28-23.11.07:669][  0]LogSlate: Took 0.000287 seconds to synchronously load lazily loaded font '../../../Engine/Content/Slate/Fonts/Roboto-Regular.ttf' (155K)
[2018.10.28-23.11.34:710][  0]LogSlate: Window 'Restore Packages' being destroyed
[2018.10.28-23.11.34:711][  0]LogWindowsTextInputMethodSystem: Display: IME system now deactivated.
[2018.10.28-23.11.34:716][  0]LogWindowsTextInputMethodSystem: Display: IME system now deactivated.
[2018.10.28-23.11.34:830][  0]Cmd: MAP LOAD FILE="D:/UnrealProjects/DAGD300Assignment/Content/SideScrollerBP/Maps/SideScrollerExampleMap.umap" TEMPLATE=0 SHOWPROGRESS=1 FEATURELEVEL=3
[2018.10.28-23.11.34:872][  0]LightingResults: New page: Lighting Build
[2018.10.28-23.11.34:945][  0]MapCheck: New page: Map Check
[2018.10.28-23.11.34:945][  0]LightingResults: New page: Lighting Build
[2018.10.28-23.11.39:459][  0]LogAIModule: Creating AISystem for world SideScrollerExampleMap
[2018.10.28-23.11.39:784][  0]LogEditorServer: Finished looking for orphan Actors (0.000 secs)
[2018.10.28-23.11.39:869][  0]Cmd: MAP CHECKDEP NOCLEARLOG
[2018.10.28-23.11.40:034][  0]MapCheck: Map check complete: 0 Error(s), 0 Warning(s), took 164.335ms to complete.
[2018.10.28-23.11.40:034][  0]LogFileHelpers: Loading map 'SideScrollerExampleMap' took 5.239
[2018.10.28-23.11.40:862][  0]LogSlate: Updating window title bar state: overlay mode, drag disabled, window buttons hidden, title bar hidden
[2018.10.28-23.11.40:871][  0]LogSlate: Updating window title bar state: overlay mode, drag disabled, window buttons hidden, title bar hidden
[2018.10.28-23.11.40:879][  0]LogSlate: Updating window title bar state: overlay mode, drag disabled, window buttons hidden, title bar hidden
[2018.10.28-23.11.40:887][  0]LogSlate: Updating window title bar state: overlay mode, drag disabled, window buttons hidden, title bar hidden
[2018.10.28-23.11.40:946][  0]LogCollectionManager: Loaded 0 collections in 0.003527 seconds
[2018.10.28-23.11.41:046][  0]LogFileCache: Scanning file cache for directory 'D:/UnrealProjects/DAGD300Assignment/Saved/Collections/' took 0.01s
[2018.10.28-23.11.41:046][  0]LogFileCache: Scanning file cache for directory 'D:/UnrealProjects/DAGD300Assignment/Content/Developers/cp283/Collections/' took 0.01s
[2018.10.28-23.11.41:046][  0]LogFileCache: Scanning file cache for directory 'D:/UnrealProjects/DAGD300Assignment/Content/Collections/' took 0.01s
[2018.10.28-23.11.41:046][  0]LogCollectionManager: Rebuilt the GUID cache for 0 collections in 0.000001 seconds
[2018.10.28-23.11.41:057][  0]LogContentBrowser: Native class hierarchy populated in 0.0103 seconds. Added 2572 classes and 603 folders.
[2018.10.28-23.11.41:118][  0]LogContentBrowser: Native class hierarchy updated for 'WidgetCarousel' in 0.0004 seconds. Added 0 classes and 0 folders.
[2018.10.28-23.11.42:027][  0]LogContentBrowser: Native class hierarchy updated for 'AddContentDialog' in 0.0004 seconds. Added 0 classes and 0 folders.
[2018.10.28-23.11.42:091][  0]LogContentBrowser: Native class hierarchy updated for 'SceneOutliner' in 0.0004 seconds. Added 1 classes and 2 folders.
[2018.10.28-23.11.42:414][  0]LogSlate: Took 0.000298 seconds to synchronously load lazily loaded font '../../../Engine/Content/Slate/Fonts/Roboto-Bold.ttf' (160K)
[2018.10.28-23.11.42:454][  0]LogSlate: Took 0.034825 seconds to synchronously load lazily loaded font '../../../Engine/Content/Editor/Slate/Fonts/FontAwesome.ttf' (139K)
[2018.10.28-23.11.42:757][  0]LogRenderer: Reallocating scene render targets to support 1208x528 Format 10 NumSamples 1 (Frame:1).
[2018.10.28-23.11.42:926][  0]LogSlate: Took 0.015758 seconds to synchronously load lazily loaded font '../../../Engine/Content/Slate/Fonts/Roboto-Light.ttf' (167K)
[2018.10.28-23.11.43:152][  0]LogContentBrowser: Native class hierarchy updated for 'HierarchicalLODOutliner' in 0.0003 seconds. Added 0 classes and 0 folders.
[2018.10.28-23.11.43:152][  0]LogLoad: (Engine Initialization) Total time: 124.52 seconds
[2018.10.28-23.11.43:152][  0]LogLoad: (Engine Initialization) Total Blueprint compile time: 0.00 seconds
[2018.10.28-23.11.43:261][  0]LogContentStreaming: Texture pool size now 1000 MB
[2018.10.28-23.11.43:417][  2]LogAssetRegistry: Asset discovery search completed in 86.7491 seconds
[2018.10.28-23.11.43:420][  2]LogCollectionManager: Rebuilt the object cache for 0 collections in 0.000000 seconds (found 0 objects)
[2018.10.28-23.11.43:420][  2]LogCollectionManager: Fixed up redirectors for 0 collections in 0.000100 seconds (updated 0 objects)
[2018.10.28-23.11.44:301][ 46]LogSlate: Took 0.000304 seconds to synchronously load lazily loaded font '../../../Engine/Content/Slate/Fonts/Roboto-Light.ttf' (167K)
[2018.10.28-23.11.49:022][327]LogSlate: FSceneViewport::OnFocusLost() reason 0
[2018.10.28-23.11.49:215][333]LogAssetEditorManager: Opening Asset editor for WidgetBlueprint /Game/GUI/SaveMenu.SaveMenu
[2018.10.28-23.11.50:599][333]LogContentBrowser: Native class hierarchy updated for 'BlueprintGraph' in 0.0007 seconds. Added 116 classes and 0 folders.
[2018.10.28-23.11.52:555][333]LogSlate: Took 0.022455 seconds to synchronously load lazily loaded font '../../../Engine/Content/Slate/Fonts/Roboto-BoldCondensed.ttf' (158K)
[2018.10.28-23.12.00:386][556]LogAssetEditorManager: Opening Asset editor for Texture2D /Game/GUI/GUIImages/BackButtonTextureOnClickedBlack.BackButtonTextureOnClickedBlack
[2018.10.28-23.12.00:472][556]LogContentBrowser: Native class hierarchy updated for 'TextureEditor' in 0.0004 seconds. Added 1 classes and 2 folders.
[2018.10.28-23.12.02:980][663]LogSlate: Window 'BackButtonTextureOnClickedBlack' being destroyed
[2018.10.28-23.12.02:986][663]LogSlate: Window 'BackButtonTextureOnClickedBlack' being destroyed
[2018.10.28-23.12.09:684][723]LogSlate: Window 'Delete Assets' being destroyed
[2018.10.28-23.12.45:357][ 22]LogFactory: FactoryCreateFile: Texture with ReimportTextureFactory (0 0 D:/UnrealProjects/DAGD300Assignment/BackButtonTextureBlack2.png)
[2018.10.28-23.12.45:380][ 22]LogTexture: Display: Building textures: BackButtonTextureBlack2 (AutoDXT, 400X100)
[2018.10.28-23.12.45:560][ 22]LogFactory: FactoryCreateFile: Texture with ReimportTextureFactory (0 0 D:/UnrealProjects/DAGD300Assignment/BackButtonTextureOnClickedBlack2.png)
[2018.10.28-23.12.45:564][ 22]LogTexture: Display: Building textures: BackButtonTextureOnClickedBlack2 (AutoDXT, 400X100)
[2018.10.28-23.12.49:745][217]Cmd: OBJ SAVEPACKAGE PACKAGE="/Game/GUI/GUIImages/BackButtonTextureBlack2" FILE="D:/UnrealProjects/DAGD300Assignment/Content/GUI/GUIImages/BackButtonTextureBlack2.uasset" SILENT=true
[2018.10.28-23.12.49:754][217]LogSavePackage: Moving 'D:/UnrealProjects/DAGD300Assignment/Saved/BackButtonTextureBlack2B0C758E74E28F93DD3FACAA2152ACEA9.tmp' to 'D:/UnrealProjects/DAGD300Assignment/Content/GUI/GUIImages/BackButtonTextureBlack2.uasset'
[2018.10.28-23.12.49:778][217]Cmd: OBJ SAVEPACKAGE PACKAGE="/Game/GUI/GUIImages/BackButtonTextureOnClickedBlack2" FILE="D:/UnrealProjects/DAGD300Assignment/Content/GUI/GUIImages/BackButtonTextureOnClickedBlack2.uasset" SILENT=true
[2018.10.28-23.12.49:820][217]LogSavePackage: Moving 'D:/UnrealProjects/DAGD300Assignment/Saved/BackButtonTextureOnClickedBlack2E8E3E1474ECD2631882944A8CCD12CBF.tmp' to 'D:/UnrealProjects/DAGD300Assignment/Content/GUI/GUIImages/BackButtonTextureOnClickedBlack2.uasset'
[2018.10.28-23.13.07:816][560]LogSlate: Window 'Replace References?' being destroyed
[2018.10.28-23.13.07:824][560]LogSlate: Window 'Delete Assets' being destroyed
[2018.10.28-23.13.12:429][560]LogSlate: Window 'Save Content' being destroyed
[2018.10.28-23.13.12:480][560]Cmd: OBJ SAVEPACKAGE PACKAGE="/Game/GUI/GUIImages/BackButtonTextureOnClickedBlack" FILE="D:/UnrealProjects/DAGD300Assignment/Content/GUI/GUIImages/BackButtonTextureOnClickedBlack.uasset" SILENT=true
[2018.10.28-23.13.12:611][560]LogSavePackage: Moving 'D:/UnrealProjects/DAGD300Assignment/Saved/BackButtonTextureOnClickedBlackFCC7A3204FF6C1BFEB0044A0A92C0CFD.tmp' to 'D:/UnrealProjects/DAGD300Assignment/Content/GUI/GUIImages/BackButtonTextureOnClickedBlack.uasset'
[2018.10.28-23.13.12:683][560]Cmd: OBJ SAVEPACKAGE PACKAGE="/Game/GUI/OptionsMenu" FILE="D:/UnrealProjects/DAGD300Assignment/Content/GUI/OptionsMenu.uasset" SILENT=true
[2018.10.28-23.13.12:856][560]LogSavePackage: Moving 'D:/UnrealProjects/DAGD300Assignment/Saved/OptionsMenu4963CF9C4F4BCFFD46F9A0A391A57B9C.tmp' to 'D:/UnrealProjects/DAGD300Assignment/Content/GUI/OptionsMenu.uasset'
[2018.10.28-23.13.12:896][560]Cmd: OBJ SAVEPACKAGE PACKAGE="/Game/GUI/SaveMenu" FILE="D:/UnrealProjects/DAGD300Assignment/Content/GUI/SaveMenu.uasset" SILENT=true
[2018.10.28-23.13.12:956][560]LogSavePackage: Moving 'D:/UnrealProjects/DAGD300Assignment/Saved/SaveMenu40B9FBF748D845F619E1A1B17D132DAD.tmp' to 'D:/UnrealProjects/DAGD300Assignment/Content/GUI/SaveMenu.uasset'
[2018.10.28-23.13.24:666][723]LogSlate: Window 'Replace References?' being destroyed
[2018.10.28-23.13.24:673][723]LogSlate: Window 'Delete Assets' being destroyed
[2018.10.28-23.13.58:044][723]LogSlate: Window 'Save Content' being destroyed
[2018.10.28-23.13.58:103][723]Cmd: OBJ SAVEPACKAGE PACKAGE="/Game/GUI/GUIImages/BackButtonTextureBlack" FILE="D:/UnrealProjects/DAGD300Assignment/Content/GUI/GUIImages/BackButtonTextureBlack.uasset" SILENT=true
[2018.10.28-23.13.58:474][723]LogSavePackage: Moving 'D:/UnrealProjects/DAGD300Assignment/Saved/BackButtonTextureBlackCD6905DB43077BF6067BE08F5323E1BB.tmp' to 'D:/UnrealProjects/DAGD300Assignment/Content/GUI/GUIImages/BackButtonTextureBlack.uasset'
[2018.10.28-23.13.58:486][723]Cmd: OBJ SAVEPACKAGE PACKAGE="/Game/GUI/OptionsMenu" FILE="D:/UnrealProjects/DAGD300Assignment/Content/GUI/OptionsMenu.uasset" SILENT=true
[2018.10.28-23.13.58:546][723]LogSavePackage: Moving 'D:/UnrealProjects/DAGD300Assignment/Saved/OptionsMenu33CF1D4E4F062A335F9E7181D24AA25F.tmp' to 'D:/UnrealProjects/DAGD300Assignment/Content/GUI/OptionsMenu.uasset'
[2018.10.28-23.13.58:557][723]Cmd: OBJ SAVEPACKAGE PACKAGE="/Game/GUI/SaveMenu" FILE="D:/UnrealProjects/DAGD300Assignment/Content/GUI/SaveMenu.uasset" SILENT=true
[2018.10.28-23.13.58:592][723]LogSavePackage: Moving 'D:/UnrealProjects/DAGD300Assignment/Saved/SaveMenu6A3FF8924D778457AA305AB56677FA68.tmp' to 'D:/UnrealProjects/DAGD300Assignment/Content/GUI/SaveMenu.uasset'
[2018.10.28-23.14.03:919][  6]LogAssetEditorManager: Opening Asset editor for WidgetBlueprint /Game/GUI/MainMenu.MainMenu
[2018.10.28-23.15.18:972][154]LogSlate: Took 0.002295 seconds to synchronously load lazily loaded font '../../../Engine/Content/Slate/Fonts/DroidSansFallback.ttf' (3848K)
[2018.10.28-23.15.38:440][649]LogSlate: Window 'Save Asset As' being destroyed
[2018.10.28-23.15.43:349][693]LogSlate: Window 'Save Asset As' being destroyed
[2018.10.28-23.16.03:284][173]LogSlate: Window 'Save Asset As' being destroyed
[2018.10.28-23.16.39:300][173]LogTexture: Display: Building textures: BackButtonTexture (AutoDXT, 400X100)
[2018.10.28-23.17.12:194][  3]LogSlate: Window 'Save Asset As' being destroyed
[2018.10.28-23.18.33:544][204]LogEditorTransaction: Undo Move Widget
[2018.10.28-23.19.06:577][169]BlueprintLog: New page: Compile MainMenu
[2018.10.28-23.19.07:942][192]Cmd: OBJ SAVEPACKAGE PACKAGE="/Game/GUI/MainMenu" FILE="D:/UnrealProjects/DAGD300Assignment/Content/GUI/MainMenu.uasset" SILENT=true
[2018.10.28-23.19.08:079][192]LogSavePackage: Moving 'D:/UnrealProjects/DAGD300Assignment/Saved/MainMenu8DEE4F9A441EE22756F93D824D24326D.tmp' to 'D:/UnrealProjects/DAGD300Assignment/Content/GUI/MainMenu.uasset'
[2018.10.28-23.19.26:650][740]LogSlate: Window 'MainMenu' being destroyed
[2018.10.28-23.19.26:664][740]LogSlate: Window 'MainMenu' being destroyed
[2018.10.28-23.19.32:491][ 47]LogSlate: Window 'DAGD300Assignment - Unreal Editor' being destroyed
[2018.10.28-23.19.32:493][ 47]LogWindowsTextInputMethodSystem: Display: IME system now deactivated.
[2018.10.28-23.19.33:062][ 48]Cmd: QUIT_EDITOR
[2018.10.28-23.19.33:716][ 48]LogExit: Preparing to exit.
[2018.10.28-23.19.35:096][ 48]LogExit: Editor shut down
[2018.10.28-23.19.35:096][ 48]LogExit: Transaction tracking system shut down
[2018.10.28-23.19.37:729][ 48]LogExit: Object subsystem successfully closed.
[2018.10.28-23.19.37:839][ 48]LogShaderCompilers: Display: Shaders left to compile 0
[2018.10.28-23.19.37:873][ 48]LogD3D11RHI: Shutdown
[2018.10.28-23.19.37:873][ 48]LogD3D11RHI: CleanupD3DDevice
[2018.10.28-23.19.37:927][ 48]LogD3D11RHI: ~FD3D11DynamicRHI
[2018.10.28-23.19.39:793][ 48]LogModuleManager: Shutting down and abandoning module TextureEditor (616)
[2018.10.28-23.19.39:812][ 48]LogModuleManager: Shutting down and abandoning module SequencerWidgets (614)
[2018.10.28-23.19.39:812][ 48]LogModuleManager: Shutting down and abandoning module BlueprintGraph (612)
[2018.10.28-23.19.39:812][ 48]LogModuleManager: Shutting down and abandoning module HierarchicalLODOutliner (610)
[2018.10.28-23.19.39:812][ 48]LogModuleManager: Shutting down and abandoning module SceneOutliner (608)
[2018.10.28-23.19.39:812][ 48]LogModuleManager: Shutting down and abandoning module AddContentDialog (606)
[2018.10.28-23.19.39:836][ 48]LogModuleManager: Shutting down and abandoning module WidgetCarousel (605)
[2018.10.28-23.19.39:837][ 48]LogModuleManager: Shutting down and abandoning module EditorWidgets (602)
[2018.10.28-23.19.39:837][ 48]LogModuleManager: Shutting down and abandoning module CollectionManager (600)
[2018.10.28-23.19.39:869][ 48]LogModuleManager: Shutting down and abandoning module StatsViewer (598)
[2018.10.28-23.19.39:887][ 48]LogModuleManager: Shutting down and abandoning module FoliageEdit (596)
[2018.10.28-23.19.39:892][ 48]LogModuleManager: Shutting down and abandoning module LandscapeEditor (594)
[2018.10.28-23.19.39:924][ 48]LogModuleManager: Shutting down and abandoning module MeshPaintMode (592)
[2018.10.28-23.19.39:944][ 48]LogModuleManager: Shutting down and abandoning module SceneDepthPickerMode (590)
[2018.10.28-23.19.39:944][ 48]LogModuleManager: Shutting down and abandoning module ActorPickerMode (588)
[2018.10.28-23.19.39:944][ 48]LogModuleManager: Shutting down and abandoning module GeometryMode (586)
[2018.10.28-23.19.39:944][ 48]LogModuleManager: Shutting down and abandoning module TextureAlignMode (584)
[2018.10.28-23.19.39:944][ 48]LogModuleManager: Shutting down and abandoning module BspMode (582)
[2018.10.28-23.19.39:944][ 48]LogModuleManager: Shutting down and abandoning module PIEPreviewDeviceProfileSelector (580)
[2018.10.28-23.19.39:954][ 48]LogModuleManager: Shutting down and abandoning module SequenceRecorderSections (578)
[2018.10.28-23.19.39:969][ 48]LogModuleManager: Shutting down and abandoning module AutomationWorker (576)
[2018.10.28-23.19.39:969][ 48]LogModuleManager: Shutting down and abandoning module AudioCaptureEditor (574)
[2018.10.28-23.19.39:969][ 48]LogModuleManager: Shutting down and abandoning module SequenceRecorder (573)
[2018.10.28-23.19.39:981][ 48]LogModuleManager: Shutting down and abandoning module MatineeToLevelSequence (570)
[2018.10.28-23.19.40:011][ 48]LogModuleManager: Shutting down and abandoning module LevelSequenceEditor (568)
[2018.10.28-23.19.40:065][ 48]LogModuleManager: Shutting down and abandoning module PlacementMode (567)
[2018.10.28-23.19.40:065][ 48]LogModuleManager: Shutting down and abandoning module MaterialEditor (566)
[2018.10.28-23.19.40:098][ 48]LogModuleManager: Shutting down and abandoning module WmfMediaFactory (562)
[2018.10.28-23.19.40:098][ 48]LogModuleManager: Shutting down and abandoning module WmfMediaEditor (560)
[2018.10.28-23.19.40:098][ 48]LogModuleManager: Shutting down and abandoning module MediaPlayerEditor (558)
[2018.10.28-23.19.40:173][ 48]LogModuleManager: Shutting down and abandoning module OpenExrWrapper (556)
[2018.10.28-23.19.40:173][ 48]LogModuleManager: Shutting down and abandoning module ImgMediaFactory (554)
[2018.10.28-23.19.40:173][ 48]LogModuleManager: Shutting down and abandoning module ImgMediaEditor (552)
[2018.10.28-23.19.40:173][ 48]LogModuleManager: Shutting down and abandoning module AvfMediaFactory (550)
[2018.10.28-23.19.40:173][ 48]LogModuleManager: Shutting down and abandoning module AvfMediaEditor (548)
[2018.10.28-23.19.40:173][ 48]LogModuleManager: Shutting down and abandoning module AndroidMediaFactory (546)
[2018.10.28-23.19.40:173][ 48]LogModuleManager: Shutting down and abandoning module AndroidMediaEditor (544)
[2018.10.28-23.19.40:174][ 48]LogModuleManager: Shutting down and abandoning module MagicLeapCameraPreviewFactory (542)
[2018.10.28-23.19.40:174][ 48]LogModuleManager: Shutting down and abandoning module MagicLeapMediaFactory (540)
[2018.10.28-23.19.40:174][ 48]LogModuleManager: Shutting down and abandoning module MagicLeapMediaEditor (538)
[2018.10.28-23.19.40:174][ 48]LogModuleManager: Shutting down and abandoning module CharacterAI (536)
[2018.10.28-23.19.40:174][ 48]LogModuleManager: Shutting down and abandoning module SmartSnapping (534)
[2018.10.28-23.19.40:174][ 48]LogModuleManager: Shutting down and abandoning module SessionServices (532)
[2018.10.28-23.19.40:174][ 48]LogModuleManager: Shutting down and abandoning module ViewportSnapping (530)
[2018.10.28-23.19.40:174][ 48]LogModuleManager: Shutting down and abandoning module ViewportInteraction (528)
[2018.10.28-23.19.40:174][ 48]LogModuleManager: Shutting down and abandoning module ClothPainter (526)
[2018.10.28-23.19.40:218][ 48]LogModuleManager: Shutting down and abandoning module SkeletalMeshEditor (525)
[2018.10.28-23.19.40:249][ 48]LogModuleManager: Shutting down and abandoning module LogVisualizer (522)
[2018.10.28-23.19.40:280][ 48]LogModuleManager: Shutting down and abandoning module IntroTutorials (520)
[2018.10.28-23.19.40:326][ 48]LogModuleManager: Shutting down and abandoning module GameProjectGeneration (519)
[2018.10.28-23.19.40:339][ 48]LogModuleManager: Shutting down and abandoning module LuminPlatformEditor (516)
[2018.10.28-23.19.40:339][ 48]LogModuleManager: Shutting down and abandoning module IOSPlatformEditor (514)
[2018.10.28-23.19.40:350][ 48]LogModuleManager: Shutting down and abandoning module HTML5PlatformEditor (512)
[2018.10.28-23.19.40:350][ 48]LogModuleManager: Shutting down and abandoning module AndroidPlatformEditor (510)
[2018.10.28-23.19.40:350][ 48]LogModuleManager: Shutting down and abandoning module AndroidDeviceDetection (509)
[2018.10.28-23.19.40:566][ 48]LogModuleManager: Shutting down and abandoning module WindowsPlatformEditor (506)
[2018.10.28-23.19.40:566][ 48]LogModuleManager: Shutting down and abandoning module LuminRuntimeSettings (504)
[2018.10.28-23.19.40:566][ 48]LogModuleManager: Shutting down and abandoning module IOSRuntimeSettings (502)
[2018.10.28-23.19.40:566][ 48]LogModuleManager: Shutting down and abandoning module AndroidRuntimeSettings (500)
[2018.10.28-23.19.40:566][ 48]LogModuleManager: Shutting down and abandoning module InputBindingEditor (498)
[2018.10.28-23.19.40:579][ 48]LogModuleManager: Shutting down and abandoning module MergeActors (496)
[2018.10.28-23.19.40:593][ 48]LogModuleManager: Shutting down and abandoning module LocalizationDashboard (494)
[2018.10.28-23.19.40:609][ 48]LogModuleManager: Shutting down and abandoning module LocalizationService (493)
[2018.10.28-23.19.40:626][ 48]LogModuleManager: Shutting down and abandoning module HardwareTargeting (490)
[2018.10.28-23.19.40:626][ 48]LogModuleManager: Shutting down and abandoning module DeviceProfileEditor (488)
[2018.10.28-23.19.40:626][ 48]LogModuleManager: Shutting down and abandoning module UndoHistory (486)
[2018.10.28-23.19.40:634][ 48]LogModuleManager: Shutting down and abandoning module XmlParser (484)
[2018.10.28-23.19.40:634][ 48]LogModuleManager: Shutting down and abandoning module Blutility (482)
[2018.10.28-23.19.40:642][ 48]LogModuleManager: Shutting down and abandoning module ProjectSettingsViewer (480)
[2018.10.28-23.19.40:642][ 48]LogModuleManager: Shutting down and abandoning module ProjectTargetPlatformEditor (479)
[2018.10.28-23.19.40:642][ 48]LogModuleManager: Shutting down and abandoning module EditorSettingsViewer (476)
[2018.10.28-23.19.40:642][ 48]LogModuleManager: Shutting down and abandoning module SettingsEditor (474)
[2018.10.28-23.19.40:688][ 48]LogModuleManager: Shutting down and abandoning module ProjectLauncher (472)
[2018.10.28-23.19.40:717][ 48]LogModuleManager: Shutting down and abandoning module SessionFrontend (470)
[2018.10.28-23.19.40:731][ 48]LogModuleManager: Shutting down and abandoning module ProfilerClient (468)
[2018.10.28-23.19.40:747][ 48]LogModuleManager: Shutting down and abandoning module DeviceManager (466)
[2018.10.28-23.19.40:758][ 48]LogModuleManager: Shutting down and abandoning module TargetDeviceServices (465)
[2018.10.28-23.19.40:813][ 48]LogModuleManager: Shutting down and abandoning module AutomationController (462)
[2018.10.28-23.19.40:837][ 48]LogModuleManager: Shutting down and abandoning module AutomationWindow (460)
[2018.10.28-23.19.40:864][ 48]LogModuleManager: Shutting down and abandoning module Layers (458)
[2018.10.28-23.19.40:934][ 48]LogModuleManager: Shutting down and abandoning module ComponentVisualizers (456)
[2018.10.28-23.19.40:934][ 48]LogModuleManager: Shutting down and abandoning module DetailCustomizations (454)
[2018.10.28-23.19.40:950][ 48]LogModuleManager: Shutting down and abandoning module PackagesDialog (452)
[2018.10.28-23.19.40:950][ 48]LogModuleManager: Shutting down and abandoning module Persona (450)
[2018.10.28-23.19.40:991][ 48]LogModuleManager: Shutting down and abandoning module AdvancedPreviewScene (449)
[2018.10.28-23.19.40:991][ 48]LogModuleManager: Shutting down and abandoning module AnimGraph (447)
[2018.10.28-23.19.41:006][ 48]LogModuleManager: Shutting down and abandoning module Kismet (444)
[2018.10.28-23.19.41:023][ 48]LogModuleManager: Shutting down and abandoning module GraphEditor (442)
[2018.10.28-23.19.41:065][ 48]LogModuleManager: Shutting down and abandoning module ClassViewer (440)
[2018.10.28-23.19.41:066][ 48]LogModuleManager: Shutting down and abandoning module Toolbox (438)
[2018.10.28-23.19.41:066][ 48]LogModuleManager: Shutting down and abandoning module ModuleUI (436)
[2018.10.28-23.19.41:074][ 48]LogModuleManager: Shutting down and abandoning module MovieSceneTools (434)
[2018.10.28-23.19.41:074][ 48]LogModuleManager: Shutting down and abandoning module OutputLog (432)
[2018.10.28-23.19.41:074][ 48]LogModuleManager: Shutting down and abandoning module GammaUI (430)
[2018.10.28-23.19.41:090][ 48]LogModuleManager: Shutting down and abandoning module Documentation (428)
[2018.10.28-23.19.41:091][ 48]LogModuleManager: Shutting down and abandoning module MovieSceneTracks (426)
[2018.10.28-23.19.41:091][ 48]LogModuleManager: Shutting down and abandoning module MovieScene (424)
[2018.10.28-23.19.41:091][ 48]LogModuleManager: Shutting down and abandoning module StreamingPauseRendering (422)
[2018.10.28-23.19.41:102][ 48]LogModuleManager: Shutting down and abandoning module LauncherPlatform (420)
[2018.10.28-23.19.41:102][ 48]LogModuleManager: Shutting down and abandoning module AnalyticsET (418)
[2018.10.28-23.19.41:102][ 48]LogModuleManager: Shutting down and abandoning module PortalServices (416)
[2018.10.28-23.19.41:102][ 48]LogModuleManager: Shutting down and abandoning module PortalRpc (414)
[2018.10.28-23.19.41:102][ 48]LogModuleManager: Shutting down and abandoning module MessagingRpc (412)
[2018.10.28-23.19.41:102][ 48]LogModuleManager: Shutting down and abandoning module AIModule (410)
[2018.10.28-23.19.41:140][ 48]LogModuleManager: Shutting down and abandoning module GameplayDebugger (409)
[2018.10.28-23.19.41:150][ 48]LogModuleManager: Shutting down and abandoning module AITestSuite (407)
[2018.10.28-23.19.41:169][ 48]LogModuleManager: Shutting down and abandoning module NavigationSystem (405)
[2018.10.28-23.19.41:169][ 48]LogModuleManager: Shutting down and abandoning module DesktopPlatform (402)
[2018.10.28-23.19.41:169][ 48]LogModuleManager: Shutting down and abandoning module ProfilerService (400)
[2018.10.28-23.19.41:401][ 48]LogModuleManager: Shutting down and abandoning module TaskGraph (398)
[2018.10.28-23.19.41:427][ 48]LogModuleManager: Shutting down and abandoning module SteamVRController (396)
[2018.10.28-23.19.41:427][ 48]LogModuleManager: Shutting down and abandoning module ProceduralMeshComponentEditor (394)
[2018.10.28-23.19.41:427][ 48]LogModuleManager: Shutting down and abandoning module ProceduralMeshComponent (392)
[2018.10.28-23.19.41:442][ 48]LogModuleManager: Shutting down and abandoning module OculusInput (390)
[2018.10.28-23.19.41:442][ 48]LogModuleManager: Shutting down and abandoning module MobilePatchingUtils (388)
[2018.10.28-23.19.41:442][ 48]LogModuleManager: Shutting down and abandoning module EditableMesh (386)
[2018.10.28-23.19.41:463][ 48]LogModuleManager: Shutting down and abandoning module CustomMeshComponent (384)
[2018.10.28-23.19.41:463][ 48]LogModuleManager: Shutting down and abandoning module CableComponent (382)
[2018.10.28-23.19.41:464][ 48]LogModuleManager: Shutting down and abandoning module AudioCapture (380)
[2018.10.28-23.19.41:464][ 48]LogModuleManager: Shutting down and abandoning module ArchVisCharacter (378)
[2018.10.28-23.19.41:464][ 48]LogModuleManager: Shutting down and abandoning module AndroidPermission (376)
[2018.10.28-23.19.41:464][ 48]LogModuleManager: Shutting down and abandoning module NUTUnrealEngine4 (374)
[2018.10.28-23.19.41:464][ 48]LogModuleManager: Shutting down and abandoning module NetcodeUnitTest (372)
[2018.10.28-23.19.41:517][ 48]LogModuleManager: Shutting down and abandoning module MediaCompositingEditor (370)
[2018.10.28-23.19.41:518][ 48]LogModuleManager: Shutting down and abandoning module MediaCompositing (368)
[2018.10.28-23.19.41:518][ 48]LogModuleManager: Shutting down and abandoning module LinearTimecode (366)
[2018.10.28-23.19.41:518][ 48]LogModuleManager: Shutting down and abandoning module ImgMedia (364)
[2018.10.28-23.19.41:542][ 48]LogModuleManager: Shutting down and abandoning module HTML5Networking (362)
[2018.10.28-23.19.41:542][ 48]LogModuleManager: Shutting down and abandoning module GeometryCacheTracks (360)
[2018.10.28-23.19.41:542][ 48]LogModuleManager: Shutting down and abandoning module GeometryCacheSequencer (358)
[2018.10.28-23.19.41:542][ 48]LogModuleManager: Shutting down and abandoning module BackChannel (356)
[2018.10.28-23.19.41:564][ 48]LogModuleManager: Shutting down and abandoning module AppleVision (354)
[2018.10.28-23.19.41:564][ 48]LogModuleManager: Shutting down and abandoning module AppleImageUtils (352)
[2018.10.28-23.19.41:564][ 48]LogModuleManager: Shutting down and abandoning module AlembicImporter (350)
[2018.10.28-23.19.41:566][ 48]LogModuleManager: Shutting down and abandoning module AlembicLibrary (349)
[2018.10.28-23.19.41:566][ 48]LogModuleManager: Shutting down and abandoning module GeometryCache (348)
[2018.10.28-23.19.41:566][ 48]LogModuleManager: Shutting down and abandoning module GeometryCacheEd (347)
[2018.10.28-23.19.41:566][ 48]LogModuleManager: Shutting down and abandoning module DatasmithContentEditor (342)
[2018.10.28-23.19.41:584][ 48]LogModuleManager: Shutting down and abandoning module DatasmithContent (340)
[2018.10.28-23.19.41:585][ 48]LogModuleManager: Shutting down and abandoning module SpeedTreeImporter (338)
[2018.10.28-23.19.41:585][ 48]LogModuleManager: Shutting down and abandoning module PluginBrowser (336)
[2018.10.28-23.19.41:628][ 48]LogModuleManager: Shutting down and abandoning module MobileLauncherProfileWizard (334)
[2018.10.28-23.19.41:649][ 48]LogModuleManager: Shutting down and abandoning module PolygonModeling (332)
[2018.10.28-23.19.41:649][ 48]LogModuleManager: Shutting down and abandoning module MeshEditor (330)
[2018.10.28-23.19.41:664][ 48]LogModuleManager: Shutting down and abandoning module CryptoKeysOpenSSL (328)
[2018.10.28-23.19.41:682][ 48]LogModuleManager: Shutting down and abandoning module CryptoKeys (326)
[2018.10.28-23.19.41:683][ 48]LogModuleManager: Shutting down and abandoning module VisualStudioSourceCodeAccess (324)
[2018.10.28-23.19.41:683][ 48]LogModuleManager: Shutting down and abandoning module VisualStudioCodeSourceCodeAccess (322)
[2018.10.28-23.19.41:683][ 48]LogModuleManager: Shutting down and abandoning module UObjectPlugin (320)
[2018.10.28-23.19.41:683][ 48]LogModuleManager: Shutting down and abandoning module SubversionSourceControl (318)
[2018.10.28-23.19.41:695][ 48]LogModuleManager: Shutting down and abandoning module PerforceSourceControl (316)
[2018.10.28-23.19.41:721][ 48]LogModuleManager: Shutting down and abandoning module GitSourceControl (314)
[2018.10.28-23.19.41:734][ 48]LogModuleManager: Shutting down and abandoning module SourceControl (313)
[2018.10.28-23.19.41:750][ 48]LogModuleManager: Shutting down and abandoning module CLionSourceCodeAccess (310)
[2018.10.28-23.19.41:750][ 48]LogModuleManager: Shutting down and abandoning module LightPropagationVolumeEditor (308)
[2018.10.28-23.19.41:750][ 48]LogModuleManager: Shutting down and abandoning module PaperTiledImporter (306)
[2018.10.28-23.19.41:750][ 48]LogModuleManager: Shutting down and abandoning module PaperSpriteSheetImporter (304)
[2018.10.28-23.19.41:750][ 48]LogModuleManager: Shutting down and abandoning module Paper2DEditor (302)
[2018.10.28-23.19.41:787][ 48]LogModuleManager: Shutting down and abandoning module MeshPaint (301)
[2018.10.28-23.19.41:798][ 48]LogModuleManager: Shutting down and abandoning module RuntimePhysXCooking (298)
[2018.10.28-23.19.41:798][ 48]LogModuleManager: Shutting down and abandoning module PhysXVehiclesEditor (296)
[2018.10.28-23.19.41:798][ 48]LogModuleManager: Shutting down and abandoning module PhysXVehicles (294)
[2018.10.28-23.19.41:798][ 48]LogModuleManager: Shutting down and abandoning module OculusEditor (292)
[2018.10.28-23.19.41:815][ 48]LogModuleManager: Shutting down and abandoning module LocationServicesBPLibrary (290)
[2018.10.28-23.19.41:815][ 48]LogModuleManager: Shutting down and abandoning module ImmediatePhysicsEditor (288)
[2018.10.28-23.19.41:815][ 48]LogModuleManager: Shutting down and abandoning module ImmediatePhysics (286)
[2018.10.28-23.19.41:832][ 48]LogModuleManager: Shutting down and abandoning module ActorSequence (284)
[2018.10.28-23.19.41:832][ 48]LogModuleManager: Shutting down and abandoning module UdpMessaging (282)
[2018.10.28-23.19.41:934][ 48]LogModuleManager: Shutting down and abandoning module TcpMessaging (280)
[2018.10.28-23.19.42:053][ 48]LogModuleManager: Shutting down and abandoning module MagicLeapAudio (278)
[2018.10.28-23.19.42:053][ 48]LogModuleManager: Shutting down and abandoning module GameplayTagsEditor (276)
[2018.10.28-23.19.42:067][ 48]LogModuleManager: Shutting down and abandoning module FacialAnimationEditor (274)
[2018.10.28-23.19.42:067][ 48]LogModuleManager: Shutting down and abandoning module FacialAnimation (272)
[2018.10.28-23.19.42:067][ 48]LogModuleManager: Shutting down and abandoning module DataValidation (270)
[2018.10.28-23.19.42:067][ 48]LogModuleManager: Shutting down and abandoning module AssetManagerEditor (268)
[2018.10.28-23.19.42:094][ 48]LogModuleManager: Shutting down and abandoning module LevelEditor (267)
[2018.10.28-23.19.42:122][ 48]LogModuleManager: Shutting down and abandoning module PixelInspectorModule (266)
[2018.10.28-23.19.42:138][ 48]LogModuleManager: Shutting down and abandoning module CommonMenuExtensions (264)
[2018.10.28-23.19.42:138][ 48]LogModuleManager: Shutting down and abandoning module MainFrame (262)
[2018.10.28-23.19.42:149][ 48]LogModuleManager: Shutting down and abandoning module HotReload (261)
[2018.10.28-23.19.42:169][ 48]LogModuleManager: Shutting down and abandoning module ContentBrowser (257)
[2018.10.28-23.19.42:170][ 48]LogModuleManager: Shutting down and abandoning module TreeMap (255)
[2018.10.28-23.19.42:187][ 48]LogModuleManager: Shutting down and abandoning module LightPropagationVolumeRuntime (252)
[2018.10.28-23.19.42:187][ 48]LogModuleManager: Shutting down and abandoning module AISupportModule (250)
[2018.10.28-23.19.42:187][ 48]LogModuleManager: Shutting down and abandoning module Paper2D (248)
[2018.10.28-23.19.42:198][ 48]LogModuleManager: Shutting down and abandoning module WindowsMoviePlayer (246)
[2018.10.28-23.19.42:217][ 48]LogModuleManager: Shutting down and abandoning module WmfMedia (244)
[2018.10.28-23.19.42:236][ 48]LogModuleManager: Shutting down and abandoning module Media (243)
[2018.10.28-23.19.42:242][ 48]LogModuleManager: Shutting down and abandoning module PacketHandler (240)
[2018.10.28-23.19.42:242][ 48]LogModuleManager: Shutting down and abandoning module ClothingSystemEditor (238)
[2018.10.28-23.19.42:242][ 48]LogModuleManager: Shutting down and abandoning module ClothingSystemRuntime (236)
[2018.10.28-23.19.42:255][ 48]LogModuleManager: Shutting down and abandoning module MediaAssets (234)
[2018.10.28-23.19.42:255][ 48]LogModuleManager: Shutting down and abandoning module Overlay (232)
[2018.10.28-23.19.42:255][ 48]LogModuleManager: Shutting down and abandoning module OverlayEditor (231)
[2018.10.28-23.19.42:255][ 48]LogModuleManager: Shutting down and abandoning module VREditor (228)
[2018.10.28-23.19.42:283][ 48]LogModuleManager: Shutting down and abandoning module StringTableEditor (226)
[2018.10.28-23.19.42:301][ 48]LogModuleManager: Shutting down and abandoning module GameplayTasksEditor (224)
[2018.10.28-23.19.42:301][ 48]LogModuleManager: Shutting down and abandoning module BehaviorTreeEditor (222)
[2018.10.28-23.19.42:327][ 48]LogModuleManager: Shutting down and abandoning module FunctionalTesting (220)
[2018.10.28-23.19.42:342][ 48]LogModuleManager: Shutting down and abandoning module CollisionAnalyzer (218)
[2018.10.28-23.19.42:350][ 48]LogModuleManager: Shutting down and abandoning module WorkspaceMenuStructure (217)
[2018.10.28-23.19.42:350][ 48]LogModuleManager: Shutting down and abandoning module UMG (214)
[2018.10.28-23.19.42:368][ 48]LogModuleManager: Shutting down and abandoning module UMGEditor (213)
[2018.10.28-23.19.42:368][ 48]LogModuleManager: Shutting down and abandoning module Sequencer (212)
[2018.10.28-23.19.42:407][ 48]LogModuleManager: Shutting down and abandoning module MessageLog (209)
[2018.10.28-23.19.42:407][ 48]LogModuleManager: Shutting down and abandoning module SlateReflector (204)
[2018.10.28-23.19.42:454][ 48]LogModuleManager: Shutting down and abandoning module Slate (202)
[2018.10.28-23.19.42:454][ 48]LogModuleManager: Shutting down and abandoning module EditorStyle (200)
[2018.10.28-23.19.42:456][ 48]LogModuleManager: Shutting down and abandoning module MRMesh (198)
[2018.10.28-23.19.42:463][ 48]LogModuleManager: Shutting down and abandoning module SourceCodeAccess (196)
[2018.10.28-23.19.42:463][ 48]LogModuleManager: Shutting down and abandoning module HeadMountedDisplay (194)
[2018.10.28-23.19.42:463][ 48]LogModuleManager: Shutting down and abandoning module XAudio2 (192)
[2018.10.28-23.19.42:463][ 48]LogModuleManager: Shutting down and abandoning module Networking (190)
[2018.10.28-23.19.42:463][ 48]LogModuleManager: Shutting down and abandoning module Core (188)
[2018.10.28-23.19.42:463][ 48]LogModuleManager: Shutting down and abandoning module LevelSequence (186)
[2018.10.28-23.19.42:463][ 48]LogModuleManager: Shutting down and abandoning module KismetCompiler (184)
[2018.10.28-23.19.42:463][ 48]LogModuleManager: Shutting down and abandoning module MeshUtilities (182)
[2018.10.28-23.19.42:478][ 48]LogModuleManager: Shutting down and abandoning module MeshMergeUtilities (181)
[2018.10.28-23.19.42:489][ 48]LogModuleManager: Shutting down and abandoning module MeshReductionInterface (180)
[2018.10.28-23.19.42:489][ 48]LogModuleManager: Shutting down and abandoning module SimplygonSwarm (179)
[2018.10.28-23.19.42:501][ 48]LogModuleManager: Shutting down and abandoning module ProxyLODMeshReduction (177)
[2018.10.28-23.19.42:561][ 48]LogModuleManager: Shutting down and abandoning module SimplygonMeshReduction (175)
[2018.10.28-23.19.42:561][ 48]LogModuleManager: Shutting down and abandoning module QuadricMeshReduction (173)
[2018.10.28-23.19.42:577][ 48]LogModuleManager: Shutting down and abandoning module MaterialBaking (169)
[2018.10.28-23.19.42:585][ 48]LogModuleManager: Shutting down and abandoning module DirectoryWatcher (165)
[2018.10.28-23.19.42:585][ 48]LogModuleManager: Shutting down and abandoning module DerivedDataCache (162)
[2018.10.28-23.19.42:655][ 48]LogDerivedDataCache: Shutdown
[2018.10.28-23.19.42:655][ 48]LogModuleManager: Shutting down and abandoning module XGEController (160)
[2018.10.28-23.19.42:655][ 48]LogXGEController: Cleaning working directory: C:/Users/cp283/AppData/Local/Temp/UnrealXGEWorkingDir/
[2018.10.28-23.19.42:669][ 48]LogModuleManager: Shutting down and abandoning module TargetPlatform (158)
[2018.10.28-23.19.42:669][ 48]LogModuleManager: Shutting down and abandoning module VulkanShaderFormat (157)
[2018.10.28-23.19.42:686][ 48]LogModuleManager: Shutting down and abandoning module ShaderFormatVectorVM (155)
[2018.10.28-23.19.42:698][ 48]LogModuleManager: Shutting down and abandoning module ShaderFormatOpenGL (153)
[2018.10.28-23.19.42:708][ 48]LogModuleManager: Shutting down and abandoning module ShaderFormatD3D (151)
[2018.10.28-23.19.42:708][ 48]LogModuleManager: Shutting down and abandoning module MetalShaderFormat (149)
[2018.10.28-23.19.42:738][ 48]LogModuleManager: Shutting down and abandoning module TextureFormatUncompressed (147)
[2018.10.28-23.19.42:739][ 48]LogModuleManager: Shutting down and abandoning module TextureFormatPVR (145)
[2018.10.28-23.19.42:739][ 48]LogModuleManager: Shutting down and abandoning module TextureFormatDXT (143)
[2018.10.28-23.19.42:739][ 48]LogModuleManager: Shutting down and abandoning module TextureFormatIntelISPCTexComp (141)
[2018.10.28-23.19.42:757][ 48]LogModuleManager: Shutting down and abandoning module TextureFormatASTC (139)
[2018.10.28-23.19.42:757][ 48]LogModuleManager: Shutting down and abandoning module ImageWrapper (138)
[2018.10.28-23.19.42:757][ 48]LogModuleManager: Shutting down and abandoning module TextureFormatAndroid (135)
[2018.10.28-23.19.42:757][ 48]LogModuleManager: Shutting down and abandoning module AudioFormatOpus (133)
[2018.10.28-23.19.42:757][ 48]LogModuleManager: Shutting down and abandoning module AudioFormatOgg (131)
[2018.10.28-23.19.42:757][ 48]LogModuleManager: Shutting down and abandoning module AudioFormatADPCM (129)
[2018.10.28-23.19.42:757][ 48]LogModuleManager: Shutting down and abandoning module LuminTargetPlatform (127)
[2018.10.28-23.19.42:757][ 48]LogModuleManager: Shutting down and abandoning module LinuxTargetPlatform (125)
[2018.10.28-23.19.42:757][ 48]LogModuleManager: Shutting down and abandoning module LinuxServerTargetPlatform (123)
[2018.10.28-23.19.42:757][ 48]LogModuleManager: Shutting down and abandoning module LinuxNoEditorTargetPlatform (121)
[2018.10.28-23.19.42:779][ 48]LogModuleManager: Shutting down and abandoning module LinuxClientTargetPlatform (119)
[2018.10.28-23.19.42:786][ 48]LogModuleManager: Shutting down and abandoning module TVOSTargetPlatform (117)
[2018.10.28-23.19.42:786][ 48]LogModuleManager: Shutting down and abandoning module Messaging (115)
[2018.10.28-23.19.42:786][ 48]LogModuleManager: Shutting down and abandoning module IOSTargetPlatform (113)
[2018.10.28-23.19.42:788][ 48]LogModuleManager: Shutting down and abandoning module HTML5TargetPlatform (111)
[2018.10.28-23.19.42:788][ 48]LogModuleManager: Shutting down and abandoning module AndroidTargetPlatform (109)
[2018.10.28-23.19.42:804][ 48]LogModuleManager: Shutting down and abandoning module WindowsTargetPlatform (107)
[2018.10.28-23.19.42:804][ 48]LogModuleManager: Shutting down and abandoning module WindowsServerTargetPlatform (105)
[2018.10.28-23.19.42:804][ 48]LogModuleManager: Shutting down and abandoning module WindowsNoEditorTargetPlatform (103)
[2018.10.28-23.19.42:804][ 48]LogModuleManager: Shutting down and abandoning module WindowsClientTargetPlatform (101)
[2018.10.28-23.19.42:804][ 48]LogModuleManager: Shutting down and abandoning module MacTargetPlatform (99)
[2018.10.28-23.19.42:804][ 48]LogModuleManager: Shutting down and abandoning module MacServerTargetPlatform (97)
[2018.10.28-23.19.42:804][ 48]LogModuleManager: Shutting down and abandoning module MacNoEditorTargetPlatform (95)
[2018.10.28-23.19.42:804][ 48]LogModuleManager: Shutting down and abandoning module MacClientTargetPlatform (93)
[2018.10.28-23.19.42:804][ 48]LogModuleManager: Shutting down and abandoning module AllDesktopTargetPlatform (91)
[2018.10.28-23.19.42:804][ 48]LogModuleManager: Shutting down and abandoning module InputCore (88)
[2018.10.28-23.19.42:804][ 48]LogModuleManager: Shutting down and abandoning module Settings (86)
[2018.10.28-23.19.42:804][ 48]LogModuleManager: Shutting down and abandoning module PhysXCooking (84)
[2018.10.28-23.19.42:804][ 48]LogModuleManager: Shutting down and abandoning module SteamVR (82)
[2018.10.28-23.19.42:804][ 48]LogModuleManager: Shutting down and abandoning module OculusHMD (80)
[2018.10.28-23.19.42:826][ 48]LogModuleManager: Shutting down and abandoning module ExampleDeviceProfileSelector (78)
[2018.10.28-23.19.42:826][ 48]LogModuleManager: Shutting down and abandoning module LauncherChunkInstaller (76)
[2018.10.28-23.19.42:826][ 48]LogModuleManager: Shutting down and abandoning module OnlineBlueprintSupport (74)
[2018.10.28-23.19.42:826][ 48]LogModuleManager: Shutting down and abandoning module OnlineSubsystem (70)
[2018.10.28-23.19.42:891][ 48]LogModuleManager: Shutting down and abandoning module XMPP (65)
[2018.10.28-23.19.42:924][ 48]LogModuleManager: Shutting down and abandoning module WebSockets (64)
[2018.10.28-23.19.43:014][ 48]LogModuleManager: Shutting down and abandoning module HTTP (61)
[2018.10.28-23.19.43:033][ 48]LogHttp: Display: Http module shutting down, but needs to wait on 1 outstanding Http requests:
[2018.10.28-23.19.43:033][ 48]LogHttp: Display: 	verb=[POST] url=[https://datarouter.ol.epicgames.com/datarouter/api/v1/public/data?SessionID=%7B629CEA49-4A94-0EB8-2726-A788DCBABF34%7D&AppID=UEEditor.Rocket.Release&AppVersion=4.20.2-4302132%2B%2B%2BUE4%2BRelease-4.20&UserID=a588d1144912e51a9c6952bb72979986%7C504a56eacb094752a172dcccc7c138cb%7Caff4c873-7006-401f-b0d6-471a5a4e1842&AppEnvironment=datacollector-binary&UploadType=eteventstream] status=Processing
[2018.10.28-23.19.43:066][ 48]LogModuleManager: Shutting down and abandoning module SSL (60)
[2018.10.28-23.19.43:105][ 48]LogModuleManager: Shutting down and abandoning module MagicLeapEmulator (56)
[2018.10.28-23.19.43:105][ 48]LogModuleManager: Shutting down and abandoning module MagicLeapPrivileges (54)
[2018.10.28-23.19.43:105][ 48]LogModuleManager: Shutting down and abandoning module MagicLeapIdentity (52)
[2018.10.28-23.19.43:105][ 48]LogModuleManager: Shutting down and abandoning module MagicLeapHelperVulkan (50)
[2018.10.28-23.19.43:105][ 48]LogModuleManager: Shutting down and abandoning module MagicLeapHelperOpenGL (48)
[2018.10.28-23.19.43:105][ 48]LogModuleManager: Shutting down and abandoning module MagicLeapSecureStorage (46)
[2018.10.28-23.19.43:105][ 48]LogModuleManager: Shutting down and abandoning module MagicLeapGestures (44)
[2018.10.28-23.19.43:105][ 48]LogModuleManager: Shutting down and abandoning module MagicLeapEyeTracker (42)
[2018.10.28-23.19.43:105][ 48]LogModuleManager: Shutting down and abandoning module MagicLeapController (40)
[2018.10.28-23.19.43:105][ 48]LogSlate: Slate User Destroyed.  User Index 0, Is Virtual User: 0
[2018.10.28-23.19.43:105][ 48]LogModuleManager: Shutting down and abandoning module MagicLeap (38)
[2018.10.28-23.19.43:120][ 48]LogModuleManager: Shutting down and abandoning module AnimationModifiers (36)
[2018.10.28-23.19.43:151][ 48]LogModuleManager: Shutting down and abandoning module PropertyEditor (35)
[2018.10.28-23.19.43:168][ 48]LogModuleManager: Shutting down and abandoning module AudioEditor (32)
[2018.10.28-23.19.43:198][ 48]LogModuleManager: Shutting down and abandoning module TextureCompressor (30)
[2018.10.28-23.19.43:198][ 48]LogModuleManager: Shutting down and abandoning module ShaderCore (28)
[2018.10.28-23.19.43:198][ 48]LogModuleManager: Shutting down and abandoning module Landscape (26)
[2018.10.28-23.19.43:198][ 48]LogModuleManager: Shutting down and abandoning module SlateRHIRenderer (24)
[2018.10.28-23.19.43:225][ 48]LogModuleManager: Shutting down and abandoning module OpenGLDrv (22)
[2018.10.28-23.19.43:242][ 48]LogModuleManager: Shutting down and abandoning module D3D11RHI (20)
[2018.10.28-23.19.43:242][ 48]LogModuleManager: Shutting down and abandoning module AnimGraphRuntime (18)
[2018.10.28-23.19.43:251][ 48]LogModuleManager: Shutting down and abandoning module Renderer (16)
[2018.10.28-23.19.43:251][ 48]LogModuleManager: Shutting down and abandoning module Engine (14)
[2018.10.28-23.19.43:251][ 48]LogModuleManager: Shutting down and abandoning module CoreUObject (12)
[2018.10.28-23.19.43:251][ 48]LogModuleManager: Shutting down and abandoning module NetworkFile (10)
[2018.10.28-23.19.43:266][ 48]LogModuleManager: Shutting down and abandoning module CookedIterativeFile (8)
[2018.10.28-23.19.43:266][ 48]LogModuleManager: Shutting down and abandoning module StreamingFile (6)
[2018.10.28-23.19.43:282][ 48]LogModuleManager: Shutting down and abandoning module SandboxFile (4)
[2018.10.28-23.19.43:282][ 48]LogModuleManager: Shutting down and abandoning module PakFile (2)
[2018.10.28-23.19.43:331][ 48]LogExit: Exiting.
[2018.10.28-23.19.43:350][ 48]Log file closed, 10/28/18 19:19:43
