Log file open, 01/25/19 10:35:00
LogWindows: Failed to load 'aqProf.dll' (GetLastError=126)
LogWindows: File 'aqProf.dll' does not exist
LogWindows: Failed to load 'VSPerf140.dll' (GetLastError=126)
LogWindows: File 'VSPerf140.dll' does not exist
LogWindows: Failed to load 'VtuneApi.dll' (GetLastError=126)
LogWindows: File 'VtuneApi.dll' does not exist
LogWindows: Failed to load 'VtuneApi32e.dll' (GetLastError=126)
LogWindows: File 'VtuneApi32e.dll' does not exist
LogInit: Display: Running engine for game: DAGD300Assignment
LogPlatformFile: Not using cached read wrapper
LogTaskGraph: Started task graph with 5 named threads and 14 total threads with 3 sets of task threads.
LogStats: Stats thread started at 0.215198
LogD3D11RHI: Loaded GFSDK_Aftermath_Lib.x64.dll
LogICUInternationalization: Display: ICU TimeZone Detection - Raw Offset: -5:00, Platform Override: ''
LogPluginManager: Mounting plugin Paper2D
LogPluginManager: Mounting plugin AISupport
LogPluginManager: Mounting plugin LightPropagationVolume
LogPluginManager: Mounting plugin CLionSourceCodeAccess
LogPluginManager: Mounting plugin CodeLiteSourceCodeAccess
LogPluginManager: Mounting plugin GitSourceControl
LogPluginManager: Mounting plugin KDevelopSourceCodeAccess
LogPluginManager: Mounting plugin NullSourceCodeAccess
LogPluginManager: Mounting plugin PerforceSourceControl
LogPluginManager: Mounting plugin SubversionSourceControl
LogPluginManager: Mounting plugin UObjectPlugin
LogPluginManager: Mounting plugin VisualStudioCodeSourceCodeAccess
LogPluginManager: Mounting plugin VisualStudioSourceCodeAccess
LogPluginManager: Mounting plugin XCodeSourceCodeAccess
LogPluginManager: Mounting plugin AssetManagerEditor
LogPluginManager: Mounting plugin CryptoKeys
LogPluginManager: Mounting plugin DataValidation
LogPluginManager: Mounting plugin FacialAnimation
LogPluginManager: Mounting plugin GameplayTagsEditor
LogPluginManager: Mounting plugin MacGraphicsSwitching
LogPluginManager: Mounting plugin MeshEditor
LogPluginManager: Mounting plugin MobileLauncherProfileWizard
LogPluginManager: Mounting plugin PluginBrowser
LogPluginManager: Mounting plugin SpeedTreeImporter
LogPluginManager: Mounting plugin DatasmithContent
LogPluginManager: Mounting plugin AlembicImporter
LogPluginManager: Mounting plugin AppleImageUtils
LogPluginManager: Mounting plugin AppleVision
LogPluginManager: Mounting plugin BackChannel
LogPluginManager: Mounting plugin CharacterAI
LogPluginManager: Mounting plugin GeometryCache
LogPluginManager: Mounting plugin HTML5Networking
LogPluginManager: Mounting plugin ProxyLODPlugin
LogPluginManager: Mounting plugin MagicLeap
LogPluginManager: Mounting plugin MagicLeapEmulator
LogPluginManager: Mounting plugin MagicLeapMedia
LogPluginManager: Mounting plugin AndroidMedia
LogPluginManager: Mounting plugin AvfMedia
LogPluginManager: Mounting plugin ImgMedia
LogPluginManager: Mounting plugin LinearTimecode
LogPluginManager: Mounting plugin MediaCompositing
LogPluginManager: Mounting plugin MediaPlayerEditor
LogPluginManager: Mounting plugin WmfMedia
LogPluginManager: Mounting plugin TcpMessaging
LogPluginManager: Mounting plugin UdpMessaging
LogPluginManager: Mounting plugin ActorSequence
LogPluginManager: Mounting plugin LevelSequenceEditor
LogPluginManager: Mounting plugin MatineeToLevelSequence
LogPluginManager: Mounting plugin NetcodeUnitTest
LogPluginManager: Mounting plugin NUTUnrealEngine4
LogPluginManager: Mounting plugin OnlineSubsystemGooglePlay
LogPluginManager: Mounting plugin OnlineSubsystemIOS
LogPluginManager: Mounting plugin OnlineSubsystem
LogPluginManager: Mounting plugin OnlineSubsystemNull
LogPluginManager: Mounting plugin OnlineSubsystemUtils
LogPluginManager: Mounting plugin LauncherChunkInstaller
LogPluginManager: Mounting plugin AndroidDeviceProfileSelector
LogPluginManager: Mounting plugin AndroidMoviePlayer
LogPluginManager: Mounting plugin AndroidPermission
LogPluginManager: Mounting plugin AppleMoviePlayer
LogPluginManager: Mounting plugin ArchVisCharacter
LogPluginManager: Mounting plugin AudioCapture
LogPluginManager: Mounting plugin CableComponent
LogPluginManager: Mounting plugin CustomMeshComponent
LogPluginManager: Mounting plugin EditableMesh
LogPluginManager: Mounting plugin ExampleDeviceProfileSelector
LogPluginManager: Mounting plugin GoogleCloudMessaging
LogPluginManager: Mounting plugin ImmediatePhysics
LogPluginManager: Mounting plugin IOSDeviceProfileSelector
LogPluginManager: Mounting plugin LinuxDeviceProfileSelector
LogPluginManager: Mounting plugin LocationServicesBPLibrary
LogPluginManager: Mounting plugin MobilePatchingUtils
LogPluginManager: Mounting plugin OculusVR
LogPluginManager: Plugin shader directory ../../../Engine/Plugins/Runtime/Oculus/OculusVR/Shaders found
LogPluginManager: Mapping shader source directory ../../../Engine/Plugins/Runtime/Oculus/OculusVR/Shaders to virtual directory /Plugin/OculusVR
LogPluginManager: Mounting plugin PhysXVehicles
LogPluginManager: Mounting plugin ProceduralMeshComponent
LogPluginManager: Mounting plugin RuntimePhysXCooking
LogPluginManager: Mounting plugin SteamVR
LogPluginManager: Mounting plugin WindowsMoviePlayer
LogStreaming: Display: Took  0.343s to configure plugins.
LogInit: Using libcurl 7.55.1-DEV
LogInit:  - built for x86_64-pc-win32
LogInit:  - supports SSL with OpenSSL/1.0.2h
LogInit:  - supports HTTP deflate (compression) using libz 1.2.8
LogInit:  - other features:
LogInit:      CURL_VERSION_SSL
LogInit:      CURL_VERSION_LIBZ
LogInit:      CURL_VERSION_IPV6
LogInit:      CURL_VERSION_ASYNCHDNS
LogInit:      CURL_VERSION_LARGEFILE
LogInit:      CURL_VERSION_IDN
LogInit:  CurlRequestOptions (configurable via config and command line):
LogInit:  - bVerifyPeer = false  - Libcurl will NOT verify peer certificate
LogInit:  - bUseHttpProxy = false  - Libcurl will NOT use HTTP proxy
LogInit:  - bDontReuseConnections = false  - Libcurl will reuse connections
LogInit:  - CertBundlePath = nullptr  - Libcurl will use whatever was configured at build time.
LogInit:  - MaxHostConnections = 16  - Libcurl will limit the number of connections to a host
LogInit:  - LocalHostAddr = Default
LogInit:  - BufferSize = 65536
LogInit: WinSock: version 1.1 (2.2), MaxSocks=32767, MaxUdp=65467
LogInit: Build: ++UE4+Release-4.20-CL-4302132
LogInit: Engine Version: 4.20.2-4302132+++UE4+Release-4.20
LogInit: Compatible Engine Version: 4.20.0-4212847+++UE4+Release-4.20
LogInit: Net CL: 4212847
LogInit: OS: Windows 10 (), CPU: Intel(R) Core(TM) i5-6400 CPU @ 2.70GHz, GPU: NVIDIA GeForce GTX 1070
LogInit: Compiled (64-bit): Aug 21 2018 02:06:06
LogInit: Compiled with Visual C++: 19.13.26129.00
LogInit: Build Configuration: Development
LogInit: Branch Name: ++UE4+Release-4.20
LogInit: Command Line: 
LogInit: Base Directory: D:/Program Files (x86)/UE_4.20/Engine/Binaries/Win64/
LogInit: Installed Engine Build: 1
LogDevObjectVersion: Number of dev versions registered: 20
LogDevObjectVersion:   Dev-Blueprints (B0D832E4-1F89-4F0D-ACCF-7EB736FD4AA2): 10
LogDevObjectVersion:   Dev-Build (E1C64328-A22C-4D53-A36C-8E866417BD8C): 0
LogDevObjectVersion:   Dev-Core (375EC13C-06E4-48FB-B500-84F0262A717E): 2
LogDevObjectVersion:   Dev-Editor (E4B068ED-F494-42E9-A231-DA0B2E46BB41): 24
LogDevObjectVersion:   Dev-Framework (CFFC743F-43B0-4480-9391-14DF171D2073): 34
LogDevObjectVersion:   Dev-Mobile (B02B49B5-BB20-44E9-A304-32B752E40360): 2
LogDevObjectVersion:   Dev-Networking (A4E4105C-59A1-49B5-A7C5-40C4547EDFEE): 0
LogDevObjectVersion:   Dev-Online (39C831C9-5AE6-47DC-9A44-9C173E1C8E7C): 0
LogDevObjectVersion:   Dev-Physics (78F01B33-EBEA-4F98-B9B4-84EACCB95AA2): 0
LogDevObjectVersion:   Dev-Platform (6631380F-2D4D-43E0-8009-CF276956A95A): 0
LogDevObjectVersion:   Dev-Rendering (12F88B9F-8875-4AFC-A67C-D90C383ABD29): 26
LogDevObjectVersion:   Dev-Sequencer (7B5AE74C-D270-4C10-A958-57980B212A5A): 9
LogDevObjectVersion:   Dev-VR (D7296918-1DD6-4BDD-9DE2-64A83CC13884): 2
LogDevObjectVersion:   Dev-LoadTimes (C2A15278-BFE7-4AFE-6C17-90FF531DF755): 1
LogDevObjectVersion:   Private-Geometry (6EACA3D4-40EC-4CC1-B786-8BED09428FC5): 3
LogDevObjectVersion:   Dev-AnimPhys (29E575DD-E0A3-4627-9D10-D276232CDCEA): 17
LogDevObjectVersion:   Dev-ReflectionCapture (6B266CEC-1EC7-4B8F-A30B-E4D90942FC07): 1
LogDevObjectVersion:   Dev-Automation (0DF73D61-A23F-47EA-B727-89E90C41499A): 1
LogDevObjectVersion:   FortniteMain (601D1886-AC64-4F84-AA16-D3DE0DEAC7D6): 12
LogDevObjectVersion:   Dev-Enterprise (9DFFBCD6-494F-0158-E221-12823C92A888): 1
LogStreaming: Display: Took  0.018s to delete old logs.
LogInit: Presizing for max 8388607 objects, including 0 objects not considered by GC, pre-allocating 0 bytes for permanent pool.
LogInit: Object subsystem initialized
[2019.01.25-15.35.01:103][  0]LogInit: Selected Device Profile: [Windows]
[2019.01.25-15.35.01:103][  0]LogInit: Applying CVar settings loaded from the selected device profile: [Windows]
[2019.01.25-15.35.01:119][  0]LogHAL: Display: Platform has ~ 8 GB [8526880768 / 8589934592 / 8], which maps to Default [LargestMinGB=32, LargerMinGB=12, DefaultMinGB=8, SmallerMinGB=6, SmallestMinGB=0)
[2019.01.25-15.35.01:119][  0]LogInit: Setting Device Profile CVar: [[r.Vulkan.UseRealUBs:1]]
[2019.01.25-15.35.01:119][  0]LogInit: Going up to parent DeviceProfile []
[2019.01.25-15.35.01:120][  0]LogInit: Computer: DESKTOP-EEGEEHC
[2019.01.25-15.35.01:120][  0]LogInit: User: ChristopherP
[2019.01.25-15.35.01:120][  0]LogInit: CPU Page size=4096, Cores=4
[2019.01.25-15.35.01:120][  0]LogInit: High frequency timer resolution =2.648439 MHz
[2019.01.25-15.35.01:120][  0]LogMemory: Memory total: Physical=7.9GB (8GB approx)
[2019.01.25-15.35.01:120][  0]LogMemory: Platform Memory Stats for Windows
[2019.01.25-15.35.01:120][  0]LogMemory: Process Physical Memory: 100.26 MB used, 100.26 MB peak
[2019.01.25-15.35.01:120][  0]LogMemory: Process Virtual Memory: 84.38 MB used, 84.38 MB peak
[2019.01.25-15.35.01:120][  0]LogMemory: Physical Memory: 5490.10 MB used,  2641.77 MB free, 8131.87 MB total
[2019.01.25-15.35.01:120][  0]LogMemory: Virtual Memory: 4611.09 MB used,  2641.77 MB free, 134217728.00 MB total
[2019.01.25-15.35.01:151][  0]LogInit: Using OS detected language (en-US).
[2019.01.25-15.35.01:151][  0]LogInit: Using OS detected locale (en-US).
[2019.01.25-15.35.01:154][  0]LogTextLocalizationManager: No specific localization for 'en-US' exists, so the 'en' localization will be used.
[2019.01.25-15.35.01:589][  0]LogStreaming: Display: Took  0.438s to InitEngineTextLocalization.
[2019.01.25-15.35.01:589][  0]LogInit: Setting process to per monitor DPI aware
[2019.01.25-15.35.01:650][  0]LogSlate: New Slate User Created.  User Index 0, Is Virtual User: 0
[2019.01.25-15.35.01:650][  0]LogSlate: Slate User Registered.  User Index 0, Is Virtual User: 0
[2019.01.25-15.35.02:136][  0]LogHMD: Failed to initialize OpenVR with code 110
[2019.01.25-15.35.02:136][  0]LogD3D11RHI: D3D11 adapters:
[2019.01.25-15.35.02:214][  0]LogD3D11RHI:    0. 'NVIDIA GeForce GTX 1070' (Feature Level 11_0)
[2019.01.25-15.35.02:214][  0]LogD3D11RHI:       8088/0/4065 MB DedicatedVideo/DedicatedSystem/SharedSystem, Outputs:1, VendorId:0x10de
[2019.01.25-15.35.02:217][  0]LogD3D11RHI:    1. 'Microsoft Basic Render Driver' (Feature Level 11_0)
[2019.01.25-15.35.02:217][  0]LogD3D11RHI:       0/0/4065 MB DedicatedVideo/DedicatedSystem/SharedSystem, Outputs:0, VendorId:0x1414
[2019.01.25-15.35.02:217][  0]LogD3D11RHI: Chosen D3D11 Adapter: 0
[2019.01.25-15.35.02:224][  0]LogD3D11RHI: Creating new Direct3DDevice
[2019.01.25-15.35.02:224][  0]LogD3D11RHI:     GPU DeviceId: 0x1b81 (for the marketing name, search the web for "GPU Device Id")
[2019.01.25-15.35.02:224][  0]LogWindows: EnumDisplayDevices:
[2019.01.25-15.35.02:225][  0]LogWindows:    0. 'NVIDIA GeForce GTX 1070' (P:1 D:1)
[2019.01.25-15.35.02:225][  0]LogWindows:    1. 'NVIDIA GeForce GTX 1070' (P:0 D:0)
[2019.01.25-15.35.02:225][  0]LogWindows:    2. 'NVIDIA GeForce GTX 1070' (P:0 D:0)
[2019.01.25-15.35.02:226][  0]LogWindows:    3. 'NVIDIA GeForce GTX 1070' (P:0 D:0)
[2019.01.25-15.35.02:226][  0]LogWindows: DebugString: FoundDriverCount:4 
[2019.01.25-15.35.02:226][  0]LogD3D11RHI:     Adapter Name: NVIDIA GeForce GTX 1070
[2019.01.25-15.35.02:226][  0]LogD3D11RHI:   Driver Version: 417.71 (internal:25.21.14.1771, unified:417.71)
[2019.01.25-15.35.02:226][  0]LogD3D11RHI:      Driver Date: 1-11-2019
[2019.01.25-15.35.02:226][  0]LogRHI: Texture pool is 5661 MB (70% of 8088 MB)
[2019.01.25-15.35.02:305][  0]LogD3D11RHI: Async texture creation enabled
[2019.01.25-15.35.02:328][  0]LogD3D11RHI: GPU Timing Frequency: 1000.000000 (Debug: 2 2)
[2019.01.25-15.35.02:380][  0]LogShaderCompilers: Guid format shader working directory is -1 characters bigger than the processId version (../../../../../GitKrakenRepo/TheDoll/DAGD300Assignment/Intermediate/Shaders/WorkingDirectory/6260/).
[2019.01.25-15.35.02:380][  0]LogShaderCompilers: Cleaned the shader compiler working directory 'C:/Users/ChristopherP/AppData/Local/Temp/UnrealShaderWorkingDir/12149F2C4AED5FF0301B9EB6A408078F/'.
[2019.01.25-15.35.02:744][  0]LogTemp: Display: Loaded TP AllDesktopTargetPlatform
[2019.01.25-15.35.02:762][  0]LogTemp: Display: Loaded TP MacClientTargetPlatform
[2019.01.25-15.35.02:780][  0]LogTemp: Display: Loaded TP MacNoEditorTargetPlatform
[2019.01.25-15.35.02:797][  0]LogTemp: Display: Loaded TP MacServerTargetPlatform
[2019.01.25-15.35.02:816][  0]LogTemp: Display: Loaded TP MacTargetPlatform
[2019.01.25-15.35.02:833][  0]LogTemp: Display: Loaded TP WindowsClientTargetPlatform
[2019.01.25-15.35.02:850][  0]LogTemp: Display: Loaded TP WindowsNoEditorTargetPlatform
[2019.01.25-15.35.02:868][  0]LogTemp: Display: Loaded TP WindowsServerTargetPlatform
[2019.01.25-15.35.02:878][  0]LogTemp: Display: Loaded TP WindowsTargetPlatform
[2019.01.25-15.35.02:981][  0]LogTemp: Display: Loaded TP AndroidTargetPlatform
[2019.01.25-15.35.02:981][  0]LogTemp: Display: Loaded TP AndroidTargetPlatform
[2019.01.25-15.35.02:981][  0]LogTemp: Display: Loaded TP AndroidTargetPlatform
[2019.01.25-15.35.02:981][  0]LogTemp: Display: Loaded TP AndroidTargetPlatform
[2019.01.25-15.35.02:981][  0]LogTemp: Display: Loaded TP AndroidTargetPlatform
[2019.01.25-15.35.02:981][  0]LogTemp: Display: Loaded TP AndroidTargetPlatform
[2019.01.25-15.35.02:981][  0]LogTemp: Display: Loaded TP AndroidTargetPlatform
[2019.01.25-15.35.02:981][  0]LogTemp: Display: Loaded TP AndroidTargetPlatform
[2019.01.25-15.35.02:981][  0]LogTemp: Display: Loaded TP AndroidTargetPlatform
[2019.01.25-15.35.02:981][  0]LogTemp: Display: Loaded TP AndroidTargetPlatform
[2019.01.25-15.35.02:981][  0]LogTemp: Display: Loaded TP AndroidTargetPlatform
[2019.01.25-15.35.02:981][  0]LogTemp: Display: Loaded TP AndroidTargetPlatform
[2019.01.25-15.35.02:981][  0]LogTemp: Display: Loaded TP AndroidTargetPlatform
[2019.01.25-15.35.02:981][  0]LogTemp: Display: Loaded TP AndroidTargetPlatform
[2019.01.25-15.35.02:981][  0]LogTemp: Display: Loaded TP AndroidTargetPlatform
[2019.01.25-15.35.02:981][  0]LogTemp: Display: Loaded TP AndroidTargetPlatform
[2019.01.25-15.35.02:981][  0]LogTemp: Display: Loaded TP AndroidTargetPlatform
[2019.01.25-15.35.02:981][  0]LogTemp: Display: Loaded TP AndroidTargetPlatform
[2019.01.25-15.35.02:984][  0]LogTemp: Display: Loaded TP HTML5TargetPlatform
[2019.01.25-15.35.03:056][  0]LogTemp: Display: Loaded TP IOSTargetPlatform
[2019.01.25-15.35.03:056][  0]LogTemp: Display: Loaded TP IOSTargetPlatform
[2019.01.25-15.35.03:087][  0]LogTemp: Display: Loaded TP TVOSTargetPlatform
[2019.01.25-15.35.03:087][  0]LogTemp: Display: Loaded TP TVOSTargetPlatform
[2019.01.25-15.35.03:105][  0]LogTemp: Display: Loaded TP LinuxClientTargetPlatform
[2019.01.25-15.35.03:122][  0]LogTemp: Display: Loaded TP LinuxNoEditorTargetPlatform
[2019.01.25-15.35.03:139][  0]LogTemp: Display: Loaded TP LinuxServerTargetPlatform
[2019.01.25-15.35.03:158][  0]LogTemp: Display: Loaded TP LinuxTargetPlatform
[2019.01.25-15.35.03:170][  0]LogTemp: Display: Loaded TP LuminTargetPlatform
[2019.01.25-15.35.03:170][  0]LogTargetPlatformManager: Display: Building Assets For Windows
[2019.01.25-15.35.03:284][  0]LogXGEController: Cannot use XGE Controller as Incredibuild is not installed on this machine.
[2019.01.25-15.35.03:284][  0]LogShaderCompilers: Cannot use XGE Shader Compiler as Incredibuild is not installed on this machine.
[2019.01.25-15.35.03:284][  0]LogShaderCompilers: Display: Using Local Shader Compiler.
[2019.01.25-15.35.04:393][  0]LogDerivedDataCache: Display: Max Cache Size: 512 MB
[2019.01.25-15.35.04:461][  0]LogDerivedDataCache: Loaded boot cache 0.07s 71MB C:/Users/ChristopherP/AppData/Local/UnrealEngine/4.20/DerivedDataCache/Boot.ddc.
[2019.01.25-15.35.04:462][  0]LogDerivedDataCache: Display: Loaded Boot cache: C:/Users/ChristopherP/AppData/Local/UnrealEngine/4.20/DerivedDataCache/Boot.ddc
[2019.01.25-15.35.04:463][  0]LogDerivedDataCache: FDerivedDataBackendGraph:  Pak pak cache file ../../../../../GitKrakenRepo/TheDoll/DAGD300Assignment/DerivedDataCache/DDC.ddp not found, will not use a pak cache.
[2019.01.25-15.35.04:463][  0]LogDerivedDataCache: Unable to find inner node Pak for hierarchical cache Hierarchy.
[2019.01.25-15.35.04:463][  0]LogDerivedDataCache: FDerivedDataBackendGraph:  CompressedPak pak cache file ../../../../../GitKrakenRepo/TheDoll/DAGD300Assignment/DerivedDataCache/Compressed.ddp not found, will not use a pak cache.
[2019.01.25-15.35.04:463][  0]LogDerivedDataCache: Unable to find inner node CompressedPak for hierarchical cache Hierarchy.
[2019.01.25-15.35.04:477][  0]LogDerivedDataCache: Display: Pak cache opened for reading ../../../Engine/DerivedDataCache/Compressed.ddp.
[2019.01.25-15.35.04:491][  0]LogDerivedDataCache: Using Local data cache path C:/Users/ChristopherP/AppData/Local/UnrealEngine/Common/DerivedDataCache: Writable
[2019.01.25-15.35.04:491][  0]LogDerivedDataCache: Shared data cache path not found in *engine.ini, will not use an Shared cache.
[2019.01.25-15.35.04:491][  0]LogDerivedDataCache: Unable to find inner node Shared for hierarchical cache Hierarchy.
[2019.01.25-15.35.04:512][  0]LogMaterial: Verifying Global Shaders for PCD3D_SM5
[2019.01.25-15.35.04:514][  0]LogSlate: Using FreeType 2.6.0
[2019.01.25-15.35.04:515][  0]LogSlate: SlateFontServices - WITH_FREETYPE: 1, WITH_HARFBUZZ: 1
[2019.01.25-15.35.04:630][  0]LogAssetRegistry: FAssetRegistry took 0.0283 seconds to start up
[2019.01.25-15.35.05:070][  0]LogInit: Selected Device Profile: [Windows]
[2019.01.25-15.35.05:256][  0]LogSimplygon: Simplygon DLL not present - disabling.
[2019.01.25-15.35.05:262][  0]LogMeshReduction: Using SimplygonSwarm for distributed automatic mesh merging
[2019.01.25-15.35.05:262][  0]LogMeshReduction: Using ProxyLODMeshReduction for automatic mesh merging
[2019.01.25-15.35.05:262][  0]LogMeshReduction: Using QuadricMeshReduction for automatic static mesh reduction
[2019.01.25-15.35.05:262][  0]LogMeshReduction: No automatic skeletal mesh reduction module available
[2019.01.25-15.35.05:289][  0]LogNetVersion: DAGD300Assignment 1.0.0, NetCL: 4212847, EngineNetVer: 5, GameNetVer: 0 (Checksum: 724653226)
[2019.01.25-15.35.06:142][  0]LogPackageLocalizationCache: Processed 11 localized package path(s) for 2 prioritized culture(s) in 0.214168 seconds
[2019.01.25-15.35.06:149][  0]LogUObjectArray: 38425 objects as part of root set at end of initial load.
[2019.01.25-15.35.06:149][  0]LogUObjectAllocator: 6690872 out of 0 bytes used by permanent object pool.
[2019.01.25-15.35.06:149][  0]LogUObjectArray: CloseDisregardForGC: 0/0 objects in disregard for GC pool
[2019.01.25-15.35.07:620][  0]LogTcpMessaging: Initializing TcpMessaging bridge
[2019.01.25-15.35.07:635][  0]LogUdpMessaging: Initializing bridge on interface 0.0.0.0:0 to multicast group 230.0.0.1:6666.
[2019.01.25-15.35.07:827][  0]SourceControl: Source control is disabled
[2019.01.25-15.35.07:827][  0]SourceControl: Source control is disabled
[2019.01.25-15.35.07:829][  0]SourceControl: Source control is disabled
[2019.01.25-15.35.07:831][  0]SourceControl: Source control is disabled
[2019.01.25-15.35.08:064][  0]LogAndroidPermission: UAndroidPermissionCallbackProxy::GetInstance
[2019.01.25-15.35.08:223][  0]LogOcInput: OculusInput pre-init called
[2019.01.25-15.35.08:297][  0]LogEngine: Initializing Engine...
[2019.01.25-15.35.08:298][  0]LogHMD: Failed to initialize OpenVR with code 110
[2019.01.25-15.35.08:299][  0]LogStats: UGameplayTagsManager::ConstructGameplayTagTree: ImportINI prefixes -  0.000 s
[2019.01.25-15.35.08:299][  0]LogStats: UGameplayTagsManager::ConstructGameplayTagTree: Construct from data asset -  0.000 s
[2019.01.25-15.35.08:299][  0]LogStats: UGameplayTagsManager::ConstructGameplayTagTree: ImportINI -  0.000 s
[2019.01.25-15.35.08:299][  0]LogStats: UGameplayTagsManager::ConstructGameplayTagTree: GameplayTagTreeChangedEvent.Broadcast -  0.000 s
[2019.01.25-15.35.08:566][  0]LogInit: Initializing FReadOnlyCVARCache
[2019.01.25-15.35.08:590][  0]LogAIModule: Creating AISystem for world Untitled
[2019.01.25-15.35.08:696][  0]LogInit: XAudio2 using 'Speakers (Realtek High Definition Audio)' : 2 channels at 48 kHz using 32 bits per sample (channel mask 0x3)
[2019.01.25-15.35.08:757][  0]LogInit: FAudioDevice initialized.
[2019.01.25-15.35.08:757][  0]LogNetVersion: Set ProjectVersion to 1.0.0.0. Version Checksum will be recalculated on next use.
[2019.01.25-15.35.08:936][  0]LogDerivedDataCache: Saved boot cache 0.18s 71MB C:/Users/ChristopherP/AppData/Local/UnrealEngine/4.20/DerivedDataCache/Boot.ddc.
[2019.01.25-15.35.08:943][  0]LogInit: Texture streaming: Enabled
[2019.01.25-15.35.08:971][  0]LogEngineSessionManager: EngineSessionManager initialized
[2019.01.25-15.35.09:015][  0]LogInit: Transaction tracking system initialized
[2019.01.25-15.35.09:047][  0]BlueprintLog: New page: Editor Load
[2019.01.25-15.35.09:162][  0]LocalizationService: Localization service is disabled
[2019.01.25-15.35.09:596][  0]LogCook: Display: Max memory allowance for cook 16384mb min free memory 0mb
[2019.01.25-15.35.09:596][  0]LogCook: Display: Mobile HDR setting 1
[2019.01.25-15.35.09:601][  0]LogGameplayTags: Display: UGameplayTagsManager::DoneAddingNativeTags. DelegateIsBound: 0
[2019.01.25-15.35.09:601][  0]LogStats: UGameplayTagsManager::ConstructGameplayTagTree: ImportINI prefixes -  0.000 s
[2019.01.25-15.35.09:601][  0]LogStats: UGameplayTagsManager::ConstructGameplayTagTree: Construct from data asset -  0.000 s
[2019.01.25-15.35.09:601][  0]LogStats: UGameplayTagsManager::ConstructGameplayTagTree: ImportINI -  0.000 s
[2019.01.25-15.35.09:601][  0]LogStats: UGameplayTagsManager::ConstructGameplayTagTree: GameplayTagTreeChangedEvent.Broadcast -  0.000 s
[2019.01.25-15.35.09:785][  0]LogFileCache: Scanning file cache for directory 'D:/GitKrakenRepo/TheDoll/DAGD300Assignment/Content/' took 0.02s
[2019.01.25-15.35.09:785][  0]SourceControl: Source control is disabled
[2019.01.25-15.35.09:785][  0]Cmd: MAP LOAD FILE="../../../../../GitKrakenRepo/TheDoll/DAGD300Assignment/Content/SideScrollerBP/Maps/SideScrollerExampleMap.umap" TEMPLATE=0 SHOWPROGRESS=1 FEATURELEVEL=3
[2019.01.25-15.35.09:787][  0]LightingResults: New page: Lighting Build
[2019.01.25-15.35.09:790][  0]MapCheck: New page: Map Check
[2019.01.25-15.35.09:790][  0]LightingResults: New page: Lighting Build
[2019.01.25-15.35.13:504][  0]LogAIModule: Creating AISystem for world SideScrollerExampleMap
[2019.01.25-15.35.13:666][  0]LogEditorServer: Finished looking for orphan Actors (0.000 secs)
[2019.01.25-15.35.13:707][  0]Cmd: MAP CHECKDEP NOCLEARLOG
[2019.01.25-15.35.14:061][  0]MapCheck: Map check complete: 0 Error(s), 0 Warning(s), took 354.545ms to complete.
[2019.01.25-15.35.14:062][  0]LogFileHelpers: Loading map 'SideScrollerExampleMap' took 4.276
[2019.01.25-15.35.14:484][  0]LogSlate: Updating window title bar state: overlay mode, drag disabled, window buttons hidden, title bar hidden
[2019.01.25-15.35.14:493][  0]LogSlate: Updating window title bar state: overlay mode, drag disabled, window buttons hidden, title bar hidden
[2019.01.25-15.35.14:500][  0]LogSlate: Updating window title bar state: overlay mode, drag disabled, window buttons hidden, title bar hidden
[2019.01.25-15.35.14:507][  0]LogSlate: Updating window title bar state: overlay mode, drag disabled, window buttons hidden, title bar hidden
[2019.01.25-15.35.14:578][  0]LogCollectionManager: Loaded 0 collections in 0.003226 seconds
[2019.01.25-15.35.14:713][  0]LogFileCache: Scanning file cache for directory 'D:/GitKrakenRepo/TheDoll/DAGD300Assignment/Saved/Collections/' took 0.01s
[2019.01.25-15.35.14:713][  0]LogFileCache: Scanning file cache for directory 'D:/GitKrakenRepo/TheDoll/DAGD300Assignment/Content/Developers/ChristopherP/Collections/' took 0.01s
[2019.01.25-15.35.14:713][  0]LogFileCache: Scanning file cache for directory 'D:/GitKrakenRepo/TheDoll/DAGD300Assignment/Content/Collections/' took 0.01s
[2019.01.25-15.35.14:713][  0]LogCollectionManager: Rebuilt the GUID cache for 0 collections in 0.000001 seconds
[2019.01.25-15.35.14:726][  0]LogContentBrowser: Native class hierarchy populated in 0.0110 seconds. Added 2572 classes and 603 folders.
[2019.01.25-15.35.14:754][  0]LogContentBrowser: Native class hierarchy updated for 'WidgetCarousel' in 0.0003 seconds. Added 0 classes and 0 folders.
[2019.01.25-15.35.16:117][  0]LogContentBrowser: Native class hierarchy updated for 'AddContentDialog' in 0.0004 seconds. Added 0 classes and 0 folders.
[2019.01.25-15.35.16:172][  0]LogContentBrowser: Native class hierarchy updated for 'SceneOutliner' in 0.0004 seconds. Added 1 classes and 2 folders.
[2019.01.25-15.35.16:871][  0]LogSlate: Took 0.000638 seconds to synchronously load lazily loaded font '../../../Engine/Content/Slate/Fonts/Roboto-Regular.ttf' (155K)
[2019.01.25-15.35.16:874][  0]LogSlate: Took 0.000501 seconds to synchronously load lazily loaded font '../../../Engine/Content/Slate/Fonts/Roboto-Bold.ttf' (160K)
[2019.01.25-15.35.16:898][  0]LogSlate: Took 0.010787 seconds to synchronously load lazily loaded font '../../../Engine/Content/Editor/Slate/Fonts/FontAwesome.ttf' (139K)
[2019.01.25-15.35.17:262][  0]LogRenderer: Reallocating scene render targets to support 1216x596 Format 10 NumSamples 1 (Frame:1).
[2019.01.25-15.35.17:512][  0]LogSlate: Took 0.011007 seconds to synchronously load lazily loaded font '../../../Engine/Content/Slate/Fonts/Roboto-Light.ttf' (167K)
[2019.01.25-15.35.17:739][  0]LogContentBrowser: Native class hierarchy updated for 'HierarchicalLODOutliner' in 0.0004 seconds. Added 0 classes and 0 folders.
[2019.01.25-15.35.17:739][  0]LogLoad: (Engine Initialization) Total time: 20.47 seconds
[2019.01.25-15.35.17:739][  0]LogLoad: (Engine Initialization) Total Blueprint compile time: 0.00 seconds
[2019.01.25-15.35.17:797][  0]LogContentStreaming: Texture pool size now 1000 MB
[2019.01.25-15.35.17:915][  1]LogAssetRegistry: Asset discovery search completed in 13.3073 seconds
[2019.01.25-15.35.17:918][  1]LogCollectionManager: Rebuilt the object cache for 0 collections in 0.000000 seconds (found 0 objects)
[2019.01.25-15.35.17:918][  1]LogCollectionManager: Fixed up redirectors for 0 collections in 0.000076 seconds (updated 0 objects)
[2019.01.25-15.44.53:448][ 93]LogSlate: FSceneViewport::OnFocusLost() reason 0
[2019.01.25-15.45.22:572][477]LogSlate: Took 0.000463 seconds to synchronously load lazily loaded font '../../../Engine/Content/Slate/Fonts/Roboto-Light.ttf' (167K)
[2019.01.25-15.45.22:583][477]LogAssetEditorManager: Opening Asset editor for Material /Game/Materiels/MAT_DashEffect.MAT_DashEffect
[2019.01.25-15.45.22:611][477]LogMaterial: Display: Missing cached shader map for material MAT_DashEffect, compiling. 
[2019.01.25-15.45.23:945][477]LogMaterial: Display: Missing cached shader map for material MAT_DashEffect, compiling. 
[2019.01.25-15.45.24:035][477]LogShaderCompilers: Display: Shaders left to compile 21
[2019.01.25-15.45.24:035][477]LogShaderCompilers: Display: Shaders left to compile 20
[2019.01.25-15.45.24:035][477]LogShaderCompilers: Display: Shaders left to compile 19
[2019.01.25-15.45.24:057][477]LogMaterial: Display: Missing cached shader map for material MAT_DashEffect, compiling. 
[2019.01.25-15.45.24:207][477]LogSlate: Took 0.050843 seconds to synchronously load lazily loaded font '../../../Engine/Content/Slate/Fonts/Roboto-BoldCondensed.ttf' (158K)
[2019.01.25-15.45.26:812][636]LogShaderCompilers: Display: Shaders left to compile 21
[2019.01.25-15.45.26:821][637]LogShaderCompilers: Display: Shaders left to compile 20
[2019.01.25-15.45.26:915][648]LogShaderCompilers: Display: Shaders left to compile 19
[2019.01.25-15.45.27:177][668]LogShaderCompilers: Display: Shaders left to compile 18
[2019.01.25-15.45.27:237][674]LogShaderCompilers: Display: Shaders left to compile 17
[2019.01.25-15.45.27:386][691]LogShaderCompilers: Display: Shaders left to compile 16
[2019.01.25-15.45.27:535][707]LogShaderCompilers: Display: Shaders left to compile 15
[2019.01.25-15.45.27:550][708]LogShaderCompilers: Display: Shaders left to compile 14
[2019.01.25-15.45.27:864][738]LogShaderCompilers: Display: Shaders left to compile 13
[2019.01.25-15.45.28:040][756]LogShaderCompilers: Display: Shaders left to compile 12
[2019.01.25-15.45.28:049][757]LogShaderCompilers: Display: Shaders left to compile 11
[2019.01.25-15.45.28:295][782]LogShaderCompilers: Display: Shaders left to compile 10
[2019.01.25-15.45.29:179][858]LogShaderCompilers: Display: Shaders left to compile 9
[2019.01.25-15.45.29:482][886]LogShaderCompilers: Display: Shaders left to compile 8
[2019.01.25-15.45.29:492][887]LogShaderCompilers: Display: Shaders left to compile 7
[2019.01.25-15.45.30:544][983]LogShaderCompilers: Display: Shaders left to compile 6
[2019.01.25-15.45.30:750][  2]LogShaderCompilers: Display: Shaders left to compile 5
[2019.01.25-15.45.30:974][ 25]LogShaderCompilers: Display: Shaders left to compile 4
[2019.01.25-15.45.31:492][ 77]LogShaderCompilers: Display: Shaders left to compile 3
[2019.01.25-15.45.31:616][ 91]LogShaderCompilers: Display: Shaders left to compile 2
[2019.01.25-15.45.31:728][104]LogShaderCompilers: Display: Shaders left to compile 1
[2019.01.25-15.45.32:560][188]MaterialEditorStats: Base pass shader: 99 instructions
[2019.01.25-15.45.32:560][188]MaterialEditorStats: Base pass shader with Volumetric Lightmap: 172 instructions
[2019.01.25-15.45.32:560][188]MaterialEditorStats: Base pass vertex shader: 32 instructions
[2019.01.25-15.45.32:560][188]MaterialEditorStats: Texture samplers: 3/16
[2019.01.25-15.45.35:027][430]LogMaterial: Display: Missing cached shader map for material MAT_DashEffect, compiling. 
[2019.01.25-15.45.35:042][430]LogShaderCompilers: Display: Shaders left to compile 21
[2019.01.25-15.45.35:043][430]LogShaderCompilers: Display: Shaders left to compile 20
[2019.01.25-15.45.35:043][430]LogShaderCompilers: Display: Shaders left to compile 19
[2019.01.25-15.45.35:497][476]LogShaderCompilers: Display: Shaders left to compile 18
[2019.01.25-15.45.35:507][477]LogShaderCompilers: Display: Shaders left to compile 17
[2019.01.25-15.45.35:507][477]LogShaderCompilers: Display: Shaders left to compile 16
[2019.01.25-15.45.35:885][516]LogShaderCompilers: Display: Shaders left to compile 15
[2019.01.25-15.45.35:885][516]LogShaderCompilers: Display: Shaders left to compile 14
[2019.01.25-15.45.35:885][516]LogShaderCompilers: Display: Shaders left to compile 13
[2019.01.25-15.45.36:169][546]LogShaderCompilers: Display: Shaders left to compile 12
[2019.01.25-15.45.36:209][550]LogShaderCompilers: Display: Shaders left to compile 11
[2019.01.25-15.45.36:227][552]LogShaderCompilers: Display: Shaders left to compile 10
[2019.01.25-15.45.36:690][600]LogShaderCompilers: Display: Shaders left to compile 9
[2019.01.25-15.45.36:941][627]LogShaderCompilers: Display: Shaders left to compile 8
[2019.01.25-15.45.37:101][644]LogShaderCompilers: Display: Shaders left to compile 7
[2019.01.25-15.45.37:202][649]LogMaterial: Display: Missing cached shader map for material MAT_DashEffect, compiling. 
[2019.01.25-15.45.37:297][649]LogMaterial: Display: Missing cached shader map for material MAT_DashEffect, compiling. 
[2019.01.25-15.45.37:359][649]LogShaderCompilers: Display: Shaders left to compile 30
[2019.01.25-15.45.37:362][649]LogMaterial: Display: Missing cached shader map for material MAT_DashEffect, compiling. 
[2019.01.25-15.45.37:381][649]LogShaderCompilers: Display: Shaders left to compile 30
[2019.01.25-15.45.37:716][680]LogShaderCompilers: Display: Shaders left to compile 29
[2019.01.25-15.45.37:837][690]LogShaderCompilers: Display: Shaders left to compile 28
[2019.01.25-15.45.37:918][698]LogShaderCompilers: Display: Shaders left to compile 27
[2019.01.25-15.45.38:520][753]LogShaderCompilers: Display: Shaders left to compile 26
[2019.01.25-15.45.38:708][770]LogShaderCompilers: Display: Shaders left to compile 25
[2019.01.25-15.45.38:719][771]LogShaderCompilers: Display: Shaders left to compile 24
[2019.01.25-15.45.38:960][794]LogShaderCompilers: Display: Shaders left to compile 23
[2019.01.25-15.45.39:450][840]LogShaderCompilers: Display: Shaders left to compile 22
[2019.01.25-15.45.40:331][920]LogShaderCompilers: Display: Shaders left to compile 21
[2019.01.25-15.45.40:609][947]LogShaderCompilers: Display: Shaders left to compile 20
[2019.01.25-15.45.41:441][ 25]LogShaderCompilers: Display: Shaders left to compile 19
[2019.01.25-15.45.41:912][ 70]LogShaderCompilers: Display: Shaders left to compile 18
[2019.01.25-15.45.41:923][ 71]LogShaderCompilers: Display: Shaders left to compile 17
[2019.01.25-15.45.42:832][152]LogShaderCompilers: Display: Shaders left to compile 16
[2019.01.25-15.45.42:842][153]LogShaderCompilers: Display: Shaders left to compile 15
[2019.01.25-15.45.42:965][164]LogMaterial: Display: Missing cached shader map for material MAT_DashEffect, compiling. 
[2019.01.25-15.45.43:766][222]LogShaderCompilers: Display: Shaders left to compile 30
[2019.01.25-15.45.43:766][222]LogShaderCompilers: Display: Shaders left to compile 29
[2019.01.25-15.45.43:778][223]LogShaderCompilers: Display: Shaders left to compile 28
[2019.01.25-15.45.44:254][266]LogShaderCompilers: Display: Shaders left to compile 27
[2019.01.25-15.45.44:306][271]LogShaderCompilers: Display: Shaders left to compile 26
[2019.01.25-15.45.44:367][277]LogShaderCompilers: Display: Shaders left to compile 25
[2019.01.25-15.45.44:524][283]LogShaderCompilers: Display: Shaders left to compile 24
[2019.01.25-15.45.44:718][302]LogShaderCompilers: Display: Shaders left to compile 23
[2019.01.25-15.45.44:718][302]LogShaderCompilers: Display: Shaders left to compile 22
[2019.01.25-15.45.44:885][313]LogMaterial: Display: Missing cached shader map for material MAT_DashEffect, compiling. 
[2019.01.25-15.45.45:388][347]LogShaderCompilers: Display: Shaders left to compile 30
[2019.01.25-15.45.45:648][375]LogShaderCompilers: Display: Shaders left to compile 29
[2019.01.25-15.45.45:744][385]LogShaderCompilers: Display: Shaders left to compile 28
[2019.01.25-15.45.45:950][407]LogShaderCompilers: Display: Shaders left to compile 27
[2019.01.25-15.45.46:102][423]LogShaderCompilers: Display: Shaders left to compile 26
[2019.01.25-15.45.46:139][427]LogShaderCompilers: Display: Shaders left to compile 25
[2019.01.25-15.45.46:318][446]LogShaderCompilers: Display: Shaders left to compile 24
[2019.01.25-15.45.46:386][453]LogShaderCompilers: Display: Shaders left to compile 23
[2019.01.25-15.45.46:547][466]LogShaderCompilers: Display: Shaders left to compile 22
[2019.01.25-15.45.47:129][521]LogShaderCompilers: Display: Shaders left to compile 21
[2019.01.25-15.45.47:166][525]LogShaderCompilers: Display: Shaders left to compile 20
[2019.01.25-15.45.47:794][587]LogShaderCompilers: Display: Shaders left to compile 19
[2019.01.25-15.45.47:841][592]LogShaderCompilers: Display: Shaders left to compile 18
[2019.01.25-15.45.47:946][604]LogShaderCompilers: Display: Shaders left to compile 17
[2019.01.25-15.45.48:566][664]LogShaderCompilers: Display: Shaders left to compile 16
[2019.01.25-15.45.48:666][675]LogShaderCompilers: Display: Shaders left to compile 15
[2019.01.25-15.45.49:185][727]LogShaderCompilers: Display: Shaders left to compile 14
[2019.01.25-15.45.49:265][735]LogShaderCompilers: Display: Shaders left to compile 13
[2019.01.25-15.45.49:616][774]LogShaderCompilers: Display: Shaders left to compile 12
[2019.01.25-15.45.50:148][822]LogShaderCompilers: Display: Shaders left to compile 11
[2019.01.25-15.45.50:539][861]LogShaderCompilers: Display: Shaders left to compile 10
[2019.01.25-15.45.50:624][868]LogMaterial: Display: Missing cached shader map for material MAT_DashEffect, compiling. 
[2019.01.25-15.45.50:727][869]LogShaderCompilers: Display: Shaders left to compile 30
[2019.01.25-15.45.50:771][869]LogSlate: Took 0.023686 seconds to synchronously load lazily loaded font '../../../Engine/Content/Slate/Fonts/Roboto-Italic.ttf' (157K)
[2019.01.25-15.45.51:229][908]LogShaderCompilers: Display: Shaders left to compile 29
[2019.01.25-15.45.51:440][927]LogShaderCompilers: Display: Shaders left to compile 28
[2019.01.25-15.45.51:836][964]LogShaderCompilers: Display: Shaders left to compile 27
[2019.01.25-15.45.51:953][976]LogShaderCompilers: Display: Shaders left to compile 26
[2019.01.25-15.45.52:228][  4]LogShaderCompilers: Display: Shaders left to compile 25
[2019.01.25-15.45.52:228][  4]LogShaderCompilers: Display: Shaders left to compile 24
[2019.01.25-15.45.52:386][ 22]LogShaderCompilers: Display: Shaders left to compile 23
[2019.01.25-15.45.52:773][ 58]LogShaderCompilers: Display: Shaders left to compile 22
[2019.01.25-15.45.53:504][122]LogShaderCompilers: Display: Shaders left to compile 21
[2019.01.25-15.45.53:744][148]LogShaderCompilers: Display: Shaders left to compile 20
[2019.01.25-15.45.54:247][198]LogShaderCompilers: Display: Shaders left to compile 19
[2019.01.25-15.45.54:379][212]LogShaderCompilers: Display: Shaders left to compile 18
[2019.01.25-15.45.54:631][240]LogShaderCompilers: Display: Shaders left to compile 17
[2019.01.25-15.45.54:910][265]LogMaterial: Display: Missing cached shader map for material MAT_DashEffect, compiling. 
[2019.01.25-15.45.55:250][291]LogShaderCompilers: Display: Shaders left to compile 30
[2019.01.25-15.45.55:301][296]LogShaderCompilers: Display: Shaders left to compile 29
[2019.01.25-15.45.55:837][345]LogShaderCompilers: Display: Shaders left to compile 28
[2019.01.25-15.45.55:874][348]LogShaderCompilers: Display: Shaders left to compile 27
[2019.01.25-15.45.56:239][383]LogShaderCompilers: Display: Shaders left to compile 26
[2019.01.25-15.45.56:478][405]LogShaderCompilers: Display: Shaders left to compile 25
[2019.01.25-15.45.56:499][407]LogShaderCompilers: Display: Shaders left to compile 24
[2019.01.25-15.45.56:589][417]LogShaderCompilers: Display: Shaders left to compile 23
[2019.01.25-15.45.56:791][439]LogShaderCompilers: Display: Shaders left to compile 22
[2019.01.25-15.45.57:208][481]LogShaderCompilers: Display: Shaders left to compile 21
[2019.01.25-15.45.57:554][517]LogShaderCompilers: Display: Shaders left to compile 20
[2019.01.25-15.45.57:676][529]LogMaterial: Display: Missing cached shader map for material MAT_DashEffect, compiling. 
[2019.01.25-15.45.57:724][529]LogShaderCompilers: Display: Shaders left to compile 30
[2019.01.25-15.45.58:255][575]LogShaderCompilers: Display: Shaders left to compile 29
[2019.01.25-15.45.58:357][582]LogShaderCompilers: Display: Shaders left to compile 28
[2019.01.25-15.45.58:746][617]LogShaderCompilers: Display: Shaders left to compile 27
[2019.01.25-15.45.58:800][622]LogShaderCompilers: Display: Shaders left to compile 26
[2019.01.25-15.45.58:973][640]LogMaterialEditor: Applying material MAT_DashEffect
[2019.01.25-15.45.59:871][640]LogShaderCompilers: Display: Shaders left to compile 25
[2019.01.25-15.45.59:871][640]LogShaderCompilers: Display: Shaders left to compile 24
[2019.01.25-15.45.59:871][640]LogShaderCompilers: Display: Shaders left to compile 23
[2019.01.25-15.45.59:871][640]LogShaderCompilers: Display: Shaders left to compile 22
[2019.01.25-15.45.59:871][640]LogShaderCompilers: Display: Shaders left to compile 21
[2019.01.25-15.45.59:871][640]LogShaderCompilers: Display: Shaders left to compile 20
[2019.01.25-15.45.59:893][640]LogMaterial: Display: Missing cached shader map for material MAT_DashEffect, compiling. 
[2019.01.25-15.46.00:037][640]LogMaterial: Display: Missing cached shader map for material MAT_DashEffect, compiling. 
[2019.01.25-15.46.00:059][640]LogShaderCompilers: Display: Shaders left to compile 30
[2019.01.25-15.46.00:076][640]LogMaterial: Display: Missing cached shader map for material MAT_DashEffect, compiling. 
[2019.01.25-15.46.00:135][640]LogMaterial: Display: Missing cached shader map for material FDebugViewModeMaterialProxy MAT_DashEffect, compiling. 
[2019.01.25-15.46.03:769][640]LogShaderCompilers: Display: Shaders left to compile 61
[2019.01.25-15.46.03:769][640]LogShaderCompilers: Display: Shaders left to compile 60
[2019.01.25-15.46.03:769][640]LogShaderCompilers: Display: Shaders left to compile 59
[2019.01.25-15.46.03:769][640]LogShaderCompilers: Display: Shaders left to compile 58
[2019.01.25-15.46.03:769][640]LogShaderCompilers: Display: Shaders left to compile 57
[2019.01.25-15.46.03:769][640]LogShaderCompilers: Display: Shaders left to compile 56
[2019.01.25-15.46.03:769][640]LogShaderCompilers: Display: Shaders left to compile 55
[2019.01.25-15.46.03:769][640]LogShaderCompilers: Display: Shaders left to compile 54
[2019.01.25-15.46.03:769][640]LogShaderCompilers: Display: Shaders left to compile 53
[2019.01.25-15.46.03:769][640]LogShaderCompilers: Display: Shaders left to compile 52
[2019.01.25-15.46.03:769][640]LogShaderCompilers: Display: Shaders left to compile 51
[2019.01.25-15.46.03:769][640]LogShaderCompilers: Display: Shaders left to compile 50
[2019.01.25-15.46.03:769][640]LogShaderCompilers: Display: Shaders left to compile 49
[2019.01.25-15.46.03:769][640]LogShaderCompilers: Display: Shaders left to compile 48
[2019.01.25-15.46.03:769][640]LogShaderCompilers: Display: Shaders left to compile 47
[2019.01.25-15.46.03:769][640]LogShaderCompilers: Display: Shaders left to compile 46
[2019.01.25-15.46.03:769][640]LogShaderCompilers: Display: Shaders left to compile 45
[2019.01.25-15.46.03:769][640]LogShaderCompilers: Display: Shaders left to compile 44
[2019.01.25-15.46.03:769][640]LogShaderCompilers: Display: Shaders left to compile 43
[2019.01.25-15.46.03:769][640]LogShaderCompilers: Display: Shaders left to compile 42
[2019.01.25-15.46.03:769][640]LogShaderCompilers: Display: Shaders left to compile 41
[2019.01.25-15.46.03:769][640]LogShaderCompilers: Display: Shaders left to compile 40
[2019.01.25-15.46.03:769][640]LogShaderCompilers: Display: Shaders left to compile 39
[2019.01.25-15.46.03:769][640]LogShaderCompilers: Display: Shaders left to compile 38
[2019.01.25-15.46.03:769][640]LogShaderCompilers: Display: Shaders left to compile 37
[2019.01.25-15.46.03:769][640]LogShaderCompilers: Display: Shaders left to compile 36
[2019.01.25-15.46.03:769][640]LogShaderCompilers: Display: Shaders left to compile 35
[2019.01.25-15.46.03:770][640]LogShaderCompilers: Display: Shaders left to compile 34
[2019.01.25-15.46.03:770][640]LogShaderCompilers: Display: Shaders left to compile 33
[2019.01.25-15.46.03:770][640]LogShaderCompilers: Display: Shaders left to compile 32
[2019.01.25-15.46.03:770][640]LogShaderCompilers: Display: Shaders left to compile 31
[2019.01.25-15.46.03:770][640]LogShaderCompilers: Display: Shaders left to compile 21
[2019.01.25-15.46.03:784][640]TextureStreamingBuild: Display: Compiling optional shaders took 3.661 seconds.
[2019.01.25-15.46.04:566][707]LogShaderCompilers: Display: Shaders left to compile 11
[2019.01.25-15.46.06:663][710]LogShaderCompilers: Display: Shaders left to compile 1
[2019.01.25-15.46.11:021][ 87]MaterialEditorStats: Base pass shader: 65 instructions
[2019.01.25-15.46.11:021][ 87]MaterialEditorStats: Base pass shader with Volumetric Lightmap: 86 instructions
[2019.01.25-15.46.11:021][ 87]MaterialEditorStats: Base pass vertex shader: 107 instructions
[2019.01.25-15.46.11:021][ 87]MaterialEditorStats: Texture samplers: 3/16
[2019.01.25-15.46.15:333][536]LogMaterial: Display: Missing cached shader map for material MAT_DashEffect, compiling. 
[2019.01.25-15.46.15:366][536]LogShaderCompilers: Display: Shaders left to compile 30
[2019.01.25-15.46.15:366][536]LogShaderCompilers: Display: Shaders left to compile 29
[2019.01.25-15.46.15:366][536]LogShaderCompilers: Display: Shaders left to compile 28
[2019.01.25-15.46.15:380][536]LogMaterial: Display: Missing cached shader map for material FMatExpressionPreview MaterialExpressionConstant3Vector_0, compiling. 
[2019.01.25-15.46.15:817][570]LogShaderCompilers: Display: Shaders left to compile 29
[2019.01.25-15.46.15:875][575]LogShaderCompilers: Display: Shaders left to compile 28
[2019.01.25-15.46.15:990][585]LogShaderCompilers: Display: Shaders left to compile 27
[2019.01.25-15.46.16:425][625]LogShaderCompilers: Display: Shaders left to compile 26
[2019.01.25-15.46.16:498][631]LogShaderCompilers: Display: Shaders left to compile 25
[2019.01.25-15.46.16:777][657]LogShaderCompilers: Display: Shaders left to compile 24
[2019.01.25-15.46.17:794][740]LogShaderCompilers: Display: Shaders left to compile 23
[2019.01.25-15.46.18:171][772]LogShaderCompilers: Display: Shaders left to compile 22
[2019.01.25-15.46.18:916][838]LogShaderCompilers: Display: Shaders left to compile 21
[2019.01.25-15.46.19:157][859]LogShaderCompilers: Display: Shaders left to compile 20
[2019.01.25-15.46.19:405][883]LogShaderCompilers: Display: Shaders left to compile 19
[2019.01.25-15.46.19:800][920]LogShaderCompilers: Display: Shaders left to compile 18
[2019.01.25-15.46.20:002][939]LogShaderCompilers: Display: Shaders left to compile 17
[2019.01.25-15.46.20:658][  1]LogShaderCompilers: Display: Shaders left to compile 16
[2019.01.25-15.46.20:658][  1]LogShaderCompilers: Display: Shaders left to compile 15
[2019.01.25-15.46.20:844][ 21]LogMaterial: Display: Missing cached shader map for material FMatExpressionPreview MaterialExpressionConstant3Vector_0, compiling. 
[2019.01.25-15.46.20:878][ 21]LogMaterial: Display: Missing cached shader map for material MAT_DashEffect, compiling. 
[2019.01.25-15.46.20:898][ 21]LogShaderCompilers: Display: Shaders left to compile 2
[2019.01.25-15.46.21:765][ 93]LogShaderCompilers: Display: Shaders left to compile 31
[2019.01.25-15.46.22:161][127]LogShaderCompilers: Display: Shaders left to compile 30
[2019.01.25-15.46.22:344][145]LogShaderCompilers: Display: Shaders left to compile 29
[2019.01.25-15.46.22:392][147]LogShaderCompilers: Display: Shaders left to compile 28
[2019.01.25-15.46.22:418][147]LogShaderCompilers: Display: Shaders left to compile 27
[2019.01.25-15.46.22:513][147]LogShaderCompilers: Display: Shaders left to compile 26
[2019.01.25-15.46.22:691][165]LogShaderCompilers: Display: Shaders left to compile 25
[2019.01.25-15.46.22:739][170]LogShaderCompilers: Display: Shaders left to compile 24
[2019.01.25-15.46.22:806][177]LogShaderCompilers: Display: Shaders left to compile 23
[2019.01.25-15.46.23:021][199]LogShaderCompilers: Display: Shaders left to compile 22
[2019.01.25-15.46.23:338][229]LogMaterial: Display: Missing cached shader map for material MAT_DashEffect, compiling. 
[2019.01.25-15.46.23:369][229]LogMaterial: Display: Missing cached shader map for material FMatExpressionPreview MaterialExpressionConstant3Vector_0, compiling. 
[2019.01.25-15.46.23:696][253]LogShaderCompilers: Display: Shaders left to compile 32
[2019.01.25-15.46.23:918][272]LogShaderCompilers: Display: Shaders left to compile 31
[2019.01.25-15.46.24:278][303]LogShaderCompilers: Display: Shaders left to compile 30
[2019.01.25-15.46.24:472][319]LogShaderCompilers: Display: Shaders left to compile 29
[2019.01.25-15.46.24:980][363]LogShaderCompilers: Display: Shaders left to compile 28
[2019.01.25-15.46.25:296][390]LogShaderCompilers: Display: Shaders left to compile 27
[2019.01.25-15.46.25:498][407]LogShaderCompilers: Display: Shaders left to compile 26
[2019.01.25-15.46.25:746][428]LogShaderCompilers: Display: Shaders left to compile 25
[2019.01.25-15.46.25:927][444]LogShaderCompilers: Display: Shaders left to compile 24
[2019.01.25-15.46.26:301][479]LogMaterial: Display: Missing cached shader map for material MAT_DashEffect, compiling. 
[2019.01.25-15.46.26:332][479]LogMaterial: Display: Missing cached shader map for material FMatExpressionPreview MaterialExpressionConstant3Vector_0, compiling. 
[2019.01.25-15.46.26:367][479]LogMaterial: Display: Missing cached shader map for material FMatExpressionPreview MaterialExpressionConstant3Vector_0, compiling. 
[2019.01.25-15.46.26:399][479]LogMaterial: Display: Missing cached shader map for material MAT_DashEffect, compiling. 
[2019.01.25-15.46.26:437][479]LogMaterial: Display: Missing cached shader map for material FMatExpressionPreview MaterialExpressionConstant3Vector_0, compiling. 
[2019.01.25-15.46.26:468][479]LogMaterial: Display: Missing cached shader map for material MAT_DashEffect, compiling. 
[2019.01.25-15.46.26:519][479]LogSlate: Window 'Color Picker' being destroyed
[2019.01.25-15.46.26:545][481]LogShaderCompilers: Display: Shaders left to compile 32
[2019.01.25-15.46.27:036][527]LogShaderCompilers: Display: Shaders left to compile 31
[2019.01.25-15.46.27:714][587]LogShaderCompilers: Display: Shaders left to compile 30
[2019.01.25-15.46.28:081][621]LogShaderCompilers: Display: Shaders left to compile 29
[2019.01.25-15.46.28:146][624]LogShaderCompilers: Display: Shaders left to compile 28
[2019.01.25-15.46.28:150][624]LogShaderCompilers: Display: Shaders left to compile 27
[2019.01.25-15.46.28:232][624]LogShaderCompilers: Display: Shaders left to compile 26
[2019.01.25-15.46.28:318][624]LogShaderCompilers: Display: Shaders left to compile 25
[2019.01.25-15.46.28:324][624]LogShaderCompilers: Display: Shaders left to compile 24
[2019.01.25-15.46.28:547][644]LogShaderCompilers: Display: Shaders left to compile 23
[2019.01.25-15.46.28:863][674]LogShaderCompilers: Display: Shaders left to compile 22
[2019.01.25-15.46.29:577][735]LogMaterialEditor: Applying material MAT_DashEffect
[2019.01.25-15.46.30:473][735]LogShaderCompilers: Display: Shaders left to compile 21
[2019.01.25-15.46.30:473][735]LogShaderCompilers: Display: Shaders left to compile 20
[2019.01.25-15.46.30:473][735]LogShaderCompilers: Display: Shaders left to compile 19
[2019.01.25-15.46.30:473][735]LogShaderCompilers: Display: Shaders left to compile 18
[2019.01.25-15.46.30:473][735]LogShaderCompilers: Display: Shaders left to compile 17
[2019.01.25-15.46.30:490][735]LogMaterial: Display: Missing cached shader map for material MAT_DashEffect, compiling. 
[2019.01.25-15.46.30:596][735]LogMaterial: Display: Missing cached shader map for material MAT_DashEffect, compiling. 
[2019.01.25-15.46.30:617][735]LogShaderCompilers: Display: Shaders left to compile 30
[2019.01.25-15.46.30:623][735]LogMaterial: Display: Missing cached shader map for material MAT_DashEffect, compiling. 
[2019.01.25-15.46.30:676][735]LogMaterial: Display: Missing cached shader map for material FDebugViewModeMaterialProxy MAT_DashEffect, compiling. 
[2019.01.25-15.46.34:396][735]LogShaderCompilers: Display: Shaders left to compile 61
[2019.01.25-15.46.34:396][735]LogShaderCompilers: Display: Shaders left to compile 60
[2019.01.25-15.46.34:396][735]LogShaderCompilers: Display: Shaders left to compile 59
[2019.01.25-15.46.34:396][735]LogShaderCompilers: Display: Shaders left to compile 58
[2019.01.25-15.46.34:396][735]LogShaderCompilers: Display: Shaders left to compile 57
[2019.01.25-15.46.34:396][735]LogShaderCompilers: Display: Shaders left to compile 56
[2019.01.25-15.46.34:396][735]LogShaderCompilers: Display: Shaders left to compile 55
[2019.01.25-15.46.34:396][735]LogShaderCompilers: Display: Shaders left to compile 54
[2019.01.25-15.46.34:396][735]LogShaderCompilers: Display: Shaders left to compile 53
[2019.01.25-15.46.34:396][735]LogShaderCompilers: Display: Shaders left to compile 52
[2019.01.25-15.46.34:396][735]LogShaderCompilers: Display: Shaders left to compile 51
[2019.01.25-15.46.34:396][735]LogShaderCompilers: Display: Shaders left to compile 50
[2019.01.25-15.46.34:396][735]LogShaderCompilers: Display: Shaders left to compile 49
[2019.01.25-15.46.34:396][735]LogShaderCompilers: Display: Shaders left to compile 48
[2019.01.25-15.46.34:396][735]LogShaderCompilers: Display: Shaders left to compile 47
[2019.01.25-15.46.34:396][735]LogShaderCompilers: Display: Shaders left to compile 46
[2019.01.25-15.46.34:396][735]LogShaderCompilers: Display: Shaders left to compile 45
[2019.01.25-15.46.34:396][735]LogShaderCompilers: Display: Shaders left to compile 44
[2019.01.25-15.46.34:396][735]LogShaderCompilers: Display: Shaders left to compile 43
[2019.01.25-15.46.34:396][735]LogShaderCompilers: Display: Shaders left to compile 42
[2019.01.25-15.46.34:396][735]LogShaderCompilers: Display: Shaders left to compile 41
[2019.01.25-15.46.34:396][735]LogShaderCompilers: Display: Shaders left to compile 40
[2019.01.25-15.46.34:396][735]LogShaderCompilers: Display: Shaders left to compile 39
[2019.01.25-15.46.34:396][735]LogShaderCompilers: Display: Shaders left to compile 38
[2019.01.25-15.46.34:396][735]LogShaderCompilers: Display: Shaders left to compile 37
[2019.01.25-15.46.34:396][735]LogShaderCompilers: Display: Shaders left to compile 36
[2019.01.25-15.46.34:396][735]LogShaderCompilers: Display: Shaders left to compile 35
[2019.01.25-15.46.34:396][735]LogShaderCompilers: Display: Shaders left to compile 34
[2019.01.25-15.46.34:396][735]LogShaderCompilers: Display: Shaders left to compile 33
[2019.01.25-15.46.34:396][735]LogShaderCompilers: Display: Shaders left to compile 32
[2019.01.25-15.46.34:396][735]LogShaderCompilers: Display: Shaders left to compile 31
[2019.01.25-15.46.34:396][735]LogShaderCompilers: Display: Shaders left to compile 21
[2019.01.25-15.46.34:398][735]TextureStreamingBuild: Display: Compiling optional shaders took 3.728 seconds.
[2019.01.25-15.46.35:342][819]LogShaderCompilers: Display: Shaders left to compile 11
[2019.01.25-15.46.37:423][822]LogShaderCompilers: Display: Shaders left to compile 1
[2019.01.25-15.46.41:304][131]MaterialEditorStats: Base pass shader: 69 instructions
[2019.01.25-15.46.41:304][131]MaterialEditorStats: Base pass shader with Volumetric Lightmap: 90 instructions
[2019.01.25-15.46.41:304][131]MaterialEditorStats: Base pass vertex shader: 107 instructions
[2019.01.25-15.46.41:304][131]MaterialEditorStats: Texture samplers: 3/16
[2019.01.25-15.46.43:699][376]LogMaterialEditor: Saving and Compiling material MAT_DashEffect
[2019.01.25-15.46.44:538][376]LogMaterial: Display: Missing cached shader map for material MAT_DashEffect, compiling. 
[2019.01.25-15.46.44:620][376]LogShaderCompilers: Display: Shaders left to compile 30
[2019.01.25-15.46.44:620][376]LogShaderCompilers: Display: Shaders left to compile 29
[2019.01.25-15.46.44:620][376]LogShaderCompilers: Display: Shaders left to compile 28
[2019.01.25-15.46.44:638][376]LogMaterial: Display: Missing cached shader map for material MAT_DashEffect, compiling. 
[2019.01.25-15.46.44:664][376]LogMaterial: Display: Missing cached shader map for material MAT_DashEffect, compiling. 
[2019.01.25-15.46.44:714][376]LogMaterial: Display: Missing cached shader map for material FDebugViewModeMaterialProxy MAT_DashEffect, compiling. 
[2019.01.25-15.46.48:304][376]LogShaderCompilers: Display: Shaders left to compile 59
[2019.01.25-15.46.48:304][376]LogShaderCompilers: Display: Shaders left to compile 58
[2019.01.25-15.46.48:305][376]LogShaderCompilers: Display: Shaders left to compile 57
[2019.01.25-15.46.48:305][376]LogShaderCompilers: Display: Shaders left to compile 56
[2019.01.25-15.46.48:305][376]LogShaderCompilers: Display: Shaders left to compile 55
[2019.01.25-15.46.48:305][376]LogShaderCompilers: Display: Shaders left to compile 54
[2019.01.25-15.46.48:305][376]LogShaderCompilers: Display: Shaders left to compile 53
[2019.01.25-15.46.48:305][376]LogShaderCompilers: Display: Shaders left to compile 52
[2019.01.25-15.46.48:305][376]LogShaderCompilers: Display: Shaders left to compile 51
[2019.01.25-15.46.48:305][376]LogShaderCompilers: Display: Shaders left to compile 50
[2019.01.25-15.46.48:305][376]LogShaderCompilers: Display: Shaders left to compile 49
[2019.01.25-15.46.48:305][376]LogShaderCompilers: Display: Shaders left to compile 48
[2019.01.25-15.46.48:305][376]LogShaderCompilers: Display: Shaders left to compile 47
[2019.01.25-15.46.48:305][376]LogShaderCompilers: Display: Shaders left to compile 46
[2019.01.25-15.46.48:305][376]LogShaderCompilers: Display: Shaders left to compile 45
[2019.01.25-15.46.48:305][376]LogShaderCompilers: Display: Shaders left to compile 44
[2019.01.25-15.46.48:305][376]LogShaderCompilers: Display: Shaders left to compile 43
[2019.01.25-15.46.48:305][376]LogShaderCompilers: Display: Shaders left to compile 42
[2019.01.25-15.46.48:305][376]LogShaderCompilers: Display: Shaders left to compile 41
[2019.01.25-15.46.48:305][376]LogShaderCompilers: Display: Shaders left to compile 40
[2019.01.25-15.46.48:305][376]LogShaderCompilers: Display: Shaders left to compile 39
[2019.01.25-15.46.48:305][376]LogShaderCompilers: Display: Shaders left to compile 38
[2019.01.25-15.46.48:305][376]LogShaderCompilers: Display: Shaders left to compile 37
[2019.01.25-15.46.48:305][376]LogShaderCompilers: Display: Shaders left to compile 36
[2019.01.25-15.46.48:305][376]LogShaderCompilers: Display: Shaders left to compile 35
[2019.01.25-15.46.48:305][376]LogShaderCompilers: Display: Shaders left to compile 34
[2019.01.25-15.46.48:305][376]LogShaderCompilers: Display: Shaders left to compile 33
[2019.01.25-15.46.48:305][376]LogShaderCompilers: Display: Shaders left to compile 32
[2019.01.25-15.46.48:305][376]LogShaderCompilers: Display: Shaders left to compile 31
[2019.01.25-15.46.48:305][376]LogShaderCompilers: Display: Shaders left to compile 21
[2019.01.25-15.46.48:307][376]TextureStreamingBuild: Display: Compiling optional shaders took 3.599 seconds.
[2019.01.25-15.46.52:213][376]LogShaderCompilers: Display: Shaders left to compile 11
[2019.01.25-15.46.52:213][376]LogShaderCompilers: Display: Shaders left to compile 1
[2019.01.25-15.46.52:250][376]Cmd: OBJ SAVEPACKAGE PACKAGE="/Game/Materiels/MAT_DashEffect" FILE="../../../../../GitKrakenRepo/TheDoll/DAGD300Assignment/Content/Materiels/MAT_DashEffect.uasset" SILENT=true
[2019.01.25-15.46.52:367][376]LogSavePackage: Moving '../../../../../GitKrakenRepo/TheDoll/DAGD300Assignment/Saved/MAT_DashEffect51D06FD4437906FD8B1C7CA9A7E16B60.tmp' to '../../../../../GitKrakenRepo/TheDoll/DAGD300Assignment/Content/Materiels/MAT_DashEffect.uasset'
[2019.01.25-15.46.55:854][718]LogMaterial: Display: Missing cached shader map for material MAT_DashEffect, compiling. 
[2019.01.25-15.46.55:881][719]LogShaderCompilers: Display: Shaders left to compile 30
[2019.01.25-15.46.55:881][719]LogShaderCompilers: Display: Shaders left to compile 29
[2019.01.25-15.46.55:881][719]LogShaderCompilers: Display: Shaders left to compile 28
[2019.01.25-15.46.56:617][787]LogShaderCompilers: Display: Shaders left to compile 27
[2019.01.25-15.46.56:694][794]LogShaderCompilers: Display: Shaders left to compile 26
[2019.01.25-15.46.56:705][795]LogShaderCompilers: Display: Shaders left to compile 25
[2019.01.25-15.46.57:260][847]LogShaderCompilers: Display: Shaders left to compile 24
[2019.01.25-15.46.57:382][859]LogShaderCompilers: Display: Shaders left to compile 23
[2019.01.25-15.46.57:382][859]LogShaderCompilers: Display: Shaders left to compile 22
[2019.01.25-15.46.58:791][979]LogShaderCompilers: Display: Shaders left to compile 21
[2019.01.25-15.46.59:039][  3]LogShaderCompilers: Display: Shaders left to compile 20
[2019.01.25-15.47.00:162][104]LogShaderCompilers: Display: Shaders left to compile 19
[2019.01.25-15.47.00:177][105]LogShaderCompilers: Display: Shaders left to compile 18
[2019.01.25-15.47.00:812][165]LogShaderCompilers: Display: Shaders left to compile 17
[2019.01.25-15.47.01:942][266]LogShaderCompilers: Display: Shaders left to compile 16
[2019.01.25-15.47.02:050][276]LogShaderCompilers: Display: Shaders left to compile 15
[2019.01.25-15.47.02:724][339]LogShaderCompilers: Display: Shaders left to compile 14
[2019.01.25-15.47.03:493][407]LogShaderCompilers: Display: Shaders left to compile 13
[2019.01.25-15.47.03:551][412]LogShaderCompilers: Display: Shaders left to compile 12
[2019.01.25-15.47.04:804][525]LogShaderCompilers: Display: Shaders left to compile 11
[2019.01.25-15.47.05:188][560]LogShaderCompilers: Display: Shaders left to compile 10
[2019.01.25-15.47.05:302][570]LogShaderCompilers: Display: Shaders left to compile 9
[2019.01.25-15.47.06:491][668]LogShaderCompilers: Display: Shaders left to compile 8
[2019.01.25-15.47.06:773][693]LogShaderCompilers: Display: Shaders left to compile 7
[2019.01.25-15.47.07:716][775]LogSlate: FSceneViewport::OnFocusLost() reason 0
[2019.01.25-15.47.07:818][784]LogMaterial: Display: Missing cached shader map for material MAT_DashEffect, compiling. 
[2019.01.25-15.47.07:849][785]LogShaderCompilers: Display: Shaders left to compile 30
[2019.01.25-15.47.08:000][799]LogShaderCompilers: Display: Shaders left to compile 29
[2019.01.25-15.47.08:413][838]LogShaderCompilers: Display: Shaders left to compile 28
[2019.01.25-15.47.08:644][858]LogShaderCompilers: Display: Shaders left to compile 27
[2019.01.25-15.47.08:695][863]LogShaderCompilers: Display: Shaders left to compile 26
[2019.01.25-15.47.09:150][905]LogShaderCompilers: Display: Shaders left to compile 25
[2019.01.25-15.47.09:162][906]LogShaderCompilers: Display: Shaders left to compile 24
[2019.01.25-15.47.09:357][924]LogShaderCompilers: Display: Shaders left to compile 23
[2019.01.25-15.47.09:794][965]LogShaderCompilers: Display: Shaders left to compile 22
[2019.01.25-15.47.10:627][ 38]LogShaderCompilers: Display: Shaders left to compile 21
[2019.01.25-15.47.11:113][ 82]LogShaderCompilers: Display: Shaders left to compile 20
[2019.01.25-15.47.11:962][156]LogShaderCompilers: Display: Shaders left to compile 19
[2019.01.25-15.47.12:928][240]LogShaderCompilers: Display: Shaders left to compile 18
[2019.01.25-15.47.12:985][245]LogSlate: FSceneViewport::OnFocusLost() reason 0
[2019.01.25-15.47.13:128][259]LogMaterialEditor: Saving and Compiling material MAT_DashEffect
[2019.01.25-15.47.13:163][259]Cmd: OBJ SAVEPACKAGE PACKAGE="/Game/Materiels/MAT_DashEffect" FILE="../../../../../GitKrakenRepo/TheDoll/DAGD300Assignment/Content/Materiels/MAT_DashEffect.uasset" SILENT=true
[2019.01.25-15.47.13:237][259]LogShaderCompilers: Display: Shaders left to compile 17
[2019.01.25-15.47.13:237][259]LogSavePackage: Moving '../../../../../GitKrakenRepo/TheDoll/DAGD300Assignment/Saved/MAT_DashEffect660605EE45BDC76596443590345DF002.tmp' to '../../../../../GitKrakenRepo/TheDoll/DAGD300Assignment/Content/Materiels/MAT_DashEffect.uasset'
[2019.01.25-15.47.14:321][354]LogShaderCompilers: Display: Shaders left to compile 16
[2019.01.25-15.47.14:598][383]LogSlate: Window 'MAT_DashEffect' being destroyed
[2019.01.25-15.47.14:639][383]LogShaderCompilers: Display: Shaders left to compile 15
[2019.01.25-15.47.14:927][403]LogShaderCompilers: Display: Shaders left to compile 14
[2019.01.25-15.47.15:010][412]LogShaderCompilers: Display: Shaders left to compile 13
[2019.01.25-15.47.16:255][550]LogShaderCompilers: Display: Shaders left to compile 12
[2019.01.25-15.47.16:508][578]LogShaderCompilers: Display: Shaders left to compile 11
[2019.01.25-15.47.17:516][692]LogShaderCompilers: Display: Shaders left to compile 10
[2019.01.25-15.47.17:828][727]LogShaderCompilers: Display: Shaders left to compile 9
[2019.01.25-15.47.17:979][744]LogShaderCompilers: Display: Shaders left to compile 8
[2019.01.25-15.47.18:876][846]LogShaderCompilers: Display: Shaders left to compile 7
[2019.01.25-15.47.19:520][920]LogShaderCompilers: Display: Shaders left to compile 6
[2019.01.25-15.47.19:904][963]LogShaderCompilers: Display: Shaders left to compile 5
[2019.01.25-15.47.20:255][994]LogShaderCompilers: Display: Shaders left to compile 4
[2019.01.25-15.47.20:541][ 26]LogShaderCompilers: Display: Shaders left to compile 3
[2019.01.25-15.47.21:367][120]LogShaderCompilers: Display: Shaders left to compile 2
[2019.01.25-15.47.21:482][133]LogShaderCompilers: Display: Shaders left to compile 1
[2019.01.25-15.47.36:569][870]LogAssetEditorManager: Opening Asset editor for ParticleSystem /Game/Particles/PAR_Dash.PAR_Dash
[2019.01.25-15.47.36:623][870]LogContentBrowser: Native class hierarchy updated for 'Cascade' in 0.0004 seconds. Added 2 classes and 2 folders.
[2019.01.25-15.47.43:677][543]LogSlate: FSceneViewport::OnFocusLost() reason 0
[2019.01.25-15.48.15:949][195]LogSlate: FSceneViewport::OnFocusLost() reason 2
[2019.01.25-15.48.22:687][837]LogMaterial: Warning: Material /Game/Materiels/MAT_DashEffect.MAT_DashEffect needed to have new flag set bUsedWithParticleSprites !
[2019.01.25-15.48.22:696][837]LogMaterial: Display: Missing cached shader map for material MAT_DashEffect, compiling. 
[2019.01.25-15.48.22:771][839]LogShaderCompilers: Display: Shaders left to compile 87
[2019.01.25-15.48.22:771][839]LogShaderCompilers: Display: Shaders left to compile 77
[2019.01.25-15.48.22:771][839]LogShaderCompilers: Display: Shaders left to compile 67
[2019.01.25-15.48.34:434][955]LogSlate: FSceneViewport::OnFocusLost() reason 0
[2019.01.25-15.48.36:379][157]LogShaderCompilers: Display: Shaders left to compile 57
[2019.01.25-15.48.38:083][328]LogShaderCompilers: Display: Shaders left to compile 47
[2019.01.25-15.48.43:189][818]LogSlate: FSceneViewport::OnFocusLost() reason 0
[2019.01.25-15.48.50:580][553]LogShaderCompilers: Display: Shaders left to compile 37
[2019.01.25-15.48.50:736][564]LogShaderCompilers: Display: Shaders left to compile 27
[2019.01.25-15.48.52:633][738]LogSlate: Window 'Color Picker' being destroyed
[2019.01.25-15.48.54:646][931]LogShaderCompilers: Display: Shaders left to compile 17
[2019.01.25-15.48.56:104][ 75]LogSlate: FSceneViewport::OnFocusLost() reason 2
[2019.01.25-15.49.05:722][ 33]LogShaderCompilers: Display: Shaders left to compile 7
[2019.01.25-15.49.12:553][657]LogSlate: FSceneViewport::OnFocusLost() reason 2
[2019.01.25-15.49.19:454][421]LogAssetEditorManager: Opening Asset editor for Material /Game/Materiels/MAT_DashEffect.MAT_DashEffect
[2019.01.25-15.49.19:464][421]LogMaterial: Display: Missing cached shader map for material PreviewMaterial_0, compiling. 
[2019.01.25-15.49.19:586][421]LogMaterial: Display: Missing cached shader map for material FMatExpressionPreview MaterialExpressionConstant3Vector_0, compiling. 
[2019.01.25-15.49.19:600][421]LogShaderCompilers: Display: Shaders left to compile 2
[2019.01.25-15.49.19:600][421]LogShaderCompilers: Display: Shaders left to compile 1
[2019.01.25-15.49.19:600][421]LogMaterial: Display: Missing cached shader map for material PreviewMaterial_0, compiling. 
[2019.01.25-15.49.19:620][421]LogShaderCompilers: Display: Shaders left to compile 30
[2019.01.25-15.49.19:623][421]LogMaterial: Display: Missing cached shader map for material PreviewMaterial_0, compiling. 
[2019.01.25-15.49.19:675][421]LogMaterial: Display: Missing cached shader map for material FMatExpressionPreview MaterialExpressionConstant3Vector_0, compiling. 
[2019.01.25-15.49.20:485][481]LogShaderCompilers: Display: Shaders left to compile 32
[2019.01.25-15.49.20:677][498]LogShaderCompilers: Display: Shaders left to compile 31
[2019.01.25-15.49.20:886][517]LogShaderCompilers: Display: Shaders left to compile 30
[2019.01.25-15.49.20:977][526]LogShaderCompilers: Display: Shaders left to compile 29
[2019.01.25-15.49.21:186][546]LogShaderCompilers: Display: Shaders left to compile 28
[2019.01.25-15.49.21:250][552]LogShaderCompilers: Display: Shaders left to compile 27
[2019.01.25-15.49.21:387][567]LogShaderCompilers: Display: Shaders left to compile 26
[2019.01.25-15.49.21:450][573]LogShaderCompilers: Display: Shaders left to compile 25
[2019.01.25-15.49.21:809][606]LogShaderCompilers: Display: Shaders left to compile 24
[2019.01.25-15.49.23:322][743]LogShaderCompilers: Display: Shaders left to compile 23
[2019.01.25-15.49.23:373][748]LogShaderCompilers: Display: Shaders left to compile 22
[2019.01.25-15.49.24:170][820]LogShaderCompilers: Display: Shaders left to compile 21
[2019.01.25-15.49.24:180][821]LogShaderCompilers: Display: Shaders left to compile 20
[2019.01.25-15.49.24:490][848]LogShaderCompilers: Display: Shaders left to compile 19
[2019.01.25-15.49.25:264][918]LogShaderCompilers: Display: Shaders left to compile 18
[2019.01.25-15.49.25:264][918]LogShaderCompilers: Display: Shaders left to compile 17
[2019.01.25-15.49.26:366][ 19]LogShaderCompilers: Display: Shaders left to compile 16
[2019.01.25-15.49.26:881][ 67]LogShaderCompilers: Display: Shaders left to compile 15
[2019.01.25-15.49.26:894][ 68]LogShaderCompilers: Display: Shaders left to compile 14
[2019.01.25-15.49.27:743][145]LogMaterial: Display: Missing cached shader map for material PreviewMaterial_0, compiling. 
[2019.01.25-15.49.27:796][145]LogShaderCompilers: Display: Shaders left to compile 30
[2019.01.25-15.49.27:796][145]LogMaterial: Display: Missing cached shader map for material FMatExpressionPreview MaterialExpressionConstant3Vector_0, compiling. 
[2019.01.25-15.49.27:801][145]LogMaterial: Display: Missing cached shader map for material FMatExpressionPreview MaterialExpressionConstant3Vector_1, compiling. 
[2019.01.25-15.49.28:323][188]LogShaderCompilers: Display: Shaders left to compile 33
[2019.01.25-15.49.28:394][194]LogShaderCompilers: Display: Shaders left to compile 32
[2019.01.25-15.49.28:446][199]LogShaderCompilers: Display: Shaders left to compile 31
[2019.01.25-15.49.28:953][245]LogShaderCompilers: Display: Shaders left to compile 30
[2019.01.25-15.49.29:007][250]LogShaderCompilers: Display: Shaders left to compile 29
[2019.01.25-15.49.29:019][251]LogShaderCompilers: Display: Shaders left to compile 28
[2019.01.25-15.49.29:525][298]LogShaderCompilers: Display: Shaders left to compile 27
[2019.01.25-15.49.29:641][309]LogShaderCompilers: Display: Shaders left to compile 26
[2019.01.25-15.49.30:742][397]LogShaderCompilers: Display: Shaders left to compile 25
[2019.01.25-15.49.31:253][443]LogShaderCompilers: Display: Shaders left to compile 24
[2019.01.25-15.49.31:545][473]LogShaderCompilers: Display: Shaders left to compile 23
[2019.01.25-15.49.31:756][493]LogShaderCompilers: Display: Shaders left to compile 22
[2019.01.25-15.49.31:970][513]LogMaterial: Display: Missing cached shader map for material FMatExpressionPreview MaterialExpressionConstant3Vector_0, compiling. 
[2019.01.25-15.49.31:982][513]LogMaterial: Display: Missing cached shader map for material FMatExpressionPreview MaterialExpressionConstant3Vector_1, compiling. 
[2019.01.25-15.49.32:014][513]LogMaterial: Display: Missing cached shader map for material PreviewMaterial_0, compiling. 
[2019.01.25-15.49.32:112][519]LogShaderCompilers: Display: Shaders left to compile 34
[2019.01.25-15.49.32:787][574]LogShaderCompilers: Display: Shaders left to compile 33
[2019.01.25-15.49.33:211][610]LogMaterial: Display: Missing cached shader map for material FMatExpressionPreview MaterialExpressionConstant3Vector_0, compiling. 
[2019.01.25-15.49.33:217][610]LogMaterial: Display: Missing cached shader map for material FMatExpressionPreview MaterialExpressionConstant3Vector_1, compiling. 
[2019.01.25-15.49.33:245][610]LogShaderCompilers: Display: Shaders left to compile 34
[2019.01.25-15.49.33:248][610]LogMaterial: Display: Missing cached shader map for material PreviewMaterial_0, compiling. 
[2019.01.25-15.49.33:278][610]LogMaterial: Display: Missing cached shader map for material FMatExpressionPreview MaterialExpressionConstant3Vector_0, compiling. 
[2019.01.25-15.49.33:283][610]LogMaterial: Display: Missing cached shader map for material FMatExpressionPreview MaterialExpressionConstant3Vector_1, compiling. 
[2019.01.25-15.49.33:312][610]LogMaterial: Display: Missing cached shader map for material PreviewMaterial_0, compiling. 
[2019.01.25-15.49.33:333][610]LogSlate: Window 'Color Picker' being destroyed
[2019.01.25-15.49.33:367][612]LogShaderCompilers: Display: Shaders left to compile 34
[2019.01.25-15.49.33:609][632]LogShaderCompilers: Display: Shaders left to compile 33
[2019.01.25-15.49.33:827][652]LogShaderCompilers: Display: Shaders left to compile 32
[2019.01.25-15.49.34:300][695]LogShaderCompilers: Display: Shaders left to compile 31
[2019.01.25-15.49.34:365][701]LogShaderCompilers: Display: Shaders left to compile 30
[2019.01.25-15.49.34:912][747]LogShaderCompilers: Display: Shaders left to compile 29
[2019.01.25-15.49.35:002][755]LogShaderCompilers: Display: Shaders left to compile 28
[2019.01.25-15.49.35:267][779]LogShaderCompilers: Display: Shaders left to compile 27
[2019.01.25-15.49.35:505][799]LogShaderCompilers: Display: Shaders left to compile 26
[2019.01.25-15.49.35:736][819]LogShaderCompilers: Display: Shaders left to compile 25
[2019.01.25-15.49.35:975][841]LogShaderCompilers: Display: Shaders left to compile 24
[2019.01.25-15.49.35:975][841]LogShaderCompilers: Display: Shaders left to compile 23
[2019.01.25-15.49.36:309][871]LogShaderCompilers: Display: Shaders left to compile 22
[2019.01.25-15.49.37:486][967]LogShaderCompilers: Display: Shaders left to compile 21
[2019.01.25-15.49.37:486][967]LogShaderCompilers: Display: Shaders left to compile 20
[2019.01.25-15.49.38:365][ 45]LogShaderCompilers: Display: Shaders left to compile 19
[2019.01.25-15.49.38:444][ 53]LogShaderCompilers: Display: Shaders left to compile 18
[2019.01.25-15.49.38:582][ 67]LogMaterial: Display: Missing cached shader map for material FMatExpressionPreview MaterialExpressionConstant3Vector_0, compiling. 
[2019.01.25-15.49.38:587][ 67]LogMaterial: Display: Missing cached shader map for material FMatExpressionPreview MaterialExpressionConstant3Vector_1, compiling. 
[2019.01.25-15.49.38:603][ 67]LogShaderCompilers: Display: Shaders left to compile 19
[2019.01.25-15.49.38:617][ 67]LogMaterial: Display: Missing cached shader map for material PreviewMaterial_0, compiling. 
[2019.01.25-15.49.39:617][145]LogShaderCompilers: Display: Shaders left to compile 34
[2019.01.25-15.49.39:683][151]LogShaderCompilers: Display: Shaders left to compile 33
[2019.01.25-15.49.40:175][196]LogShaderCompilers: Display: Shaders left to compile 32
[2019.01.25-15.49.40:188][197]LogShaderCompilers: Display: Shaders left to compile 31
[2019.01.25-15.49.40:339][213]LogShaderCompilers: Display: Shaders left to compile 30
[2019.01.25-15.49.40:510][230]LogMaterial: Display: Missing cached shader map for material FMatExpressionPreview MaterialExpressionConstant3Vector_0, compiling. 
[2019.01.25-15.49.40:517][230]LogMaterial: Display: Missing cached shader map for material FMatExpressionPreview MaterialExpressionConstant3Vector_1, compiling. 
[2019.01.25-15.49.40:549][230]LogMaterial: Display: Missing cached shader map for material PreviewMaterial_0, compiling. 
[2019.01.25-15.49.40:727][241]LogShaderCompilers: Display: Shaders left to compile 34
[2019.01.25-15.49.40:907][255]LogShaderCompilers: Display: Shaders left to compile 33
[2019.01.25-15.49.41:143][275]LogShaderCompilers: Display: Shaders left to compile 32
[2019.01.25-15.49.41:489][304]LogMaterial: Display: Missing cached shader map for material PreviewMaterial_0, compiling. 
[2019.01.25-15.49.41:515][304]LogMaterial: Display: Missing cached shader map for material FMatExpressionPreview MaterialExpressionConstant3Vector_0, compiling. 
[2019.01.25-15.49.41:521][304]LogMaterial: Display: Missing cached shader map for material FMatExpressionPreview MaterialExpressionConstant3Vector_1, compiling. 
[2019.01.25-15.49.41:552][304]LogShaderCompilers: Display: Shaders left to compile 34
[2019.01.25-15.49.41:556][304]LogMaterial: Display: Missing cached shader map for material FMatExpressionPreview MaterialExpressionConstant3Vector_0, compiling. 
[2019.01.25-15.49.41:562][304]LogMaterial: Display: Missing cached shader map for material FMatExpressionPreview MaterialExpressionConstant3Vector_1, compiling. 
[2019.01.25-15.49.41:593][304]LogMaterial: Display: Missing cached shader map for material PreviewMaterial_0, compiling. 
[2019.01.25-15.49.41:618][304]LogMaterial: Display: Missing cached shader map for material FMatExpressionPreview MaterialExpressionConstant3Vector_0, compiling. 
[2019.01.25-15.49.41:624][304]LogMaterial: Display: Missing cached shader map for material FMatExpressionPreview MaterialExpressionConstant3Vector_1, compiling. 
[2019.01.25-15.49.41:651][304]LogShaderCompilers: Display: Shaders left to compile 34
[2019.01.25-15.49.41:654][304]LogMaterial: Display: Missing cached shader map for material PreviewMaterial_0, compiling. 
[2019.01.25-15.49.41:674][304]LogSlate: Window 'Color Picker' being destroyed
[2019.01.25-15.49.41:878][320]LogShaderCompilers: Display: Shaders left to compile 34
[2019.01.25-15.49.42:021][333]LogShaderCompilers: Display: Shaders left to compile 33
[2019.01.25-15.49.42:284][357]LogShaderCompilers: Display: Shaders left to compile 32
[2019.01.25-15.49.43:020][421]LogShaderCompilers: Display: Shaders left to compile 31
[2019.01.25-15.49.43:020][421]LogShaderCompilers: Display: Shaders left to compile 30
[2019.01.25-15.49.43:312][450]LogShaderCompilers: Display: Shaders left to compile 29
[2019.01.25-15.49.43:474][465]LogShaderCompilers: Display: Shaders left to compile 28
[2019.01.25-15.49.43:525][470]LogShaderCompilers: Display: Shaders left to compile 27
[2019.01.25-15.49.43:569][472]LogShaderCompilers: Display: Shaders left to compile 26
[2019.01.25-15.49.43:682][472]LogShaderCompilers: Display: Shaders left to compile 25
[2019.01.25-15.49.43:710][472]LogShaderCompilers: Display: Shaders left to compile 24
[2019.01.25-15.49.43:714][472]LogShaderCompilers: Display: Shaders left to compile 23
[2019.01.25-15.49.43:972][499]LogShaderCompilers: Display: Shaders left to compile 22
[2019.01.25-15.49.44:315][531]LogMaterial: Display: Missing cached shader map for material PreviewMaterial_0, compiling. 
[2019.01.25-15.49.44:348][531]LogMaterial: Display: Missing cached shader map for material FMatExpressionPreview MaterialExpressionConstant3Vector_0, compiling. 
[2019.01.25-15.49.44:354][531]LogMaterial: Display: Missing cached shader map for material FMatExpressionPreview MaterialExpressionConstant3Vector_1, compiling. 
[2019.01.25-15.49.44:690][556]LogShaderCompilers: Display: Shaders left to compile 34
[2019.01.25-15.49.44:825][568]LogShaderCompilers: Display: Shaders left to compile 33
[2019.01.25-15.49.45:244][604]LogShaderCompilers: Display: Shaders left to compile 32
[2019.01.25-15.49.45:379][615]LogShaderCompilers: Display: Shaders left to compile 31
[2019.01.25-15.49.45:733][647]LogMaterialEditor: Applying material MAT_DashEffect
[2019.01.25-15.49.46:626][647]LogShaderCompilers: Display: Shaders left to compile 30
[2019.01.25-15.49.46:627][647]LogShaderCompilers: Display: Shaders left to compile 29
[2019.01.25-15.49.46:627][647]LogShaderCompilers: Display: Shaders left to compile 28
[2019.01.25-15.49.46:627][647]LogShaderCompilers: Display: Shaders left to compile 27
[2019.01.25-15.49.46:627][647]LogShaderCompilers: Display: Shaders left to compile 26
[2019.01.25-15.49.46:627][647]LogShaderCompilers: Display: Shaders left to compile 25
[2019.01.25-15.49.46:627][647]LogShaderCompilers: Display: Shaders left to compile 24
[2019.01.25-15.49.46:643][647]LogMaterial: Display: Missing cached shader map for material PreviewMaterial_0, compiling. 
[2019.01.25-15.49.46:740][647]LogMaterial: Display: Missing cached shader map for material MAT_DashEffect, compiling. 
[2019.01.25-15.49.46:800][647]LogMaterial: Display: Missing cached shader map for material MAT_DashEffect, compiling. 
[2019.01.25-15.49.46:854][647]LogShaderCompilers: Display: Shaders left to compile 34
[2019.01.25-15.49.46:911][647]LogMaterial: Display: Missing cached shader map for material FDebugViewModeMaterialProxy MAT_DashEffect, compiling. 
[2019.01.25-15.49.50:885][647]LogShaderCompilers: Display: Shaders left to compile 121
[2019.01.25-15.49.50:885][647]LogShaderCompilers: Display: Shaders left to compile 120
[2019.01.25-15.49.50:885][647]LogShaderCompilers: Display: Shaders left to compile 119
[2019.01.25-15.49.50:885][647]LogShaderCompilers: Display: Shaders left to compile 118
[2019.01.25-15.49.50:885][647]LogShaderCompilers: Display: Shaders left to compile 117
[2019.01.25-15.49.50:885][647]LogShaderCompilers: Display: Shaders left to compile 116
[2019.01.25-15.49.50:885][647]LogShaderCompilers: Display: Shaders left to compile 115
[2019.01.25-15.49.50:885][647]LogShaderCompilers: Display: Shaders left to compile 114
[2019.01.25-15.49.50:885][647]LogShaderCompilers: Display: Shaders left to compile 113
[2019.01.25-15.49.50:885][647]LogShaderCompilers: Display: Shaders left to compile 112
[2019.01.25-15.49.50:885][647]LogShaderCompilers: Display: Shaders left to compile 111
[2019.01.25-15.49.50:885][647]LogShaderCompilers: Display: Shaders left to compile 110
[2019.01.25-15.49.50:885][647]LogShaderCompilers: Display: Shaders left to compile 109
[2019.01.25-15.49.50:885][647]LogShaderCompilers: Display: Shaders left to compile 108
[2019.01.25-15.49.50:886][647]LogShaderCompilers: Display: Shaders left to compile 107
[2019.01.25-15.49.50:886][647]LogShaderCompilers: Display: Shaders left to compile 106
[2019.01.25-15.49.50:886][647]LogShaderCompilers: Display: Shaders left to compile 105
[2019.01.25-15.49.50:886][647]LogShaderCompilers: Display: Shaders left to compile 104
[2019.01.25-15.49.50:886][647]LogShaderCompilers: Display: Shaders left to compile 103
[2019.01.25-15.49.50:886][647]LogShaderCompilers: Display: Shaders left to compile 102
[2019.01.25-15.49.50:886][647]LogShaderCompilers: Display: Shaders left to compile 101
[2019.01.25-15.49.50:886][647]LogShaderCompilers: Display: Shaders left to compile 100
[2019.01.25-15.49.50:886][647]LogShaderCompilers: Display: Shaders left to compile 99
[2019.01.25-15.49.50:886][647]LogShaderCompilers: Display: Shaders left to compile 98
[2019.01.25-15.49.50:886][647]LogShaderCompilers: Display: Shaders left to compile 97
[2019.01.25-15.49.50:886][647]LogShaderCompilers: Display: Shaders left to compile 96
[2019.01.25-15.49.50:886][647]LogShaderCompilers: Display: Shaders left to compile 95
[2019.01.25-15.49.50:886][647]LogShaderCompilers: Display: Shaders left to compile 94
[2019.01.25-15.49.50:886][647]LogShaderCompilers: Display: Shaders left to compile 93
[2019.01.25-15.49.50:886][647]LogShaderCompilers: Display: Shaders left to compile 92
[2019.01.25-15.49.50:886][647]LogShaderCompilers: Display: Shaders left to compile 91
[2019.01.25-15.49.50:886][647]LogShaderCompilers: Display: Shaders left to compile 90
[2019.01.25-15.49.50:886][647]LogShaderCompilers: Display: Shaders left to compile 89
[2019.01.25-15.49.50:886][647]LogShaderCompilers: Display: Shaders left to compile 88
[2019.01.25-15.49.50:886][647]LogShaderCompilers: Display: Shaders left to compile 87
[2019.01.25-15.49.50:886][647]LogShaderCompilers: Display: Shaders left to compile 77
[2019.01.25-15.49.50:887][647]TextureStreamingBuild: Display: Compiling optional shaders took 3.983 seconds.
[2019.01.25-15.49.51:973][737]LogShaderCompilers: Display: Shaders left to compile 67
[2019.01.25-15.49.55:228][738]LogShaderCompilers: Display: Shaders left to compile 57
[2019.01.25-15.49.56:245][738]LogShaderCompilers: Display: Shaders left to compile 47
[2019.01.25-15.49.56:739][738]LogShaderCompilers: Display: Shaders left to compile 37
[2019.01.25-15.50.06:264][608]LogShaderCompilers: Display: Shaders left to compile 27
[2019.01.25-15.50.10:418][ 19]LogShaderCompilers: Display: Shaders left to compile 17
[2019.01.25-15.50.13:479][320]LogShaderCompilers: Display: Shaders left to compile 7
[2019.01.25-15.50.20:762][930]MaterialEditorStats: Base pass shader: 69 instructions
[2019.01.25-15.50.20:762][930]MaterialEditorStats: Base pass shader with Volumetric Lightmap: 90 instructions
[2019.01.25-15.50.20:762][930]MaterialEditorStats: Base pass vertex shader: 107 instructions
[2019.01.25-15.50.20:762][930]MaterialEditorStats: Texture samplers: 7/16
[2019.01.25-15.50.36:306][691]LogSlate: FSceneViewport::OnFocusLost() reason 2
[2019.01.25-15.50.36:365][691]LogFileHelpers: Editor autosave (incl. sublevels) for '/Game/SideScrollerBP/Maps/SideScrollerExampleMap' took 0.024
[2019.01.25-15.50.36:398][691]OBJ SavePackage: Generating thumbnails for [1] asset(s) in package [/Game/Materiels/MAT_DashEffect] ([1] browsable assets)...
[2019.01.25-15.50.36:417][691]OBJ SavePackage:     Rendered thumbnail for [Material /Game/Materiels/MAT_DashEffect.MAT_DashEffect]
[2019.01.25-15.50.36:417][691]OBJ SavePackage: Finished generating thumbnails for package [/Game/Materiels/MAT_DashEffect]
[2019.01.25-15.50.36:458][691]LogSavePackage: Moving '../../../../../GitKrakenRepo/TheDoll/DAGD300Assignment/Saved/MAT_DashEffect_Auto19DE81E2F45A94279298F12881650ED10.tmp' to '../../../../../GitKrakenRepo/TheDoll/DAGD300Assignment/Saved/Autosaves/Game/Materiels/MAT_DashEffect_Auto1.uasset'
[2019.01.25-15.50.36:465][691]OBJ SavePackage: Generating thumbnails for [1] asset(s) in package [/Game/Particles/PAR_Dash] ([1] browsable assets)...
[2019.01.25-15.50.36:470][691]OBJ SavePackage:     Rendered thumbnail for [ParticleSystem /Game/Particles/PAR_Dash.PAR_Dash]
[2019.01.25-15.50.36:470][691]OBJ SavePackage: Finished generating thumbnails for package [/Game/Particles/PAR_Dash]
[2019.01.25-15.50.36:470][691]Cmd: OBJ SAVEPACKAGE PACKAGE="/Game/Particles/PAR_Dash" FILE="../../../../../GitKrakenRepo/TheDoll/DAGD300Assignment/Saved/Autosaves/Game/Particles/PAR_Dash_Auto1.uasset" SILENT=false AUTOSAVING=true
[2019.01.25-15.50.36:510][691]LogSavePackage: Moving '../../../../../GitKrakenRepo/TheDoll/DAGD300Assignment/Saved/PAR_Dash_Auto1587C3FF945C3C7042A2CD59FD57DB5E9.tmp' to '../../../../../GitKrakenRepo/TheDoll/DAGD300Assignment/Saved/Autosaves/Game/Particles/PAR_Dash_Auto1.uasset'
[2019.01.25-15.50.36:516][691]LogFileHelpers: Auto-saving content packages took 0.141
[2019.01.25-15.51.51:041][256]LogSlate: FSceneViewport::OnFocusLost() reason 2
[2019.01.25-15.51.53:064][483]LogSlate: FSceneViewport::OnFocusLost() reason 0
[2019.01.25-15.52.07:488][ 95]LogSlate: FSceneViewport::OnFocusLost() reason 0
[2019.01.25-15.52.25:808][852]LogSlate: FSceneViewport::OnFocusLost() reason 0
[2019.01.25-15.52.45:674][ 90]LogSlate: FSceneViewport::OnFocusLost() reason 0
[2019.01.25-15.52.52:088][802]LogSlate: FSceneViewport::OnFocusLost() reason 0
[2019.01.25-15.53.15:890][443]LogSlate: FSceneViewport::OnFocusLost() reason 0
[2019.01.25-15.53.25:380][511]LogSlate: FSceneViewport::OnFocusLost() reason 0
[2019.01.25-15.53.37:492][862]LogSlate: FSceneViewport::OnFocusLost() reason 0
[2019.01.25-15.53.53:921][715]LogSlate: FSceneViewport::OnFocusLost() reason 0
[2019.01.25-15.53.54:034][726]Cmd: OBJ SAVEPACKAGE PACKAGE="/Game/Particles/PAR_Dash" FILE="../../../../../GitKrakenRepo/TheDoll/DAGD300Assignment/Content/Particles/PAR_Dash.uasset" SILENT=true
[2019.01.25-15.53.54:054][726]LogSavePackage: Moving '../../../../../GitKrakenRepo/TheDoll/DAGD300Assignment/Saved/PAR_DashE0734C6D4541F2005F419F9B1341F19F.tmp' to '../../../../../GitKrakenRepo/TheDoll/DAGD300Assignment/Content/Particles/PAR_Dash.uasset'
[2019.01.25-15.53.56:403][958]LogMaterialEditor: Saving and Compiling material MAT_DashEffect
[2019.01.25-15.53.56:415][958]Cmd: OBJ SAVEPACKAGE PACKAGE="/Game/Materiels/MAT_DashEffect" FILE="../../../../../GitKrakenRepo/TheDoll/DAGD300Assignment/Content/Materiels/MAT_DashEffect.uasset" SILENT=true
[2019.01.25-15.53.56:456][958]LogSavePackage: Moving '../../../../../GitKrakenRepo/TheDoll/DAGD300Assignment/Saved/MAT_DashEffectA9CB504F4CCC8EA35590E38734911E74.tmp' to '../../../../../GitKrakenRepo/TheDoll/DAGD300Assignment/Content/Materiels/MAT_DashEffect.uasset'
