Log file open, 10/27/18 15:26:51
LogWindows: Failed to load 'aqProf.dll' (GetLastError=126)
LogWindows: File 'aqProf.dll' does not exist
LogWindows: Failed to load 'VSPerf140.dll' (GetLastError=126)
LogWindows: File 'VSPerf140.dll' does not exist
LogWindows: Failed to load 'VtuneApi.dll' (GetLastError=126)
LogWindows: File 'VtuneApi.dll' does not exist
LogWindows: Failed to load 'VtuneApi32e.dll' (GetLastError=126)
LogWindows: File 'VtuneApi32e.dll' does not exist
LogInit: Display: Running engine for game: DAGD300Assignment
LogPlatformFile: Not using cached read wrapper
LogTaskGraph: Started task graph with 5 named threads and 14 total threads with 3 sets of task threads.
LogStats: Stats thread started at 0.233244
LogD3D11RHI: Loaded GFSDK_Aftermath_Lib.x64.dll
LogICUInternationalization: Display: ICU TimeZone Detection - Raw Offset: -5:00, Platform Override: ''
LogPluginManager: Mounting plugin Paper2D
LogPluginManager: Mounting plugin AISupport
LogPluginManager: Mounting plugin LightPropagationVolume
LogPluginManager: Mounting plugin CLionSourceCodeAccess
LogPluginManager: Mounting plugin CodeLiteSourceCodeAccess
LogPluginManager: Mounting plugin GitSourceControl
LogPluginManager: Mounting plugin KDevelopSourceCodeAccess
LogPluginManager: Mounting plugin NullSourceCodeAccess
LogPluginManager: Mounting plugin PerforceSourceControl
LogPluginManager: Mounting plugin SubversionSourceControl
LogPluginManager: Mounting plugin UObjectPlugin
LogPluginManager: Mounting plugin VisualStudioCodeSourceCodeAccess
LogPluginManager: Mounting plugin VisualStudioSourceCodeAccess
LogPluginManager: Mounting plugin XCodeSourceCodeAccess
LogPluginManager: Mounting plugin AssetManagerEditor
LogPluginManager: Mounting plugin CryptoKeys
LogPluginManager: Mounting plugin DataValidation
LogPluginManager: Mounting plugin FacialAnimation
LogPluginManager: Mounting plugin GameplayTagsEditor
LogPluginManager: Mounting plugin MacGraphicsSwitching
LogPluginManager: Mounting plugin MeshEditor
LogPluginManager: Mounting plugin MobileLauncherProfileWizard
LogPluginManager: Mounting plugin PluginBrowser
LogPluginManager: Mounting plugin SpeedTreeImporter
LogPluginManager: Mounting plugin DatasmithContent
LogPluginManager: Mounting plugin AlembicImporter
LogPluginManager: Mounting plugin AppleImageUtils
LogPluginManager: Mounting plugin AppleVision
LogPluginManager: Mounting plugin BackChannel
LogPluginManager: Mounting plugin CharacterAI
LogPluginManager: Mounting plugin GeometryCache
LogPluginManager: Mounting plugin HTML5Networking
LogPluginManager: Mounting plugin ProxyLODPlugin
LogPluginManager: Mounting plugin MagicLeap
LogPluginManager: Mounting plugin MagicLeapEmulator
LogPluginManager: Mounting plugin MagicLeapMedia
LogPluginManager: Mounting plugin AndroidMedia
LogPluginManager: Mounting plugin AvfMedia
LogPluginManager: Mounting plugin ImgMedia
LogPluginManager: Mounting plugin LinearTimecode
LogPluginManager: Mounting plugin MediaCompositing
LogPluginManager: Mounting plugin MediaPlayerEditor
LogPluginManager: Mounting plugin WmfMedia
LogPluginManager: Mounting plugin TcpMessaging
LogPluginManager: Mounting plugin UdpMessaging
LogPluginManager: Mounting plugin ActorSequence
LogPluginManager: Mounting plugin LevelSequenceEditor
LogPluginManager: Mounting plugin MatineeToLevelSequence
LogPluginManager: Mounting plugin NetcodeUnitTest
LogPluginManager: Mounting plugin NUTUnrealEngine4
LogPluginManager: Mounting plugin OnlineSubsystemGooglePlay
LogPluginManager: Mounting plugin OnlineSubsystemIOS
LogPluginManager: Mounting plugin OnlineSubsystem
LogPluginManager: Mounting plugin OnlineSubsystemNull
LogPluginManager: Mounting plugin OnlineSubsystemUtils
LogPluginManager: Mounting plugin LauncherChunkInstaller
LogPluginManager: Mounting plugin AndroidDeviceProfileSelector
LogPluginManager: Mounting plugin AndroidMoviePlayer
LogPluginManager: Mounting plugin AndroidPermission
LogPluginManager: Mounting plugin AppleMoviePlayer
LogPluginManager: Mounting plugin ArchVisCharacter
LogPluginManager: Mounting plugin AudioCapture
LogPluginManager: Mounting plugin CableComponent
LogPluginManager: Mounting plugin CustomMeshComponent
LogPluginManager: Mounting plugin EditableMesh
LogPluginManager: Mounting plugin ExampleDeviceProfileSelector
LogPluginManager: Mounting plugin GoogleCloudMessaging
LogPluginManager: Mounting plugin ImmediatePhysics
LogPluginManager: Mounting plugin IOSDeviceProfileSelector
LogPluginManager: Mounting plugin LinuxDeviceProfileSelector
LogPluginManager: Mounting plugin LocationServicesBPLibrary
LogPluginManager: Mounting plugin MobilePatchingUtils
LogPluginManager: Mounting plugin OculusVR
LogPluginManager: Plugin shader directory ../../../Engine/Plugins/Runtime/Oculus/OculusVR/Shaders found
LogPluginManager: Mapping shader source directory ../../../Engine/Plugins/Runtime/Oculus/OculusVR/Shaders to virtual directory /Plugin/OculusVR
LogPluginManager: Mounting plugin PhysXVehicles
LogPluginManager: Mounting plugin ProceduralMeshComponent
LogPluginManager: Mounting plugin RuntimePhysXCooking
LogPluginManager: Mounting plugin SteamVR
LogPluginManager: Mounting plugin WindowsMoviePlayer
LogStreaming: Display: Took  0.259s to configure plugins.
LogInit: Using libcurl 7.55.1-DEV
LogInit:  - built for x86_64-pc-win32
LogInit:  - supports SSL with OpenSSL/1.0.2h
LogInit:  - supports HTTP deflate (compression) using libz 1.2.8
LogInit:  - other features:
LogInit:      CURL_VERSION_SSL
LogInit:      CURL_VERSION_LIBZ
LogInit:      CURL_VERSION_IPV6
LogInit:      CURL_VERSION_ASYNCHDNS
LogInit:      CURL_VERSION_LARGEFILE
LogInit:      CURL_VERSION_IDN
LogInit:  CurlRequestOptions (configurable via config and command line):
LogInit:  - bVerifyPeer = false  - Libcurl will NOT verify peer certificate
LogInit:  - bUseHttpProxy = false  - Libcurl will NOT use HTTP proxy
LogInit:  - bDontReuseConnections = false  - Libcurl will reuse connections
LogInit:  - CertBundlePath = nullptr  - Libcurl will use whatever was configured at build time.
LogInit:  - MaxHostConnections = 16  - Libcurl will limit the number of connections to a host
LogInit:  - LocalHostAddr = Default
LogInit:  - BufferSize = 65536
LogInit: WinSock: version 1.1 (2.2), MaxSocks=32767, MaxUdp=65467
LogInit: Build: ++UE4+Release-4.20-CL-4302132
LogInit: Engine Version: 4.20.2-4302132+++UE4+Release-4.20
LogInit: Compatible Engine Version: 4.20.0-4212847+++UE4+Release-4.20
LogInit: Net CL: 4212847
LogInit: OS: Windows 10 (), CPU: Intel(R) Core(TM) i5-6400 CPU @ 2.70GHz, GPU: NVIDIA GeForce GTX 1070
LogInit: Compiled (64-bit): Aug 21 2018 02:06:06
LogInit: Compiled with Visual C++: 19.13.26129.00
LogInit: Build Configuration: Development
LogInit: Branch Name: ++UE4+Release-4.20
LogInit: Command Line: 
LogInit: Base Directory: D:/Program Files (x86)/UE_4.20/Engine/Binaries/Win64/
LogInit: Installed Engine Build: 1
LogDevObjectVersion: Number of dev versions registered: 20
LogDevObjectVersion:   Dev-Blueprints (B0D832E4-1F89-4F0D-ACCF-7EB736FD4AA2): 10
LogDevObjectVersion:   Dev-Build (E1C64328-A22C-4D53-A36C-8E866417BD8C): 0
LogDevObjectVersion:   Dev-Core (375EC13C-06E4-48FB-B500-84F0262A717E): 2
LogDevObjectVersion:   Dev-Editor (E4B068ED-F494-42E9-A231-DA0B2E46BB41): 24
LogDevObjectVersion:   Dev-Framework (CFFC743F-43B0-4480-9391-14DF171D2073): 34
LogDevObjectVersion:   Dev-Mobile (B02B49B5-BB20-44E9-A304-32B752E40360): 2
LogDevObjectVersion:   Dev-Networking (A4E4105C-59A1-49B5-A7C5-40C4547EDFEE): 0
LogDevObjectVersion:   Dev-Online (39C831C9-5AE6-47DC-9A44-9C173E1C8E7C): 0
LogDevObjectVersion:   Dev-Physics (78F01B33-EBEA-4F98-B9B4-84EACCB95AA2): 0
LogDevObjectVersion:   Dev-Platform (6631380F-2D4D-43E0-8009-CF276956A95A): 0
LogDevObjectVersion:   Dev-Rendering (12F88B9F-8875-4AFC-A67C-D90C383ABD29): 26
LogDevObjectVersion:   Dev-Sequencer (7B5AE74C-D270-4C10-A958-57980B212A5A): 9
LogDevObjectVersion:   Dev-VR (D7296918-1DD6-4BDD-9DE2-64A83CC13884): 2
LogDevObjectVersion:   Dev-LoadTimes (C2A15278-BFE7-4AFE-6C17-90FF531DF755): 1
LogDevObjectVersion:   Private-Geometry (6EACA3D4-40EC-4CC1-B786-8BED09428FC5): 3
LogDevObjectVersion:   Dev-AnimPhys (29E575DD-E0A3-4627-9D10-D276232CDCEA): 17
LogDevObjectVersion:   Dev-ReflectionCapture (6B266CEC-1EC7-4B8F-A30B-E4D90942FC07): 1
LogDevObjectVersion:   Dev-Automation (0DF73D61-A23F-47EA-B727-89E90C41499A): 1
LogDevObjectVersion:   FortniteMain (601D1886-AC64-4F84-AA16-D3DE0DEAC7D6): 12
LogDevObjectVersion:   Dev-Enterprise (9DFFBCD6-494F-0158-E221-12823C92A888): 1
LogStreaming: Display: Took  0.001s to delete old logs.
LogInit: Presizing for max 8388607 objects, including 0 objects not considered by GC, pre-allocating 0 bytes for permanent pool.
LogInit: Object subsystem initialized
[2018.10.27-19.26.52:243][  0]LogInit: Selected Device Profile: [Windows]
[2018.10.27-19.26.52:243][  0]LogInit: Applying CVar settings loaded from the selected device profile: [Windows]
[2018.10.27-19.26.52:266][  0]LogHAL: Display: Platform has ~ 8 GB [8526880768 / 8589934592 / 8], which maps to Default [LargestMinGB=32, LargerMinGB=12, DefaultMinGB=8, SmallerMinGB=6, SmallestMinGB=0)
[2018.10.27-19.26.52:266][  0]LogInit: Setting Device Profile CVar: [[r.Vulkan.UseRealUBs:1]]
[2018.10.27-19.26.52:266][  0]LogInit: Going up to parent DeviceProfile []
[2018.10.27-19.26.52:266][  0]LogInit: Computer: DESKTOP-EEGEEHC
[2018.10.27-19.26.52:266][  0]LogInit: User: ChristopherP
[2018.10.27-19.26.52:266][  0]LogInit: CPU Page size=4096, Cores=4
[2018.10.27-19.26.52:266][  0]LogInit: High frequency timer resolution =2.648439 MHz
[2018.10.27-19.26.52:267][  0]LogMemory: Memory total: Physical=7.9GB (8GB approx)
[2018.10.27-19.26.52:267][  0]LogMemory: Platform Memory Stats for Windows
[2018.10.27-19.26.52:267][  0]LogMemory: Process Physical Memory: 100.45 MB used, 100.45 MB peak
[2018.10.27-19.26.52:267][  0]LogMemory: Process Virtual Memory: 84.26 MB used, 84.26 MB peak
[2018.10.27-19.26.52:267][  0]LogMemory: Physical Memory: 5015.00 MB used,  3116.86 MB free, 8131.87 MB total
[2018.10.27-19.26.52:267][  0]LogMemory: Virtual Memory: 4610.79 MB used,  3116.86 MB free, 134217728.00 MB total
[2018.10.27-19.26.52:305][  0]LogInit: Using OS detected language (en-US).
[2018.10.27-19.26.52:305][  0]LogInit: Using OS detected locale (en-US).
[2018.10.27-19.26.52:308][  0]LogTextLocalizationManager: No specific localization for 'en-US' exists, so the 'en' localization will be used.
[2018.10.27-19.26.52:761][  0]LogStreaming: Display: Took  0.456s to InitEngineTextLocalization.
[2018.10.27-19.26.52:761][  0]LogInit: Setting process to per monitor DPI aware
[2018.10.27-19.26.52:820][  0]LogSlate: New Slate User Created.  User Index 0, Is Virtual User: 0
[2018.10.27-19.26.52:820][  0]LogSlate: Slate User Registered.  User Index 0, Is Virtual User: 0
[2018.10.27-19.26.53:333][  0]LogHMD: Failed to initialize OpenVR with code 110
[2018.10.27-19.26.53:333][  0]LogD3D11RHI: D3D11 adapters:
[2018.10.27-19.26.53:416][  0]LogD3D11RHI:    0. 'NVIDIA GeForce GTX 1070' (Feature Level 11_0)
[2018.10.27-19.26.53:416][  0]LogD3D11RHI:       8088/0/4065 MB DedicatedVideo/DedicatedSystem/SharedSystem, Outputs:1, VendorId:0x10de
[2018.10.27-19.26.53:419][  0]LogD3D11RHI:    1. 'Microsoft Basic Render Driver' (Feature Level 11_0)
[2018.10.27-19.26.53:419][  0]LogD3D11RHI:       0/0/4065 MB DedicatedVideo/DedicatedSystem/SharedSystem, Outputs:0, VendorId:0x1414
[2018.10.27-19.26.53:419][  0]LogD3D11RHI: Chosen D3D11 Adapter: 0
[2018.10.27-19.26.53:427][  0]LogD3D11RHI: Creating new Direct3DDevice
[2018.10.27-19.26.53:427][  0]LogD3D11RHI:     GPU DeviceId: 0x1b81 (for the marketing name, search the web for "GPU Device Id")
[2018.10.27-19.26.53:427][  0]LogWindows: EnumDisplayDevices:
[2018.10.27-19.26.53:428][  0]LogWindows:    0. 'NVIDIA GeForce GTX 1070' (P:1 D:1)
[2018.10.27-19.26.53:428][  0]LogWindows:    1. 'NVIDIA GeForce GTX 1070' (P:0 D:0)
[2018.10.27-19.26.53:428][  0]LogWindows:    2. 'NVIDIA GeForce GTX 1070' (P:0 D:0)
[2018.10.27-19.26.53:429][  0]LogWindows:    3. 'NVIDIA GeForce GTX 1070' (P:0 D:0)
[2018.10.27-19.26.53:429][  0]LogWindows: DebugString: FoundDriverCount:4 
[2018.10.27-19.26.53:429][  0]LogD3D11RHI:     Adapter Name: NVIDIA GeForce GTX 1070
[2018.10.27-19.26.53:429][  0]LogD3D11RHI:   Driver Version: 416.34 (internal:25.21.14.1634, unified:416.34)
[2018.10.27-19.26.53:429][  0]LogD3D11RHI:      Driver Date: 10-10-2018
[2018.10.27-19.26.53:429][  0]LogRHI: Texture pool is 5661 MB (70% of 8088 MB)
[2018.10.27-19.26.53:486][  0]LogD3D11RHI: Async texture creation enabled
[2018.10.27-19.26.53:511][  0]LogD3D11RHI: GPU Timing Frequency: 1000.000000 (Debug: 2 2)
[2018.10.27-19.26.53:561][  0]LogShaderCompilers: Guid format shader working directory is 17 characters bigger than the processId version (F:/UnrealProjects/DAGD300Assignment/Intermediate/Shaders/WorkingDirectory/13708/).
[2018.10.27-19.26.53:561][  0]LogShaderCompilers: Cleaned the shader compiler working directory 'C:/Users/ChristopherP/AppData/Local/Temp/UnrealShaderWorkingDir/A4EA064241C48B241DC8E18B80D19747/'.
[2018.10.27-19.26.53:925][  0]LogTemp: Display: Loaded TP AllDesktopTargetPlatform
[2018.10.27-19.26.53:940][  0]LogTemp: Display: Loaded TP MacClientTargetPlatform
[2018.10.27-19.26.53:958][  0]LogTemp: Display: Loaded TP MacNoEditorTargetPlatform
[2018.10.27-19.26.53:974][  0]LogTemp: Display: Loaded TP MacServerTargetPlatform
[2018.10.27-19.26.53:990][  0]LogTemp: Display: Loaded TP MacTargetPlatform
[2018.10.27-19.26.54:006][  0]LogTemp: Display: Loaded TP WindowsClientTargetPlatform
[2018.10.27-19.26.54:027][  0]LogTemp: Display: Loaded TP WindowsNoEditorTargetPlatform
[2018.10.27-19.26.54:041][  0]LogTemp: Display: Loaded TP WindowsServerTargetPlatform
[2018.10.27-19.26.54:050][  0]LogTemp: Display: Loaded TP WindowsTargetPlatform
[2018.10.27-19.26.54:146][  0]LogTemp: Display: Loaded TP AndroidTargetPlatform
[2018.10.27-19.26.54:146][  0]LogTemp: Display: Loaded TP AndroidTargetPlatform
[2018.10.27-19.26.54:146][  0]LogTemp: Display: Loaded TP AndroidTargetPlatform
[2018.10.27-19.26.54:146][  0]LogTemp: Display: Loaded TP AndroidTargetPlatform
[2018.10.27-19.26.54:146][  0]LogTemp: Display: Loaded TP AndroidTargetPlatform
[2018.10.27-19.26.54:146][  0]LogTemp: Display: Loaded TP AndroidTargetPlatform
[2018.10.27-19.26.54:146][  0]LogTemp: Display: Loaded TP AndroidTargetPlatform
[2018.10.27-19.26.54:146][  0]LogTemp: Display: Loaded TP AndroidTargetPlatform
[2018.10.27-19.26.54:146][  0]LogTemp: Display: Loaded TP AndroidTargetPlatform
[2018.10.27-19.26.54:146][  0]LogTemp: Display: Loaded TP AndroidTargetPlatform
[2018.10.27-19.26.54:146][  0]LogTemp: Display: Loaded TP AndroidTargetPlatform
[2018.10.27-19.26.54:146][  0]LogTemp: Display: Loaded TP AndroidTargetPlatform
[2018.10.27-19.26.54:146][  0]LogTemp: Display: Loaded TP AndroidTargetPlatform
[2018.10.27-19.26.54:146][  0]LogTemp: Display: Loaded TP AndroidTargetPlatform
[2018.10.27-19.26.54:146][  0]LogTemp: Display: Loaded TP AndroidTargetPlatform
[2018.10.27-19.26.54:146][  0]LogTemp: Display: Loaded TP AndroidTargetPlatform
[2018.10.27-19.26.54:146][  0]LogTemp: Display: Loaded TP AndroidTargetPlatform
[2018.10.27-19.26.54:146][  0]LogTemp: Display: Loaded TP AndroidTargetPlatform
[2018.10.27-19.26.54:148][  0]LogTemp: Display: Loaded TP HTML5TargetPlatform
[2018.10.27-19.26.54:216][  0]LogTemp: Display: Loaded TP IOSTargetPlatform
[2018.10.27-19.26.54:216][  0]LogTemp: Display: Loaded TP IOSTargetPlatform
[2018.10.27-19.26.54:245][  0]LogTemp: Display: Loaded TP TVOSTargetPlatform
[2018.10.27-19.26.54:245][  0]LogTemp: Display: Loaded TP TVOSTargetPlatform
[2018.10.27-19.26.54:259][  0]LogTemp: Display: Loaded TP LinuxClientTargetPlatform
[2018.10.27-19.26.54:274][  0]LogTemp: Display: Loaded TP LinuxNoEditorTargetPlatform
[2018.10.27-19.26.54:290][  0]LogTemp: Display: Loaded TP LinuxServerTargetPlatform
[2018.10.27-19.26.54:310][  0]LogTemp: Display: Loaded TP LinuxTargetPlatform
[2018.10.27-19.26.54:320][  0]LogTemp: Display: Loaded TP LuminTargetPlatform
[2018.10.27-19.26.54:320][  0]LogTargetPlatformManager: Display: Building Assets For Windows
[2018.10.27-19.26.54:398][  0]LogXGEController: Cannot use XGE Controller as Incredibuild is not installed on this machine.
[2018.10.27-19.26.54:398][  0]LogShaderCompilers: Cannot use XGE Shader Compiler as Incredibuild is not installed on this machine.
[2018.10.27-19.26.54:398][  0]LogShaderCompilers: Display: Using Local Shader Compiler.
[2018.10.27-19.26.55:250][  0]LogDerivedDataCache: Display: Max Cache Size: 512 MB
[2018.10.27-19.26.55:326][  0]LogDerivedDataCache: Loaded boot cache 0.08s 71MB C:/Users/ChristopherP/AppData/Local/UnrealEngine/4.20/DerivedDataCache/Boot.ddc.
[2018.10.27-19.26.55:327][  0]LogDerivedDataCache: Display: Loaded Boot cache: C:/Users/ChristopherP/AppData/Local/UnrealEngine/4.20/DerivedDataCache/Boot.ddc
[2018.10.27-19.26.55:327][  0]LogDerivedDataCache: FDerivedDataBackendGraph:  Pak pak cache file F:/UnrealProjects/DAGD300Assignment/DerivedDataCache/DDC.ddp not found, will not use a pak cache.
[2018.10.27-19.26.55:327][  0]LogDerivedDataCache: Unable to find inner node Pak for hierarchical cache Hierarchy.
[2018.10.27-19.26.55:327][  0]LogDerivedDataCache: FDerivedDataBackendGraph:  CompressedPak pak cache file F:/UnrealProjects/DAGD300Assignment/DerivedDataCache/Compressed.ddp not found, will not use a pak cache.
[2018.10.27-19.26.55:327][  0]LogDerivedDataCache: Unable to find inner node CompressedPak for hierarchical cache Hierarchy.
[2018.10.27-19.26.55:342][  0]LogDerivedDataCache: Display: Pak cache opened for reading ../../../Engine/DerivedDataCache/Compressed.ddp.
[2018.10.27-19.26.55:356][  0]LogDerivedDataCache: Using Local data cache path C:/Users/ChristopherP/AppData/Local/UnrealEngine/Common/DerivedDataCache: Writable
[2018.10.27-19.26.55:356][  0]LogDerivedDataCache: Shared data cache path not found in *engine.ini, will not use an Shared cache.
[2018.10.27-19.26.55:356][  0]LogDerivedDataCache: Unable to find inner node Shared for hierarchical cache Hierarchy.
[2018.10.27-19.26.55:377][  0]LogMaterial: Verifying Global Shaders for PCD3D_SM5
[2018.10.27-19.26.55:378][  0]LogSlate: Using FreeType 2.6.0
[2018.10.27-19.26.55:381][  0]LogSlate: SlateFontServices - WITH_FREETYPE: 1, WITH_HARFBUZZ: 1
[2018.10.27-19.26.55:504][  0]LogAssetRegistry: FAssetRegistry took 0.0275 seconds to start up
[2018.10.27-19.26.55:899][  0]LogInit: Selected Device Profile: [Windows]
[2018.10.27-19.26.56:054][  0]LogSimplygon: Simplygon DLL not present - disabling.
[2018.10.27-19.26.56:059][  0]LogMeshReduction: Using SimplygonSwarm for distributed automatic mesh merging
[2018.10.27-19.26.56:060][  0]LogMeshReduction: Using ProxyLODMeshReduction for automatic mesh merging
[2018.10.27-19.26.56:060][  0]LogMeshReduction: Using QuadricMeshReduction for automatic static mesh reduction
[2018.10.27-19.26.56:060][  0]LogMeshReduction: No automatic skeletal mesh reduction module available
[2018.10.27-19.26.56:077][  0]LogNetVersion: DAGD300Assignment 1.0.0, NetCL: 4212847, EngineNetVer: 5, GameNetVer: 0 (Checksum: 724653226)
[2018.10.27-19.26.56:766][  0]LogPackageLocalizationCache: Processed 11 localized package path(s) for 2 prioritized culture(s) in 0.125346 seconds
[2018.10.27-19.26.56:773][  0]LogUObjectArray: 38425 objects as part of root set at end of initial load.
[2018.10.27-19.26.56:773][  0]LogUObjectAllocator: 6690872 out of 0 bytes used by permanent object pool.
[2018.10.27-19.26.56:773][  0]LogUObjectArray: CloseDisregardForGC: 0/0 objects in disregard for GC pool
[2018.10.27-19.26.58:169][  0]LogTcpMessaging: Initializing TcpMessaging bridge
[2018.10.27-19.26.58:182][  0]LogUdpMessaging: Initializing bridge on interface 0.0.0.0:0 to multicast group 230.0.0.1:6666.
[2018.10.27-19.26.58:380][  0]SourceControl: Source control is disabled
[2018.10.27-19.26.58:380][  0]SourceControl: Source control is disabled
[2018.10.27-19.26.58:382][  0]SourceControl: Source control is disabled
[2018.10.27-19.26.58:384][  0]SourceControl: Source control is disabled
[2018.10.27-19.26.58:597][  0]LogAndroidPermission: UAndroidPermissionCallbackProxy::GetInstance
[2018.10.27-19.26.58:719][  0]LogOcInput: OculusInput pre-init called
[2018.10.27-19.26.58:788][  0]LogEngine: Initializing Engine...
[2018.10.27-19.26.58:790][  0]LogHMD: Failed to initialize OpenVR with code 110
[2018.10.27-19.26.58:792][  0]LogStats: UGameplayTagsManager::ConstructGameplayTagTree: ImportINI prefixes -  0.000 s
[2018.10.27-19.26.58:792][  0]LogStats: UGameplayTagsManager::ConstructGameplayTagTree: Construct from data asset -  0.000 s
[2018.10.27-19.26.58:792][  0]LogStats: UGameplayTagsManager::ConstructGameplayTagTree: ImportINI -  0.000 s
[2018.10.27-19.26.58:792][  0]LogStats: UGameplayTagsManager::ConstructGameplayTagTree: GameplayTagTreeChangedEvent.Broadcast -  0.000 s
[2018.10.27-19.26.59:068][  0]LogInit: Initializing FReadOnlyCVARCache
[2018.10.27-19.26.59:087][  0]LogAIModule: Creating AISystem for world Untitled
[2018.10.27-19.26.59:119][  0]LogInit: XAudio2 using 'Speakers (Realtek High Definition Audio)' : 2 channels at 48 kHz using 32 bits per sample (channel mask 0x3)
[2018.10.27-19.26.59:173][  0]LogInit: FAudioDevice initialized.
[2018.10.27-19.26.59:174][  0]LogNetVersion: Set ProjectVersion to 1.0.0.0. Version Checksum will be recalculated on next use.
[2018.10.27-19.26.59:307][  0]LogDerivedDataCache: Saved boot cache 0.13s 71MB C:/Users/ChristopherP/AppData/Local/UnrealEngine/4.20/DerivedDataCache/Boot.ddc.
[2018.10.27-19.26.59:319][  0]LogInit: Texture streaming: Enabled
[2018.10.27-19.26.59:343][  0]LogEngineSessionManager: EngineSessionManager initialized
[2018.10.27-19.26.59:361][  0]LogInit: Transaction tracking system initialized
[2018.10.27-19.26.59:390][  0]BlueprintLog: New page: Editor Load
[2018.10.27-19.26.59:494][  0]LocalizationService: Localization service is disabled
[2018.10.27-19.27.00:035][  0]LogCook: Display: Max memory allowance for cook 16384mb min free memory 0mb
[2018.10.27-19.27.00:035][  0]LogCook: Display: Mobile HDR setting 1
[2018.10.27-19.27.00:035][  0]LogGameplayTags: Display: UGameplayTagsManager::DoneAddingNativeTags. DelegateIsBound: 0
[2018.10.27-19.27.00:035][  0]LogStats: UGameplayTagsManager::ConstructGameplayTagTree: ImportINI prefixes -  0.000 s
[2018.10.27-19.27.00:035][  0]LogStats: UGameplayTagsManager::ConstructGameplayTagTree: Construct from data asset -  0.000 s
[2018.10.27-19.27.00:035][  0]LogStats: UGameplayTagsManager::ConstructGameplayTagTree: ImportINI -  0.000 s
[2018.10.27-19.27.00:035][  0]LogStats: UGameplayTagsManager::ConstructGameplayTagTree: GameplayTagTreeChangedEvent.Broadcast -  0.000 s
[2018.10.27-19.27.00:201][  0]LogFileCache: Scanning file cache for directory 'F:/UnrealProjects/DAGD300Assignment/Content/' took 0.07s
[2018.10.27-19.27.00:201][  0]SourceControl: Source control is disabled
[2018.10.27-19.27.00:202][  0]Cmd: MAP LOAD FILE="F:/UnrealProjects/DAGD300Assignment/Content/SideScrollerBP/Maps/SideScrollerExampleMap.umap" TEMPLATE=0 SHOWPROGRESS=1 FEATURELEVEL=3
[2018.10.27-19.27.00:202][  0]LightingResults: New page: Lighting Build
[2018.10.27-19.27.00:207][  0]MapCheck: New page: Map Check
[2018.10.27-19.27.00:207][  0]LightingResults: New page: Lighting Build
[2018.10.27-19.27.03:485][  0]LogAIModule: Creating AISystem for world SideScrollerExampleMap
[2018.10.27-19.27.03:644][  0]LogEditorServer: Finished looking for orphan Actors (0.000 secs)
[2018.10.27-19.27.03:674][  0]Cmd: MAP CHECKDEP NOCLEARLOG
[2018.10.27-19.27.03:809][  0]MapCheck: Map check complete: 0 Error(s), 0 Warning(s), took 134.593ms to complete.
[2018.10.27-19.27.03:809][  0]LogFileHelpers: Loading map 'SideScrollerExampleMap' took 3.608
[2018.10.27-19.27.04:265][  0]LogSlate: Updating window title bar state: overlay mode, drag disabled, window buttons hidden, title bar hidden
[2018.10.27-19.27.04:274][  0]LogSlate: Updating window title bar state: overlay mode, drag disabled, window buttons hidden, title bar hidden
[2018.10.27-19.27.04:282][  0]LogSlate: Updating window title bar state: overlay mode, drag disabled, window buttons hidden, title bar hidden
[2018.10.27-19.27.04:290][  0]LogSlate: Updating window title bar state: overlay mode, drag disabled, window buttons hidden, title bar hidden
[2018.10.27-19.27.04:390][  0]LogCollectionManager: Loaded 0 collections in 0.002480 seconds
[2018.10.27-19.27.04:486][  0]LogFileCache: Scanning file cache for directory 'F:/UnrealProjects/DAGD300Assignment/Saved/Collections/' took 0.01s
[2018.10.27-19.27.04:486][  0]LogFileCache: Scanning file cache for directory 'F:/UnrealProjects/DAGD300Assignment/Content/Developers/ChristopherP/Collections/' took 0.01s
[2018.10.27-19.27.04:486][  0]LogFileCache: Scanning file cache for directory 'F:/UnrealProjects/DAGD300Assignment/Content/Collections/' took 0.01s
[2018.10.27-19.27.04:486][  0]LogCollectionManager: Rebuilt the GUID cache for 0 collections in 0.000000 seconds
[2018.10.27-19.27.04:499][  0]LogContentBrowser: Native class hierarchy populated in 0.0116 seconds. Added 2572 classes and 603 folders.
[2018.10.27-19.27.04:571][  0]LogContentBrowser: Native class hierarchy updated for 'WidgetCarousel' in 0.0004 seconds. Added 0 classes and 0 folders.
[2018.10.27-19.27.06:164][  0]LogContentBrowser: Native class hierarchy updated for 'AddContentDialog' in 0.0004 seconds. Added 0 classes and 0 folders.
[2018.10.27-19.27.06:204][  0]LogContentBrowser: Native class hierarchy updated for 'SceneOutliner' in 0.0004 seconds. Added 1 classes and 2 folders.
[2018.10.27-19.27.06:898][  0]LogSlate: Took 0.000893 seconds to synchronously load lazily loaded font '../../../Engine/Content/Slate/Fonts/Roboto-Regular.ttf' (155K)
[2018.10.27-19.27.06:901][  0]LogSlate: Took 0.000441 seconds to synchronously load lazily loaded font '../../../Engine/Content/Slate/Fonts/Roboto-Bold.ttf' (160K)
[2018.10.27-19.27.06:936][  0]LogSlate: Took 0.015645 seconds to synchronously load lazily loaded font '../../../Engine/Content/Editor/Slate/Fonts/FontAwesome.ttf' (139K)
[2018.10.27-19.27.07:246][  0]LogRenderer: Reallocating scene render targets to support 1216x596 Format 10 NumSamples 1 (Frame:1).
[2018.10.27-19.27.07:393][  0]LogSlate: Took 0.014132 seconds to synchronously load lazily loaded font '../../../Engine/Content/Slate/Fonts/Roboto-Light.ttf' (167K)
[2018.10.27-19.27.07:531][  0]LogContentBrowser: Native class hierarchy updated for 'HierarchicalLODOutliner' in 0.0004 seconds. Added 0 classes and 0 folders.
[2018.10.27-19.27.07:531][  0]LogLoad: (Engine Initialization) Total time: 19.12 seconds
[2018.10.27-19.27.07:531][  0]LogLoad: (Engine Initialization) Total Blueprint compile time: 0.00 seconds
[2018.10.27-19.27.07:541][  0]LogWindowsTextInputMethodSystem: Display: IME system now deactivated.
[2018.10.27-19.27.07:597][  0]LogContentStreaming: Texture pool size now 1000 MB
[2018.10.27-19.27.07:791][  1]LogAssetRegistry: Asset discovery search completed in 12.3097 seconds
[2018.10.27-19.27.07:793][  1]LogCollectionManager: Rebuilt the object cache for 0 collections in 0.000001 seconds (found 0 objects)
[2018.10.27-19.27.07:793][  1]LogCollectionManager: Fixed up redirectors for 0 collections in 0.000075 seconds (updated 0 objects)
[2018.10.27-19.27.18:819][232]LogSlate: FSceneViewport::OnFocusLost() reason 0
[2018.10.27-19.27.18:967][244]LogSlate: Took 0.000481 seconds to synchronously load lazily loaded font '../../../Engine/Content/Slate/Fonts/Roboto-Light.ttf' (167K)
[2018.10.27-19.27.18:977][244]LogAssetEditorManager: Opening Asset editor for WidgetBlueprint /Game/GUI/SaveMenu.SaveMenu
[2018.10.27-19.27.19:954][244]LogContentBrowser: Native class hierarchy updated for 'BlueprintGraph' in 0.0008 seconds. Added 116 classes and 0 folders.
[2018.10.27-19.27.21:677][244]LogSlate: Took 0.012937 seconds to synchronously load lazily loaded font '../../../Engine/Content/Slate/Fonts/Roboto-BoldCondensed.ttf' (158K)
[2018.10.27-19.37.08:347][428]LogFileHelpers: Editor autosave (incl. sublevels) for '/Game/SideScrollerBP/Maps/SideScrollerExampleMap' took 0.254
[2018.10.27-19.37.08:492][428]OBJ SavePackage: Generating thumbnails for [0] asset(s) in package [/Game/GUI/SaveMenu] ([1] browsable assets)...
[2018.10.27-19.37.08:499][428]OBJ SavePackage: Finished generating thumbnails for package [/Game/GUI/SaveMenu]
[2018.10.27-19.37.08:500][428]Cmd: OBJ SAVEPACKAGE PACKAGE="/Game/GUI/SaveMenu" FILE="F:/UnrealProjects/DAGD300Assignment/Saved/Autosaves/Game/GUI/SaveMenu_Auto1.uasset" SILENT=false AUTOSAVING=true
[2018.10.27-19.37.09:515][428]LogSavePackage: Moving 'F:/UnrealProjects/DAGD300Assignment/Saved/SaveMenu_Auto1389C19014C0AF2F629BD4EAFF85144B3.tmp' to 'F:/UnrealProjects/DAGD300Assignment/Saved/Autosaves/Game/GUI/SaveMenu_Auto1.uasset'
[2018.10.27-19.37.09:592][428]LogFileHelpers: Auto-saving content packages took 1.243
[2018.10.27-19.50.02:237][325]LogSlate: FSceneViewport::OnFocusLost() reason 2
[2018.10.27-19.50.12:437][373]LogSlate: FSceneViewport::OnFocusLost() reason 2
[2018.10.27-19.50.21:950][211]Cmd: OBJ SAVEPACKAGE PACKAGE="/Game/GUI/GUIImages/ButtonExit" FILE="F:/UnrealProjects/DAGD300Assignment/Content/GUI/GUIImages/ButtonExit.uasset" SILENT=true
[2018.10.27-19.50.22:027][211]LogSavePackage: Moving 'F:/UnrealProjects/DAGD300Assignment/Saved/ButtonExit42CF3284448110A78A8ECB86A5D2C236.tmp' to 'F:/UnrealProjects/DAGD300Assignment/Content/GUI/GUIImages/ButtonExit.uasset'
[2018.10.27-19.50.22:058][211]Cmd: OBJ SAVEPACKAGE PACKAGE="/Game/GUI/GUIImages/ButtonLoad" FILE="F:/UnrealProjects/DAGD300Assignment/Content/GUI/GUIImages/ButtonLoad.uasset" SILENT=true
[2018.10.27-19.50.22:117][211]LogSavePackage: Moving 'F:/UnrealProjects/DAGD300Assignment/Saved/ButtonLoadD3702A394571EFC563597DBE6D062D5A.tmp' to 'F:/UnrealProjects/DAGD300Assignment/Content/GUI/GUIImages/ButtonLoad.uasset'
[2018.10.27-19.50.22:131][211]Cmd: OBJ SAVEPACKAGE PACKAGE="/Game/GUI/GUIImages/ButtonNew" FILE="F:/UnrealProjects/DAGD300Assignment/Content/GUI/GUIImages/ButtonNew.uasset" SILENT=true
[2018.10.27-19.50.22:160][211]LogSavePackage: Moving 'F:/UnrealProjects/DAGD300Assignment/Saved/ButtonNewF4F5651B4D091833C830E79F2831A4AB.tmp' to 'F:/UnrealProjects/DAGD300Assignment/Content/GUI/GUIImages/ButtonNew.uasset'
[2018.10.27-19.50.22:173][211]Cmd: OBJ SAVEPACKAGE PACKAGE="/Game/GUI/GUIImages/ButtonOptions" FILE="F:/UnrealProjects/DAGD300Assignment/Content/GUI/GUIImages/ButtonOptions.uasset" SILENT=true
[2018.10.27-19.50.22:178][211]LogSavePackage: Moving 'F:/UnrealProjects/DAGD300Assignment/Saved/ButtonOptions32F14C314B180E66ADB827A228AF0B28.tmp' to 'F:/UnrealProjects/DAGD300Assignment/Content/GUI/GUIImages/ButtonOptions.uasset'
[2018.10.27-19.50.22:190][211]Cmd: OBJ SAVEPACKAGE PACKAGE="/Game/GUI/GUIImages/ButtonPlay" FILE="F:/UnrealProjects/DAGD300Assignment/Content/GUI/GUIImages/ButtonPlay.uasset" SILENT=true
[2018.10.27-19.50.22:195][211]LogSavePackage: Moving 'F:/UnrealProjects/DAGD300Assignment/Saved/ButtonPlay64EA35B2423D88F920137A86A756F235.tmp' to 'F:/UnrealProjects/DAGD300Assignment/Content/GUI/GUIImages/ButtonPlay.uasset'
[2018.10.27-19.50.27:079][593]Cmd: OBJ SAVEPACKAGE PACKAGE="/Game/GUI/GUIImages/Sky" FILE="F:/UnrealProjects/DAGD300Assignment/Content/GUI/GUIImages/Sky.uasset" SILENT=true
[2018.10.27-19.50.27:099][593]LogSavePackage: Moving 'F:/UnrealProjects/DAGD300Assignment/Saved/SkyB31873A54F2D2E6DE862F185A10F9D32.tmp' to 'F:/UnrealProjects/DAGD300Assignment/Content/GUI/GUIImages/Sky.uasset'
[2018.10.27-19.50.29:810][854]Cmd: OBJ SAVEPACKAGE PACKAGE="/Game/GUI/GUIImages/PauseMenuAsset" FILE="F:/UnrealProjects/DAGD300Assignment/Content/GUI/GUIImages/PauseMenuAsset.uasset" SILENT=true
[2018.10.27-19.50.29:815][854]LogSavePackage: Moving 'F:/UnrealProjects/DAGD300Assignment/Saved/PauseMenuAsset304B5C024FF343568C1290AA535A1FAD.tmp' to 'F:/UnrealProjects/DAGD300Assignment/Content/GUI/GUIImages/PauseMenuAsset.uasset'
[2018.10.27-19.50.30:096][854]Cmd: OBJ SAVEPACKAGE PACKAGE="/Game/GUI/MainMenu" FILE="F:/UnrealProjects/DAGD300Assignment/Content/GUI/MainMenu.uasset" SILENT=true
[2018.10.27-19.50.30:251][854]LogSavePackage: Moving 'F:/UnrealProjects/DAGD300Assignment/Saved/MainMenu8871C2654D6197A0031137A47E706081.tmp' to 'F:/UnrealProjects/DAGD300Assignment/Content/GUI/MainMenu.uasset'
[2018.10.27-19.50.30:260][854]Cmd: OBJ SAVEPACKAGE PACKAGE="/Game/GUI/OptionsMenu" FILE="F:/UnrealProjects/DAGD300Assignment/Content/GUI/OptionsMenu.uasset" SILENT=true
[2018.10.27-19.50.30:307][854]LogSavePackage: Moving 'F:/UnrealProjects/DAGD300Assignment/Saved/OptionsMenu8793338A4487FD81D71F92A2E12B2DE6.tmp' to 'F:/UnrealProjects/DAGD300Assignment/Content/GUI/OptionsMenu.uasset'
[2018.10.27-19.50.33:004][124]Cmd: OBJ SAVEPACKAGE PACKAGE="/Game/GUI/GUIImages/MAT_Transparent" FILE="F:/UnrealProjects/DAGD300Assignment/Content/GUI/GUIImages/MAT_Transparent.uasset" SILENT=true
[2018.10.27-19.50.33:040][124]LogSavePackage: Moving 'F:/UnrealProjects/DAGD300Assignment/Saved/MAT_Transparent37170E94414791A2885D4B9D9C0CA59A.tmp' to 'F:/UnrealProjects/DAGD300Assignment/Content/GUI/GUIImages/MAT_Transparent.uasset'
[2018.10.27-19.50.33:272][124]Cmd: OBJ SAVEPACKAGE PACKAGE="/Game/GUI/SaveMenu" FILE="F:/UnrealProjects/DAGD300Assignment/Content/GUI/SaveMenu.uasset" SILENT=true
[2018.10.27-19.50.33:304][124]LogSavePackage: Moving 'F:/UnrealProjects/DAGD300Assignment/Saved/SaveMenuEA64A69F42BF5AF57C41F6AF5B980A53.tmp' to 'F:/UnrealProjects/DAGD300Assignment/Content/GUI/SaveMenu.uasset'
[2018.10.27-19.50.33:312][124]Cmd: OBJ SAVEPACKAGE PACKAGE="/Game/GUI/MainMenu" FILE="F:/UnrealProjects/DAGD300Assignment/Content/GUI/MainMenu.uasset" SILENT=true
[2018.10.27-19.50.33:351][124]LogSavePackage: Moving 'F:/UnrealProjects/DAGD300Assignment/Saved/MainMenuDFA5567B440A7C9E9CE2F8A3CB4646AE.tmp' to 'F:/UnrealProjects/DAGD300Assignment/Content/GUI/MainMenu.uasset'
[2018.10.27-19.50.33:360][124]Cmd: OBJ SAVEPACKAGE PACKAGE="/Game/GUI/OptionsMenu" FILE="F:/UnrealProjects/DAGD300Assignment/Content/GUI/OptionsMenu.uasset" SILENT=true
[2018.10.27-19.50.33:403][124]LogSavePackage: Moving 'F:/UnrealProjects/DAGD300Assignment/Saved/OptionsMenu69DE5F9543A93420393C11B382B3FB4C.tmp' to 'F:/UnrealProjects/DAGD300Assignment/Content/GUI/OptionsMenu.uasset'
[2018.10.27-19.50.49:361][525]LogFactory: FactoryCreateFile: Texture with ReimportTextureFactory (0 0 F:/UnrealProjects/DAGD300Assignment/BackButtonTexture.png)
[2018.10.27-19.50.49:521][525]LogTexture: Display: Building textures: BackButtonTexture (AutoDXT, 400X100)
[2018.10.27-19.50.49:615][525]LogFactory: FactoryCreateFile: Texture with ReimportTextureFactory (0 0 F:/UnrealProjects/DAGD300Assignment/BackButtonTextureBlack.png)
[2018.10.27-19.50.49:627][525]LogTexture: Display: Building textures: BackButtonTextureBlack (AutoDXT, 400X100)
[2018.10.27-19.50.49:639][525]LogFactory: FactoryCreateFile: Texture with ReimportTextureFactory (0 0 F:/UnrealProjects/DAGD300Assignment/BackButtonTextureOnClicked.png)
[2018.10.27-19.50.49:644][525]LogTexture: Display: Building textures: BackButtonTextureOnClicked (AutoDXT, 400X100)
[2018.10.27-19.50.49:658][525]LogFactory: FactoryCreateFile: Texture with ReimportTextureFactory (0 0 F:/UnrealProjects/DAGD300Assignment/BackButtonTextureOnClickedBlack.png)
[2018.10.27-19.50.49:663][525]LogTexture: Display: Building textures: BackButtonTextureOnClickedBlack (AutoDXT, 400X100)
[2018.10.27-19.50.51:694][703]LogAssetEditorManager: Opening Asset editor for Texture2D /Game/GUI/GUIImages/BackButtonTextureOnClickedBlack.BackButtonTextureOnClickedBlack
[2018.10.27-19.50.51:918][703]LogContentBrowser: Native class hierarchy updated for 'TextureEditor' in 0.0009 seconds. Added 1 classes and 2 folders.
[2018.10.27-19.50.52:837][709]LogFileHelpers: Editor autosave (incl. sublevels) for '/Game/SideScrollerBP/Maps/SideScrollerExampleMap' took 0.041
[2018.10.27-19.50.52:896][709]OBJ SavePackage: Generating thumbnails for [1] asset(s) in package [/Game/GUI/GUIImages/BackButtonTexture] ([1] browsable assets)...
[2018.10.27-19.50.52:899][709]OBJ SavePackage:     Rendered thumbnail for [Texture2D /Game/GUI/GUIImages/BackButtonTexture.BackButtonTexture]
[2018.10.27-19.50.52:899][709]OBJ SavePackage: Finished generating thumbnails for package [/Game/GUI/GUIImages/BackButtonTexture]
[2018.10.27-19.50.52:904][709]LogSavePackage: Moving 'F:/UnrealProjects/DAGD300Assignment/Saved/BackButtonTexture_Auto2F07E7C5A45EDAFC8C4912AA18C775F8B.tmp' to 'F:/UnrealProjects/DAGD300Assignment/Saved/Autosaves/Game/GUI/GUIImages/BackButtonTexture_Auto2.uasset'
[2018.10.27-19.50.52:908][709]OBJ SavePackage: Generating thumbnails for [1] asset(s) in package [/Game/GUI/GUIImages/BackButtonTextureBlack] ([1] browsable assets)...
[2018.10.27-19.50.52:910][709]OBJ SavePackage:     Rendered thumbnail for [Texture2D /Game/GUI/GUIImages/BackButtonTextureBlack.BackButtonTextureBlack]
[2018.10.27-19.50.52:910][709]OBJ SavePackage: Finished generating thumbnails for package [/Game/GUI/GUIImages/BackButtonTextureBlack]
[2018.10.27-19.50.52:922][709]LogSavePackage: Moving 'F:/UnrealProjects/DAGD300Assignment/Saved/BackButtonTextureBlack_Auto294F1F8254E34A7D389D5A5A38FE4F955.tmp' to 'F:/UnrealProjects/DAGD300Assignment/Saved/Autosaves/Game/GUI/GUIImages/BackButtonTextureBlack_Auto2.uasset'
[2018.10.27-19.50.52:926][709]OBJ SavePackage: Generating thumbnails for [1] asset(s) in package [/Game/GUI/GUIImages/BackButtonTextureOnClicked] ([1] browsable assets)...
[2018.10.27-19.50.52:929][709]OBJ SavePackage:     Rendered thumbnail for [Texture2D /Game/GUI/GUIImages/BackButtonTextureOnClicked.BackButtonTextureOnClicked]
[2018.10.27-19.50.52:930][709]OBJ SavePackage: Finished generating thumbnails for package [/Game/GUI/GUIImages/BackButtonTextureOnClicked]
[2018.10.27-19.50.52:935][709]LogSavePackage: Moving 'F:/UnrealProjects/DAGD300Assignment/Saved/BackButtonTextureOnClicked_Auto2B3090F764054A30AD6D426A01C601090.tmp' to 'F:/UnrealProjects/DAGD300Assignment/Saved/Autosaves/Game/GUI/GUIImages/BackButtonTextureOnClicked_Auto2.uasset'
[2018.10.27-19.50.52:939][709]OBJ SavePackage: Generating thumbnails for [1] asset(s) in package [/Game/GUI/GUIImages/BackButtonTextureOnClickedBlack] ([1] browsable assets)...
[2018.10.27-19.50.52:941][709]OBJ SavePackage:     Rendered thumbnail for [Texture2D /Game/GUI/GUIImages/BackButtonTextureOnClickedBlack.BackButtonTextureOnClickedBlack]
[2018.10.27-19.50.52:941][709]OBJ SavePackage: Finished generating thumbnails for package [/Game/GUI/GUIImages/BackButtonTextureOnClickedBlack]
[2018.10.27-19.50.52:946][709]LogSavePackage: Moving 'F:/UnrealProjects/DAGD300Assignment/Saved/BackButtonTextureOnClickedBlack_760E1D444F36CEA275A1E98D6F53B25F.tmp' to 'F:/UnrealProjects/DAGD300Assignment/Saved/Autosaves/Game/GUI/GUIImages/BackButtonTextureOnClickedBlack_Auto2.uasset'
[2018.10.27-19.50.52:949][709]LogFileHelpers: Auto-saving content packages took 0.111
[2018.10.27-19.50.57:366][ 77]Cmd: SELECT NONE
[2018.10.27-19.51.08:807][742]LogSlate: Window 'Save Asset As' being destroyed
[2018.10.27-19.51.36:734][ 74]BlueprintLog: New page: Compile SaveMenu
[2018.10.27-19.51.38:115][111]LogTemp: Repeating last play command: New Editor Window (PIE)
[2018.10.27-19.51.38:189][111]LogBlueprintUserMessages: Early PlayInEditor Detection: Level '/Game/SideScrollerBP/Maps/SideScrollerExampleMap.SideScrollerExampleMap:PersistentLevel' has LevelScriptBlueprint '/Game/SideScrollerBP/Maps/SideScrollerExampleMap.SideScrollerExampleMap:PersistentLevel.SideScrollerExampleMap' with GeneratedClass '/Game/SideScrollerBP/Maps/SideScrollerExampleMap.SideScrollerExampleMap_C' with ClassGeneratedBy '/Game/SideScrollerBP/Maps/SideScrollerExampleMap.SideScrollerExampleMap:PersistentLevel.SideScrollerExampleMap'
[2018.10.27-19.51.38:212][111]BlueprintLog: New page: Pre-Play auto-recompile
[2018.10.27-19.51.38:229][111]LogPlayLevel: [PlayLevel] Compiling MainMenu before play...
[2018.10.27-19.51.38:388][111]LogPlayLevel: [PlayLevel] Compiling OptionsMenu before play...
[2018.10.27-19.51.38:453][111]LogPlayLevel: PlayLevel: Blueprint regeneration took 240 ms (2 blueprints)
[2018.10.27-19.51.38:703][111]PIE: New page: PIE session: SideScrollerExampleMap (Oct 27, 2018, 11:51:38 AM)
[2018.10.27-19.51.38:716][111]LogPlayLevel: Creating play world package: /Game/SideScrollerBP/Maps/UEDPIE_0_SideScrollerExampleMap
[2018.10.27-19.51.39:196][111]LogPlayLevel: PIE: StaticDuplicateObject took: (0.479278s)
[2018.10.27-19.51.39:305][111]LogAIModule: Creating AISystem for world SideScrollerExampleMap
[2018.10.27-19.51.39:394][111]LogPlayLevel: PIE: World Init took: (0.198073s)
[2018.10.27-19.51.39:418][111]LogPlayLevel: PIE: Created PIE world by copying editor world from /Game/SideScrollerBP/Maps/SideScrollerExampleMap.SideScrollerExampleMap to /Game/SideScrollerBP/Maps/UEDPIE_0_SideScrollerExampleMap.SideScrollerExampleMap (0.701157s)
[2018.10.27-19.51.39:592][111]LogInit: XAudio2 using 'Speakers (Realtek High Definition Audio)' : 2 channels at 48 kHz using 32 bits per sample (channel mask 0x3)
[2018.10.27-19.51.39:656][111]LogInit: FAudioDevice initialized.
[2018.10.27-19.51.39:749][111]LogSlate: Updating window title bar state: overlay mode, drag disabled, window buttons hidden, title bar hidden
[2018.10.27-19.51.39:854][111]LogLoad: Game class is 'SideScrollerGameModeWithMenu_C'
[2018.10.27-19.51.39:960][111]LogWorld: Bringing World /Game/SideScrollerBP/Maps/UEDPIE_0_SideScrollerExampleMap.SideScrollerExampleMap up for play (max tick rate 0) at 2018.10.27-15.51.39
[2018.10.27-19.51.40:168][111]LogWorld: Bringing up level for play took: 0.311607
[2018.10.27-19.51.40:347][111]LogContentBrowser: Native class hierarchy updated for 'MovieSceneCapture' in 0.0009 seconds. Added 10 classes and 0 folders.
[2018.10.27-19.51.40:438][111]PIE: Play in editor start time for /Game/SideScrollerBP/Maps/UEDPIE_0_SideScrollerExampleMap 2.818
[2018.10.27-19.51.40:447][111]LogBlueprintUserMessages: Late PlayInEditor Detection: Level '/Game/SideScrollerBP/Maps/SideScrollerExampleMap.SideScrollerExampleMap:PersistentLevel' has LevelScriptBlueprint '/Game/SideScrollerBP/Maps/SideScrollerExampleMap.SideScrollerExampleMap:PersistentLevel.SideScrollerExampleMap' with GeneratedClass '/Game/SideScrollerBP/Maps/SideScrollerExampleMap.SideScrollerExampleMap_C' with ClassGeneratedBy '/Game/SideScrollerBP/Maps/SideScrollerExampleMap.SideScrollerExampleMap:PersistentLevel.SideScrollerExampleMap'
[2018.10.27-19.51.40:717][111]LogRenderer: Reallocating scene render targets to support 1292x756 Format 10 NumSamples 1 (Frame:1).
[2018.10.27-19.51.50:348][550]LogBlueprintUserMessages: Early EndPlayMap Detection: Level '/Game/SideScrollerBP/Maps/SideScrollerExampleMap.SideScrollerExampleMap:PersistentLevel' has LevelScriptBlueprint '/Game/SideScrollerBP/Maps/SideScrollerExampleMap.SideScrollerExampleMap:PersistentLevel.SideScrollerExampleMap' with GeneratedClass '/Game/SideScrollerBP/Maps/SideScrollerExampleMap.SideScrollerExampleMap_C' with ClassGeneratedBy '/Game/SideScrollerBP/Maps/SideScrollerExampleMap.SideScrollerExampleMap:PersistentLevel.SideScrollerExampleMap'
[2018.10.27-19.51.50:398][550]LogSlate: Updating window title bar state: overlay mode, drag disabled, window buttons hidden, title bar hidden
[2018.10.27-19.51.50:444][550]LogSlate: Window 'DAGD300Assignment Game Preview Standalone (64-bit/PCD3D_SM5)' being destroyed
[2018.10.27-19.51.50:579][550]LogPlayLevel: Display: Shutting down PIE online subsystems
[2018.10.27-19.51.50:579][550]LogBlueprintUserMessages: Late EndPlayMap Detection: Level '/Game/SideScrollerBP/Maps/SideScrollerExampleMap.SideScrollerExampleMap:PersistentLevel' has LevelScriptBlueprint '/Game/SideScrollerBP/Maps/SideScrollerExampleMap.SideScrollerExampleMap:PersistentLevel.SideScrollerExampleMap' with GeneratedClass '/Game/SideScrollerBP/Maps/SideScrollerExampleMap.SideScrollerExampleMap_C' with ClassGeneratedBy '/Game/SideScrollerBP/Maps/SideScrollerExampleMap.SideScrollerExampleMap:PersistentLevel.SideScrollerExampleMap'
[2018.10.27-19.51.50:864][551]LogPlayLevel: Display: Destroying online subsystem :Context_4
[2018.10.27-19.51.52:437][625]LogTemp: Repeating last play command: New Editor Window (PIE)
[2018.10.27-19.51.52:456][625]LogBlueprintUserMessages: Early PlayInEditor Detection: Level '/Game/SideScrollerBP/Maps/SideScrollerExampleMap.SideScrollerExampleMap:PersistentLevel' has LevelScriptBlueprint '/Game/SideScrollerBP/Maps/SideScrollerExampleMap.SideScrollerExampleMap:PersistentLevel.SideScrollerExampleMap' with GeneratedClass '/Game/SideScrollerBP/Maps/SideScrollerExampleMap.SideScrollerExampleMap_C' with ClassGeneratedBy '/Game/SideScrollerBP/Maps/SideScrollerExampleMap.SideScrollerExampleMap:PersistentLevel.SideScrollerExampleMap'
[2018.10.27-19.51.52:456][625]LogPlayLevel: PlayLevel: No blueprints needed recompiling
[2018.10.27-19.51.52:456][625]PIE: New page: PIE session: SideScrollerExampleMap (Oct 27, 2018, 11:51:52 AM)
[2018.10.27-19.51.52:456][625]LogPlayLevel: Creating play world package: /Game/SideScrollerBP/Maps/UEDPIE_0_SideScrollerExampleMap
[2018.10.27-19.51.52:489][625]LogPlayLevel: PIE: StaticDuplicateObject took: (0.033105s)
[2018.10.27-19.51.52:490][625]LogAIModule: Creating AISystem for world SideScrollerExampleMap
[2018.10.27-19.51.52:490][625]LogPlayLevel: PIE: World Init took: (0.001471s)
[2018.10.27-19.51.52:490][625]LogPlayLevel: PIE: Created PIE world by copying editor world from /Game/SideScrollerBP/Maps/SideScrollerExampleMap.SideScrollerExampleMap to /Game/SideScrollerBP/Maps/UEDPIE_0_SideScrollerExampleMap.SideScrollerExampleMap (0.034778s)
[2018.10.27-19.51.52:564][625]LogInit: XAudio2 using 'Speakers (Realtek High Definition Audio)' : 2 channels at 48 kHz using 32 bits per sample (channel mask 0x3)
[2018.10.27-19.51.52:590][625]LogInit: FAudioDevice initialized.
[2018.10.27-19.51.52:599][625]LogSlate: Updating window title bar state: overlay mode, drag disabled, window buttons hidden, title bar hidden
[2018.10.27-19.51.52:640][625]LogLoad: Game class is 'SideScrollerGameModeWithMenu_C'
[2018.10.27-19.51.52:672][625]LogWorld: Bringing World /Game/SideScrollerBP/Maps/UEDPIE_0_SideScrollerExampleMap.SideScrollerExampleMap up for play (max tick rate 0) at 2018.10.27-15.51.52
[2018.10.27-19.51.52:673][625]LogWorld: Bringing up level for play took: 0.031648
[2018.10.27-19.51.52:693][625]PIE: Play in editor start time for /Game/SideScrollerBP/Maps/UEDPIE_0_SideScrollerExampleMap 1.073
[2018.10.27-19.51.52:694][625]LogBlueprintUserMessages: Late PlayInEditor Detection: Level '/Game/SideScrollerBP/Maps/SideScrollerExampleMap.SideScrollerExampleMap:PersistentLevel' has LevelScriptBlueprint '/Game/SideScrollerBP/Maps/SideScrollerExampleMap.SideScrollerExampleMap:PersistentLevel.SideScrollerExampleMap' with GeneratedClass '/Game/SideScrollerBP/Maps/SideScrollerExampleMap.SideScrollerExampleMap_C' with ClassGeneratedBy '/Game/SideScrollerBP/Maps/SideScrollerExampleMap.SideScrollerExampleMap:PersistentLevel.SideScrollerExampleMap'
[2018.10.27-19.52.22:475][102]LogBlueprintUserMessages: Early EndPlayMap Detection: Level '/Game/SideScrollerBP/Maps/SideScrollerExampleMap.SideScrollerExampleMap:PersistentLevel' has LevelScriptBlueprint '/Game/SideScrollerBP/Maps/SideScrollerExampleMap.SideScrollerExampleMap:PersistentLevel.SideScrollerExampleMap' with GeneratedClass '/Game/SideScrollerBP/Maps/SideScrollerExampleMap.SideScrollerExampleMap_C' with ClassGeneratedBy '/Game/SideScrollerBP/Maps/SideScrollerExampleMap.SideScrollerExampleMap:PersistentLevel.SideScrollerExampleMap'
[2018.10.27-19.52.22:476][102]LogSlate: Updating window title bar state: overlay mode, drag disabled, window buttons hidden, title bar hidden
[2018.10.27-19.52.22:494][102]LogSlate: Window 'DAGD300Assignment Game Preview Standalone (64-bit/PCD3D_SM5)' being destroyed
[2018.10.27-19.52.22:524][102]LogPlayLevel: Display: Shutting down PIE online subsystems
[2018.10.27-19.52.22:525][102]LogBlueprintUserMessages: Late EndPlayMap Detection: Level '/Game/SideScrollerBP/Maps/SideScrollerExampleMap.SideScrollerExampleMap:PersistentLevel' has LevelScriptBlueprint '/Game/SideScrollerBP/Maps/SideScrollerExampleMap.SideScrollerExampleMap:PersistentLevel.SideScrollerExampleMap' with GeneratedClass '/Game/SideScrollerBP/Maps/SideScrollerExampleMap.SideScrollerExampleMap_C' with ClassGeneratedBy '/Game/SideScrollerBP/Maps/SideScrollerExampleMap.SideScrollerExampleMap:PersistentLevel.SideScrollerExampleMap'
[2018.10.27-19.52.22:597][103]LogPlayLevel: Display: Destroying online subsystem :Context_5
[2018.10.27-20.01.24:839][ 81]BlueprintLog: New page: Compile SaveMenu
[2018.10.27-20.01.26:182][ 99]Cmd: OBJ SAVEPACKAGE PACKAGE="/Game/GUI/SaveMenu" FILE="F:/UnrealProjects/DAGD300Assignment/Content/GUI/SaveMenu.uasset" SILENT=true
[2018.10.27-20.01.26:633][ 99]LogSavePackage: Moving 'F:/UnrealProjects/DAGD300Assignment/Saved/SaveMenu342292414B2E7930D76C2DB7CD0BBDF5.tmp' to 'F:/UnrealProjects/DAGD300Assignment/Content/GUI/SaveMenu.uasset'
[2018.10.27-20.01.40:107][442]LogAssetEditorManager: Opening Asset editor for WidgetBlueprint /Game/GUI/OptionsMenu.OptionsMenu
[2018.10.27-20.02.04:271][530]LogSlate: Window 'Save Asset As' being destroyed
[2018.10.27-20.02.22:705][354]BlueprintLog: New page: Compile OptionsMenu
[2018.10.27-20.02.24:398][414]Cmd: OBJ SAVEPACKAGE PACKAGE="/Game/GUI/OptionsMenu" FILE="F:/UnrealProjects/DAGD300Assignment/Content/GUI/OptionsMenu.uasset" SILENT=true
[2018.10.27-20.02.24:466][414]LogSavePackage: Moving 'F:/UnrealProjects/DAGD300Assignment/Saved/OptionsMenu6CF46F8549E9E00EA4396B854383B02F.tmp' to 'F:/UnrealProjects/DAGD300Assignment/Content/GUI/OptionsMenu.uasset'
[2018.10.27-20.07.01:587][266]LogFileHelpers: Editor autosave (incl. sublevels) for '/Game/SideScrollerBP/Maps/SideScrollerExampleMap' took 0.043
[2018.10.27-20.07.02:018][266]OBJ SavePackage: Generating thumbnails for [0] asset(s) in package [/Game/GUI/SaveMenu] ([1] browsable assets)...
[2018.10.27-20.07.02:019][266]OBJ SavePackage: Finished generating thumbnails for package [/Game/GUI/SaveMenu]
[2018.10.27-20.07.02:019][266]Cmd: OBJ SAVEPACKAGE PACKAGE="/Game/GUI/SaveMenu" FILE="F:/UnrealProjects/DAGD300Assignment/Saved/Autosaves/Game/GUI/SaveMenu_Auto3.uasset" SILENT=false AUTOSAVING=true
[2018.10.27-20.07.02:058][266]LogSavePackage: Moving 'F:/UnrealProjects/DAGD300Assignment/Saved/SaveMenu_Auto3DF6F6BE54DAF30B9786037B4F1B775F1.tmp' to 'F:/UnrealProjects/DAGD300Assignment/Saved/Autosaves/Game/GUI/SaveMenu_Auto3.uasset'
[2018.10.27-20.07.02:237][266]LogFileHelpers: Auto-saving content packages took 0.649
[2018.10.27-20.07.57:054][887]LogSlate: Took 0.093015 seconds to synchronously load lazily loaded font '../../../Engine/Content/Slate/Fonts/DroidSansFallback.ttf' (3848K)
[2018.10.27-20.17.02:543][207]LogFileHelpers: Editor autosave (incl. sublevels) for '/Game/SideScrollerBP/Maps/SideScrollerExampleMap' took 0.042
[2018.10.27-20.17.02:547][207]OBJ SavePackage: Generating thumbnails for [0] asset(s) in package [/Game/GUI/SaveMenu] ([1] browsable assets)...
[2018.10.27-20.17.02:547][207]OBJ SavePackage: Finished generating thumbnails for package [/Game/GUI/SaveMenu]
[2018.10.27-20.17.02:547][207]Cmd: OBJ SAVEPACKAGE PACKAGE="/Game/GUI/SaveMenu" FILE="F:/UnrealProjects/DAGD300Assignment/Saved/Autosaves/Game/GUI/SaveMenu_Auto4.uasset" SILENT=false AUTOSAVING=true
[2018.10.27-20.17.03:218][207]LogSavePackage: Moving 'F:/UnrealProjects/DAGD300Assignment/Saved/SaveMenu_Auto4380B68E6431D9EFB23A523B9F02980E4.tmp' to 'F:/UnrealProjects/DAGD300Assignment/Saved/Autosaves/Game/GUI/SaveMenu_Auto4.uasset'
[2018.10.27-20.17.03:221][207]LogFileHelpers: Auto-saving content packages took 0.677
[2018.10.27-20.21.20:188][624]BlueprintLog: New page: Compile SaveMenu
[2018.10.27-20.21.57:533][653]LogFactory: FactoryCreateFile: Texture with ReimportTextureFactory (0 0 C:/Users/ChristopherP/Pictures/ClipStudio/TheDollMenu.png)
[2018.10.27-20.21.57:733][653]LogTexture: Display: Building textures: TheDollMenu (AutoDXT, 1920X1080)
[2018.10.27-20.22.08:037][193]Cmd: OBJ SAVEPACKAGE PACKAGE="/Game/GUI/GUIImages/TheDollMenu" FILE="F:/UnrealProjects/DAGD300Assignment/Content/GUI/GUIImages/TheDollMenu.uasset" SILENT=true
[2018.10.27-20.22.08:139][193]LogSavePackage: Moving 'F:/UnrealProjects/DAGD300Assignment/Saved/TheDollMenu24DB0BEC475D5199993A88BF639DD163.tmp' to 'F:/UnrealProjects/DAGD300Assignment/Content/GUI/GUIImages/TheDollMenu.uasset'
[2018.10.27-20.22.10:350][425]Cmd: OBJ SAVEPACKAGE PACKAGE="/Game/GUI/GUIImages/TheDollMenu" FILE="F:/UnrealProjects/DAGD300Assignment/Content/GUI/GUIImages/TheDollMenu.uasset" SILENT=true
[2018.10.27-20.22.10:429][425]LogSavePackage: Moving 'F:/UnrealProjects/DAGD300Assignment/Saved/TheDollMenuDD007FCB4620DC289408ED872BA6B323.tmp' to 'F:/UnrealProjects/DAGD300Assignment/Content/GUI/GUIImages/TheDollMenu.uasset'
[2018.10.27-20.22.31:501][909]Cmd: OBJ SAVEPACKAGE PACKAGE="/Game/GUI/SaveMenu" FILE="F:/UnrealProjects/DAGD300Assignment/Content/GUI/SaveMenu.uasset" SILENT=true
[2018.10.27-20.22.31:536][909]LogSavePackage: Moving 'F:/UnrealProjects/DAGD300Assignment/Saved/SaveMenu8BF3E6C14EFC72BEC9017A81905E2D02.tmp' to 'F:/UnrealProjects/DAGD300Assignment/Content/GUI/SaveMenu.uasset'
[2018.10.27-20.35.06:276][ 24]LogSlate: Window 'Save Asset As' being destroyed
[2018.10.27-20.35.22:685][790]LogEditorTransaction: Undo Move Widget
[2018.10.27-20.36.03:975][628]LogFileHelpers: Editor autosave (incl. sublevels) for '/Game/SideScrollerBP/Maps/SideScrollerExampleMap' took 0.076
[2018.10.27-20.36.03:978][628]OBJ SavePackage: Generating thumbnails for [0] asset(s) in package [/Game/GUI/SaveMenu] ([1] browsable assets)...
[2018.10.27-20.36.03:978][628]OBJ SavePackage: Finished generating thumbnails for package [/Game/GUI/SaveMenu]
[2018.10.27-20.36.03:978][628]Cmd: OBJ SAVEPACKAGE PACKAGE="/Game/GUI/SaveMenu" FILE="F:/UnrealProjects/DAGD300Assignment/Saved/Autosaves/Game/GUI/SaveMenu_Auto5.uasset" SILENT=false AUTOSAVING=true
[2018.10.27-20.36.04:378][628]LogSavePackage: Moving 'F:/UnrealProjects/DAGD300Assignment/Saved/SaveMenu_Auto52287587B4B64EA84B30F5F9569B69F01.tmp' to 'F:/UnrealProjects/DAGD300Assignment/Saved/Autosaves/Game/GUI/SaveMenu_Auto5.uasset'
[2018.10.27-20.36.04:381][628]LogFileHelpers: Auto-saving content packages took 0.406
[2018.10.27-20.36.19:314][402]BlueprintLog: New page: Compile SaveMenu
[2018.10.27-20.36.39:855][491]Cmd: OBJ SAVEPACKAGE PACKAGE="/Game/GUI/SaveMenu" FILE="F:/UnrealProjects/DAGD300Assignment/Content/GUI/SaveMenu.uasset" SILENT=true
[2018.10.27-20.36.39:891][491]LogSavePackage: Moving 'F:/UnrealProjects/DAGD300Assignment/Saved/SaveMenuD3014F974A60E4BF77DE37B424CA218C.tmp' to 'F:/UnrealProjects/DAGD300Assignment/Content/GUI/SaveMenu.uasset'
[2018.10.27-20.37.47:418][964]Cmd: OBJ SAVEPACKAGE PACKAGE="/Game/GUI/SaveMenu" FILE="F:/UnrealProjects/DAGD300Assignment/Content/GUI/SaveMenu.uasset" SILENT=true
[2018.10.27-20.37.47:453][964]LogSavePackage: Moving 'F:/UnrealProjects/DAGD300Assignment/Saved/SaveMenu52362BC64C8940FB2DCEAEB6163854EF.tmp' to 'F:/UnrealProjects/DAGD300Assignment/Content/GUI/SaveMenu.uasset'
[2018.10.27-20.37.50:721][131]LogSlate: Window 'OptionsMenu' being destroyed
[2018.10.27-20.37.50:724][131]LogSlate: Window 'OptionsMenu' being destroyed
[2018.10.28-01.46.54:273][458]LogGarbage: Warning: 9.379865 ms for acquiring GC lock
[2018.10.28-01.47.00:797][458]LogSlate: Window 'Save Content' being destroyed
[2018.10.28-01.47.00:881][458]Cmd: OBJ SAVEPACKAGE PACKAGE="/Game/GUI/GUIImages/BackButtonTexture" FILE="F:/UnrealProjects/DAGD300Assignment/Content/GUI/GUIImages/BackButtonTexture.uasset" SILENT=true
[2018.10.28-01.47.01:100][458]LogSavePackage: Moving 'F:/UnrealProjects/DAGD300Assignment/Saved/BackButtonTexture7558A94D4C8FE5590FF65982240DCFAD.tmp' to 'F:/UnrealProjects/DAGD300Assignment/Content/GUI/GUIImages/BackButtonTexture.uasset'
[2018.10.28-01.47.01:119][458]Cmd: OBJ SAVEPACKAGE PACKAGE="/Game/GUI/GUIImages/BackButtonTextureBlack" FILE="F:/UnrealProjects/DAGD300Assignment/Content/GUI/GUIImages/BackButtonTextureBlack.uasset" SILENT=true
[2018.10.28-01.47.01:126][458]LogSavePackage: Moving 'F:/UnrealProjects/DAGD300Assignment/Saved/BackButtonTextureBlack89B0C8994797F7F42DD87AA8E30A7C29.tmp' to 'F:/UnrealProjects/DAGD300Assignment/Content/GUI/GUIImages/BackButtonTextureBlack.uasset'
[2018.10.28-01.47.01:139][458]Cmd: OBJ SAVEPACKAGE PACKAGE="/Game/GUI/GUIImages/BackButtonTextureOnClicked" FILE="F:/UnrealProjects/DAGD300Assignment/Content/GUI/GUIImages/BackButtonTextureOnClicked.uasset" SILENT=true
[2018.10.28-01.47.01:145][458]LogSavePackage: Moving 'F:/UnrealProjects/DAGD300Assignment/Saved/BackButtonTextureOnClicked6A4E9F2842E63006365BFA8AC43BB5A5.tmp' to 'F:/UnrealProjects/DAGD300Assignment/Content/GUI/GUIImages/BackButtonTextureOnClicked.uasset'
[2018.10.28-01.47.01:169][458]Cmd: OBJ SAVEPACKAGE PACKAGE="/Game/GUI/GUIImages/BackButtonTextureOnClickedBlack" FILE="F:/UnrealProjects/DAGD300Assignment/Content/GUI/GUIImages/BackButtonTextureOnClickedBlack.uasset" SILENT=true
[2018.10.28-01.47.01:174][458]LogSavePackage: Moving 'F:/UnrealProjects/DAGD300Assignment/Saved/BackButtonTextureOnClickedBlackABA3141F48C3FF3D9F6FE6BFD9B24E6F.tmp' to 'F:/UnrealProjects/DAGD300Assignment/Content/GUI/GUIImages/BackButtonTextureOnClickedBlack.uasset'
[2018.10.28-01.47.01:369][458]LogSlate: Window 'DAGD300Assignment - Unreal Editor' being destroyed
[2018.10.28-01.47.02:163][459]Cmd: QUIT_EDITOR
[2018.10.28-01.47.03:448][459]LogWindowsTextInputMethodSystem: Display: IME system now deactivated.
[2018.10.28-01.47.03:524][459]LogExit: Preparing to exit.
[2018.10.28-01.47.07:496][459]LogExit: Editor shut down
[2018.10.28-01.47.07:498][459]LogExit: Transaction tracking system shut down
[2018.10.28-01.47.11:146][459]LogExit: Object subsystem successfully closed.
[2018.10.28-01.47.11:641][459]LogShaderCompilers: Display: Shaders left to compile 0
[2018.10.28-01.47.11:724][459]LogD3D11RHI: Shutdown
[2018.10.28-01.47.11:724][459]LogD3D11RHI: CleanupD3DDevice
[2018.10.28-01.47.12:161][459]LogD3D11RHI: ~FD3D11DynamicRHI
[2018.10.28-01.47.16:996][459]LogModuleManager: Shutting down and abandoning module MovieSceneCapture (620)
[2018.10.28-01.47.17:001][459]LogModuleManager: Shutting down and abandoning module Voice (618)
[2018.10.28-01.47.17:026][459]LogModuleManager: Shutting down and abandoning module TextureEditor (616)
[2018.10.28-01.47.17:076][459]LogModuleManager: Shutting down and abandoning module SequencerWidgets (614)
[2018.10.28-01.47.17:076][459]LogModuleManager: Shutting down and abandoning module BlueprintGraph (612)
[2018.10.28-01.47.17:076][459]LogModuleManager: Shutting down and abandoning module HierarchicalLODOutliner (610)
[2018.10.28-01.47.17:076][459]LogModuleManager: Shutting down and abandoning module SceneOutliner (608)
[2018.10.28-01.47.17:082][459]LogModuleManager: Shutting down and abandoning module AddContentDialog (606)
[2018.10.28-01.47.17:155][459]LogModuleManager: Shutting down and abandoning module WidgetCarousel (605)
[2018.10.28-01.47.17:156][459]LogModuleManager: Shutting down and abandoning module EditorWidgets (602)
[2018.10.28-01.47.17:156][459]LogModuleManager: Shutting down and abandoning module CollectionManager (600)
[2018.10.28-01.47.17:199][459]LogModuleManager: Shutting down and abandoning module StatsViewer (598)
[2018.10.28-01.47.17:233][459]LogModuleManager: Shutting down and abandoning module FoliageEdit (596)
[2018.10.28-01.47.17:241][459]LogModuleManager: Shutting down and abandoning module LandscapeEditor (594)
[2018.10.28-01.47.17:293][459]LogModuleManager: Shutting down and abandoning module MeshPaintMode (592)
[2018.10.28-01.47.17:305][459]LogModuleManager: Shutting down and abandoning module SceneDepthPickerMode (590)
[2018.10.28-01.47.17:305][459]LogModuleManager: Shutting down and abandoning module ActorPickerMode (588)
[2018.10.28-01.47.17:305][459]LogModuleManager: Shutting down and abandoning module GeometryMode (586)
[2018.10.28-01.47.17:310][459]LogModuleManager: Shutting down and abandoning module TextureAlignMode (584)
[2018.10.28-01.47.17:310][459]LogModuleManager: Shutting down and abandoning module BspMode (582)
[2018.10.28-01.47.17:337][459]LogModuleManager: Shutting down and abandoning module PIEPreviewDeviceProfileSelector (580)
[2018.10.28-01.47.17:344][459]LogModuleManager: Shutting down and abandoning module SequenceRecorderSections (578)
[2018.10.28-01.47.17:359][459]LogModuleManager: Shutting down and abandoning module AutomationWorker (576)
[2018.10.28-01.47.17:366][459]LogModuleManager: Shutting down and abandoning module AudioCaptureEditor (574)
[2018.10.28-01.47.17:366][459]LogModuleManager: Shutting down and abandoning module SequenceRecorder (573)
[2018.10.28-01.47.17:378][459]LogModuleManager: Shutting down and abandoning module MatineeToLevelSequence (570)
[2018.10.28-01.47.17:429][459]LogModuleManager: Shutting down and abandoning module LevelSequenceEditor (568)
[2018.10.28-01.47.17:497][459]LogModuleManager: Shutting down and abandoning module PlacementMode (567)
[2018.10.28-01.47.17:497][459]LogModuleManager: Shutting down and abandoning module MaterialEditor (566)
[2018.10.28-01.47.17:550][459]LogModuleManager: Shutting down and abandoning module WmfMediaFactory (562)
[2018.10.28-01.47.17:570][459]LogModuleManager: Shutting down and abandoning module WmfMediaEditor (560)
[2018.10.28-01.47.17:570][459]LogModuleManager: Shutting down and abandoning module MediaPlayerEditor (558)
[2018.10.28-01.47.17:592][459]LogModuleManager: Shutting down and abandoning module OpenExrWrapper (556)
[2018.10.28-01.47.17:592][459]LogModuleManager: Shutting down and abandoning module ImgMediaFactory (554)
[2018.10.28-01.47.17:592][459]LogModuleManager: Shutting down and abandoning module ImgMediaEditor (552)
[2018.10.28-01.47.17:592][459]LogModuleManager: Shutting down and abandoning module AvfMediaFactory (550)
[2018.10.28-01.47.17:593][459]LogModuleManager: Shutting down and abandoning module AvfMediaEditor (548)
[2018.10.28-01.47.17:593][459]LogModuleManager: Shutting down and abandoning module AndroidMediaFactory (546)
[2018.10.28-01.47.17:593][459]LogModuleManager: Shutting down and abandoning module AndroidMediaEditor (544)
[2018.10.28-01.47.17:593][459]LogModuleManager: Shutting down and abandoning module MagicLeapCameraPreviewFactory (542)
[2018.10.28-01.47.17:593][459]LogModuleManager: Shutting down and abandoning module MagicLeapMediaFactory (540)
[2018.10.28-01.47.17:614][459]LogModuleManager: Shutting down and abandoning module MagicLeapMediaEditor (538)
[2018.10.28-01.47.17:614][459]LogModuleManager: Shutting down and abandoning module CharacterAI (536)
[2018.10.28-01.47.17:614][459]LogModuleManager: Shutting down and abandoning module SmartSnapping (534)
[2018.10.28-01.47.17:640][459]LogModuleManager: Shutting down and abandoning module SessionServices (532)
[2018.10.28-01.47.17:676][459]LogModuleManager: Shutting down and abandoning module ViewportSnapping (530)
[2018.10.28-01.47.17:676][459]LogModuleManager: Shutting down and abandoning module ViewportInteraction (528)
[2018.10.28-01.47.17:676][459]LogModuleManager: Shutting down and abandoning module ClothPainter (526)
[2018.10.28-01.47.17:770][459]LogModuleManager: Shutting down and abandoning module SkeletalMeshEditor (525)
[2018.10.28-01.47.17:852][459]LogModuleManager: Shutting down and abandoning module LogVisualizer (522)
[2018.10.28-01.47.17:895][459]LogModuleManager: Shutting down and abandoning module IntroTutorials (520)
[2018.10.28-01.47.17:987][459]LogModuleManager: Shutting down and abandoning module GameProjectGeneration (519)
[2018.10.28-01.47.18:230][459]LogModuleManager: Shutting down and abandoning module LuminPlatformEditor (516)
[2018.10.28-01.47.18:230][459]LogModuleManager: Shutting down and abandoning module IOSPlatformEditor (514)
[2018.10.28-01.47.18:275][459]LogModuleManager: Shutting down and abandoning module HTML5PlatformEditor (512)
[2018.10.28-01.47.18:275][459]LogModuleManager: Shutting down and abandoning module AndroidPlatformEditor (510)
[2018.10.28-01.47.18:324][459]LogModuleManager: Shutting down and abandoning module AndroidDeviceDetection (509)
[2018.10.28-01.47.19:658][459]LogModuleManager: Shutting down and abandoning module WindowsPlatformEditor (506)
[2018.10.28-01.47.19:658][459]LogModuleManager: Shutting down and abandoning module LuminRuntimeSettings (504)
[2018.10.28-01.47.19:658][459]LogModuleManager: Shutting down and abandoning module IOSRuntimeSettings (502)
[2018.10.28-01.47.19:658][459]LogModuleManager: Shutting down and abandoning module AndroidRuntimeSettings (500)
[2018.10.28-01.47.19:658][459]LogModuleManager: Shutting down and abandoning module InputBindingEditor (498)
[2018.10.28-01.47.19:684][459]LogModuleManager: Shutting down and abandoning module MergeActors (496)
[2018.10.28-01.47.19:708][459]LogModuleManager: Shutting down and abandoning module LocalizationDashboard (494)
[2018.10.28-01.47.19:724][459]LogModuleManager: Shutting down and abandoning module LocalizationService (493)
[2018.10.28-01.47.19:740][459]LogModuleManager: Shutting down and abandoning module HardwareTargeting (490)
[2018.10.28-01.47.19:740][459]LogModuleManager: Shutting down and abandoning module DeviceProfileEditor (488)
[2018.10.28-01.47.19:741][459]LogModuleManager: Shutting down and abandoning module UndoHistory (486)
[2018.10.28-01.47.19:746][459]LogModuleManager: Shutting down and abandoning module XmlParser (484)
[2018.10.28-01.47.19:756][459]LogModuleManager: Shutting down and abandoning module Blutility (482)
[2018.10.28-01.47.19:779][459]LogModuleManager: Shutting down and abandoning module ProjectSettingsViewer (480)
[2018.10.28-01.47.19:794][459]LogModuleManager: Shutting down and abandoning module ProjectTargetPlatformEditor (479)
[2018.10.28-01.47.19:799][459]LogModuleManager: Shutting down and abandoning module EditorSettingsViewer (476)
[2018.10.28-01.47.19:800][459]LogModuleManager: Shutting down and abandoning module SettingsEditor (474)
[2018.10.28-01.47.19:820][459]LogModuleManager: Shutting down and abandoning module ProjectLauncher (472)
[2018.10.28-01.47.19:837][459]LogModuleManager: Shutting down and abandoning module SessionFrontend (470)
[2018.10.28-01.47.19:849][459]LogModuleManager: Shutting down and abandoning module ProfilerClient (468)
[2018.10.28-01.47.19:864][459]LogModuleManager: Shutting down and abandoning module DeviceManager (466)
[2018.10.28-01.47.19:881][459]LogModuleManager: Shutting down and abandoning module TargetDeviceServices (465)
[2018.10.28-01.47.19:951][459]LogModuleManager: Shutting down and abandoning module AutomationController (462)
[2018.10.28-01.47.19:976][459]LogModuleManager: Shutting down and abandoning module AutomationWindow (460)
[2018.10.28-01.47.19:995][459]LogModuleManager: Shutting down and abandoning module Layers (458)
[2018.10.28-01.47.20:013][459]LogModuleManager: Shutting down and abandoning module ComponentVisualizers (456)
[2018.10.28-01.47.20:013][459]LogModuleManager: Shutting down and abandoning module DetailCustomizations (454)
[2018.10.28-01.47.20:030][459]LogModuleManager: Shutting down and abandoning module PackagesDialog (452)
[2018.10.28-01.47.20:030][459]LogModuleManager: Shutting down and abandoning module Persona (450)
[2018.10.28-01.47.20:057][459]LogModuleManager: Shutting down and abandoning module AdvancedPreviewScene (449)
[2018.10.28-01.47.20:067][459]LogModuleManager: Shutting down and abandoning module AnimGraph (447)
[2018.10.28-01.47.20:076][459]LogModuleManager: Shutting down and abandoning module Kismet (444)
[2018.10.28-01.47.20:130][459]LogModuleManager: Shutting down and abandoning module GraphEditor (442)
[2018.10.28-01.47.20:159][459]LogModuleManager: Shutting down and abandoning module ClassViewer (440)
[2018.10.28-01.47.20:159][459]LogModuleManager: Shutting down and abandoning module Toolbox (438)
[2018.10.28-01.47.20:159][459]LogModuleManager: Shutting down and abandoning module ModuleUI (436)
[2018.10.28-01.47.20:175][459]LogModuleManager: Shutting down and abandoning module MovieSceneTools (434)
[2018.10.28-01.47.20:208][459]LogModuleManager: Shutting down and abandoning module OutputLog (432)
[2018.10.28-01.47.20:208][459]LogModuleManager: Shutting down and abandoning module GammaUI (430)
[2018.10.28-01.47.20:216][459]LogModuleManager: Shutting down and abandoning module Documentation (428)
[2018.10.28-01.47.20:218][459]LogModuleManager: Shutting down and abandoning module MovieSceneTracks (426)
[2018.10.28-01.47.20:233][459]LogModuleManager: Shutting down and abandoning module MovieScene (424)
[2018.10.28-01.47.20:242][459]LogModuleManager: Shutting down and abandoning module StreamingPauseRendering (422)
[2018.10.28-01.47.20:255][459]LogModuleManager: Shutting down and abandoning module LauncherPlatform (420)
[2018.10.28-01.47.20:255][459]LogModuleManager: Shutting down and abandoning module AnalyticsET (418)
[2018.10.28-01.47.20:255][459]LogModuleManager: Shutting down and abandoning module PortalServices (416)
[2018.10.28-01.47.20:255][459]LogModuleManager: Shutting down and abandoning module PortalRpc (414)
[2018.10.28-01.47.20:255][459]LogModuleManager: Shutting down and abandoning module MessagingRpc (412)
[2018.10.28-01.47.20:255][459]LogModuleManager: Shutting down and abandoning module AIModule (410)
[2018.10.28-01.47.20:296][459]LogModuleManager: Shutting down and abandoning module GameplayDebugger (409)
[2018.10.28-01.47.20:297][459]LogModuleManager: Shutting down and abandoning module AITestSuite (407)
[2018.10.28-01.47.20:314][459]LogModuleManager: Shutting down and abandoning module NavigationSystem (405)
[2018.10.28-01.47.20:314][459]LogModuleManager: Shutting down and abandoning module DesktopPlatform (402)
[2018.10.28-01.47.20:314][459]LogModuleManager: Shutting down and abandoning module ProfilerService (400)
[2018.10.28-01.47.20:405][459]LogModuleManager: Shutting down and abandoning module TaskGraph (398)
[2018.10.28-01.47.20:430][459]LogModuleManager: Shutting down and abandoning module SteamVRController (396)
[2018.10.28-01.47.20:430][459]LogModuleManager: Shutting down and abandoning module ProceduralMeshComponentEditor (394)
[2018.10.28-01.47.20:431][459]LogModuleManager: Shutting down and abandoning module ProceduralMeshComponent (392)
[2018.10.28-01.47.20:448][459]LogModuleManager: Shutting down and abandoning module OculusInput (390)
[2018.10.28-01.47.20:448][459]LogModuleManager: Shutting down and abandoning module MobilePatchingUtils (388)
[2018.10.28-01.47.20:448][459]LogModuleManager: Shutting down and abandoning module EditableMesh (386)
[2018.10.28-01.47.20:456][459]LogModuleManager: Shutting down and abandoning module CustomMeshComponent (384)
[2018.10.28-01.47.20:456][459]LogModuleManager: Shutting down and abandoning module CableComponent (382)
[2018.10.28-01.47.20:456][459]LogModuleManager: Shutting down and abandoning module AudioCapture (380)
[2018.10.28-01.47.20:456][459]LogModuleManager: Shutting down and abandoning module ArchVisCharacter (378)
[2018.10.28-01.47.20:456][459]LogModuleManager: Shutting down and abandoning module AndroidPermission (376)
[2018.10.28-01.47.20:456][459]LogModuleManager: Shutting down and abandoning module NUTUnrealEngine4 (374)
[2018.10.28-01.47.20:456][459]LogModuleManager: Shutting down and abandoning module NetcodeUnitTest (372)
[2018.10.28-01.47.20:475][459]LogModuleManager: Shutting down and abandoning module MediaCompositingEditor (370)
[2018.10.28-01.47.20:475][459]LogModuleManager: Shutting down and abandoning module MediaCompositing (368)
[2018.10.28-01.47.20:475][459]LogModuleManager: Shutting down and abandoning module LinearTimecode (366)
[2018.10.28-01.47.20:475][459]LogModuleManager: Shutting down and abandoning module ImgMedia (364)
[2018.10.28-01.47.20:498][459]LogModuleManager: Shutting down and abandoning module HTML5Networking (362)
[2018.10.28-01.47.20:498][459]LogModuleManager: Shutting down and abandoning module GeometryCacheTracks (360)
[2018.10.28-01.47.20:498][459]LogModuleManager: Shutting down and abandoning module GeometryCacheSequencer (358)
[2018.10.28-01.47.20:498][459]LogModuleManager: Shutting down and abandoning module BackChannel (356)
[2018.10.28-01.47.20:554][459]LogModuleManager: Shutting down and abandoning module AppleVision (354)
[2018.10.28-01.47.20:554][459]LogModuleManager: Shutting down and abandoning module AppleImageUtils (352)
[2018.10.28-01.47.20:554][459]LogModuleManager: Shutting down and abandoning module AlembicImporter (350)
[2018.10.28-01.47.20:554][459]LogModuleManager: Shutting down and abandoning module AlembicLibrary (349)
[2018.10.28-01.47.20:554][459]LogModuleManager: Shutting down and abandoning module GeometryCache (348)
[2018.10.28-01.47.20:554][459]LogModuleManager: Shutting down and abandoning module GeometryCacheEd (347)
[2018.10.28-01.47.20:554][459]LogModuleManager: Shutting down and abandoning module DatasmithContentEditor (342)
[2018.10.28-01.47.20:565][459]LogModuleManager: Shutting down and abandoning module DatasmithContent (340)
[2018.10.28-01.47.20:628][459]LogModuleManager: Shutting down and abandoning module SpeedTreeImporter (338)
[2018.10.28-01.47.20:628][459]LogModuleManager: Shutting down and abandoning module PluginBrowser (336)
[2018.10.28-01.47.20:647][459]LogModuleManager: Shutting down and abandoning module MobileLauncherProfileWizard (334)
[2018.10.28-01.47.20:659][459]LogModuleManager: Shutting down and abandoning module PolygonModeling (332)
[2018.10.28-01.47.20:660][459]LogModuleManager: Shutting down and abandoning module MeshEditor (330)
[2018.10.28-01.47.20:681][459]LogModuleManager: Shutting down and abandoning module CryptoKeysOpenSSL (328)
[2018.10.28-01.47.20:693][459]LogModuleManager: Shutting down and abandoning module CryptoKeys (326)
[2018.10.28-01.47.20:693][459]LogModuleManager: Shutting down and abandoning module VisualStudioSourceCodeAccess (324)
[2018.10.28-01.47.20:708][459]LogModuleManager: Shutting down and abandoning module VisualStudioCodeSourceCodeAccess (322)
[2018.10.28-01.47.20:708][459]LogModuleManager: Shutting down and abandoning module UObjectPlugin (320)
[2018.10.28-01.47.20:708][459]LogModuleManager: Shutting down and abandoning module SubversionSourceControl (318)
[2018.10.28-01.47.20:728][459]LogModuleManager: Shutting down and abandoning module PerforceSourceControl (316)
[2018.10.28-01.47.20:750][459]LogModuleManager: Shutting down and abandoning module GitSourceControl (314)
[2018.10.28-01.47.20:773][459]LogModuleManager: Shutting down and abandoning module SourceControl (313)
[2018.10.28-01.47.20:795][459]LogModuleManager: Shutting down and abandoning module CLionSourceCodeAccess (310)
[2018.10.28-01.47.20:795][459]LogModuleManager: Shutting down and abandoning module LightPropagationVolumeEditor (308)
[2018.10.28-01.47.20:795][459]LogModuleManager: Shutting down and abandoning module PaperTiledImporter (306)
[2018.10.28-01.47.20:795][459]LogModuleManager: Shutting down and abandoning module PaperSpriteSheetImporter (304)
[2018.10.28-01.47.20:803][459]LogModuleManager: Shutting down and abandoning module Paper2DEditor (302)
[2018.10.28-01.47.20:824][459]LogModuleManager: Shutting down and abandoning module MeshPaint (301)
[2018.10.28-01.47.20:849][459]LogModuleManager: Shutting down and abandoning module RuntimePhysXCooking (298)
[2018.10.28-01.47.20:861][459]LogModuleManager: Shutting down and abandoning module PhysXVehiclesEditor (296)
[2018.10.28-01.47.20:861][459]LogModuleManager: Shutting down and abandoning module PhysXVehicles (294)
[2018.10.28-01.47.20:861][459]LogModuleManager: Shutting down and abandoning module OculusEditor (292)
[2018.10.28-01.47.20:873][459]LogModuleManager: Shutting down and abandoning module LocationServicesBPLibrary (290)
[2018.10.28-01.47.20:873][459]LogModuleManager: Shutting down and abandoning module ImmediatePhysicsEditor (288)
[2018.10.28-01.47.20:873][459]LogModuleManager: Shutting down and abandoning module ImmediatePhysics (286)
[2018.10.28-01.47.20:889][459]LogModuleManager: Shutting down and abandoning module ActorSequence (284)
[2018.10.28-01.47.20:889][459]LogModuleManager: Shutting down and abandoning module UdpMessaging (282)
[2018.10.28-01.47.20:990][459]LogModuleManager: Shutting down and abandoning module TcpMessaging (280)
[2018.10.28-01.47.21:114][459]LogModuleManager: Shutting down and abandoning module MagicLeapAudio (278)
[2018.10.28-01.47.21:114][459]LogModuleManager: Shutting down and abandoning module GameplayTagsEditor (276)
[2018.10.28-01.47.21:133][459]LogModuleManager: Shutting down and abandoning module FacialAnimationEditor (274)
[2018.10.28-01.47.21:133][459]LogModuleManager: Shutting down and abandoning module FacialAnimation (272)
[2018.10.28-01.47.21:133][459]LogModuleManager: Shutting down and abandoning module DataValidation (270)
[2018.10.28-01.47.21:169][459]LogModuleManager: Shutting down and abandoning module AssetManagerEditor (268)
[2018.10.28-01.47.21:182][459]LogModuleManager: Shutting down and abandoning module LevelEditor (267)
[2018.10.28-01.47.21:247][459]LogModuleManager: Shutting down and abandoning module PixelInspectorModule (266)
[2018.10.28-01.47.21:259][459]LogModuleManager: Shutting down and abandoning module CommonMenuExtensions (264)
[2018.10.28-01.47.21:260][459]LogModuleManager: Shutting down and abandoning module MainFrame (262)
[2018.10.28-01.47.21:266][459]LogModuleManager: Shutting down and abandoning module HotReload (261)
[2018.10.28-01.47.21:285][459]LogModuleManager: Shutting down and abandoning module ContentBrowser (257)
[2018.10.28-01.47.21:302][459]LogModuleManager: Shutting down and abandoning module TreeMap (255)
[2018.10.28-01.47.21:314][459]LogModuleManager: Shutting down and abandoning module LightPropagationVolumeRuntime (252)
[2018.10.28-01.47.21:314][459]LogModuleManager: Shutting down and abandoning module AISupportModule (250)
[2018.10.28-01.47.21:314][459]LogModuleManager: Shutting down and abandoning module Paper2D (248)
[2018.10.28-01.47.21:328][459]LogModuleManager: Shutting down and abandoning module WindowsMoviePlayer (246)
[2018.10.28-01.47.21:336][459]LogModuleManager: Shutting down and abandoning module WmfMedia (244)
[2018.10.28-01.47.21:346][459]LogModuleManager: Shutting down and abandoning module Media (243)
[2018.10.28-01.47.21:354][459]LogModuleManager: Shutting down and abandoning module PacketHandler (240)
[2018.10.28-01.47.21:354][459]LogModuleManager: Shutting down and abandoning module ClothingSystemEditor (238)
[2018.10.28-01.47.21:354][459]LogModuleManager: Shutting down and abandoning module ClothingSystemRuntime (236)
[2018.10.28-01.47.21:389][459]LogModuleManager: Shutting down and abandoning module MediaAssets (234)
[2018.10.28-01.47.21:400][459]LogModuleManager: Shutting down and abandoning module Overlay (232)
[2018.10.28-01.47.21:400][459]LogModuleManager: Shutting down and abandoning module OverlayEditor (231)
[2018.10.28-01.47.21:400][459]LogModuleManager: Shutting down and abandoning module VREditor (228)
[2018.10.28-01.47.21:405][459]LogModuleManager: Shutting down and abandoning module StringTableEditor (226)
[2018.10.28-01.47.21:422][459]LogModuleManager: Shutting down and abandoning module GameplayTasksEditor (224)
[2018.10.28-01.47.21:422][459]LogModuleManager: Shutting down and abandoning module BehaviorTreeEditor (222)
[2018.10.28-01.47.21:439][459]LogModuleManager: Shutting down and abandoning module FunctionalTesting (220)
[2018.10.28-01.47.21:450][459]LogModuleManager: Shutting down and abandoning module CollisionAnalyzer (218)
[2018.10.28-01.47.21:460][459]LogModuleManager: Shutting down and abandoning module WorkspaceMenuStructure (217)
[2018.10.28-01.47.21:478][459]LogModuleManager: Shutting down and abandoning module UMG (214)
[2018.10.28-01.47.21:487][459]LogModuleManager: Shutting down and abandoning module UMGEditor (213)
[2018.10.28-01.47.21:492][459]LogModuleManager: Shutting down and abandoning module Sequencer (212)
[2018.10.28-01.47.21:525][459]LogModuleManager: Shutting down and abandoning module MessageLog (209)
[2018.10.28-01.47.21:525][459]LogModuleManager: Shutting down and abandoning module SlateReflector (204)
[2018.10.28-01.47.21:556][459]LogModuleManager: Shutting down and abandoning module Slate (202)
[2018.10.28-01.47.21:556][459]LogModuleManager: Shutting down and abandoning module EditorStyle (200)
[2018.10.28-01.47.21:616][459]LogModuleManager: Shutting down and abandoning module MRMesh (198)
[2018.10.28-01.47.21:628][459]LogModuleManager: Shutting down and abandoning module SourceCodeAccess (196)
[2018.10.28-01.47.21:628][459]LogModuleManager: Shutting down and abandoning module HeadMountedDisplay (194)
[2018.10.28-01.47.21:628][459]LogModuleManager: Shutting down and abandoning module XAudio2 (192)
[2018.10.28-01.47.21:628][459]LogModuleManager: Shutting down and abandoning module Networking (190)
[2018.10.28-01.47.21:629][459]LogModuleManager: Shutting down and abandoning module Core (188)
[2018.10.28-01.47.21:629][459]LogModuleManager: Shutting down and abandoning module LevelSequence (186)
[2018.10.28-01.47.21:629][459]LogModuleManager: Shutting down and abandoning module KismetCompiler (184)
[2018.10.28-01.47.21:629][459]LogModuleManager: Shutting down and abandoning module MeshUtilities (182)
[2018.10.28-01.47.21:658][459]LogModuleManager: Shutting down and abandoning module MeshMergeUtilities (181)
[2018.10.28-01.47.21:662][459]LogModuleManager: Shutting down and abandoning module MeshReductionInterface (180)
[2018.10.28-01.47.21:662][459]LogModuleManager: Shutting down and abandoning module SimplygonSwarm (179)
[2018.10.28-01.47.21:675][459]LogModuleManager: Shutting down and abandoning module ProxyLODMeshReduction (177)
[2018.10.28-01.47.21:704][459]LogModuleManager: Shutting down and abandoning module SimplygonMeshReduction (175)
[2018.10.28-01.47.21:704][459]LogModuleManager: Shutting down and abandoning module QuadricMeshReduction (173)
[2018.10.28-01.47.21:715][459]LogModuleManager: Shutting down and abandoning module MaterialBaking (169)
[2018.10.28-01.47.21:731][459]LogModuleManager: Shutting down and abandoning module DirectoryWatcher (165)
[2018.10.28-01.47.21:732][459]LogModuleManager: Shutting down and abandoning module DerivedDataCache (162)
[2018.10.28-01.47.21:804][459]LogDerivedDataCache: Shutdown
[2018.10.28-01.47.21:804][459]LogModuleManager: Shutting down and abandoning module XGEController (160)
[2018.10.28-01.47.21:821][459]LogModuleManager: Shutting down and abandoning module TargetPlatform (158)
[2018.10.28-01.47.21:832][459]LogModuleManager: Shutting down and abandoning module VulkanShaderFormat (157)
[2018.10.28-01.47.21:843][459]LogModuleManager: Shutting down and abandoning module ShaderFormatVectorVM (155)
[2018.10.28-01.47.21:854][459]LogModuleManager: Shutting down and abandoning module ShaderFormatOpenGL (153)
[2018.10.28-01.47.21:859][459]LogModuleManager: Shutting down and abandoning module ShaderFormatD3D (151)
[2018.10.28-01.47.21:860][459]LogModuleManager: Shutting down and abandoning module MetalShaderFormat (149)
[2018.10.28-01.47.21:877][459]LogModuleManager: Shutting down and abandoning module TextureFormatUncompressed (147)
[2018.10.28-01.47.21:889][459]LogModuleManager: Shutting down and abandoning module TextureFormatPVR (145)
[2018.10.28-01.47.21:896][459]LogModuleManager: Shutting down and abandoning module TextureFormatDXT (143)
[2018.10.28-01.47.21:908][459]LogModuleManager: Shutting down and abandoning module TextureFormatIntelISPCTexComp (141)
[2018.10.28-01.47.21:908][459]LogModuleManager: Shutting down and abandoning module TextureFormatASTC (139)
[2018.10.28-01.47.21:908][459]LogModuleManager: Shutting down and abandoning module ImageWrapper (138)
[2018.10.28-01.47.21:908][459]LogModuleManager: Shutting down and abandoning module TextureFormatAndroid (135)
[2018.10.28-01.47.21:908][459]LogModuleManager: Shutting down and abandoning module AudioFormatOpus (133)
[2018.10.28-01.47.21:922][459]LogModuleManager: Shutting down and abandoning module AudioFormatOgg (131)
[2018.10.28-01.47.21:922][459]LogModuleManager: Shutting down and abandoning module AudioFormatADPCM (129)
[2018.10.28-01.47.21:922][459]LogModuleManager: Shutting down and abandoning module LuminTargetPlatform (127)
[2018.10.28-01.47.21:922][459]LogModuleManager: Shutting down and abandoning module LinuxTargetPlatform (125)
[2018.10.28-01.47.21:923][459]LogModuleManager: Shutting down and abandoning module LinuxServerTargetPlatform (123)
[2018.10.28-01.47.21:923][459]LogModuleManager: Shutting down and abandoning module LinuxNoEditorTargetPlatform (121)
[2018.10.28-01.47.21:931][459]LogModuleManager: Shutting down and abandoning module LinuxClientTargetPlatform (119)
[2018.10.28-01.47.21:941][459]LogModuleManager: Shutting down and abandoning module TVOSTargetPlatform (117)
[2018.10.28-01.47.21:949][459]LogModuleManager: Shutting down and abandoning module Messaging (115)
[2018.10.28-01.47.21:950][459]LogModuleManager: Shutting down and abandoning module IOSTargetPlatform (113)
[2018.10.28-01.47.21:958][459]LogModuleManager: Shutting down and abandoning module HTML5TargetPlatform (111)
[2018.10.28-01.47.21:958][459]LogModuleManager: Shutting down and abandoning module AndroidTargetPlatform (109)
[2018.10.28-01.47.22:044][459]LogModuleManager: Shutting down and abandoning module WindowsTargetPlatform (107)
[2018.10.28-01.47.22:044][459]LogModuleManager: Shutting down and abandoning module WindowsServerTargetPlatform (105)
[2018.10.28-01.47.22:044][459]LogModuleManager: Shutting down and abandoning module WindowsNoEditorTargetPlatform (103)
[2018.10.28-01.47.22:044][459]LogModuleManager: Shutting down and abandoning module WindowsClientTargetPlatform (101)
[2018.10.28-01.47.22:094][459]LogModuleManager: Shutting down and abandoning module MacTargetPlatform (99)
[2018.10.28-01.47.22:094][459]LogModuleManager: Shutting down and abandoning module MacServerTargetPlatform (97)
[2018.10.28-01.47.22:094][459]LogModuleManager: Shutting down and abandoning module MacNoEditorTargetPlatform (95)
[2018.10.28-01.47.22:094][459]LogModuleManager: Shutting down and abandoning module MacClientTargetPlatform (93)
[2018.10.28-01.47.22:094][459]LogModuleManager: Shutting down and abandoning module AllDesktopTargetPlatform (91)
[2018.10.28-01.47.22:094][459]LogModuleManager: Shutting down and abandoning module InputCore (88)
[2018.10.28-01.47.22:094][459]LogModuleManager: Shutting down and abandoning module Settings (86)
[2018.10.28-01.47.22:095][459]LogModuleManager: Shutting down and abandoning module PhysXCooking (84)
[2018.10.28-01.47.22:095][459]LogModuleManager: Shutting down and abandoning module SteamVR (82)
[2018.10.28-01.47.22:119][459]LogModuleManager: Shutting down and abandoning module OculusHMD (80)
[2018.10.28-01.47.22:197][459]LogModuleManager: Shutting down and abandoning module ExampleDeviceProfileSelector (78)
[2018.10.28-01.47.22:197][459]LogModuleManager: Shutting down and abandoning module LauncherChunkInstaller (76)
[2018.10.28-01.47.22:197][459]LogModuleManager: Shutting down and abandoning module OnlineBlueprintSupport (74)
[2018.10.28-01.47.22:197][459]LogModuleManager: Shutting down and abandoning module OnlineSubsystem (70)
[2018.10.28-01.47.22:402][459]LogModuleManager: Shutting down and abandoning module XMPP (65)
[2018.10.28-01.47.22:420][459]LogModuleManager: Shutting down and abandoning module WebSockets (64)
[2018.10.28-01.47.22:445][459]LogModuleManager: Shutting down and abandoning module HTTP (61)
[2018.10.28-01.47.22:453][459]LogHttp: Display: Http module shutting down, but needs to wait on 1 outstanding Http requests:
[2018.10.28-01.47.22:453][459]LogHttp: Display: 	verb=[POST] url=[https://datarouter.ol.epicgames.com/datarouter/api/v1/public/data?SessionID=%7B73CFC301-4A7C-62B4-1572-13A1BA6BE972%7D&AppID=UEEditor.Rocket.Release&AppVersion=4.20.2-4302132%2B%2B%2BUE4%2BRelease-4.20&UserID=2f9916264acdf33f70768f822f9563c9%7C504a56eacb094752a172dcccc7c138cb%7C241500de-b41d-44c2-b004-1325f18bb3ba&AppEnvironment=datacollector-binary&UploadType=eteventstream] status=Processing
[2018.10.28-01.47.22:472][459]LogModuleManager: Shutting down and abandoning module SSL (60)
[2018.10.28-01.47.22:484][459]LogModuleManager: Shutting down and abandoning module MagicLeapEmulator (56)
[2018.10.28-01.47.22:484][459]LogModuleManager: Shutting down and abandoning module MagicLeapPrivileges (54)
[2018.10.28-01.47.22:484][459]LogModuleManager: Shutting down and abandoning module MagicLeapIdentity (52)
[2018.10.28-01.47.22:484][459]LogModuleManager: Shutting down and abandoning module MagicLeapHelperVulkan (50)
[2018.10.28-01.47.22:484][459]LogModuleManager: Shutting down and abandoning module MagicLeapHelperOpenGL (48)
[2018.10.28-01.47.22:484][459]LogModuleManager: Shutting down and abandoning module MagicLeapSecureStorage (46)
[2018.10.28-01.47.22:484][459]LogModuleManager: Shutting down and abandoning module MagicLeapGestures (44)
[2018.10.28-01.47.22:495][459]LogModuleManager: Shutting down and abandoning module MagicLeapEyeTracker (42)
[2018.10.28-01.47.22:495][459]LogModuleManager: Shutting down and abandoning module MagicLeapController (40)
[2018.10.28-01.47.22:496][459]LogSlate: Slate User Destroyed.  User Index 0, Is Virtual User: 0
[2018.10.28-01.47.22:496][459]LogModuleManager: Shutting down and abandoning module MagicLeap (38)
[2018.10.28-01.47.22:530][459]LogModuleManager: Shutting down and abandoning module AnimationModifiers (36)
[2018.10.28-01.47.22:541][459]LogModuleManager: Shutting down and abandoning module PropertyEditor (35)
[2018.10.28-01.47.22:567][459]LogModuleManager: Shutting down and abandoning module AudioEditor (32)
[2018.10.28-01.47.22:602][459]LogModuleManager: Shutting down and abandoning module TextureCompressor (30)
[2018.10.28-01.47.22:602][459]LogModuleManager: Shutting down and abandoning module ShaderCore (28)
[2018.10.28-01.47.22:602][459]LogModuleManager: Shutting down and abandoning module Landscape (26)
[2018.10.28-01.47.22:616][459]LogModuleManager: Shutting down and abandoning module SlateRHIRenderer (24)
[2018.10.28-01.47.22:662][459]LogModuleManager: Shutting down and abandoning module OpenGLDrv (22)
[2018.10.28-01.47.22:673][459]LogModuleManager: Shutting down and abandoning module D3D11RHI (20)
[2018.10.28-01.47.22:673][459]LogModuleManager: Shutting down and abandoning module AnimGraphRuntime (18)
[2018.10.28-01.47.22:688][459]LogModuleManager: Shutting down and abandoning module Renderer (16)
[2018.10.28-01.47.22:688][459]LogModuleManager: Shutting down and abandoning module Engine (14)
[2018.10.28-01.47.22:688][459]LogModuleManager: Shutting down and abandoning module CoreUObject (12)
[2018.10.28-01.47.22:688][459]LogModuleManager: Shutting down and abandoning module NetworkFile (10)
[2018.10.28-01.47.22:701][459]LogModuleManager: Shutting down and abandoning module CookedIterativeFile (8)
[2018.10.28-01.47.22:701][459]LogModuleManager: Shutting down and abandoning module StreamingFile (6)
[2018.10.28-01.47.22:714][459]LogModuleManager: Shutting down and abandoning module SandboxFile (4)
[2018.10.28-01.47.22:720][459]LogModuleManager: Shutting down and abandoning module PakFile (2)
[2018.10.28-01.47.22:789][459]LogExit: Exiting.
[2018.10.28-01.47.22:825][459]Log file closed, 10/27/18 21:47:22
