Log file open, 12/28/18 17:33:57
LogWindows: Failed to load 'aqProf.dll' (GetLastError=126)
LogWindows: File 'aqProf.dll' does not exist
LogWindows: Failed to load 'VSPerf140.dll' (GetLastError=126)
LogWindows: File 'VSPerf140.dll' does not exist
LogWindows: Failed to load 'VtuneApi.dll' (GetLastError=126)
LogWindows: File 'VtuneApi.dll' does not exist
LogWindows: Failed to load 'VtuneApi32e.dll' (GetLastError=126)
LogWindows: File 'VtuneApi32e.dll' does not exist
LogInit: Display: Running engine for game: DAGD300Assignment
LogPlatformFile: Not using cached read wrapper
LogTaskGraph: Started task graph with 5 named threads and 14 total threads with 3 sets of task threads.
LogStats: Stats thread started at 0.199120
LogD3D11RHI: Loaded GFSDK_Aftermath_Lib.x64.dll
LogICUInternationalization: Display: ICU TimeZone Detection - Raw Offset: -5:00, Platform Override: ''
LogPluginManager: Mounting plugin Paper2D
LogPluginManager: Mounting plugin AISupport
LogPluginManager: Mounting plugin LightPropagationVolume
LogPluginManager: Mounting plugin CLionSourceCodeAccess
LogPluginManager: Mounting plugin CodeLiteSourceCodeAccess
LogPluginManager: Mounting plugin GitSourceControl
LogPluginManager: Mounting plugin KDevelopSourceCodeAccess
LogPluginManager: Mounting plugin NullSourceCodeAccess
LogPluginManager: Mounting plugin PerforceSourceControl
LogPluginManager: Mounting plugin SubversionSourceControl
LogPluginManager: Mounting plugin UObjectPlugin
LogPluginManager: Mounting plugin VisualStudioCodeSourceCodeAccess
LogPluginManager: Mounting plugin VisualStudioSourceCodeAccess
LogPluginManager: Mounting plugin XCodeSourceCodeAccess
LogPluginManager: Mounting plugin AssetManagerEditor
LogPluginManager: Mounting plugin CryptoKeys
LogPluginManager: Mounting plugin DataValidation
LogPluginManager: Mounting plugin FacialAnimation
LogPluginManager: Mounting plugin GameplayTagsEditor
LogPluginManager: Mounting plugin MacGraphicsSwitching
LogPluginManager: Mounting plugin MeshEditor
LogPluginManager: Mounting plugin MobileLauncherProfileWizard
LogPluginManager: Mounting plugin PluginBrowser
LogPluginManager: Mounting plugin SpeedTreeImporter
LogPluginManager: Mounting plugin DatasmithContent
LogPluginManager: Mounting plugin AlembicImporter
LogPluginManager: Mounting plugin AppleImageUtils
LogPluginManager: Mounting plugin AppleVision
LogPluginManager: Mounting plugin BackChannel
LogPluginManager: Mounting plugin CharacterAI
LogPluginManager: Mounting plugin GeometryCache
LogPluginManager: Mounting plugin HTML5Networking
LogPluginManager: Mounting plugin ProxyLODPlugin
LogPluginManager: Mounting plugin MagicLeap
LogPluginManager: Mounting plugin MagicLeapEmulator
LogPluginManager: Mounting plugin MagicLeapMedia
LogPluginManager: Mounting plugin AndroidMedia
LogPluginManager: Mounting plugin AvfMedia
LogPluginManager: Mounting plugin ImgMedia
LogPluginManager: Mounting plugin LinearTimecode
LogPluginManager: Mounting plugin MediaCompositing
LogPluginManager: Mounting plugin MediaPlayerEditor
LogPluginManager: Mounting plugin WmfMedia
LogPluginManager: Mounting plugin TcpMessaging
LogPluginManager: Mounting plugin UdpMessaging
LogPluginManager: Mounting plugin ActorSequence
LogPluginManager: Mounting plugin LevelSequenceEditor
LogPluginManager: Mounting plugin MatineeToLevelSequence
LogPluginManager: Mounting plugin NetcodeUnitTest
LogPluginManager: Mounting plugin NUTUnrealEngine4
LogPluginManager: Mounting plugin OnlineSubsystemGooglePlay
LogPluginManager: Mounting plugin OnlineSubsystemIOS
LogPluginManager: Mounting plugin OnlineSubsystem
LogPluginManager: Mounting plugin OnlineSubsystemNull
LogPluginManager: Mounting plugin OnlineSubsystemUtils
LogPluginManager: Mounting plugin LauncherChunkInstaller
LogPluginManager: Mounting plugin AndroidDeviceProfileSelector
LogPluginManager: Mounting plugin AndroidMoviePlayer
LogPluginManager: Mounting plugin AndroidPermission
LogPluginManager: Mounting plugin AppleMoviePlayer
LogPluginManager: Mounting plugin ArchVisCharacter
LogPluginManager: Mounting plugin AudioCapture
LogPluginManager: Mounting plugin CableComponent
LogPluginManager: Mounting plugin CustomMeshComponent
LogPluginManager: Mounting plugin EditableMesh
LogPluginManager: Mounting plugin ExampleDeviceProfileSelector
LogPluginManager: Mounting plugin GoogleCloudMessaging
LogPluginManager: Mounting plugin ImmediatePhysics
LogPluginManager: Mounting plugin IOSDeviceProfileSelector
LogPluginManager: Mounting plugin LinuxDeviceProfileSelector
LogPluginManager: Mounting plugin LocationServicesBPLibrary
LogPluginManager: Mounting plugin MobilePatchingUtils
LogPluginManager: Mounting plugin OculusVR
LogPluginManager: Plugin shader directory ../../../Engine/Plugins/Runtime/Oculus/OculusVR/Shaders found
LogPluginManager: Mapping shader source directory ../../../Engine/Plugins/Runtime/Oculus/OculusVR/Shaders to virtual directory /Plugin/OculusVR
LogPluginManager: Mounting plugin PhysXVehicles
LogPluginManager: Mounting plugin ProceduralMeshComponent
LogPluginManager: Mounting plugin RuntimePhysXCooking
LogPluginManager: Mounting plugin SteamVR
LogPluginManager: Mounting plugin WindowsMoviePlayer
LogStreaming: Display: Took  0.447s to configure plugins.
LogInit: Using libcurl 7.55.1-DEV
LogInit:  - built for x86_64-pc-win32
LogInit:  - supports SSL with OpenSSL/1.0.2h
LogInit:  - supports HTTP deflate (compression) using libz 1.2.8
LogInit:  - other features:
LogInit:      CURL_VERSION_SSL
LogInit:      CURL_VERSION_LIBZ
LogInit:      CURL_VERSION_IPV6
LogInit:      CURL_VERSION_ASYNCHDNS
LogInit:      CURL_VERSION_LARGEFILE
LogInit:      CURL_VERSION_IDN
LogInit:  CurlRequestOptions (configurable via config and command line):
LogInit:  - bVerifyPeer = false  - Libcurl will NOT verify peer certificate
LogInit:  - bUseHttpProxy = false  - Libcurl will NOT use HTTP proxy
LogInit:  - bDontReuseConnections = false  - Libcurl will reuse connections
LogInit:  - CertBundlePath = nullptr  - Libcurl will use whatever was configured at build time.
LogInit:  - MaxHostConnections = 16  - Libcurl will limit the number of connections to a host
LogInit:  - LocalHostAddr = Default
LogInit:  - BufferSize = 65536
LogInit: WinSock: version 1.1 (2.2), MaxSocks=32767, MaxUdp=65467
LogInit: Build: ++UE4+Release-4.20-CL-4302132
LogInit: Engine Version: 4.20.2-4302132+++UE4+Release-4.20
LogInit: Compatible Engine Version: 4.20.0-4212847+++UE4+Release-4.20
LogInit: Net CL: 4212847
LogInit: OS: Windows 10 (), CPU: Intel(R) Core(TM) i5-6400 CPU @ 2.70GHz, GPU: NVIDIA GeForce GTX 1070
LogInit: Compiled (64-bit): Aug 21 2018 02:06:06
LogInit: Compiled with Visual C++: 19.13.26129.00
LogInit: Build Configuration: Development
LogInit: Branch Name: ++UE4+Release-4.20
LogInit: Command Line: 
LogInit: Base Directory: D:/Program Files (x86)/UE_4.20/Engine/Binaries/Win64/
LogInit: Installed Engine Build: 1
LogDevObjectVersion: Number of dev versions registered: 20
LogDevObjectVersion:   Dev-Blueprints (B0D832E4-1F89-4F0D-ACCF-7EB736FD4AA2): 10
LogDevObjectVersion:   Dev-Build (E1C64328-A22C-4D53-A36C-8E866417BD8C): 0
LogDevObjectVersion:   Dev-Core (375EC13C-06E4-48FB-B500-84F0262A717E): 2
LogDevObjectVersion:   Dev-Editor (E4B068ED-F494-42E9-A231-DA0B2E46BB41): 24
LogDevObjectVersion:   Dev-Framework (CFFC743F-43B0-4480-9391-14DF171D2073): 34
LogDevObjectVersion:   Dev-Mobile (B02B49B5-BB20-44E9-A304-32B752E40360): 2
LogDevObjectVersion:   Dev-Networking (A4E4105C-59A1-49B5-A7C5-40C4547EDFEE): 0
LogDevObjectVersion:   Dev-Online (39C831C9-5AE6-47DC-9A44-9C173E1C8E7C): 0
LogDevObjectVersion:   Dev-Physics (78F01B33-EBEA-4F98-B9B4-84EACCB95AA2): 0
LogDevObjectVersion:   Dev-Platform (6631380F-2D4D-43E0-8009-CF276956A95A): 0
LogDevObjectVersion:   Dev-Rendering (12F88B9F-8875-4AFC-A67C-D90C383ABD29): 26
LogDevObjectVersion:   Dev-Sequencer (7B5AE74C-D270-4C10-A958-57980B212A5A): 9
LogDevObjectVersion:   Dev-VR (D7296918-1DD6-4BDD-9DE2-64A83CC13884): 2
LogDevObjectVersion:   Dev-LoadTimes (C2A15278-BFE7-4AFE-6C17-90FF531DF755): 1
LogDevObjectVersion:   Private-Geometry (6EACA3D4-40EC-4CC1-B786-8BED09428FC5): 3
LogDevObjectVersion:   Dev-AnimPhys (29E575DD-E0A3-4627-9D10-D276232CDCEA): 17
LogDevObjectVersion:   Dev-ReflectionCapture (6B266CEC-1EC7-4B8F-A30B-E4D90942FC07): 1
LogDevObjectVersion:   Dev-Automation (0DF73D61-A23F-47EA-B727-89E90C41499A): 1
LogDevObjectVersion:   FortniteMain (601D1886-AC64-4F84-AA16-D3DE0DEAC7D6): 12
LogDevObjectVersion:   Dev-Enterprise (9DFFBCD6-494F-0158-E221-12823C92A888): 1
LogStreaming: Display: Took  0.029s to delete old logs.
LogInit: Presizing for max 8388607 objects, including 0 objects not considered by GC, pre-allocating 0 bytes for permanent pool.
LogInit: Object subsystem initialized
[2018.12.28-22.33.58:058][  0]LogInit: Selected Device Profile: [Windows]
[2018.12.28-22.33.58:058][  0]LogInit: Applying CVar settings loaded from the selected device profile: [Windows]
[2018.12.28-22.33.58:142][  0]LogHAL: Display: Platform has ~ 8 GB [8526880768 / 8589934592 / 8], which maps to Default [LargestMinGB=32, LargerMinGB=12, DefaultMinGB=8, SmallerMinGB=6, SmallestMinGB=0)
[2018.12.28-22.33.58:142][  0]LogInit: Setting Device Profile CVar: [[r.Vulkan.UseRealUBs:1]]
[2018.12.28-22.33.58:142][  0]LogInit: Going up to parent DeviceProfile []
[2018.12.28-22.33.58:143][  0]LogInit: Computer: DESKTOP-EEGEEHC
[2018.12.28-22.33.58:143][  0]LogInit: User: ChristopherP
[2018.12.28-22.33.58:143][  0]LogInit: CPU Page size=4096, Cores=4
[2018.12.28-22.33.58:143][  0]LogInit: High frequency timer resolution =2.648437 MHz
[2018.12.28-22.33.58:143][  0]LogMemory: Memory total: Physical=7.9GB (8GB approx)
[2018.12.28-22.33.58:143][  0]LogMemory: Platform Memory Stats for Windows
[2018.12.28-22.33.58:143][  0]LogMemory: Process Physical Memory: 100.00 MB used, 100.00 MB peak
[2018.12.28-22.33.58:143][  0]LogMemory: Process Virtual Memory: 84.21 MB used, 84.21 MB peak
[2018.12.28-22.33.58:143][  0]LogMemory: Physical Memory: 5833.54 MB used,  2298.33 MB free, 8131.87 MB total
[2018.12.28-22.33.58:143][  0]LogMemory: Virtual Memory: 4611.10 MB used,  2298.33 MB free, 134217728.00 MB total
[2018.12.28-22.33.58:168][  0]LogInit: Using OS detected language (en-US).
[2018.12.28-22.33.58:168][  0]LogInit: Using OS detected locale (en-US).
[2018.12.28-22.33.58:170][  0]LogTextLocalizationManager: No specific localization for 'en-US' exists, so the 'en' localization will be used.
[2018.12.28-22.33.58:569][  0]LogStreaming: Display: Took  0.401s to InitEngineTextLocalization.
[2018.12.28-22.33.58:569][  0]LogInit: Setting process to per monitor DPI aware
[2018.12.28-22.33.58:653][  0]LogSlate: New Slate User Created.  User Index 0, Is Virtual User: 0
[2018.12.28-22.33.58:653][  0]LogSlate: Slate User Registered.  User Index 0, Is Virtual User: 0
[2018.12.28-22.33.59:132][  0]LogHMD: Failed to initialize OpenVR with code 110
[2018.12.28-22.33.59:132][  0]LogD3D11RHI: D3D11 adapters:
[2018.12.28-22.33.59:223][  0]LogD3D11RHI:    0. 'NVIDIA GeForce GTX 1070' (Feature Level 11_0)
[2018.12.28-22.33.59:223][  0]LogD3D11RHI:       8088/0/4065 MB DedicatedVideo/DedicatedSystem/SharedSystem, Outputs:1, VendorId:0x10de
[2018.12.28-22.33.59:225][  0]LogD3D11RHI:    1. 'Microsoft Basic Render Driver' (Feature Level 11_0)
[2018.12.28-22.33.59:225][  0]LogD3D11RHI:       0/0/4065 MB DedicatedVideo/DedicatedSystem/SharedSystem, Outputs:0, VendorId:0x1414
[2018.12.28-22.33.59:225][  0]LogD3D11RHI: Chosen D3D11 Adapter: 0
[2018.12.28-22.33.59:232][  0]LogD3D11RHI: Creating new Direct3DDevice
[2018.12.28-22.33.59:232][  0]LogD3D11RHI:     GPU DeviceId: 0x1b81 (for the marketing name, search the web for "GPU Device Id")
[2018.12.28-22.33.59:232][  0]LogWindows: EnumDisplayDevices:
[2018.12.28-22.33.59:232][  0]LogWindows:    0. 'NVIDIA GeForce GTX 1070' (P:1 D:1)
[2018.12.28-22.33.59:233][  0]LogWindows:    1. 'NVIDIA GeForce GTX 1070' (P:0 D:0)
[2018.12.28-22.33.59:233][  0]LogWindows:    2. 'NVIDIA GeForce GTX 1070' (P:0 D:0)
[2018.12.28-22.33.59:233][  0]LogWindows:    3. 'NVIDIA GeForce GTX 1070' (P:0 D:0)
[2018.12.28-22.33.59:234][  0]LogWindows: DebugString: FoundDriverCount:4 
[2018.12.28-22.33.59:234][  0]LogD3D11RHI:     Adapter Name: NVIDIA GeForce GTX 1070
[2018.12.28-22.33.59:234][  0]LogD3D11RHI:   Driver Version: 417.35 (internal:25.21.14.1735, unified:417.35)
[2018.12.28-22.33.59:234][  0]LogD3D11RHI:      Driver Date: 12-11-2018
[2018.12.28-22.33.59:234][  0]LogRHI: Texture pool is 5661 MB (70% of 8088 MB)
[2018.12.28-22.33.59:282][  0]LogD3D11RHI: Async texture creation enabled
[2018.12.28-22.33.59:318][  0]LogD3D11RHI: GPU Timing Frequency: 1000.000000 (Debug: 2 2)
[2018.12.28-22.33.59:369][  0]LogShaderCompilers: Guid format shader working directory is -2 characters bigger than the processId version (../../../../../GitKrakenRepo/TheDoll/DAGD300Assignment/Intermediate/Shaders/WorkingDirectory/16088/).
[2018.12.28-22.33.59:369][  0]LogShaderCompilers: Cleaned the shader compiler working directory 'C:/Users/ChristopherP/AppData/Local/Temp/UnrealShaderWorkingDir/22C7639F4DF927A5F99E46881AF16C12/'.
[2018.12.28-22.33.59:887][  0]LogTemp: Display: Loaded TP AllDesktopTargetPlatform
[2018.12.28-22.33.59:901][  0]LogTemp: Display: Loaded TP MacClientTargetPlatform
[2018.12.28-22.33.59:916][  0]LogTemp: Display: Loaded TP MacNoEditorTargetPlatform
[2018.12.28-22.33.59:930][  0]LogTemp: Display: Loaded TP MacServerTargetPlatform
[2018.12.28-22.33.59:946][  0]LogTemp: Display: Loaded TP MacTargetPlatform
[2018.12.28-22.33.59:961][  0]LogTemp: Display: Loaded TP WindowsClientTargetPlatform
[2018.12.28-22.33.59:976][  0]LogTemp: Display: Loaded TP WindowsNoEditorTargetPlatform
[2018.12.28-22.33.59:991][  0]LogTemp: Display: Loaded TP WindowsServerTargetPlatform
[2018.12.28-22.33.59:998][  0]LogTemp: Display: Loaded TP WindowsTargetPlatform
[2018.12.28-22.34.00:085][  0]LogTemp: Display: Loaded TP AndroidTargetPlatform
[2018.12.28-22.34.00:085][  0]LogTemp: Display: Loaded TP AndroidTargetPlatform
[2018.12.28-22.34.00:085][  0]LogTemp: Display: Loaded TP AndroidTargetPlatform
[2018.12.28-22.34.00:085][  0]LogTemp: Display: Loaded TP AndroidTargetPlatform
[2018.12.28-22.34.00:085][  0]LogTemp: Display: Loaded TP AndroidTargetPlatform
[2018.12.28-22.34.00:085][  0]LogTemp: Display: Loaded TP AndroidTargetPlatform
[2018.12.28-22.34.00:085][  0]LogTemp: Display: Loaded TP AndroidTargetPlatform
[2018.12.28-22.34.00:085][  0]LogTemp: Display: Loaded TP AndroidTargetPlatform
[2018.12.28-22.34.00:085][  0]LogTemp: Display: Loaded TP AndroidTargetPlatform
[2018.12.28-22.34.00:085][  0]LogTemp: Display: Loaded TP AndroidTargetPlatform
[2018.12.28-22.34.00:085][  0]LogTemp: Display: Loaded TP AndroidTargetPlatform
[2018.12.28-22.34.00:085][  0]LogTemp: Display: Loaded TP AndroidTargetPlatform
[2018.12.28-22.34.00:085][  0]LogTemp: Display: Loaded TP AndroidTargetPlatform
[2018.12.28-22.34.00:085][  0]LogTemp: Display: Loaded TP AndroidTargetPlatform
[2018.12.28-22.34.00:085][  0]LogTemp: Display: Loaded TP AndroidTargetPlatform
[2018.12.28-22.34.00:085][  0]LogTemp: Display: Loaded TP AndroidTargetPlatform
[2018.12.28-22.34.00:085][  0]LogTemp: Display: Loaded TP AndroidTargetPlatform
[2018.12.28-22.34.00:085][  0]LogTemp: Display: Loaded TP AndroidTargetPlatform
[2018.12.28-22.34.00:087][  0]LogTemp: Display: Loaded TP HTML5TargetPlatform
[2018.12.28-22.34.00:148][  0]LogTemp: Display: Loaded TP IOSTargetPlatform
[2018.12.28-22.34.00:148][  0]LogTemp: Display: Loaded TP IOSTargetPlatform
[2018.12.28-22.34.00:174][  0]LogTemp: Display: Loaded TP TVOSTargetPlatform
[2018.12.28-22.34.00:174][  0]LogTemp: Display: Loaded TP TVOSTargetPlatform
[2018.12.28-22.34.00:188][  0]LogTemp: Display: Loaded TP LinuxClientTargetPlatform
[2018.12.28-22.34.00:201][  0]LogTemp: Display: Loaded TP LinuxNoEditorTargetPlatform
[2018.12.28-22.34.00:215][  0]LogTemp: Display: Loaded TP LinuxServerTargetPlatform
[2018.12.28-22.34.00:229][  0]LogTemp: Display: Loaded TP LinuxTargetPlatform
[2018.12.28-22.34.00:239][  0]LogTemp: Display: Loaded TP LuminTargetPlatform
[2018.12.28-22.34.00:239][  0]LogTargetPlatformManager: Display: Building Assets For Windows
[2018.12.28-22.34.00:314][  0]LogXGEController: Cannot use XGE Controller as Incredibuild is not installed on this machine.
[2018.12.28-22.34.00:314][  0]LogShaderCompilers: Cannot use XGE Shader Compiler as Incredibuild is not installed on this machine.
[2018.12.28-22.34.00:314][  0]LogShaderCompilers: Display: Using Local Shader Compiler.
[2018.12.28-22.34.01:122][  0]LogDerivedDataCache: Display: Max Cache Size: 512 MB
[2018.12.28-22.34.01:194][  0]LogDerivedDataCache: Loaded boot cache 0.07s 71MB C:/Users/ChristopherP/AppData/Local/UnrealEngine/4.20/DerivedDataCache/Boot.ddc.
[2018.12.28-22.34.01:194][  0]LogDerivedDataCache: Display: Loaded Boot cache: C:/Users/ChristopherP/AppData/Local/UnrealEngine/4.20/DerivedDataCache/Boot.ddc
[2018.12.28-22.34.01:195][  0]LogDerivedDataCache: FDerivedDataBackendGraph:  Pak pak cache file ../../../../../GitKrakenRepo/TheDoll/DAGD300Assignment/DerivedDataCache/DDC.ddp not found, will not use a pak cache.
[2018.12.28-22.34.01:195][  0]LogDerivedDataCache: Unable to find inner node Pak for hierarchical cache Hierarchy.
[2018.12.28-22.34.01:195][  0]LogDerivedDataCache: FDerivedDataBackendGraph:  CompressedPak pak cache file ../../../../../GitKrakenRepo/TheDoll/DAGD300Assignment/DerivedDataCache/Compressed.ddp not found, will not use a pak cache.
[2018.12.28-22.34.01:195][  0]LogDerivedDataCache: Unable to find inner node CompressedPak for hierarchical cache Hierarchy.
[2018.12.28-22.34.01:208][  0]LogDerivedDataCache: Display: Pak cache opened for reading ../../../Engine/DerivedDataCache/Compressed.ddp.
[2018.12.28-22.34.01:221][  0]LogDerivedDataCache: Using Local data cache path C:/Users/ChristopherP/AppData/Local/UnrealEngine/Common/DerivedDataCache: Writable
[2018.12.28-22.34.01:221][  0]LogDerivedDataCache: Shared data cache path not found in *engine.ini, will not use an Shared cache.
[2018.12.28-22.34.01:221][  0]LogDerivedDataCache: Unable to find inner node Shared for hierarchical cache Hierarchy.
[2018.12.28-22.34.01:242][  0]LogMaterial: Verifying Global Shaders for PCD3D_SM5
[2018.12.28-22.34.01:243][  0]LogSlate: Using FreeType 2.6.0
[2018.12.28-22.34.01:245][  0]LogSlate: SlateFontServices - WITH_FREETYPE: 1, WITH_HARFBUZZ: 1
[2018.12.28-22.34.01:363][  0]LogAssetRegistry: FAssetRegistry took 0.0265 seconds to start up
[2018.12.28-22.34.01:704][  0]LogInit: Selected Device Profile: [Windows]
[2018.12.28-22.34.01:856][  0]LogSimplygon: Simplygon DLL not present - disabling.
[2018.12.28-22.34.01:861][  0]LogMeshReduction: Using SimplygonSwarm for distributed automatic mesh merging
[2018.12.28-22.34.01:861][  0]LogMeshReduction: Using ProxyLODMeshReduction for automatic mesh merging
[2018.12.28-22.34.01:861][  0]LogMeshReduction: Using QuadricMeshReduction for automatic static mesh reduction
[2018.12.28-22.34.01:861][  0]LogMeshReduction: No automatic skeletal mesh reduction module available
[2018.12.28-22.34.01:887][  0]LogNetVersion: DAGD300Assignment 1.0.0, NetCL: 4212847, EngineNetVer: 5, GameNetVer: 0 (Checksum: 724653226)
[2018.12.28-22.34.02:863][  0]LogPackageLocalizationCache: Processed 11 localized package path(s) for 2 prioritized culture(s) in 0.339738 seconds
[2018.12.28-22.34.02:873][  0]LogUObjectArray: 38425 objects as part of root set at end of initial load.
[2018.12.28-22.34.02:873][  0]LogUObjectAllocator: 6690864 out of 0 bytes used by permanent object pool.
[2018.12.28-22.34.02:873][  0]LogUObjectArray: CloseDisregardForGC: 0/0 objects in disregard for GC pool
[2018.12.28-22.34.04:265][  0]LogTcpMessaging: Initializing TcpMessaging bridge
[2018.12.28-22.34.04:279][  0]LogUdpMessaging: Initializing bridge on interface 0.0.0.0:0 to multicast group 230.0.0.1:6666.
[2018.12.28-22.34.04:451][  0]SourceControl: Source control is disabled
[2018.12.28-22.34.04:451][  0]SourceControl: Source control is disabled
[2018.12.28-22.34.04:453][  0]SourceControl: Source control is disabled
[2018.12.28-22.34.04:454][  0]SourceControl: Source control is disabled
[2018.12.28-22.34.04:649][  0]LogAndroidPermission: UAndroidPermissionCallbackProxy::GetInstance
[2018.12.28-22.34.04:765][  0]LogOcInput: OculusInput pre-init called
[2018.12.28-22.34.04:831][  0]LogEngine: Initializing Engine...
[2018.12.28-22.34.04:832][  0]LogHMD: Failed to initialize OpenVR with code 110
[2018.12.28-22.34.04:834][  0]LogStats: UGameplayTagsManager::ConstructGameplayTagTree: ImportINI prefixes -  0.000 s
[2018.12.28-22.34.04:834][  0]LogStats: UGameplayTagsManager::ConstructGameplayTagTree: Construct from data asset -  0.000 s
[2018.12.28-22.34.04:834][  0]LogStats: UGameplayTagsManager::ConstructGameplayTagTree: ImportINI -  0.000 s
[2018.12.28-22.34.04:834][  0]LogStats: UGameplayTagsManager::ConstructGameplayTagTree: GameplayTagTreeChangedEvent.Broadcast -  0.000 s
[2018.12.28-22.34.05:097][  0]LogInit: Initializing FReadOnlyCVARCache
[2018.12.28-22.34.05:113][  0]LogAIModule: Creating AISystem for world Untitled
[2018.12.28-22.34.05:225][  0]LogInit: XAudio2 using 'Speakers (Realtek High Definition Audio)' : 2 channels at 48 kHz using 32 bits per sample (channel mask 0x3)
[2018.12.28-22.34.05:281][  0]LogInit: FAudioDevice initialized.
[2018.12.28-22.34.05:281][  0]LogNetVersion: Set ProjectVersion to 1.0.0.0. Version Checksum will be recalculated on next use.
[2018.12.28-22.34.05:440][  0]LogDerivedDataCache: Saved boot cache 0.16s 71MB C:/Users/ChristopherP/AppData/Local/UnrealEngine/4.20/DerivedDataCache/Boot.ddc.
[2018.12.28-22.34.05:447][  0]LogInit: Texture streaming: Enabled
[2018.12.28-22.34.05:470][  0]LogEngineSessionManager: EngineSessionManager initialized
[2018.12.28-22.34.05:647][  0]LogInit: Transaction tracking system initialized
[2018.12.28-22.34.05:672][  0]BlueprintLog: New page: Editor Load
[2018.12.28-22.34.05:766][  0]LocalizationService: Localization service is disabled
[2018.12.28-22.34.07:265][  0]LogCook: Display: Max memory allowance for cook 16384mb min free memory 0mb
[2018.12.28-22.34.07:265][  0]LogCook: Display: Mobile HDR setting 1
[2018.12.28-22.34.07:356][  0]LogFileCache: Scanning file cache for directory 'D:/GitKrakenRepo/TheDoll/DAGD300Assignment/Content/' took 0.02s
[2018.12.28-22.34.07:356][  0]LogGameplayTags: Display: UGameplayTagsManager::DoneAddingNativeTags. DelegateIsBound: 0
[2018.12.28-22.34.07:356][  0]LogStats: UGameplayTagsManager::ConstructGameplayTagTree: ImportINI prefixes -  0.000 s
[2018.12.28-22.34.07:356][  0]LogStats: UGameplayTagsManager::ConstructGameplayTagTree: Construct from data asset -  0.000 s
[2018.12.28-22.34.07:356][  0]LogStats: UGameplayTagsManager::ConstructGameplayTagTree: ImportINI -  0.000 s
[2018.12.28-22.34.07:356][  0]LogStats: UGameplayTagsManager::ConstructGameplayTagTree: GameplayTagTreeChangedEvent.Broadcast -  0.000 s
[2018.12.28-22.34.07:800][  0]SourceControl: Source control is disabled
[2018.12.28-22.34.07:800][  0]Cmd: MAP LOAD FILE="../../../../../GitKrakenRepo/TheDoll/DAGD300Assignment/Content/SideScrollerBP/Maps/SideScrollerExampleMap.umap" TEMPLATE=0 SHOWPROGRESS=1 FEATURELEVEL=3
[2018.12.28-22.34.07:973][  0]LightingResults: New page: Lighting Build
[2018.12.28-22.34.07:977][  0]MapCheck: New page: Map Check
[2018.12.28-22.34.07:977][  0]LightingResults: New page: Lighting Build
[2018.12.28-22.34.36:342][  0]LogAIModule: Creating AISystem for world SideScrollerExampleMap
[2018.12.28-22.34.38:879][  0]LogEditorServer: Finished looking for orphan Actors (0.000 secs)
[2018.12.28-22.34.38:954][  0]Cmd: MAP CHECKDEP NOCLEARLOG
[2018.12.28-22.34.39:137][  0]MapCheck: Map check complete: 0 Error(s), 0 Warning(s), took 182.216ms to complete.
[2018.12.28-22.34.39:137][  0]LogFileHelpers: Loading map 'SideScrollerExampleMap' took 31.337
[2018.12.28-22.34.42:282][  0]LogSlate: Updating window title bar state: overlay mode, drag disabled, window buttons hidden, title bar hidden
[2018.12.28-22.34.42:385][  0]LogSlate: Updating window title bar state: overlay mode, drag disabled, window buttons hidden, title bar hidden
[2018.12.28-22.34.42:395][  0]LogSlate: Updating window title bar state: overlay mode, drag disabled, window buttons hidden, title bar hidden
[2018.12.28-22.34.42:405][  0]LogSlate: Updating window title bar state: overlay mode, drag disabled, window buttons hidden, title bar hidden
[2018.12.28-22.34.43:050][  0]LogCollectionManager: Loaded 0 collections in 0.002641 seconds
[2018.12.28-22.34.44:523][  0]LogFileCache: Scanning file cache for directory 'D:/GitKrakenRepo/TheDoll/DAGD300Assignment/Saved/Collections/' took 0.01s
[2018.12.28-22.34.44:523][  0]LogFileCache: Scanning file cache for directory 'D:/GitKrakenRepo/TheDoll/DAGD300Assignment/Content/Developers/ChristopherP/Collections/' took 0.01s
[2018.12.28-22.34.44:523][  0]LogFileCache: Scanning file cache for directory 'D:/GitKrakenRepo/TheDoll/DAGD300Assignment/Content/Collections/' took 0.01s
[2018.12.28-22.34.44:523][  0]LogCollectionManager: Rebuilt the GUID cache for 0 collections in 0.000001 seconds
[2018.12.28-22.34.44:879][  0]LogContentBrowser: Native class hierarchy populated in 0.1976 seconds. Added 2572 classes and 603 folders.
[2018.12.28-22.34.45:366][  0]LogContentBrowser: Native class hierarchy updated for 'WidgetCarousel' in 0.0004 seconds. Added 0 classes and 0 folders.
[2018.12.28-22.34.56:313][  0]LogContentBrowser: Native class hierarchy updated for 'AddContentDialog' in 0.0004 seconds. Added 0 classes and 0 folders.
[2018.12.28-22.34.57:025][  0]LogContentBrowser: Native class hierarchy updated for 'SceneOutliner' in 0.0005 seconds. Added 1 classes and 2 folders.
[2018.12.28-22.35.04:808][  0]LogSlate: Took 0.001059 seconds to synchronously load lazily loaded font '../../../Engine/Content/Slate/Fonts/Roboto-Regular.ttf' (155K)
[2018.12.28-22.35.04:811][  0]LogSlate: Took 0.000637 seconds to synchronously load lazily loaded font '../../../Engine/Content/Slate/Fonts/Roboto-Bold.ttf' (160K)
[2018.12.28-22.35.04:960][  0]LogSlate: Took 0.051698 seconds to synchronously load lazily loaded font '../../../Engine/Content/Editor/Slate/Fonts/FontAwesome.ttf' (139K)
[2018.12.28-22.35.06:613][  0]LogRenderer: Reallocating scene render targets to support 1216x596 Format 10 NumSamples 1 (Frame:1).
[2018.12.28-22.35.09:100][  0]LogSlate: Took 0.074243 seconds to synchronously load lazily loaded font '../../../Engine/Content/Slate/Fonts/Roboto-Light.ttf' (167K)
[2018.12.28-22.35.09:703][  0]LogContentBrowser: Native class hierarchy updated for 'HierarchicalLODOutliner' in 0.0004 seconds. Added 0 classes and 0 folders.
[2018.12.28-22.35.09:703][  0]LogLoad: (Engine Initialization) Total time: 78.20 seconds
[2018.12.28-22.35.09:703][  0]LogLoad: (Engine Initialization) Total Blueprint compile time: 0.00 seconds
[2018.12.28-22.35.09:829][  0]LogWindowsTextInputMethodSystem: Display: IME system now deactivated.
[2018.12.28-22.35.10:129][  0]LogContentStreaming: Texture pool size now 1000 MB
[2018.12.28-22.35.10:775][  1]LogAssetRegistry: Asset discovery search completed in 69.4343 seconds
[2018.12.28-22.35.10:777][  1]LogCollectionManager: Rebuilt the object cache for 0 collections in 0.000000 seconds (found 0 objects)
[2018.12.28-22.35.10:777][  1]LogCollectionManager: Fixed up redirectors for 0 collections in 0.000061 seconds (updated 0 objects)
[2018.12.28-22.37.22:414][253]LogSlate: FSceneViewport::OnFocusLost() reason 0
[2018.12.28-22.37.51:789][265]LogSlate: Took 0.000407 seconds to synchronously load lazily loaded font '../../../Engine/Content/Slate/Fonts/Roboto-Light.ttf' (167K)
[2018.12.28-22.37.51:857][265]LogAssetEditorManager: Opening Asset editor for World /Game/SideScrollerBP/Maps/DemoWorld.DemoWorld
[2018.12.28-22.37.54:113][265]LogSlate: Window 'Save Content' being destroyed
[2018.12.28-22.37.55:027][265]LogSavePackage: Moving '../../../../../GitKrakenRepo/TheDoll/DAGD300Assignment/Saved/DemoWorldAC1765874F046D90897F7493D3F104E8.tmp' to '../../../../../GitKrakenRepo/TheDoll/DAGD300Assignment/Content/SideScrollerBP/Maps/DemoWorld.umap'
[2018.12.28-22.37.55:090][265]LogFileHelpers: Saving map 'DemoWorld' took 0.952
[2018.12.28-22.37.55:111][265]Cmd: MAP LOAD FILE="../../../../../GitKrakenRepo/TheDoll/DAGD300Assignment/Content/SideScrollerBP/Maps/DemoWorld.umap" TEMPLATE=0 SHOWPROGRESS=1 FEATURELEVEL=3
[2018.12.28-22.37.55:111][265]LightingResults: New page: Lighting Build
[2018.12.28-22.37.55:112][265]LoadErrors: New page: Loading map: DemoWorld.umap
[2018.12.28-22.37.55:178][265]MapCheck: New page: Map Check
[2018.12.28-22.37.55:178][265]LightingResults: New page: Lighting Build
[2018.12.28-22.37.55:400][265]LogEditorServer: Finished looking for orphan Actors (0.000 secs)
[2018.12.28-22.37.55:401][265]LogAIModule: Creating AISystem for world DemoWorld
[2018.12.28-22.37.55:473][265]Cmd: MAP CHECKDEP NOCLEARLOG
[2018.12.28-22.37.55:614][265]MapCheck: Map check complete: 0 Error(s), 0 Warning(s), took 140.422ms to complete.
[2018.12.28-22.37.55:616][265]LogFileHelpers: Loading map 'DemoWorld' took 0.524
[2018.12.28-22.38.09:201][436]LogSlate: FSceneViewport::OnFocusLost() reason 0
[2018.12.28-22.38.21:611][760]LogSlate: FSceneViewport::OnFocusLost() reason 0
[2018.12.28-22.38.57:931][599]LogEditorViewport: Clicking on Actor (LMB): BP_Sky_Sphere_C (BP_Sky_Sphere)
[2018.12.28-22.38.59:255][753]LogSlate: FSceneViewport::OnFocusLost() reason 0
[2018.12.28-22.39.07:912][757]Cmd: BRUSH ADD SELECTNEWBRUSH
[2018.12.28-22.39.13:157][220]LogSlate: FSceneViewport::OnFocusLost() reason 0
[2018.12.28-22.39.25:964][630]LogTemp: Repeating last play command: New Editor Window (PIE)
[2018.12.28-22.39.26:026][630]LogPlayLevel: PlayLevel: No blueprints needed recompiling
[2018.12.28-22.39.26:124][630]PIE: New page: PIE session: DemoWorld (Dec 28, 2018, 12:39:26 PM)
[2018.12.28-22.39.26:124][630]LogPlayLevel: Creating play world package: /Game/SideScrollerBP/Maps/UEDPIE_0_DemoWorld
[2018.12.28-22.39.26:192][630]LogPlayLevel: PIE: StaticDuplicateObject took: (0.068039s)
[2018.12.28-22.39.26:193][630]LogAIModule: Creating AISystem for world DemoWorld
[2018.12.28-22.39.26:193][630]LogPlayLevel: PIE: World Init took: (0.000841s)
[2018.12.28-22.39.26:208][630]LogPlayLevel: PIE: Created PIE world by copying editor world from /Game/SideScrollerBP/Maps/DemoWorld.DemoWorld to /Game/SideScrollerBP/Maps/UEDPIE_0_DemoWorld.DemoWorld (0.083310s)
[2018.12.28-22.39.26:293][630]LogInit: XAudio2 using 'Speakers (Realtek High Definition Audio)' : 2 channels at 48 kHz using 32 bits per sample (channel mask 0x3)
[2018.12.28-22.39.26:317][630]LogInit: FAudioDevice initialized.
[2018.12.28-22.39.26:335][630]LogSlate: Updating window title bar state: overlay mode, drag disabled, window buttons hidden, title bar hidden
[2018.12.28-22.39.26:404][630]LogLoad: Game class is 'SideScrollerGameMode_C'
[2018.12.28-22.39.26:454][630]LogWorld: Bringing World /Game/SideScrollerBP/Maps/UEDPIE_0_DemoWorld.DemoWorld up for play (max tick rate 0) at 2018.12.28-17.39.26
[2018.12.28-22.39.26:464][630]LogWorld: Bringing up level for play took: 0.010995
[2018.12.28-22.39.26:574][630]LogContentBrowser: Native class hierarchy updated for 'MovieSceneCapture' in 0.0005 seconds. Added 10 classes and 0 folders.
[2018.12.28-22.39.26:673][630]PIE: Play in editor start time for /Game/SideScrollerBP/Maps/UEDPIE_0_DemoWorld 0.621
[2018.12.28-22.39.26:733][630]LogRenderer: Reallocating scene render targets to support 1292x756 Format 10 NumSamples 1 (Frame:1).
[2018.12.28-22.39.31:678][157]LogSlate: Updating window title bar state: overlay mode, drag disabled, window buttons hidden, title bar hidden
[2018.12.28-22.39.31:694][157]LogSlate: Window 'DAGD300Assignment Game Preview Standalone (64-bit/PCD3D_SM5)' being destroyed
[2018.12.28-22.39.31:776][157]LogPlayLevel: Display: Shutting down PIE online subsystems
[2018.12.28-22.39.31:855][158]LogPlayLevel: Display: Destroying online subsystem :Context_9
[2018.12.28-22.39.40:615][ 69]LogSlate: FSceneViewport::OnFocusLost() reason 0
[2018.12.28-22.40.04:631][890]LogTemp: Repeating last play command: New Editor Window (PIE)
[2018.12.28-22.40.04:652][890]LogPlayLevel: PlayLevel: No blueprints needed recompiling
[2018.12.28-22.40.04:652][890]PIE: New page: PIE session: DemoWorld (Dec 28, 2018, 12:40:04 PM)
[2018.12.28-22.40.04:652][890]LogPlayLevel: Creating play world package: /Game/SideScrollerBP/Maps/UEDPIE_0_DemoWorld
[2018.12.28-22.40.04:656][890]LogPlayLevel: PIE: StaticDuplicateObject took: (0.003793s)
[2018.12.28-22.40.04:657][890]LogAIModule: Creating AISystem for world DemoWorld
[2018.12.28-22.40.04:657][890]LogPlayLevel: PIE: World Init took: (0.000867s)
[2018.12.28-22.40.04:657][890]LogPlayLevel: PIE: Created PIE world by copying editor world from /Game/SideScrollerBP/Maps/DemoWorld.DemoWorld to /Game/SideScrollerBP/Maps/UEDPIE_0_DemoWorld.DemoWorld (0.004812s)
[2018.12.28-22.40.04:713][890]LogInit: XAudio2 using 'Speakers (Realtek High Definition Audio)' : 2 channels at 48 kHz using 32 bits per sample (channel mask 0x3)
[2018.12.28-22.40.04:737][890]LogInit: FAudioDevice initialized.
[2018.12.28-22.40.04:744][890]LogSlate: Updating window title bar state: overlay mode, drag disabled, window buttons hidden, title bar hidden
[2018.12.28-22.40.04:781][890]LogLoad: Game class is 'SideScrollerGameMode_C'
[2018.12.28-22.40.04:783][890]LogWorld: Bringing World /Game/SideScrollerBP/Maps/UEDPIE_0_DemoWorld.DemoWorld up for play (max tick rate 0) at 2018.12.28-17.40.04
[2018.12.28-22.40.04:783][890]LogWorld: Bringing up level for play took: 0.000800
[2018.12.28-22.40.04:800][890]PIE: Play in editor start time for /Game/SideScrollerBP/Maps/UEDPIE_0_DemoWorld 0.748
[2018.12.28-22.40.07:802][214]LogEditorViewport: Clicking on Actor (LMB): DirectionalLight (DirectionalLight)
[2018.12.28-22.40.15:214][ 17]LogSlate: FSceneViewport::OnFocusLost() reason 0
[2018.12.28-22.40.15:334][ 31]LogSlate: Updating window title bar state: overlay mode, drag disabled, window buttons hidden, title bar hidden
[2018.12.28-22.40.15:354][ 31]LogSlate: Window 'DAGD300Assignment Game Preview Standalone (64-bit/PCD3D_SM5)' being destroyed
[2018.12.28-22.40.15:383][ 31]LogPlayLevel: Display: Shutting down PIE online subsystems
[2018.12.28-22.40.15:440][ 34]LogPlayLevel: Display: Destroying online subsystem :Context_10
[2018.12.28-22.40.21:107][698]LogSlate: FSceneViewport::OnFocusLost() reason 0
[2018.12.28-22.40.46:545][688]LogSlate: FSceneViewport::OnFocusLost() reason 0
[2018.12.28-22.40.46:637][699]LogTemp: Repeating last play command: New Editor Window (PIE)
[2018.12.28-22.40.46:657][699]LogPlayLevel: PlayLevel: No blueprints needed recompiling
[2018.12.28-22.40.46:657][699]PIE: New page: PIE session: DemoWorld (Dec 28, 2018, 12:40:46 PM)
[2018.12.28-22.40.46:657][699]LogPlayLevel: Creating play world package: /Game/SideScrollerBP/Maps/UEDPIE_0_DemoWorld
[2018.12.28-22.40.46:661][699]LogPlayLevel: PIE: StaticDuplicateObject took: (0.003828s)
[2018.12.28-22.40.46:662][699]LogAIModule: Creating AISystem for world DemoWorld
[2018.12.28-22.40.46:662][699]LogPlayLevel: PIE: World Init took: (0.000950s)
[2018.12.28-22.40.46:662][699]LogPlayLevel: PIE: Created PIE world by copying editor world from /Game/SideScrollerBP/Maps/DemoWorld.DemoWorld to /Game/SideScrollerBP/Maps/UEDPIE_0_DemoWorld.DemoWorld (0.004924s)
[2018.12.28-22.40.46:719][699]LogInit: XAudio2 using 'Speakers (Realtek High Definition Audio)' : 2 channels at 48 kHz using 32 bits per sample (channel mask 0x3)
[2018.12.28-22.40.46:743][699]LogInit: FAudioDevice initialized.
[2018.12.28-22.40.46:751][699]LogSlate: Updating window title bar state: overlay mode, drag disabled, window buttons hidden, title bar hidden
[2018.12.28-22.40.46:789][699]LogLoad: Game class is 'SideScrollerGameMode_C'
[2018.12.28-22.40.46:791][699]LogWorld: Bringing World /Game/SideScrollerBP/Maps/UEDPIE_0_DemoWorld.DemoWorld up for play (max tick rate 0) at 2018.12.28-17.40.46
[2018.12.28-22.40.46:791][699]LogWorld: Bringing up level for play took: 0.000847
[2018.12.28-22.40.46:809][699]PIE: Play in editor start time for /Game/SideScrollerBP/Maps/UEDPIE_0_DemoWorld 0.757
[2018.12.28-22.41.00:898][253]LogSlate: Updating window title bar state: overlay mode, drag disabled, window buttons hidden, title bar hidden
[2018.12.28-22.41.00:916][253]LogSlate: Window 'DAGD300Assignment Game Preview Standalone (64-bit/PCD3D_SM5)' being destroyed
[2018.12.28-22.41.00:949][253]LogPlayLevel: Display: Shutting down PIE online subsystems
[2018.12.28-22.41.01:008][255]LogPlayLevel: Display: Destroying online subsystem :Context_11
[2018.12.28-22.41.05:187][733]Cmd: BRUSH ADD SELECTNEWBRUSH
[2018.12.28-22.41.12:782][607]LogSlate: FSceneViewport::OnFocusLost() reason 0
[2018.12.28-22.41.17:290][120]LogTemp: Repeating last play command: New Editor Window (PIE)
[2018.12.28-22.41.17:311][120]LogPlayLevel: PlayLevel: No blueprints needed recompiling
[2018.12.28-22.41.17:311][120]PIE: New page: PIE session: DemoWorld (Dec 28, 2018, 12:41:17 PM)
[2018.12.28-22.41.17:312][120]LogPlayLevel: Creating play world package: /Game/SideScrollerBP/Maps/UEDPIE_0_DemoWorld
[2018.12.28-22.41.17:317][120]LogPlayLevel: PIE: StaticDuplicateObject took: (0.005461s)
[2018.12.28-22.41.17:318][120]LogAIModule: Creating AISystem for world DemoWorld
[2018.12.28-22.41.17:318][120]LogPlayLevel: PIE: World Init took: (0.000821s)
[2018.12.28-22.41.17:318][120]LogPlayLevel: PIE: Created PIE world by copying editor world from /Game/SideScrollerBP/Maps/DemoWorld.DemoWorld to /Game/SideScrollerBP/Maps/UEDPIE_0_DemoWorld.DemoWorld (0.006442s)
[2018.12.28-22.41.17:376][120]LogInit: XAudio2 using 'Speakers (Realtek High Definition Audio)' : 2 channels at 48 kHz using 32 bits per sample (channel mask 0x3)
[2018.12.28-22.41.17:400][120]LogInit: FAudioDevice initialized.
[2018.12.28-22.41.17:409][120]LogSlate: Updating window title bar state: overlay mode, drag disabled, window buttons hidden, title bar hidden
[2018.12.28-22.41.17:446][120]LogLoad: Game class is 'SideScrollerGameMode_C'
[2018.12.28-22.41.17:447][120]LogWorld: Bringing World /Game/SideScrollerBP/Maps/UEDPIE_0_DemoWorld.DemoWorld up for play (max tick rate 0) at 2018.12.28-17.41.17
[2018.12.28-22.41.17:448][120]LogWorld: Bringing up level for play took: 0.000932
[2018.12.28-22.41.17:466][120]PIE: Play in editor start time for /Game/SideScrollerBP/Maps/UEDPIE_0_DemoWorld -0.586
[2018.12.28-22.41.37:827][376]LogSlate: Updating window title bar state: overlay mode, drag disabled, window buttons hidden, title bar hidden
[2018.12.28-22.41.37:844][376]LogSlate: Window 'DAGD300Assignment Game Preview Standalone (64-bit/PCD3D_SM5)' being destroyed
[2018.12.28-22.41.37:875][376]LogPlayLevel: Display: Shutting down PIE online subsystems
[2018.12.28-22.41.37:932][378]LogPlayLevel: Display: Destroying online subsystem :Context_12
[2018.12.28-22.41.46:618][379]LogSlate: FSceneViewport::OnFocusLost() reason 0
[2018.12.28-22.41.46:726][392]LogTemp: Repeating last play command: New Editor Window (PIE)
[2018.12.28-22.41.46:744][392]LogPlayLevel: PlayLevel: No blueprints needed recompiling
[2018.12.28-22.41.46:744][392]PIE: New page: PIE session: DemoWorld (Dec 28, 2018, 12:41:46 PM)
[2018.12.28-22.41.46:744][392]LogPlayLevel: Creating play world package: /Game/SideScrollerBP/Maps/UEDPIE_0_DemoWorld
[2018.12.28-22.41.46:748][392]LogPlayLevel: PIE: StaticDuplicateObject took: (0.004201s)
[2018.12.28-22.41.46:749][392]LogAIModule: Creating AISystem for world DemoWorld
[2018.12.28-22.41.46:749][392]LogPlayLevel: PIE: World Init took: (0.000871s)
[2018.12.28-22.41.46:749][392]LogPlayLevel: PIE: Created PIE world by copying editor world from /Game/SideScrollerBP/Maps/DemoWorld.DemoWorld to /Game/SideScrollerBP/Maps/UEDPIE_0_DemoWorld.DemoWorld (0.005207s)
[2018.12.28-22.41.46:803][392]LogInit: XAudio2 using 'Speakers (Realtek High Definition Audio)' : 2 channels at 48 kHz using 32 bits per sample (channel mask 0x3)
[2018.12.28-22.41.46:824][392]LogInit: FAudioDevice initialized.
[2018.12.28-22.41.46:832][392]LogSlate: Updating window title bar state: overlay mode, drag disabled, window buttons hidden, title bar hidden
[2018.12.28-22.41.46:871][392]LogLoad: Game class is 'SideScrollerGameMode_C'
[2018.12.28-22.41.46:872][392]LogWorld: Bringing World /Game/SideScrollerBP/Maps/UEDPIE_0_DemoWorld.DemoWorld up for play (max tick rate 0) at 2018.12.28-17.41.46
[2018.12.28-22.41.46:872][392]LogWorld: Bringing up level for play took: 0.000787
[2018.12.28-22.41.46:891][392]PIE: Play in editor start time for /Game/SideScrollerBP/Maps/UEDPIE_0_DemoWorld 0.838
[2018.12.28-22.41.53:527][136]LogSlate: Updating window title bar state: overlay mode, drag disabled, window buttons hidden, title bar hidden
[2018.12.28-22.41.53:545][136]LogSlate: Window 'DAGD300Assignment Game Preview Standalone (64-bit/PCD3D_SM5)' being destroyed
[2018.12.28-22.41.53:576][136]LogPlayLevel: Display: Shutting down PIE online subsystems
[2018.12.28-22.41.53:634][138]LogPlayLevel: Display: Destroying online subsystem :Context_13
[2018.12.28-22.41.59:175][789]LogSlate: FSceneViewport::OnFocusLost() reason 0
[2018.12.28-22.41.59:300][804]LogTemp: Repeating last play command: New Editor Window (PIE)
[2018.12.28-22.41.59:358][804]LogPlayLevel: PlayLevel: No blueprints needed recompiling
[2018.12.28-22.41.59:359][804]PIE: New page: PIE session: DemoWorld (Dec 28, 2018, 12:41:59 PM)
[2018.12.28-22.41.59:359][804]LogPlayLevel: Creating play world package: /Game/SideScrollerBP/Maps/UEDPIE_0_DemoWorld
[2018.12.28-22.41.59:363][804]LogPlayLevel: PIE: StaticDuplicateObject took: (0.004331s)
[2018.12.28-22.41.59:364][804]LogAIModule: Creating AISystem for world DemoWorld
[2018.12.28-22.41.59:364][804]LogPlayLevel: PIE: World Init took: (0.000748s)
[2018.12.28-22.41.59:364][804]LogPlayLevel: PIE: Created PIE world by copying editor world from /Game/SideScrollerBP/Maps/DemoWorld.DemoWorld to /Game/SideScrollerBP/Maps/UEDPIE_0_DemoWorld.DemoWorld (0.005210s)
[2018.12.28-22.41.59:416][804]LogInit: XAudio2 using 'Speakers (Realtek High Definition Audio)' : 2 channels at 48 kHz using 32 bits per sample (channel mask 0x3)
[2018.12.28-22.41.59:437][804]LogInit: FAudioDevice initialized.
[2018.12.28-22.41.59:444][804]LogSlate: Updating window title bar state: overlay mode, drag disabled, window buttons hidden, title bar hidden
[2018.12.28-22.41.59:481][804]LogLoad: Game class is 'SideScrollerGameMode_C'
[2018.12.28-22.41.59:482][804]LogWorld: Bringing World /Game/SideScrollerBP/Maps/UEDPIE_0_DemoWorld.DemoWorld up for play (max tick rate 0) at 2018.12.28-17.41.59
[2018.12.28-22.41.59:482][804]LogWorld: Bringing up level for play took: 0.000806
[2018.12.28-22.41.59:498][804]PIE: Play in editor start time for /Game/SideScrollerBP/Maps/UEDPIE_0_DemoWorld -0.554
[2018.12.28-22.42.08:328][793]LogSlate: Updating window title bar state: overlay mode, drag disabled, window buttons hidden, title bar hidden
[2018.12.28-22.42.08:346][793]LogSlate: Window 'DAGD300Assignment Game Preview Standalone (64-bit/PCD3D_SM5)' being destroyed
[2018.12.28-22.42.08:380][793]LogPlayLevel: Display: Shutting down PIE online subsystems
[2018.12.28-22.42.08:434][795]LogPlayLevel: Display: Destroying online subsystem :Context_14
[2018.12.28-22.42.17:086][815]LogSlate: FSceneViewport::OnFocusLost() reason 0
[2018.12.28-22.42.17:237][833]LogTemp: Repeating last play command: New Editor Window (PIE)
[2018.12.28-22.42.17:254][833]LogPlayLevel: PlayLevel: No blueprints needed recompiling
[2018.12.28-22.42.17:254][833]PIE: New page: PIE session: DemoWorld (Dec 28, 2018, 12:42:17 PM)
[2018.12.28-22.42.17:255][833]LogPlayLevel: Creating play world package: /Game/SideScrollerBP/Maps/UEDPIE_0_DemoWorld
[2018.12.28-22.42.17:259][833]LogPlayLevel: PIE: StaticDuplicateObject took: (0.004316s)
[2018.12.28-22.42.17:260][833]LogAIModule: Creating AISystem for world DemoWorld
[2018.12.28-22.42.17:260][833]LogPlayLevel: PIE: World Init took: (0.000995s)
[2018.12.28-22.42.17:260][833]LogPlayLevel: PIE: Created PIE world by copying editor world from /Game/SideScrollerBP/Maps/DemoWorld.DemoWorld to /Game/SideScrollerBP/Maps/UEDPIE_0_DemoWorld.DemoWorld (0.005481s)
[2018.12.28-22.42.17:311][833]LogInit: XAudio2 using 'Speakers (Realtek High Definition Audio)' : 2 channels at 48 kHz using 32 bits per sample (channel mask 0x3)
[2018.12.28-22.42.17:332][833]LogInit: FAudioDevice initialized.
[2018.12.28-22.42.17:339][833]LogSlate: Updating window title bar state: overlay mode, drag disabled, window buttons hidden, title bar hidden
[2018.12.28-22.42.17:374][833]LogLoad: Game class is 'SideScrollerGameMode_C'
[2018.12.28-22.42.17:375][833]LogWorld: Bringing World /Game/SideScrollerBP/Maps/UEDPIE_0_DemoWorld.DemoWorld up for play (max tick rate 0) at 2018.12.28-17.42.17
[2018.12.28-22.42.17:376][833]LogWorld: Bringing up level for play took: 0.000922
[2018.12.28-22.42.17:393][833]PIE: Play in editor start time for /Game/SideScrollerBP/Maps/UEDPIE_0_DemoWorld -0.659
[2018.12.28-22.42.30:603][352]LogSlate: Updating window title bar state: overlay mode, drag disabled, window buttons hidden, title bar hidden
[2018.12.28-22.42.30:619][352]LogSlate: Window 'DAGD300Assignment Game Preview Standalone (64-bit/PCD3D_SM5)' being destroyed
[2018.12.28-22.42.30:649][352]LogPlayLevel: Display: Shutting down PIE online subsystems
[2018.12.28-22.42.30:704][354]LogPlayLevel: Display: Destroying online subsystem :Context_15
[2018.12.28-22.42.51:583][793]LogSlate: FSceneViewport::OnFocusLost() reason 0
[2018.12.28-22.42.51:700][806]LogTemp: Repeating last play command: New Editor Window (PIE)
[2018.12.28-22.42.51:719][806]LogPlayLevel: PlayLevel: No blueprints needed recompiling
[2018.12.28-22.42.51:719][806]PIE: New page: PIE session: DemoWorld (Dec 28, 2018, 12:42:51 PM)
[2018.12.28-22.42.51:719][806]LogPlayLevel: Creating play world package: /Game/SideScrollerBP/Maps/UEDPIE_0_DemoWorld
[2018.12.28-22.42.51:724][806]LogPlayLevel: PIE: StaticDuplicateObject took: (0.004740s)
[2018.12.28-22.42.51:725][806]LogAIModule: Creating AISystem for world DemoWorld
[2018.12.28-22.42.51:726][806]LogPlayLevel: PIE: World Init took: (0.002094s)
[2018.12.28-22.42.51:726][806]LogPlayLevel: PIE: Created PIE world by copying editor world from /Game/SideScrollerBP/Maps/DemoWorld.DemoWorld to /Game/SideScrollerBP/Maps/UEDPIE_0_DemoWorld.DemoWorld (0.007006s)
[2018.12.28-22.42.51:778][806]LogInit: XAudio2 using 'Speakers (Realtek High Definition Audio)' : 2 channels at 48 kHz using 32 bits per sample (channel mask 0x3)
[2018.12.28-22.42.51:800][806]LogInit: FAudioDevice initialized.
[2018.12.28-22.42.51:808][806]LogSlate: Updating window title bar state: overlay mode, drag disabled, window buttons hidden, title bar hidden
[2018.12.28-22.42.51:846][806]LogLoad: Game class is 'SideScrollerGameMode_C'
[2018.12.28-22.42.51:847][806]LogWorld: Bringing World /Game/SideScrollerBP/Maps/UEDPIE_0_DemoWorld.DemoWorld up for play (max tick rate 0) at 2018.12.28-17.42.51
[2018.12.28-22.42.51:848][806]LogWorld: Bringing up level for play took: 0.001245
[2018.12.28-22.42.51:866][806]PIE: Play in editor start time for /Game/SideScrollerBP/Maps/UEDPIE_0_DemoWorld -0.186
[2018.12.28-22.42.59:216][622]LogSlate: Updating window title bar state: overlay mode, drag disabled, window buttons hidden, title bar hidden
[2018.12.28-22.42.59:235][622]LogSlate: Window 'DAGD300Assignment Game Preview Standalone (64-bit/PCD3D_SM5)' being destroyed
[2018.12.28-22.42.59:271][622]LogPlayLevel: Display: Shutting down PIE online subsystems
[2018.12.28-22.42.59:320][623]LogPlayLevel: Display: Destroying online subsystem :Context_16
[2018.12.28-22.43.11:706][ 71]LogSlate: FSceneViewport::OnFocusLost() reason 0
[2018.12.28-22.43.11:813][ 84]LogTemp: Repeating last play command: New Editor Window (PIE)
[2018.12.28-22.43.11:831][ 84]LogPlayLevel: PlayLevel: No blueprints needed recompiling
[2018.12.28-22.43.11:832][ 84]PIE: New page: PIE session: DemoWorld (Dec 28, 2018, 12:43:11 PM)
[2018.12.28-22.43.11:832][ 84]LogPlayLevel: Creating play world package: /Game/SideScrollerBP/Maps/UEDPIE_0_DemoWorld
[2018.12.28-22.43.11:837][ 84]LogPlayLevel: PIE: StaticDuplicateObject took: (0.005526s)
[2018.12.28-22.43.11:838][ 84]LogAIModule: Creating AISystem for world DemoWorld
[2018.12.28-22.43.11:838][ 84]LogPlayLevel: PIE: World Init took: (0.000882s)
[2018.12.28-22.43.11:838][ 84]LogPlayLevel: PIE: Created PIE world by copying editor world from /Game/SideScrollerBP/Maps/DemoWorld.DemoWorld to /Game/SideScrollerBP/Maps/UEDPIE_0_DemoWorld.DemoWorld (0.006551s)
[2018.12.28-22.43.11:893][ 84]LogInit: XAudio2 using 'Speakers (Realtek High Definition Audio)' : 2 channels at 48 kHz using 32 bits per sample (channel mask 0x3)
[2018.12.28-22.43.11:913][ 84]LogInit: FAudioDevice initialized.
[2018.12.28-22.43.11:920][ 84]LogSlate: Updating window title bar state: overlay mode, drag disabled, window buttons hidden, title bar hidden
[2018.12.28-22.43.11:959][ 84]LogLoad: Game class is 'SideScrollerGameMode_C'
[2018.12.28-22.43.11:961][ 84]LogWorld: Bringing World /Game/SideScrollerBP/Maps/UEDPIE_0_DemoWorld.DemoWorld up for play (max tick rate 0) at 2018.12.28-17.43.11
[2018.12.28-22.43.11:961][ 84]LogWorld: Bringing up level for play took: 0.000973
[2018.12.28-22.43.11:978][ 84]PIE: Play in editor start time for /Game/SideScrollerBP/Maps/UEDPIE_0_DemoWorld -0.074
[2018.12.28-22.43.23:786][425]LogSlate: Updating window title bar state: overlay mode, drag disabled, window buttons hidden, title bar hidden
[2018.12.28-22.43.23:804][425]LogSlate: Window 'DAGD300Assignment Game Preview Standalone (64-bit/PCD3D_SM5)' being destroyed
[2018.12.28-22.43.23:840][425]LogPlayLevel: Display: Shutting down PIE online subsystems
[2018.12.28-22.43.23:897][427]LogPlayLevel: Display: Destroying online subsystem :Context_17
[2018.12.28-22.43.29:495][ 63]LogSlate: FSceneViewport::OnFocusLost() reason 0
[2018.12.28-22.43.48:047][234]LogSlate: FSceneViewport::OnFocusLost() reason 0
[2018.12.28-22.44.03:531][ 37]LogSlate: FSceneViewport::OnFocusLost() reason 0
[2018.12.28-22.44.13:255][189]Cmd: DELETE
[2018.12.28-22.44.13:255][189]Cmd: ACTOR DELETE
[2018.12.28-22.44.13:538][189]LogEditorActor: Deleted Actor: Brush
[2018.12.28-22.44.13:582][189]LogEditorActor: Deleted 1 Actors (0.086 secs)
[2018.12.28-22.44.14:654][317]LogSlate: FSceneViewport::OnFocusLost() reason 0
[2018.12.28-22.44.14:829][338]LogTemp: Repeating last play command: New Editor Window (PIE)
[2018.12.28-22.44.14:845][338]LogPlayLevel: PlayLevel: No blueprints needed recompiling
[2018.12.28-22.44.14:845][338]PIE: New page: PIE session: DemoWorld (Dec 28, 2018, 12:44:14 PM)
[2018.12.28-22.44.14:845][338]LogPlayLevel: Creating play world package: /Game/SideScrollerBP/Maps/UEDPIE_0_DemoWorld
[2018.12.28-22.44.14:850][338]LogPlayLevel: PIE: StaticDuplicateObject took: (0.004232s)
[2018.12.28-22.44.14:850][338]LogAIModule: Creating AISystem for world DemoWorld
[2018.12.28-22.44.14:850][338]LogPlayLevel: PIE: World Init took: (0.000669s)
[2018.12.28-22.44.14:850][338]LogPlayLevel: PIE: Created PIE world by copying editor world from /Game/SideScrollerBP/Maps/DemoWorld.DemoWorld to /Game/SideScrollerBP/Maps/UEDPIE_0_DemoWorld.DemoWorld (0.005060s)
[2018.12.28-22.44.14:899][338]LogInit: XAudio2 using 'Speakers (Realtek High Definition Audio)' : 2 channels at 48 kHz using 32 bits per sample (channel mask 0x3)
[2018.12.28-22.44.14:918][338]LogInit: FAudioDevice initialized.
[2018.12.28-22.44.14:927][338]LogSlate: Updating window title bar state: overlay mode, drag disabled, window buttons hidden, title bar hidden
[2018.12.28-22.44.14:965][338]LogLoad: Game class is 'SideScrollerGameMode_C'
[2018.12.28-22.44.14:966][338]LogWorld: Bringing World /Game/SideScrollerBP/Maps/UEDPIE_0_DemoWorld.DemoWorld up for play (max tick rate 0) at 2018.12.28-17.44.14
[2018.12.28-22.44.14:967][338]LogWorld: Bringing up level for play took: 0.000724
[2018.12.28-22.44.14:984][338]PIE: Play in editor start time for /Game/SideScrollerBP/Maps/UEDPIE_0_DemoWorld 0.932
[2018.12.28-22.44.24:184][434]LogSlate: Updating window title bar state: overlay mode, drag disabled, window buttons hidden, title bar hidden
[2018.12.28-22.44.24:200][434]LogSlate: Window 'DAGD300Assignment Game Preview Standalone (64-bit/PCD3D_SM5)' being destroyed
[2018.12.28-22.44.24:231][434]LogPlayLevel: Display: Shutting down PIE online subsystems
[2018.12.28-22.44.24:284][436]LogPlayLevel: Display: Destroying online subsystem :Context_18
[2018.12.28-22.44.33:025][457]LogSlate: FSceneViewport::OnFocusLost() reason 0
[2018.12.28-22.44.47:762][207]Cmd: TRANSACTION UNDO
[2018.12.28-22.44.47:762][207]LogEditorTransaction: Undo Select Brush Surface
[2018.12.28-22.44.48:123][230]Cmd: TRANSACTION UNDO
[2018.12.28-22.44.48:123][230]LogEditorTransaction: Undo Select Brush Surface
[2018.12.28-22.44.48:684][293]Cmd: TRANSACTION UNDO
[2018.12.28-22.44.48:684][293]LogEditorTransaction: Undo Set Location
[2018.12.28-22.44.50:961][558]LogSlate: FSceneViewport::OnFocusLost() reason 0
[2018.12.28-22.45.13:122][196]LogSlate: FSceneViewport::OnFocusLost() reason 0
[2018.12.28-22.45.38:447][196]LogSlate: FSceneViewport::OnFocusLost() reason 0
[2018.12.28-22.45.38:530][206]MapCheck: New page: Map Check
[2018.12.28-22.45.38:583][206]Cmd: MAP REBUILD ALLVISIBLE
[2018.12.28-22.45.38:584][206]LogEditorServer: Rebuildmap Clear paths rebuilt
[2018.12.28-22.45.38:749][206]LogMaterial: Display: Missing cached shader map for material FDebugViewModeMaterialProxy MaterialInstanceDynamic_0, compiling. 
[2018.12.28-22.45.40:245][206]LogShaderCompilers: Display: Shaders left to compile 1
[2018.12.28-22.45.40:245][206]TextureStreamingBuild: Display: Compiling optional shaders took 1.516 seconds.
[2018.12.28-22.45.40:293][206]LogLevel: Display: Export Material TexCoord Scales took 0.048 seconds.
[2018.12.28-22.45.40:346][206]TextureStreamingBuild: Display: Build Texture Streaming took 0.053 seconds.
[2018.12.28-22.45.40:425][206]LightingResults: New page: Lighting Build - Dec 28, 2018, 12:45:40 PM
[2018.12.28-22.45.40:654][206]LogSwarmInterface: [OpenConnection] Registering TCP channel ...
[2018.12.28-22.45.40:842][206]LogSwarmInterface: [OpenConnection] Connecting to agent ...
[2018.12.28-22.45.40:932][206]LogSwarmInterface: [TryOpenConnection] Testing the Agent
[2018.12.28-22.45.42:006][206]LogSwarmInterface: [TryOpenConnection] Opening Connection to Agent
[2018.12.28-22.45.42:006][206]LogSwarmInterface: [TryOpenConnection] Local Process ID is 16088
[2018.12.28-22.45.45:375][206]LogStaticLightingSystem: Warning: No importance volume found, so the scene bounding box was used.  You can optimize your scene's quality and lighting build times by adding importance volumes.
[2018.12.28-22.45.45:376][206]LogStaticLightingSystem: Running Lightmass w/ ImmediateImport mode ENABLED
[2018.12.28-22.45.45:376][206]LogStaticLightingSystem: Running Lightmass w/ ImmediateProcess mode ENABLED
[2018.12.28-22.45.45:376][206]LogStaticLightingSystem: Running Lightmass w/ Sorting mode ENABLED
[2018.12.28-22.45.45:376][206]LogStaticLightingSystem: Running Lightmass w/ Mapping paddings ENABLED
[2018.12.28-22.45.45:376][206]LogStaticLightingSystem: Running Lightmass w/ Mapping debug paddings DISABLED
[2018.12.28-22.45.45:537][206]Cmd: MAP CHECK DONTDISPLAYDIALOG
[2018.12.28-22.45.45:537][206]MapCheck: New page: DemoWorld - Dec 28, 2018, 12:45:45 PM
[2018.12.28-22.45.45:686][206]MapCheck: Map check complete: 0 Error(s), 0 Warning(s), took 149.179ms to complete.
[2018.12.28-22.45.45:713][206]LogEditorBuildUtils: Build time 0:07
[2018.12.28-22.45.45:731][206]LogMaterial: Display: Missing cached shader map for material FLightmassMaterialRenderer MaterialInstanceDynamic_0, compiling. 
[2018.12.28-22.45.45:752][206]LogMaterial: Display: Missing cached shader map for material FLightmassMaterialRenderer MaterialInstanceDynamic_0, compiling. 
[2018.12.28-22.45.45:780][206]LogShaderCompilers: Display: Shaders left to compile 2
[2018.12.28-22.45.45:780][206]LogShaderCompilers: Display: Shaders left to compile 2
[2018.12.28-22.45.50:765][215]Job is a success!
[2018.12.28-22.45.51:185][216]LogVolumetricLightmapImport: Imported Volumetric Lightmap in 0.045s
[2018.12.28-22.45.51:185][216]LogVolumetricLightmapImport:      Indirection Texture 16x16x16 = 0.0Mb
[2018.12.28-22.45.51:185][216]LogVolumetricLightmapImport:      BrickData 230x5x5 = 0.2Mb (trimmed 0.1Mb due to 0.010000 MinBrickError)
[2018.12.28-22.45.51:185][216]LogVolumetricLightmapImport:      Bricks at Level
[2018.12.28-22.45.51:185][216]LogVolumetricLightmapImport:          0: 2.2% covering 100.0% of volume
[2018.12.28-22.45.51:185][216]LogVolumetricLightmapImport:          1: 8.7% covering 6.3% of volume
[2018.12.28-22.45.51:185][216]LogVolumetricLightmapImport:          2: 89.1% covering 1.0% of volume
[2018.12.28-22.45.51:433][216]LogTexture: Display: Building textures: HQ_Lightmap0_1 (AutoDXT, 1024X1024)
[2018.12.28-22.45.51:433][216]LogTexture: Display: Building textures: LQ_Lightmap_0_1 (DXT1, 1024X1024)
[2018.12.28-22.45.51:433][216]LogTexture: Display: Building textures: HQ_Lightmap0_2 (AutoDXT, 64X64)
[2018.12.28-22.45.51:433][216]LogTexture: Display: Building textures: LQ_Lightmap_0_2 (DXT1, 64X64)
[2018.12.28-22.45.51:438][216]LogTexture: Display: Building textures: ShadowMapTexture2D_1 (G8, 32X32)
[2018.12.28-22.45.51:450][216]LogTexture: Display: Building textures: ShadowMapTexture2D_0 (G8, 128X512)
[2018.12.28-22.45.51:521][216]Lightmass on DESKTOP-EEGEEHC: 1.59 sec total, 111 ms importing, 7 ms setup, 188 ms photons, 1.20 sec processing, 0 ms extra exporting [9/9 mappings]. Threads: 4.79 sec total, 611 ms processing.
[2018.12.28-22.45.51:564][216]LogStaticLightingSystem: Illumination: 10.8 sec (182 ms encoding lightmaps, 33 ms encoding shadowmaps)
[2018.12.28-22.45.51:564][216]LogStaticLightingSystem: Lightmap texture memory:  2.0 MB (0.0 MB streaming, 2.0 MB non-streaming), 4 textures
[2018.12.28-22.45.51:564][216]LogStaticLightingSystem: Shadowmap texture memory: 0.1 MB (0.0 MB streaming, 0.1 MB non-streaming), 2 textures
[2018.12.28-22.45.52:378][216]DumpUnbuiltLightIteractions
[2018.12.28-22.45.52:378][216]Lights with unbuilt interactions: 0
[2018.12.28-22.45.52:378][216]
[2018.12.28-22.45.52:378][216]Primitives with unbuilt interactions: 0
[2018.12.28-22.45.52:401][217]Cmd: MAP CHECK NOTIFYRESULTS
[2018.12.28-22.45.52:403][217]MapCheck: New page: DemoWorld - Dec 28, 2018, 12:45:52 PM
[2018.12.28-22.45.52:539][217]MapCheck: Map check complete: 0 Error(s), 0 Warning(s), took 136.275ms to complete.
[2018.12.28-22.49.42:845][904]LogSavePackage: Moving '../../../../../GitKrakenRepo/TheDoll/DAGD300Assignment/Saved/DemoWorld_Auto12403E073416014F31F7EFB8EF3985483.tmp' to '../../../../../GitKrakenRepo/TheDoll/DAGD300Assignment/Saved/Autosaves/Game/SideScrollerBP/Maps/DemoWorld_Auto1.umap'
[2018.12.28-22.49.42:856][904]LogFileHelpers: Editor autosave (incl. sublevels) for '/Game/SideScrollerBP/Maps/DemoWorld' took 0.148
[2018.12.28-22.49.42:856][904]LogFileHelpers: Editor autosave (incl. sublevels) for all levels took 0.148
[2018.12.28-22.49.42:860][904]OBJ SavePackage: Generating thumbnails for [0] asset(s) in package [/Game/SideScrollerBP/Maps/DemoWorld_BuiltData] ([1] browsable assets)...
[2018.12.28-22.49.42:860][904]OBJ SavePackage: Finished generating thumbnails for package [/Game/SideScrollerBP/Maps/DemoWorld_BuiltData]
[2018.12.28-22.49.42:903][904]LogSavePackage: Moving '../../../../../GitKrakenRepo/TheDoll/DAGD300Assignment/Saved/DemoWorld_BuiltData_Auto1C01AFC7C4B9C2272B0CFCB8282395FCE.tmp' to '../../../../../GitKrakenRepo/TheDoll/DAGD300Assignment/Saved/Autosaves/Game/SideScrollerBP/Maps/DemoWorld_BuiltData_Auto1.uasset'
[2018.12.28-22.49.42:910][904]LogFileHelpers: Auto-saving content packages took 0.052
[2018.12.28-22.49.48:910][372]LogSlate: FSceneViewport::OnFocusLost() reason 0
[2018.12.28-22.49.48:999][382]LogTemp: Repeating last play command: New Editor Window (PIE)
[2018.12.28-22.49.49:020][382]LogPlayLevel: PlayLevel: No blueprints needed recompiling
[2018.12.28-22.49.49:020][382]PIE: New page: PIE session: DemoWorld (Dec 28, 2018, 12:49:49 PM)
[2018.12.28-22.49.49:020][382]LogPlayLevel: Creating play world package: /Game/SideScrollerBP/Maps/UEDPIE_0_DemoWorld
[2018.12.28-22.49.49:027][382]LogPlayLevel: PIE: StaticDuplicateObject took: (0.006514s)
[2018.12.28-22.49.49:027][382]LogAIModule: Creating AISystem for world DemoWorld
[2018.12.28-22.49.49:028][382]LogPlayLevel: PIE: World Init took: (0.001104s)
[2018.12.28-22.49.49:028][382]LogPlayLevel: PIE: Created PIE world by copying editor world from /Game/SideScrollerBP/Maps/DemoWorld.DemoWorld to /Game/SideScrollerBP/Maps/UEDPIE_0_DemoWorld.DemoWorld (0.007852s)
[2018.12.28-22.49.49:078][382]LogInit: XAudio2 using 'Speakers (Realtek High Definition Audio)' : 2 channels at 48 kHz using 32 bits per sample (channel mask 0x3)
[2018.12.28-22.49.49:097][382]LogInit: FAudioDevice initialized.
[2018.12.28-22.49.49:103][382]LogSlate: Updating window title bar state: overlay mode, drag disabled, window buttons hidden, title bar hidden
[2018.12.28-22.49.49:140][382]LogLoad: Game class is 'SideScrollerGameMode_C'
[2018.12.28-22.49.49:141][382]LogWorld: Bringing World /Game/SideScrollerBP/Maps/UEDPIE_0_DemoWorld.DemoWorld up for play (max tick rate 0) at 2018.12.28-17.49.49
[2018.12.28-22.49.49:141][382]LogWorld: Bringing up level for play took: 0.000717
[2018.12.28-22.49.49:158][382]PIE: Play in editor start time for /Game/SideScrollerBP/Maps/UEDPIE_0_DemoWorld 1.106
[2018.12.28-22.49.54:057][959]LogSlate: FSceneViewport::OnFocusLost() reason 0
[2018.12.28-22.49.54:108][965]LogSlate: Updating window title bar state: overlay mode, drag disabled, window buttons hidden, title bar hidden
[2018.12.28-22.49.54:124][965]LogSlate: Window 'DAGD300Assignment Game Preview Standalone (64-bit/PCD3D_SM5)' being destroyed
[2018.12.28-22.49.54:152][965]LogPlayLevel: Display: Shutting down PIE online subsystems
[2018.12.28-22.49.54:209][968]LogPlayLevel: Display: Destroying online subsystem :Context_19
[2018.12.28-22.49.58:282][450]LogSlate: FSceneViewport::OnFocusLost() reason 0
[2018.12.28-22.49.58:415][466]LogTemp: Repeating last play command: New Editor Window (PIE)
[2018.12.28-22.49.58:430][466]LogPlayLevel: PlayLevel: No blueprints needed recompiling
[2018.12.28-22.49.58:430][466]PIE: New page: PIE session: DemoWorld (Dec 28, 2018, 12:49:58 PM)
[2018.12.28-22.49.58:431][466]LogPlayLevel: Creating play world package: /Game/SideScrollerBP/Maps/UEDPIE_0_DemoWorld
[2018.12.28-22.49.58:434][466]LogPlayLevel: PIE: StaticDuplicateObject took: (0.003520s)
[2018.12.28-22.49.58:435][466]LogAIModule: Creating AISystem for world DemoWorld
[2018.12.28-22.49.58:435][466]LogPlayLevel: PIE: World Init took: (0.000749s)
[2018.12.28-22.49.58:435][466]LogPlayLevel: PIE: Created PIE world by copying editor world from /Game/SideScrollerBP/Maps/DemoWorld.DemoWorld to /Game/SideScrollerBP/Maps/UEDPIE_0_DemoWorld.DemoWorld (0.004406s)
[2018.12.28-22.49.58:482][466]LogInit: XAudio2 using 'Speakers (Realtek High Definition Audio)' : 2 channels at 48 kHz using 32 bits per sample (channel mask 0x3)
[2018.12.28-22.49.58:502][466]LogInit: FAudioDevice initialized.
[2018.12.28-22.49.58:510][466]LogSlate: Updating window title bar state: overlay mode, drag disabled, window buttons hidden, title bar hidden
[2018.12.28-22.49.58:549][466]LogLoad: Game class is 'SideScrollerGameMode_C'
[2018.12.28-22.49.58:550][466]LogWorld: Bringing World /Game/SideScrollerBP/Maps/UEDPIE_0_DemoWorld.DemoWorld up for play (max tick rate 0) at 2018.12.28-17.49.58
[2018.12.28-22.49.58:551][466]LogWorld: Bringing up level for play took: 0.000928
[2018.12.28-22.49.58:569][466]PIE: Play in editor start time for /Game/SideScrollerBP/Maps/UEDPIE_0_DemoWorld 0.516
[2018.12.28-22.50.01:199][774]LogSlate: Updating window title bar state: overlay mode, drag disabled, window buttons hidden, title bar hidden
[2018.12.28-22.50.01:215][774]LogSlate: Window 'DAGD300Assignment Game Preview Standalone (64-bit/PCD3D_SM5)' being destroyed
[2018.12.28-22.50.01:249][774]LogPlayLevel: Display: Shutting down PIE online subsystems
[2018.12.28-22.50.01:299][776]LogPlayLevel: Display: Destroying online subsystem :Context_20
[2018.12.28-22.50.10:007][814]LogSlate: FSceneViewport::OnFocusLost() reason 0
[2018.12.28-22.50.10:182][823]LogSavePackage: Moving '../../../../../GitKrakenRepo/TheDoll/DAGD300Assignment/Saved/DemoWorld7C1A287A48AC56323A74718FCFAF344A.tmp' to '../../../../../GitKrakenRepo/TheDoll/DAGD300Assignment/Content/SideScrollerBP/Maps/DemoWorld.umap'
[2018.12.28-22.50.10:283][823]LogSavePackage: Moving '../../../../../GitKrakenRepo/TheDoll/DAGD300Assignment/Saved/DemoWorld_BuiltData8E246C354B08276F1B9A24BC28E1879B.tmp' to '../../../../../GitKrakenRepo/TheDoll/DAGD300Assignment/Content/SideScrollerBP/Maps/DemoWorld_BuiltData.uasset'
[2018.12.28-22.50.13:034][129]LogSlate: Window 'DAGD300Assignment - Unreal Editor' being destroyed
[2018.12.28-22.50.13:397][130]Cmd: QUIT_EDITOR
[2018.12.28-22.50.14:403][130]LogWindowsTextInputMethodSystem: Display: IME system now deactivated.
[2018.12.28-22.50.14:424][130]LogExit: Preparing to exit.
[2018.12.28-22.50.14:867][130]LogExit: Editor shut down
[2018.12.28-22.50.14:867][130]LogExit: Transaction tracking system shut down
[2018.12.28-22.50.15:271][130]LogExit: Object subsystem successfully closed.
[2018.12.28-22.50.15:297][130]LogShaderCompilers: Display: Shaders left to compile 0
[2018.12.28-22.50.15:300][130]LogD3D11RHI: Shutdown
[2018.12.28-22.50.15:300][130]LogD3D11RHI: CleanupD3DDevice
[2018.12.28-22.50.15:317][130]LogD3D11RHI: ~FD3D11DynamicRHI
[2018.12.28-22.50.15:331][130]LogModuleManager: Shutting down and abandoning module HierarchicalLODUtilities (616)
[2018.12.28-22.50.15:331][130]LogModuleManager: Shutting down and abandoning module MovieSceneCapture (614)
[2018.12.28-22.50.15:331][130]LogModuleManager: Shutting down and abandoning module Voice (612)
[2018.12.28-22.50.15:345][130]LogModuleManager: Shutting down and abandoning module HierarchicalLODOutliner (610)
[2018.12.28-22.50.15:345][130]LogModuleManager: Shutting down and abandoning module SceneOutliner (608)
[2018.12.28-22.50.15:345][130]LogModuleManager: Shutting down and abandoning module AddContentDialog (606)
[2018.12.28-22.50.15:374][130]LogModuleManager: Shutting down and abandoning module WidgetCarousel (605)
[2018.12.28-22.50.15:374][130]LogModuleManager: Shutting down and abandoning module EditorWidgets (602)
[2018.12.28-22.50.15:374][130]LogModuleManager: Shutting down and abandoning module CollectionManager (600)
[2018.12.28-22.50.15:374][130]LogModuleManager: Shutting down and abandoning module StatsViewer (598)
[2018.12.28-22.50.15:374][130]LogModuleManager: Shutting down and abandoning module FoliageEdit (596)
[2018.12.28-22.50.15:374][130]LogModuleManager: Shutting down and abandoning module LandscapeEditor (594)
[2018.12.28-22.50.15:374][130]LogModuleManager: Shutting down and abandoning module MeshPaintMode (592)
[2018.12.28-22.50.15:375][130]LogModuleManager: Shutting down and abandoning module SceneDepthPickerMode (590)
[2018.12.28-22.50.15:375][130]LogModuleManager: Shutting down and abandoning module ActorPickerMode (588)
[2018.12.28-22.50.15:375][130]LogModuleManager: Shutting down and abandoning module GeometryMode (586)
[2018.12.28-22.50.15:375][130]LogModuleManager: Shutting down and abandoning module TextureAlignMode (584)
[2018.12.28-22.50.15:375][130]LogModuleManager: Shutting down and abandoning module BspMode (582)
[2018.12.28-22.50.15:375][130]LogModuleManager: Shutting down and abandoning module PIEPreviewDeviceProfileSelector (580)
[2018.12.28-22.50.15:375][130]LogModuleManager: Shutting down and abandoning module SequenceRecorderSections (578)
[2018.12.28-22.50.15:375][130]LogModuleManager: Shutting down and abandoning module AutomationWorker (576)
[2018.12.28-22.50.15:375][130]LogModuleManager: Shutting down and abandoning module AudioCaptureEditor (574)
[2018.12.28-22.50.15:375][130]LogModuleManager: Shutting down and abandoning module SequenceRecorder (573)
[2018.12.28-22.50.15:375][130]LogModuleManager: Shutting down and abandoning module MatineeToLevelSequence (570)
[2018.12.28-22.50.15:375][130]LogModuleManager: Shutting down and abandoning module LevelSequenceEditor (568)
[2018.12.28-22.50.15:375][130]LogModuleManager: Shutting down and abandoning module PlacementMode (567)
[2018.12.28-22.50.15:375][130]LogModuleManager: Shutting down and abandoning module MaterialEditor (566)
[2018.12.28-22.50.15:376][130]LogModuleManager: Shutting down and abandoning module WmfMediaFactory (562)
[2018.12.28-22.50.15:376][130]LogModuleManager: Shutting down and abandoning module WmfMediaEditor (560)
[2018.12.28-22.50.15:376][130]LogModuleManager: Shutting down and abandoning module MediaPlayerEditor (558)
[2018.12.28-22.50.15:376][130]LogModuleManager: Shutting down and abandoning module OpenExrWrapper (556)
[2018.12.28-22.50.15:376][130]LogModuleManager: Shutting down and abandoning module ImgMediaFactory (554)
[2018.12.28-22.50.15:376][130]LogModuleManager: Shutting down and abandoning module ImgMediaEditor (552)
[2018.12.28-22.50.15:376][130]LogModuleManager: Shutting down and abandoning module AvfMediaFactory (550)
[2018.12.28-22.50.15:376][130]LogModuleManager: Shutting down and abandoning module AvfMediaEditor (548)
[2018.12.28-22.50.15:376][130]LogModuleManager: Shutting down and abandoning module AndroidMediaFactory (546)
[2018.12.28-22.50.15:376][130]LogModuleManager: Shutting down and abandoning module AndroidMediaEditor (544)
[2018.12.28-22.50.15:376][130]LogModuleManager: Shutting down and abandoning module MagicLeapCameraPreviewFactory (542)
[2018.12.28-22.50.15:376][130]LogModuleManager: Shutting down and abandoning module MagicLeapMediaFactory (540)
[2018.12.28-22.50.15:376][130]LogModuleManager: Shutting down and abandoning module MagicLeapMediaEditor (538)
[2018.12.28-22.50.15:376][130]LogModuleManager: Shutting down and abandoning module CharacterAI (536)
[2018.12.28-22.50.15:376][130]LogModuleManager: Shutting down and abandoning module SmartSnapping (534)
[2018.12.28-22.50.15:376][130]LogModuleManager: Shutting down and abandoning module SessionServices (532)
[2018.12.28-22.50.15:376][130]LogModuleManager: Shutting down and abandoning module ViewportSnapping (530)
[2018.12.28-22.50.15:376][130]LogModuleManager: Shutting down and abandoning module ViewportInteraction (528)
[2018.12.28-22.50.15:376][130]LogModuleManager: Shutting down and abandoning module ClothPainter (526)
[2018.12.28-22.50.15:376][130]LogModuleManager: Shutting down and abandoning module SkeletalMeshEditor (525)
[2018.12.28-22.50.15:376][130]LogModuleManager: Shutting down and abandoning module LogVisualizer (522)
[2018.12.28-22.50.15:376][130]LogModuleManager: Shutting down and abandoning module IntroTutorials (520)
[2018.12.28-22.50.15:376][130]LogModuleManager: Shutting down and abandoning module GameProjectGeneration (519)
[2018.12.28-22.50.15:376][130]LogModuleManager: Shutting down and abandoning module LuminPlatformEditor (516)
[2018.12.28-22.50.15:376][130]LogModuleManager: Shutting down and abandoning module IOSPlatformEditor (514)
[2018.12.28-22.50.15:376][130]LogModuleManager: Shutting down and abandoning module HTML5PlatformEditor (512)
[2018.12.28-22.50.15:376][130]LogModuleManager: Shutting down and abandoning module AndroidPlatformEditor (510)
[2018.12.28-22.50.15:377][130]LogModuleManager: Shutting down and abandoning module AndroidDeviceDetection (509)
[2018.12.28-22.50.16:338][130]LogModuleManager: Shutting down and abandoning module WindowsPlatformEditor (506)
[2018.12.28-22.50.16:338][130]LogModuleManager: Shutting down and abandoning module LuminRuntimeSettings (504)
[2018.12.28-22.50.16:338][130]LogModuleManager: Shutting down and abandoning module IOSRuntimeSettings (502)
[2018.12.28-22.50.16:339][130]LogModuleManager: Shutting down and abandoning module AndroidRuntimeSettings (500)
[2018.12.28-22.50.16:339][130]LogModuleManager: Shutting down and abandoning module InputBindingEditor (498)
[2018.12.28-22.50.16:339][130]LogModuleManager: Shutting down and abandoning module MergeActors (496)
[2018.12.28-22.50.16:339][130]LogModuleManager: Shutting down and abandoning module LocalizationDashboard (494)
[2018.12.28-22.50.16:339][130]LogModuleManager: Shutting down and abandoning module LocalizationService (493)
[2018.12.28-22.50.16:339][130]LogModuleManager: Shutting down and abandoning module HardwareTargeting (490)
[2018.12.28-22.50.16:339][130]LogModuleManager: Shutting down and abandoning module DeviceProfileEditor (488)
[2018.12.28-22.50.16:339][130]LogModuleManager: Shutting down and abandoning module UndoHistory (486)
[2018.12.28-22.50.16:339][130]LogModuleManager: Shutting down and abandoning module XmlParser (484)
[2018.12.28-22.50.16:339][130]LogModuleManager: Shutting down and abandoning module Blutility (482)
[2018.12.28-22.50.16:339][130]LogModuleManager: Shutting down and abandoning module ProjectSettingsViewer (480)
[2018.12.28-22.50.16:339][130]LogModuleManager: Shutting down and abandoning module ProjectTargetPlatformEditor (479)
[2018.12.28-22.50.16:339][130]LogModuleManager: Shutting down and abandoning module EditorSettingsViewer (476)
[2018.12.28-22.50.16:339][130]LogModuleManager: Shutting down and abandoning module SettingsEditor (474)
[2018.12.28-22.50.16:339][130]LogModuleManager: Shutting down and abandoning module ProjectLauncher (472)
[2018.12.28-22.50.16:339][130]LogModuleManager: Shutting down and abandoning module SessionFrontend (470)
[2018.12.28-22.50.16:339][130]LogModuleManager: Shutting down and abandoning module ProfilerClient (468)
[2018.12.28-22.50.16:339][130]LogModuleManager: Shutting down and abandoning module DeviceManager (466)
[2018.12.28-22.50.16:339][130]LogModuleManager: Shutting down and abandoning module TargetDeviceServices (465)
[2018.12.28-22.50.16:393][130]LogModuleManager: Shutting down and abandoning module AutomationController (462)
[2018.12.28-22.50.16:393][130]LogModuleManager: Shutting down and abandoning module AutomationWindow (460)
[2018.12.28-22.50.16:393][130]LogModuleManager: Shutting down and abandoning module Layers (458)
[2018.12.28-22.50.16:393][130]LogModuleManager: Shutting down and abandoning module ComponentVisualizers (456)
[2018.12.28-22.50.16:393][130]LogModuleManager: Shutting down and abandoning module DetailCustomizations (454)
[2018.12.28-22.50.16:393][130]LogModuleManager: Shutting down and abandoning module PackagesDialog (452)
[2018.12.28-22.50.16:393][130]LogModuleManager: Shutting down and abandoning module Persona (450)
[2018.12.28-22.50.16:393][130]LogModuleManager: Shutting down and abandoning module AdvancedPreviewScene (449)
[2018.12.28-22.50.16:393][130]LogModuleManager: Shutting down and abandoning module AnimGraph (447)
[2018.12.28-22.50.16:393][130]LogModuleManager: Shutting down and abandoning module Kismet (444)
[2018.12.28-22.50.16:394][130]LogModuleManager: Shutting down and abandoning module GraphEditor (442)
[2018.12.28-22.50.16:394][130]LogModuleManager: Shutting down and abandoning module ClassViewer (440)
[2018.12.28-22.50.16:395][130]LogModuleManager: Shutting down and abandoning module Toolbox (438)
[2018.12.28-22.50.16:395][130]LogModuleManager: Shutting down and abandoning module ModuleUI (436)
[2018.12.28-22.50.16:395][130]LogModuleManager: Shutting down and abandoning module MovieSceneTools (434)
[2018.12.28-22.50.16:395][130]LogModuleManager: Shutting down and abandoning module OutputLog (432)
[2018.12.28-22.50.16:395][130]LogModuleManager: Shutting down and abandoning module GammaUI (430)
[2018.12.28-22.50.16:395][130]LogModuleManager: Shutting down and abandoning module Documentation (428)
[2018.12.28-22.50.16:395][130]LogModuleManager: Shutting down and abandoning module MovieSceneTracks (426)
[2018.12.28-22.50.16:395][130]LogModuleManager: Shutting down and abandoning module MovieScene (424)
[2018.12.28-22.50.16:395][130]LogModuleManager: Shutting down and abandoning module StreamingPauseRendering (422)
[2018.12.28-22.50.16:395][130]LogModuleManager: Shutting down and abandoning module LauncherPlatform (420)
[2018.12.28-22.50.16:395][130]LogModuleManager: Shutting down and abandoning module AnalyticsET (418)
[2018.12.28-22.50.16:395][130]LogModuleManager: Shutting down and abandoning module PortalServices (416)
[2018.12.28-22.50.16:395][130]LogModuleManager: Shutting down and abandoning module PortalRpc (414)
[2018.12.28-22.50.16:395][130]LogModuleManager: Shutting down and abandoning module MessagingRpc (412)
[2018.12.28-22.50.16:395][130]LogModuleManager: Shutting down and abandoning module AIModule (410)
[2018.12.28-22.50.16:395][130]LogModuleManager: Shutting down and abandoning module GameplayDebugger (409)
[2018.12.28-22.50.16:395][130]LogModuleManager: Shutting down and abandoning module AITestSuite (407)
[2018.12.28-22.50.16:395][130]LogModuleManager: Shutting down and abandoning module NavigationSystem (405)
[2018.12.28-22.50.16:395][130]LogModuleManager: Shutting down and abandoning module DesktopPlatform (402)
[2018.12.28-22.50.16:395][130]LogModuleManager: Shutting down and abandoning module ProfilerService (400)
[2018.12.28-22.50.16:569][130]LogModuleManager: Shutting down and abandoning module TaskGraph (398)
[2018.12.28-22.50.16:569][130]LogModuleManager: Shutting down and abandoning module SteamVRController (396)
[2018.12.28-22.50.16:569][130]LogModuleManager: Shutting down and abandoning module ProceduralMeshComponentEditor (394)
[2018.12.28-22.50.16:569][130]LogModuleManager: Shutting down and abandoning module ProceduralMeshComponent (392)
[2018.12.28-22.50.16:569][130]LogModuleManager: Shutting down and abandoning module OculusInput (390)
[2018.12.28-22.50.16:569][130]LogModuleManager: Shutting down and abandoning module MobilePatchingUtils (388)
[2018.12.28-22.50.16:569][130]LogModuleManager: Shutting down and abandoning module EditableMesh (386)
[2018.12.28-22.50.16:569][130]LogModuleManager: Shutting down and abandoning module CustomMeshComponent (384)
[2018.12.28-22.50.16:569][130]LogModuleManager: Shutting down and abandoning module CableComponent (382)
[2018.12.28-22.50.16:569][130]LogModuleManager: Shutting down and abandoning module AudioCapture (380)
[2018.12.28-22.50.16:569][130]LogModuleManager: Shutting down and abandoning module ArchVisCharacter (378)
[2018.12.28-22.50.16:569][130]LogModuleManager: Shutting down and abandoning module AndroidPermission (376)
[2018.12.28-22.50.16:569][130]LogModuleManager: Shutting down and abandoning module NUTUnrealEngine4 (374)
[2018.12.28-22.50.16:569][130]LogModuleManager: Shutting down and abandoning module NetcodeUnitTest (372)
[2018.12.28-22.50.16:569][130]LogModuleManager: Shutting down and abandoning module MediaCompositingEditor (370)
[2018.12.28-22.50.16:569][130]LogModuleManager: Shutting down and abandoning module MediaCompositing (368)
[2018.12.28-22.50.16:569][130]LogModuleManager: Shutting down and abandoning module LinearTimecode (366)
[2018.12.28-22.50.16:569][130]LogModuleManager: Shutting down and abandoning module ImgMedia (364)
[2018.12.28-22.50.16:574][130]LogModuleManager: Shutting down and abandoning module HTML5Networking (362)
[2018.12.28-22.50.16:574][130]LogModuleManager: Shutting down and abandoning module GeometryCacheTracks (360)
[2018.12.28-22.50.16:574][130]LogModuleManager: Shutting down and abandoning module GeometryCacheSequencer (358)
[2018.12.28-22.50.16:574][130]LogModuleManager: Shutting down and abandoning module BackChannel (356)
[2018.12.28-22.50.16:574][130]LogModuleManager: Shutting down and abandoning module AppleVision (354)
[2018.12.28-22.50.16:574][130]LogModuleManager: Shutting down and abandoning module AppleImageUtils (352)
[2018.12.28-22.50.16:574][130]LogModuleManager: Shutting down and abandoning module AlembicImporter (350)
[2018.12.28-22.50.16:574][130]LogModuleManager: Shutting down and abandoning module AlembicLibrary (349)
[2018.12.28-22.50.16:574][130]LogModuleManager: Shutting down and abandoning module GeometryCache (348)
[2018.12.28-22.50.16:574][130]LogModuleManager: Shutting down and abandoning module GeometryCacheEd (347)
[2018.12.28-22.50.16:574][130]LogModuleManager: Shutting down and abandoning module DatasmithContentEditor (342)
[2018.12.28-22.50.16:574][130]LogModuleManager: Shutting down and abandoning module DatasmithContent (340)
[2018.12.28-22.50.16:575][130]LogModuleManager: Shutting down and abandoning module SpeedTreeImporter (338)
[2018.12.28-22.50.16:575][130]LogModuleManager: Shutting down and abandoning module PluginBrowser (336)
[2018.12.28-22.50.16:575][130]LogModuleManager: Shutting down and abandoning module MobileLauncherProfileWizard (334)
[2018.12.28-22.50.16:575][130]LogModuleManager: Shutting down and abandoning module PolygonModeling (332)
[2018.12.28-22.50.16:575][130]LogModuleManager: Shutting down and abandoning module MeshEditor (330)
[2018.12.28-22.50.16:575][130]LogModuleManager: Shutting down and abandoning module CryptoKeysOpenSSL (328)
[2018.12.28-22.50.16:575][130]LogModuleManager: Shutting down and abandoning module CryptoKeys (326)
[2018.12.28-22.50.16:575][130]LogModuleManager: Shutting down and abandoning module VisualStudioSourceCodeAccess (324)
[2018.12.28-22.50.16:575][130]LogModuleManager: Shutting down and abandoning module VisualStudioCodeSourceCodeAccess (322)
[2018.12.28-22.50.16:575][130]LogModuleManager: Shutting down and abandoning module UObjectPlugin (320)
[2018.12.28-22.50.16:575][130]LogModuleManager: Shutting down and abandoning module SubversionSourceControl (318)
[2018.12.28-22.50.16:575][130]LogModuleManager: Shutting down and abandoning module PerforceSourceControl (316)
[2018.12.28-22.50.16:575][130]LogModuleManager: Shutting down and abandoning module GitSourceControl (314)
[2018.12.28-22.50.16:575][130]LogModuleManager: Shutting down and abandoning module SourceControl (313)
[2018.12.28-22.50.16:575][130]LogModuleManager: Shutting down and abandoning module CLionSourceCodeAccess (310)
[2018.12.28-22.50.16:576][130]LogModuleManager: Shutting down and abandoning module LightPropagationVolumeEditor (308)
[2018.12.28-22.50.16:576][130]LogModuleManager: Shutting down and abandoning module PaperTiledImporter (306)
[2018.12.28-22.50.16:576][130]LogModuleManager: Shutting down and abandoning module PaperSpriteSheetImporter (304)
[2018.12.28-22.50.16:576][130]LogModuleManager: Shutting down and abandoning module Paper2DEditor (302)
[2018.12.28-22.50.16:576][130]LogModuleManager: Shutting down and abandoning module MeshPaint (301)
[2018.12.28-22.50.16:576][130]LogModuleManager: Shutting down and abandoning module RuntimePhysXCooking (298)
[2018.12.28-22.50.16:576][130]LogModuleManager: Shutting down and abandoning module PhysXVehiclesEditor (296)
[2018.12.28-22.50.16:576][130]LogModuleManager: Shutting down and abandoning module PhysXVehicles (294)
[2018.12.28-22.50.16:576][130]LogModuleManager: Shutting down and abandoning module OculusEditor (292)
[2018.12.28-22.50.16:576][130]LogModuleManager: Shutting down and abandoning module LocationServicesBPLibrary (290)
[2018.12.28-22.50.16:576][130]LogModuleManager: Shutting down and abandoning module ImmediatePhysicsEditor (288)
[2018.12.28-22.50.16:576][130]LogModuleManager: Shutting down and abandoning module ImmediatePhysics (286)
[2018.12.28-22.50.16:576][130]LogModuleManager: Shutting down and abandoning module ActorSequence (284)
[2018.12.28-22.50.16:576][130]LogModuleManager: Shutting down and abandoning module UdpMessaging (282)
[2018.12.28-22.50.16:677][130]LogModuleManager: Shutting down and abandoning module TcpMessaging (280)
[2018.12.28-22.50.16:778][130]LogModuleManager: Shutting down and abandoning module MagicLeapAudio (278)
[2018.12.28-22.50.16:778][130]LogModuleManager: Shutting down and abandoning module GameplayTagsEditor (276)
[2018.12.28-22.50.16:778][130]LogModuleManager: Shutting down and abandoning module FacialAnimationEditor (274)
[2018.12.28-22.50.16:778][130]LogModuleManager: Shutting down and abandoning module FacialAnimation (272)
[2018.12.28-22.50.16:778][130]LogModuleManager: Shutting down and abandoning module DataValidation (270)
[2018.12.28-22.50.16:778][130]LogModuleManager: Shutting down and abandoning module AssetManagerEditor (268)
[2018.12.28-22.50.16:778][130]LogModuleManager: Shutting down and abandoning module LevelEditor (267)
[2018.12.28-22.50.16:779][130]LogModuleManager: Shutting down and abandoning module PixelInspectorModule (266)
[2018.12.28-22.50.16:779][130]LogModuleManager: Shutting down and abandoning module CommonMenuExtensions (264)
[2018.12.28-22.50.16:779][130]LogModuleManager: Shutting down and abandoning module MainFrame (262)
[2018.12.28-22.50.16:779][130]LogModuleManager: Shutting down and abandoning module HotReload (261)
[2018.12.28-22.50.16:780][130]LogModuleManager: Shutting down and abandoning module ContentBrowser (257)
[2018.12.28-22.50.16:781][130]LogModuleManager: Shutting down and abandoning module TreeMap (255)
[2018.12.28-22.50.16:781][130]LogModuleManager: Shutting down and abandoning module LightPropagationVolumeRuntime (252)
[2018.12.28-22.50.16:781][130]LogModuleManager: Shutting down and abandoning module AISupportModule (250)
[2018.12.28-22.50.16:781][130]LogModuleManager: Shutting down and abandoning module Paper2D (248)
[2018.12.28-22.50.16:781][130]LogModuleManager: Shutting down and abandoning module WindowsMoviePlayer (246)
[2018.12.28-22.50.16:781][130]LogModuleManager: Shutting down and abandoning module WmfMedia (244)
[2018.12.28-22.50.16:782][130]LogModuleManager: Shutting down and abandoning module Media (243)
[2018.12.28-22.50.16:788][130]LogModuleManager: Shutting down and abandoning module PacketHandler (240)
[2018.12.28-22.50.16:788][130]LogModuleManager: Shutting down and abandoning module ClothingSystemEditor (238)
[2018.12.28-22.50.16:788][130]LogModuleManager: Shutting down and abandoning module ClothingSystemRuntime (236)
[2018.12.28-22.50.16:788][130]LogModuleManager: Shutting down and abandoning module MediaAssets (234)
[2018.12.28-22.50.16:788][130]LogModuleManager: Shutting down and abandoning module Overlay (232)
[2018.12.28-22.50.16:788][130]LogModuleManager: Shutting down and abandoning module OverlayEditor (231)
[2018.12.28-22.50.16:789][130]LogModuleManager: Shutting down and abandoning module VREditor (228)
[2018.12.28-22.50.16:789][130]LogModuleManager: Shutting down and abandoning module StringTableEditor (226)
[2018.12.28-22.50.16:789][130]LogModuleManager: Shutting down and abandoning module GameplayTasksEditor (224)
[2018.12.28-22.50.16:789][130]LogModuleManager: Shutting down and abandoning module BehaviorTreeEditor (222)
[2018.12.28-22.50.16:789][130]LogModuleManager: Shutting down and abandoning module FunctionalTesting (220)
[2018.12.28-22.50.16:789][130]LogModuleManager: Shutting down and abandoning module CollisionAnalyzer (218)
[2018.12.28-22.50.16:789][130]LogModuleManager: Shutting down and abandoning module WorkspaceMenuStructure (217)
[2018.12.28-22.50.16:789][130]LogModuleManager: Shutting down and abandoning module UMG (214)
[2018.12.28-22.50.16:789][130]LogModuleManager: Shutting down and abandoning module UMGEditor (213)
[2018.12.28-22.50.16:789][130]LogModuleManager: Shutting down and abandoning module Sequencer (212)
[2018.12.28-22.50.16:789][130]LogModuleManager: Shutting down and abandoning module MessageLog (209)
[2018.12.28-22.50.16:789][130]LogModuleManager: Shutting down and abandoning module SlateReflector (204)
[2018.12.28-22.50.16:789][130]LogModuleManager: Shutting down and abandoning module Slate (202)
[2018.12.28-22.50.16:789][130]LogModuleManager: Shutting down and abandoning module EditorStyle (200)
[2018.12.28-22.50.16:791][130]LogModuleManager: Shutting down and abandoning module MRMesh (198)
[2018.12.28-22.50.16:791][130]LogModuleManager: Shutting down and abandoning module SourceCodeAccess (196)
[2018.12.28-22.50.16:791][130]LogModuleManager: Shutting down and abandoning module HeadMountedDisplay (194)
[2018.12.28-22.50.16:791][130]LogModuleManager: Shutting down and abandoning module XAudio2 (192)
[2018.12.28-22.50.16:791][130]LogModuleManager: Shutting down and abandoning module Networking (190)
[2018.12.28-22.50.16:791][130]LogModuleManager: Shutting down and abandoning module Core (188)
[2018.12.28-22.50.16:791][130]LogModuleManager: Shutting down and abandoning module LevelSequence (186)
[2018.12.28-22.50.16:791][130]LogModuleManager: Shutting down and abandoning module KismetCompiler (184)
[2018.12.28-22.50.16:791][130]LogModuleManager: Shutting down and abandoning module MeshUtilities (182)
[2018.12.28-22.50.16:791][130]LogModuleManager: Shutting down and abandoning module MeshMergeUtilities (181)
[2018.12.28-22.50.16:791][130]LogModuleManager: Shutting down and abandoning module MeshReductionInterface (180)
[2018.12.28-22.50.16:791][130]LogModuleManager: Shutting down and abandoning module SimplygonSwarm (179)
[2018.12.28-22.50.16:791][130]LogModuleManager: Shutting down and abandoning module ProxyLODMeshReduction (177)
[2018.12.28-22.50.16:791][130]LogModuleManager: Shutting down and abandoning module SimplygonMeshReduction (175)
[2018.12.28-22.50.16:791][130]LogModuleManager: Shutting down and abandoning module QuadricMeshReduction (173)
[2018.12.28-22.50.16:791][130]LogModuleManager: Shutting down and abandoning module MaterialBaking (169)
[2018.12.28-22.50.16:791][130]LogModuleManager: Shutting down and abandoning module DirectoryWatcher (165)
[2018.12.28-22.50.16:791][130]LogModuleManager: Shutting down and abandoning module DerivedDataCache (162)
[2018.12.28-22.50.16:810][130]LogDerivedDataCache: Shutdown
[2018.12.28-22.50.16:810][130]LogModuleManager: Shutting down and abandoning module XGEController (160)
[2018.12.28-22.50.16:810][130]LogModuleManager: Shutting down and abandoning module TargetPlatform (158)
[2018.12.28-22.50.16:810][130]LogModuleManager: Shutting down and abandoning module VulkanShaderFormat (157)
[2018.12.28-22.50.16:810][130]LogModuleManager: Shutting down and abandoning module ShaderFormatVectorVM (155)
[2018.12.28-22.50.16:810][130]LogModuleManager: Shutting down and abandoning module ShaderFormatOpenGL (153)
[2018.12.28-22.50.16:810][130]LogModuleManager: Shutting down and abandoning module ShaderFormatD3D (151)
[2018.12.28-22.50.16:810][130]LogModuleManager: Shutting down and abandoning module MetalShaderFormat (149)
[2018.12.28-22.50.16:810][130]LogModuleManager: Shutting down and abandoning module TextureFormatUncompressed (147)
[2018.12.28-22.50.16:810][130]LogModuleManager: Shutting down and abandoning module TextureFormatPVR (145)
[2018.12.28-22.50.16:810][130]LogModuleManager: Shutting down and abandoning module TextureFormatDXT (143)
[2018.12.28-22.50.16:810][130]LogModuleManager: Shutting down and abandoning module TextureFormatIntelISPCTexComp (141)
[2018.12.28-22.50.16:810][130]LogModuleManager: Shutting down and abandoning module TextureFormatASTC (139)
[2018.12.28-22.50.16:810][130]LogModuleManager: Shutting down and abandoning module ImageWrapper (138)
[2018.12.28-22.50.16:810][130]LogModuleManager: Shutting down and abandoning module TextureFormatAndroid (135)
[2018.12.28-22.50.16:810][130]LogModuleManager: Shutting down and abandoning module AudioFormatOpus (133)
[2018.12.28-22.50.16:810][130]LogModuleManager: Shutting down and abandoning module AudioFormatOgg (131)
[2018.12.28-22.50.16:810][130]LogModuleManager: Shutting down and abandoning module AudioFormatADPCM (129)
[2018.12.28-22.50.16:810][130]LogModuleManager: Shutting down and abandoning module LuminTargetPlatform (127)
[2018.12.28-22.50.16:810][130]LogModuleManager: Shutting down and abandoning module LinuxTargetPlatform (125)
[2018.12.28-22.50.16:810][130]LogModuleManager: Shutting down and abandoning module LinuxServerTargetPlatform (123)
[2018.12.28-22.50.16:810][130]LogModuleManager: Shutting down and abandoning module LinuxNoEditorTargetPlatform (121)
[2018.12.28-22.50.16:810][130]LogModuleManager: Shutting down and abandoning module LinuxClientTargetPlatform (119)
[2018.12.28-22.50.16:810][130]LogModuleManager: Shutting down and abandoning module TVOSTargetPlatform (117)
[2018.12.28-22.50.16:811][130]LogModuleManager: Shutting down and abandoning module Messaging (115)
[2018.12.28-22.50.16:811][130]LogModuleManager: Shutting down and abandoning module IOSTargetPlatform (113)
[2018.12.28-22.50.16:812][130]LogModuleManager: Shutting down and abandoning module HTML5TargetPlatform (111)
[2018.12.28-22.50.16:812][130]LogModuleManager: Shutting down and abandoning module AndroidTargetPlatform (109)
[2018.12.28-22.50.16:818][130]LogModuleManager: Shutting down and abandoning module WindowsTargetPlatform (107)
[2018.12.28-22.50.16:818][130]LogModuleManager: Shutting down and abandoning module WindowsServerTargetPlatform (105)
[2018.12.28-22.50.16:818][130]LogModuleManager: Shutting down and abandoning module WindowsNoEditorTargetPlatform (103)
[2018.12.28-22.50.16:818][130]LogModuleManager: Shutting down and abandoning module WindowsClientTargetPlatform (101)
[2018.12.28-22.50.16:818][130]LogModuleManager: Shutting down and abandoning module MacTargetPlatform (99)
[2018.12.28-22.50.16:818][130]LogModuleManager: Shutting down and abandoning module MacServerTargetPlatform (97)
[2018.12.28-22.50.16:818][130]LogModuleManager: Shutting down and abandoning module MacNoEditorTargetPlatform (95)
[2018.12.28-22.50.16:818][130]LogModuleManager: Shutting down and abandoning module MacClientTargetPlatform (93)
[2018.12.28-22.50.16:818][130]LogModuleManager: Shutting down and abandoning module AllDesktopTargetPlatform (91)
[2018.12.28-22.50.16:818][130]LogModuleManager: Shutting down and abandoning module InputCore (88)
[2018.12.28-22.50.16:818][130]LogModuleManager: Shutting down and abandoning module Settings (86)
[2018.12.28-22.50.16:818][130]LogModuleManager: Shutting down and abandoning module PhysXCooking (84)
[2018.12.28-22.50.16:818][130]LogModuleManager: Shutting down and abandoning module SteamVR (82)
[2018.12.28-22.50.16:818][130]LogModuleManager: Shutting down and abandoning module OculusHMD (80)
[2018.12.28-22.50.16:818][130]LogModuleManager: Shutting down and abandoning module ExampleDeviceProfileSelector (78)
[2018.12.28-22.50.16:818][130]LogModuleManager: Shutting down and abandoning module LauncherChunkInstaller (76)
[2018.12.28-22.50.16:818][130]LogModuleManager: Shutting down and abandoning module OnlineBlueprintSupport (74)
[2018.12.28-22.50.16:818][130]LogModuleManager: Shutting down and abandoning module OnlineSubsystem (70)
[2018.12.28-22.50.16:819][130]LogModuleManager: Shutting down and abandoning module XMPP (65)
[2018.12.28-22.50.16:819][130]LogModuleManager: Shutting down and abandoning module WebSockets (64)
[2018.12.28-22.50.16:826][130]LogModuleManager: Shutting down and abandoning module HTTP (61)
[2018.12.28-22.50.16:826][130]LogHttp: Display: Http module shutting down, but needs to wait on 1 outstanding Http requests:
[2018.12.28-22.50.16:826][130]LogHttp: Display: 	verb=[POST] url=[https://datarouter.ol.epicgames.com/datarouter/api/v1/public/data?SessionID=%7BD1DBEDCE-4276-91C7-D704-B9AEC9840837%7D&AppID=UEEditor.Rocket.Release&AppVersion=4.20.2-4302132%2B%2B%2BUE4%2BRelease-4.20&UserID=2f9916264acdf33f70768f822f9563c9%7C504a56eacb094752a172dcccc7c138cb%7C241500de-b41d-44c2-b004-1325f18bb3ba&AppEnvironment=datacollector-binary&UploadType=eteventstream] status=Processing
[2018.12.28-22.50.16:829][130]LogModuleManager: Shutting down and abandoning module SSL (60)
[2018.12.28-22.50.16:830][130]LogModuleManager: Shutting down and abandoning module MagicLeapEmulator (56)
[2018.12.28-22.50.16:830][130]LogModuleManager: Shutting down and abandoning module MagicLeapPrivileges (54)
[2018.12.28-22.50.16:831][130]LogModuleManager: Shutting down and abandoning module MagicLeapIdentity (52)
[2018.12.28-22.50.16:831][130]LogModuleManager: Shutting down and abandoning module MagicLeapHelperVulkan (50)
[2018.12.28-22.50.16:831][130]LogModuleManager: Shutting down and abandoning module MagicLeapHelperOpenGL (48)
[2018.12.28-22.50.16:831][130]LogModuleManager: Shutting down and abandoning module MagicLeapSecureStorage (46)
[2018.12.28-22.50.16:831][130]LogModuleManager: Shutting down and abandoning module MagicLeapGestures (44)
[2018.12.28-22.50.16:831][130]LogModuleManager: Shutting down and abandoning module MagicLeapEyeTracker (42)
[2018.12.28-22.50.16:831][130]LogModuleManager: Shutting down and abandoning module MagicLeapController (40)
[2018.12.28-22.50.16:831][130]LogSlate: Slate User Destroyed.  User Index 0, Is Virtual User: 0
[2018.12.28-22.50.16:831][130]LogModuleManager: Shutting down and abandoning module MagicLeap (38)
[2018.12.28-22.50.16:831][130]LogModuleManager: Shutting down and abandoning module AnimationModifiers (36)
[2018.12.28-22.50.16:831][130]LogModuleManager: Shutting down and abandoning module PropertyEditor (35)
[2018.12.28-22.50.16:831][130]LogModuleManager: Shutting down and abandoning module AudioEditor (32)
[2018.12.28-22.50.16:831][130]LogModuleManager: Shutting down and abandoning module TextureCompressor (30)
[2018.12.28-22.50.16:831][130]LogModuleManager: Shutting down and abandoning module ShaderCore (28)
[2018.12.28-22.50.16:831][130]LogModuleManager: Shutting down and abandoning module Landscape (26)
[2018.12.28-22.50.16:831][130]LogModuleManager: Shutting down and abandoning module SlateRHIRenderer (24)
[2018.12.28-22.50.16:831][130]LogModuleManager: Shutting down and abandoning module OpenGLDrv (22)
[2018.12.28-22.50.16:831][130]LogModuleManager: Shutting down and abandoning module D3D11RHI (20)
[2018.12.28-22.50.16:831][130]LogModuleManager: Shutting down and abandoning module AnimGraphRuntime (18)
[2018.12.28-22.50.16:831][130]LogModuleManager: Shutting down and abandoning module Renderer (16)
[2018.12.28-22.50.16:831][130]LogModuleManager: Shutting down and abandoning module Engine (14)
[2018.12.28-22.50.16:831][130]LogModuleManager: Shutting down and abandoning module CoreUObject (12)
[2018.12.28-22.50.16:831][130]LogModuleManager: Shutting down and abandoning module NetworkFile (10)
[2018.12.28-22.50.16:831][130]LogModuleManager: Shutting down and abandoning module CookedIterativeFile (8)
[2018.12.28-22.50.16:831][130]LogModuleManager: Shutting down and abandoning module StreamingFile (6)
[2018.12.28-22.50.16:831][130]LogModuleManager: Shutting down and abandoning module SandboxFile (4)
[2018.12.28-22.50.16:832][130]LogModuleManager: Shutting down and abandoning module PakFile (2)
[2018.12.28-22.50.16:837][130]LogExit: Exiting.
[2018.12.28-22.50.16:846][130]Log file closed, 12/28/18 17:50:16
