Log file open, 10/15/18 10:18:40
LogWindows: Failed to load 'aqProf.dll' (GetLastError=126)
LogWindows: File 'aqProf.dll' does not exist
LogWindows: Failed to load 'VSPerf140.dll' (GetLastError=126)
LogWindows: File 'VSPerf140.dll' does not exist
LogWindows: Failed to load 'VtuneApi.dll' (GetLastError=126)
LogWindows: File 'VtuneApi.dll' does not exist
LogWindows: Failed to load 'VtuneApi32e.dll' (GetLastError=126)
LogWindows: File 'VtuneApi32e.dll' does not exist
LogInit: Display: Running engine for game: DAGD300Assignment
LogPlatformFile: Not using cached read wrapper
LogTaskGraph: Started task graph with 5 named threads and 14 total threads with 3 sets of task threads.
LogStats: Stats thread started at 0.193408
LogD3D11RHI: Loaded GFSDK_Aftermath_Lib.x64.dll
LogICUInternationalization: Display: ICU TimeZone Detection - Raw Offset: -5:00, Platform Override: ''
LogPluginManager: Mounting plugin Paper2D
LogPluginManager: Mounting plugin AISupport
LogPluginManager: Mounting plugin LightPropagationVolume
LogPluginManager: Mounting plugin CLionSourceCodeAccess
LogPluginManager: Mounting plugin CodeLiteSourceCodeAccess
LogPluginManager: Mounting plugin GitSourceControl
LogPluginManager: Mounting plugin KDevelopSourceCodeAccess
LogPluginManager: Mounting plugin NullSourceCodeAccess
LogPluginManager: Mounting plugin PerforceSourceControl
LogPluginManager: Mounting plugin SubversionSourceControl
LogPluginManager: Mounting plugin UObjectPlugin
LogPluginManager: Mounting plugin VisualStudioCodeSourceCodeAccess
LogPluginManager: Mounting plugin VisualStudioSourceCodeAccess
LogPluginManager: Mounting plugin XCodeSourceCodeAccess
LogPluginManager: Mounting plugin AssetManagerEditor
LogPluginManager: Mounting plugin CryptoKeys
LogPluginManager: Mounting plugin DataValidation
LogPluginManager: Mounting plugin FacialAnimation
LogPluginManager: Mounting plugin GameplayTagsEditor
LogPluginManager: Mounting plugin MacGraphicsSwitching
LogPluginManager: Mounting plugin MeshEditor
LogPluginManager: Mounting plugin MobileLauncherProfileWizard
LogPluginManager: Mounting plugin PluginBrowser
LogPluginManager: Mounting plugin SpeedTreeImporter
LogPluginManager: Mounting plugin DatasmithContent
LogPluginManager: Mounting plugin AlembicImporter
LogPluginManager: Mounting plugin AppleImageUtils
LogPluginManager: Mounting plugin AppleVision
LogPluginManager: Mounting plugin BackChannel
LogPluginManager: Mounting plugin CharacterAI
LogPluginManager: Mounting plugin GeometryCache
LogPluginManager: Mounting plugin HTML5Networking
LogPluginManager: Mounting plugin ProxyLODPlugin
LogPluginManager: Mounting plugin MagicLeap
LogPluginManager: Mounting plugin MagicLeapEmulator
LogPluginManager: Mounting plugin MagicLeapMedia
LogPluginManager: Mounting plugin AndroidMedia
LogPluginManager: Mounting plugin AvfMedia
LogPluginManager: Mounting plugin ImgMedia
LogPluginManager: Mounting plugin LinearTimecode
LogPluginManager: Mounting plugin MediaCompositing
LogPluginManager: Mounting plugin MediaPlayerEditor
LogPluginManager: Mounting plugin WmfMedia
LogPluginManager: Mounting plugin TcpMessaging
LogPluginManager: Mounting plugin UdpMessaging
LogPluginManager: Mounting plugin ActorSequence
LogPluginManager: Mounting plugin LevelSequenceEditor
LogPluginManager: Mounting plugin MatineeToLevelSequence
LogPluginManager: Mounting plugin NetcodeUnitTest
LogPluginManager: Mounting plugin NUTUnrealEngine4
LogPluginManager: Mounting plugin OnlineSubsystemGooglePlay
LogPluginManager: Mounting plugin OnlineSubsystemIOS
LogPluginManager: Mounting plugin OnlineSubsystem
LogPluginManager: Mounting plugin OnlineSubsystemNull
LogPluginManager: Mounting plugin OnlineSubsystemUtils
LogPluginManager: Mounting plugin LauncherChunkInstaller
LogPluginManager: Mounting plugin AndroidDeviceProfileSelector
LogPluginManager: Mounting plugin AndroidMoviePlayer
LogPluginManager: Mounting plugin AndroidPermission
LogPluginManager: Mounting plugin AppleMoviePlayer
LogPluginManager: Mounting plugin ArchVisCharacter
LogPluginManager: Mounting plugin AudioCapture
LogPluginManager: Mounting plugin CableComponent
LogPluginManager: Mounting plugin CustomMeshComponent
LogPluginManager: Mounting plugin EditableMesh
LogPluginManager: Mounting plugin ExampleDeviceProfileSelector
LogPluginManager: Mounting plugin GoogleCloudMessaging
LogPluginManager: Mounting plugin ImmediatePhysics
LogPluginManager: Mounting plugin IOSDeviceProfileSelector
LogPluginManager: Mounting plugin LinuxDeviceProfileSelector
LogPluginManager: Mounting plugin LocationServicesBPLibrary
LogPluginManager: Mounting plugin MobilePatchingUtils
LogPluginManager: Mounting plugin OculusVR
LogPluginManager: Plugin shader directory ../../../Engine/Plugins/Runtime/Oculus/OculusVR/Shaders found
LogPluginManager: Mapping shader source directory ../../../Engine/Plugins/Runtime/Oculus/OculusVR/Shaders to virtual directory /Plugin/OculusVR
LogPluginManager: Mounting plugin PhysXVehicles
LogPluginManager: Mounting plugin ProceduralMeshComponent
LogPluginManager: Mounting plugin RuntimePhysXCooking
LogPluginManager: Mounting plugin SteamVR
LogPluginManager: Mounting plugin WindowsMoviePlayer
LogStreaming: Display: Took  0.318s to configure plugins.
LogInit: Using libcurl 7.55.1-DEV
LogInit:  - built for x86_64-pc-win32
LogInit:  - supports SSL with OpenSSL/1.0.2h
LogInit:  - supports HTTP deflate (compression) using libz 1.2.8
LogInit:  - other features:
LogInit:      CURL_VERSION_SSL
LogInit:      CURL_VERSION_LIBZ
LogInit:      CURL_VERSION_IPV6
LogInit:      CURL_VERSION_ASYNCHDNS
LogInit:      CURL_VERSION_LARGEFILE
LogInit:      CURL_VERSION_IDN
LogInit:  CurlRequestOptions (configurable via config and command line):
LogInit:  - bVerifyPeer = false  - Libcurl will NOT verify peer certificate
LogInit:  - bUseHttpProxy = false  - Libcurl will NOT use HTTP proxy
LogInit:  - bDontReuseConnections = false  - Libcurl will reuse connections
LogInit:  - CertBundlePath = nullptr  - Libcurl will use whatever was configured at build time.
LogInit:  - MaxHostConnections = 16  - Libcurl will limit the number of connections to a host
LogInit:  - LocalHostAddr = Default
LogInit:  - BufferSize = 65536
LogInit: WinSock: version 1.1 (2.2), MaxSocks=32767, MaxUdp=65467
LogInit: Build: ++UE4+Release-4.20-CL-4302132
LogInit: Engine Version: 4.20.2-4302132+++UE4+Release-4.20
LogInit: Compatible Engine Version: 4.20.0-4212847+++UE4+Release-4.20
LogInit: Net CL: 4212847
LogInit: OS: Windows 10 (), CPU: Intel(R) Core(TM) i5-6400 CPU @ 2.70GHz, GPU: NVIDIA GeForce GTX 1070
LogInit: Compiled (64-bit): Aug 21 2018 02:06:06
LogInit: Compiled with Visual C++: 19.13.26129.00
LogInit: Build Configuration: Development
LogInit: Branch Name: ++UE4+Release-4.20
LogInit: Command Line: 
LogInit: Base Directory: D:/Program Files (x86)/UE_4.20/Engine/Binaries/Win64/
LogInit: Installed Engine Build: 1
LogDevObjectVersion: Number of dev versions registered: 20
LogDevObjectVersion:   Dev-Blueprints (B0D832E4-1F89-4F0D-ACCF-7EB736FD4AA2): 10
LogDevObjectVersion:   Dev-Build (E1C64328-A22C-4D53-A36C-8E866417BD8C): 0
LogDevObjectVersion:   Dev-Core (375EC13C-06E4-48FB-B500-84F0262A717E): 2
LogDevObjectVersion:   Dev-Editor (E4B068ED-F494-42E9-A231-DA0B2E46BB41): 24
LogDevObjectVersion:   Dev-Framework (CFFC743F-43B0-4480-9391-14DF171D2073): 34
LogDevObjectVersion:   Dev-Mobile (B02B49B5-BB20-44E9-A304-32B752E40360): 2
LogDevObjectVersion:   Dev-Networking (A4E4105C-59A1-49B5-A7C5-40C4547EDFEE): 0
LogDevObjectVersion:   Dev-Online (39C831C9-5AE6-47DC-9A44-9C173E1C8E7C): 0
LogDevObjectVersion:   Dev-Physics (78F01B33-EBEA-4F98-B9B4-84EACCB95AA2): 0
LogDevObjectVersion:   Dev-Platform (6631380F-2D4D-43E0-8009-CF276956A95A): 0
LogDevObjectVersion:   Dev-Rendering (12F88B9F-8875-4AFC-A67C-D90C383ABD29): 26
LogDevObjectVersion:   Dev-Sequencer (7B5AE74C-D270-4C10-A958-57980B212A5A): 9
LogDevObjectVersion:   Dev-VR (D7296918-1DD6-4BDD-9DE2-64A83CC13884): 2
LogDevObjectVersion:   Dev-LoadTimes (C2A15278-BFE7-4AFE-6C17-90FF531DF755): 1
LogDevObjectVersion:   Private-Geometry (6EACA3D4-40EC-4CC1-B786-8BED09428FC5): 3
LogDevObjectVersion:   Dev-AnimPhys (29E575DD-E0A3-4627-9D10-D276232CDCEA): 17
LogDevObjectVersion:   Dev-ReflectionCapture (6B266CEC-1EC7-4B8F-A30B-E4D90942FC07): 1
LogDevObjectVersion:   Dev-Automation (0DF73D61-A23F-47EA-B727-89E90C41499A): 1
LogDevObjectVersion:   FortniteMain (601D1886-AC64-4F84-AA16-D3DE0DEAC7D6): 12
LogDevObjectVersion:   Dev-Enterprise (9DFFBCD6-494F-0158-E221-12823C92A888): 1
LogStreaming: Display: Took  0.029s to delete old logs.
LogInit: Presizing for max 8388607 objects, including 0 objects not considered by GC, pre-allocating 0 bytes for permanent pool.
LogInit: Object subsystem initialized
[2018.10.15-14.18.40:689][  0]LogInit: Selected Device Profile: [Windows]
[2018.10.15-14.18.40:689][  0]LogInit: Applying CVar settings loaded from the selected device profile: [Windows]
[2018.10.15-14.18.40:714][  0]LogHAL: Display: Platform has ~ 8 GB [8526880768 / 8589934592 / 8], which maps to Default [LargestMinGB=32, LargerMinGB=12, DefaultMinGB=8, SmallerMinGB=6, SmallestMinGB=0)
[2018.10.15-14.18.40:714][  0]LogInit: Setting Device Profile CVar: [[r.Vulkan.UseRealUBs:1]]
[2018.10.15-14.18.40:714][  0]LogInit: Going up to parent DeviceProfile []
[2018.10.15-14.18.40:714][  0]LogInit: Computer: DESKTOP-EEGEEHC
[2018.10.15-14.18.40:714][  0]LogInit: User: ChristopherP
[2018.10.15-14.18.40:714][  0]LogInit: CPU Page size=4096, Cores=4
[2018.10.15-14.18.40:714][  0]LogInit: High frequency timer resolution =2.648435 MHz
[2018.10.15-14.18.40:715][  0]LogMemory: Memory total: Physical=7.9GB (8GB approx)
[2018.10.15-14.18.40:715][  0]LogMemory: Platform Memory Stats for Windows
[2018.10.15-14.18.40:715][  0]LogMemory: Process Physical Memory: 100.64 MB used, 100.64 MB peak
[2018.10.15-14.18.40:715][  0]LogMemory: Process Virtual Memory: 84.48 MB used, 84.48 MB peak
[2018.10.15-14.18.40:715][  0]LogMemory: Physical Memory: 5666.16 MB used,  2465.71 MB free, 8131.87 MB total
[2018.10.15-14.18.40:715][  0]LogMemory: Virtual Memory: 4610.91 MB used,  2465.71 MB free, 134217728.00 MB total
[2018.10.15-14.18.40:741][  0]LogInit: Using OS detected language (en-US).
[2018.10.15-14.18.40:741][  0]LogInit: Using OS detected locale (en-US).
[2018.10.15-14.18.40:743][  0]LogTextLocalizationManager: No specific localization for 'en-US' exists, so the 'en' localization will be used.
[2018.10.15-14.18.41:158][  0]LogStreaming: Display: Took  0.418s to InitEngineTextLocalization.
[2018.10.15-14.18.41:158][  0]LogInit: Setting process to per monitor DPI aware
[2018.10.15-14.18.41:216][  0]LogSlate: New Slate User Created.  User Index 0, Is Virtual User: 0
[2018.10.15-14.18.41:217][  0]LogSlate: Slate User Registered.  User Index 0, Is Virtual User: 0
[2018.10.15-14.18.41:657][  0]LogHMD: Failed to initialize OpenVR with code 110
[2018.10.15-14.18.41:658][  0]LogD3D11RHI: D3D11 adapters:
[2018.10.15-14.18.41:732][  0]LogD3D11RHI:    0. 'NVIDIA GeForce GTX 1070' (Feature Level 11_0)
[2018.10.15-14.18.41:732][  0]LogD3D11RHI:       8088/0/4065 MB DedicatedVideo/DedicatedSystem/SharedSystem, Outputs:2, VendorId:0x10de
[2018.10.15-14.18.41:734][  0]LogD3D11RHI:    1. 'Microsoft Basic Render Driver' (Feature Level 11_0)
[2018.10.15-14.18.41:734][  0]LogD3D11RHI:       0/0/4065 MB DedicatedVideo/DedicatedSystem/SharedSystem, Outputs:0, VendorId:0x1414
[2018.10.15-14.18.41:734][  0]LogD3D11RHI: Chosen D3D11 Adapter: 0
[2018.10.15-14.18.41:742][  0]LogD3D11RHI: Creating new Direct3DDevice
[2018.10.15-14.18.41:742][  0]LogD3D11RHI:     GPU DeviceId: 0x1b81 (for the marketing name, search the web for "GPU Device Id")
[2018.10.15-14.18.41:742][  0]LogWindows: EnumDisplayDevices:
[2018.10.15-14.18.41:742][  0]LogWindows:    0. 'NVIDIA GeForce GTX 1070' (P:1 D:1)
[2018.10.15-14.18.41:743][  0]LogWindows:    1. 'NVIDIA GeForce GTX 1070' (P:0 D:1)
[2018.10.15-14.18.41:743][  0]LogWindows:    2. 'NVIDIA GeForce GTX 1070' (P:0 D:0)
[2018.10.15-14.18.41:743][  0]LogWindows:    3. 'NVIDIA GeForce GTX 1070' (P:0 D:0)
[2018.10.15-14.18.41:743][  0]LogWindows: DebugString: FoundDriverCount:4 
[2018.10.15-14.18.41:743][  0]LogD3D11RHI:     Adapter Name: NVIDIA GeForce GTX 1070
[2018.10.15-14.18.41:743][  0]LogD3D11RHI:   Driver Version: 416.16 (internal:25.21.14.1616, unified:416.16)
[2018.10.15-14.18.41:744][  0]LogD3D11RHI:      Driver Date: 10-2-2018
[2018.10.15-14.18.41:744][  0]LogRHI: Texture pool is 5661 MB (70% of 8088 MB)
[2018.10.15-14.18.41:788][  0]LogD3D11RHI: Async texture creation enabled
[2018.10.15-14.18.41:818][  0]LogD3D11RHI: GPU Timing Frequency: 1000.000000 (Debug: 2 2)
[2018.10.15-14.18.41:869][  0]LogShaderCompilers: Guid format shader working directory is 18 characters bigger than the processId version (F:/UnrealProjects/DAGD300Assignment/Intermediate/Shaders/WorkingDirectory/8768/).
[2018.10.15-14.18.41:869][  0]LogShaderCompilers: Cleaned the shader compiler working directory 'C:/Users/ChristopherP/AppData/Local/Temp/UnrealShaderWorkingDir/9188B5874048FB937325BFBC99542BFF/'.
[2018.10.15-14.18.42:199][  0]LogTemp: Display: Loaded TP AllDesktopTargetPlatform
[2018.10.15-14.18.42:213][  0]LogTemp: Display: Loaded TP MacClientTargetPlatform
[2018.10.15-14.18.42:228][  0]LogTemp: Display: Loaded TP MacNoEditorTargetPlatform
[2018.10.15-14.18.42:242][  0]LogTemp: Display: Loaded TP MacServerTargetPlatform
[2018.10.15-14.18.42:256][  0]LogTemp: Display: Loaded TP MacTargetPlatform
[2018.10.15-14.18.42:271][  0]LogTemp: Display: Loaded TP WindowsClientTargetPlatform
[2018.10.15-14.18.42:286][  0]LogTemp: Display: Loaded TP WindowsNoEditorTargetPlatform
[2018.10.15-14.18.42:302][  0]LogTemp: Display: Loaded TP WindowsServerTargetPlatform
[2018.10.15-14.18.42:308][  0]LogTemp: Display: Loaded TP WindowsTargetPlatform
[2018.10.15-14.18.42:394][  0]LogTemp: Display: Loaded TP AndroidTargetPlatform
[2018.10.15-14.18.42:394][  0]LogTemp: Display: Loaded TP AndroidTargetPlatform
[2018.10.15-14.18.42:394][  0]LogTemp: Display: Loaded TP AndroidTargetPlatform
[2018.10.15-14.18.42:394][  0]LogTemp: Display: Loaded TP AndroidTargetPlatform
[2018.10.15-14.18.42:394][  0]LogTemp: Display: Loaded TP AndroidTargetPlatform
[2018.10.15-14.18.42:394][  0]LogTemp: Display: Loaded TP AndroidTargetPlatform
[2018.10.15-14.18.42:394][  0]LogTemp: Display: Loaded TP AndroidTargetPlatform
[2018.10.15-14.18.42:394][  0]LogTemp: Display: Loaded TP AndroidTargetPlatform
[2018.10.15-14.18.42:394][  0]LogTemp: Display: Loaded TP AndroidTargetPlatform
[2018.10.15-14.18.42:394][  0]LogTemp: Display: Loaded TP AndroidTargetPlatform
[2018.10.15-14.18.42:394][  0]LogTemp: Display: Loaded TP AndroidTargetPlatform
[2018.10.15-14.18.42:394][  0]LogTemp: Display: Loaded TP AndroidTargetPlatform
[2018.10.15-14.18.42:394][  0]LogTemp: Display: Loaded TP AndroidTargetPlatform
[2018.10.15-14.18.42:394][  0]LogTemp: Display: Loaded TP AndroidTargetPlatform
[2018.10.15-14.18.42:394][  0]LogTemp: Display: Loaded TP AndroidTargetPlatform
[2018.10.15-14.18.42:394][  0]LogTemp: Display: Loaded TP AndroidTargetPlatform
[2018.10.15-14.18.42:394][  0]LogTemp: Display: Loaded TP AndroidTargetPlatform
[2018.10.15-14.18.42:395][  0]LogTemp: Display: Loaded TP AndroidTargetPlatform
[2018.10.15-14.18.42:396][  0]LogTemp: Display: Loaded TP HTML5TargetPlatform
[2018.10.15-14.18.42:461][  0]LogTemp: Display: Loaded TP IOSTargetPlatform
[2018.10.15-14.18.42:461][  0]LogTemp: Display: Loaded TP IOSTargetPlatform
[2018.10.15-14.18.42:488][  0]LogTemp: Display: Loaded TP TVOSTargetPlatform
[2018.10.15-14.18.42:488][  0]LogTemp: Display: Loaded TP TVOSTargetPlatform
[2018.10.15-14.18.42:502][  0]LogTemp: Display: Loaded TP LinuxClientTargetPlatform
[2018.10.15-14.18.42:516][  0]LogTemp: Display: Loaded TP LinuxNoEditorTargetPlatform
[2018.10.15-14.18.42:529][  0]LogTemp: Display: Loaded TP LinuxServerTargetPlatform
[2018.10.15-14.18.42:543][  0]LogTemp: Display: Loaded TP LinuxTargetPlatform
[2018.10.15-14.18.42:555][  0]LogTemp: Display: Loaded TP LuminTargetPlatform
[2018.10.15-14.18.42:555][  0]LogTargetPlatformManager: Display: Building Assets For Windows
[2018.10.15-14.18.42:618][  0]LogXGEController: Cannot use XGE Controller as Incredibuild is not installed on this machine.
[2018.10.15-14.18.42:618][  0]LogShaderCompilers: Cannot use XGE Shader Compiler as Incredibuild is not installed on this machine.
[2018.10.15-14.18.42:618][  0]LogShaderCompilers: Display: Using Local Shader Compiler.
[2018.10.15-14.18.43:418][  0]LogDerivedDataCache: Display: Max Cache Size: 512 MB
[2018.10.15-14.18.43:499][  0]LogDerivedDataCache: Loaded boot cache 0.08s 71MB C:/Users/ChristopherP/AppData/Local/UnrealEngine/4.20/DerivedDataCache/Boot.ddc.
[2018.10.15-14.18.43:500][  0]LogDerivedDataCache: Display: Loaded Boot cache: C:/Users/ChristopherP/AppData/Local/UnrealEngine/4.20/DerivedDataCache/Boot.ddc
[2018.10.15-14.18.43:500][  0]LogDerivedDataCache: FDerivedDataBackendGraph:  Pak pak cache file F:/UnrealProjects/DAGD300Assignment/DerivedDataCache/DDC.ddp not found, will not use a pak cache.
[2018.10.15-14.18.43:500][  0]LogDerivedDataCache: Unable to find inner node Pak for hierarchical cache Hierarchy.
[2018.10.15-14.18.43:500][  0]LogDerivedDataCache: FDerivedDataBackendGraph:  CompressedPak pak cache file F:/UnrealProjects/DAGD300Assignment/DerivedDataCache/Compressed.ddp not found, will not use a pak cache.
[2018.10.15-14.18.43:500][  0]LogDerivedDataCache: Unable to find inner node CompressedPak for hierarchical cache Hierarchy.
[2018.10.15-14.18.43:515][  0]LogDerivedDataCache: Display: Pak cache opened for reading ../../../Engine/DerivedDataCache/Compressed.ddp.
[2018.10.15-14.18.43:528][  0]LogDerivedDataCache: Using Local data cache path C:/Users/ChristopherP/AppData/Local/UnrealEngine/Common/DerivedDataCache: Writable
[2018.10.15-14.18.43:528][  0]LogDerivedDataCache: Shared data cache path not found in *engine.ini, will not use an Shared cache.
[2018.10.15-14.18.43:528][  0]LogDerivedDataCache: Unable to find inner node Shared for hierarchical cache Hierarchy.
[2018.10.15-14.18.43:548][  0]LogMaterial: Verifying Global Shaders for PCD3D_SM5
[2018.10.15-14.18.43:550][  0]LogSlate: Using FreeType 2.6.0
[2018.10.15-14.18.43:551][  0]LogSlate: SlateFontServices - WITH_FREETYPE: 1, WITH_HARFBUZZ: 1
[2018.10.15-14.18.43:657][  0]LogAssetRegistry: FAssetRegistry took 0.0277 seconds to start up
[2018.10.15-14.18.44:004][  0]LogInit: Selected Device Profile: [Windows]
[2018.10.15-14.18.44:158][  0]LogSimplygon: Simplygon DLL not present - disabling.
[2018.10.15-14.18.44:163][  0]LogMeshReduction: Using SimplygonSwarm for distributed automatic mesh merging
[2018.10.15-14.18.44:163][  0]LogMeshReduction: Using ProxyLODMeshReduction for automatic mesh merging
[2018.10.15-14.18.44:163][  0]LogMeshReduction: Using QuadricMeshReduction for automatic static mesh reduction
[2018.10.15-14.18.44:163][  0]LogMeshReduction: No automatic skeletal mesh reduction module available
[2018.10.15-14.18.44:188][  0]LogNetVersion: DAGD300Assignment 1.0.0, NetCL: 4212847, EngineNetVer: 5, GameNetVer: 0 (Checksum: 724653226)
[2018.10.15-14.18.44:962][  0]LogPackageLocalizationCache: Processed 11 localized package path(s) for 2 prioritized culture(s) in 0.154951 seconds
[2018.10.15-14.18.44:970][  0]LogUObjectArray: 38425 objects as part of root set at end of initial load.
[2018.10.15-14.18.44:970][  0]LogUObjectAllocator: 6690872 out of 0 bytes used by permanent object pool.
[2018.10.15-14.18.44:970][  0]LogUObjectArray: CloseDisregardForGC: 0/0 objects in disregard for GC pool
[2018.10.15-14.18.46:285][  0]LogTcpMessaging: Initializing TcpMessaging bridge
[2018.10.15-14.18.46:299][  0]LogUdpMessaging: Initializing bridge on interface 0.0.0.0:0 to multicast group 230.0.0.1:6666.
[2018.10.15-14.18.46:466][  0]SourceControl: Source control is disabled
[2018.10.15-14.18.46:466][  0]SourceControl: Source control is disabled
[2018.10.15-14.18.46:469][  0]SourceControl: Source control is disabled
[2018.10.15-14.18.46:470][  0]SourceControl: Source control is disabled
[2018.10.15-14.18.46:660][  0]LogAndroidPermission: UAndroidPermissionCallbackProxy::GetInstance
[2018.10.15-14.18.46:762][  0]LogOcInput: OculusInput pre-init called
[2018.10.15-14.18.46:829][  0]LogEngine: Initializing Engine...
[2018.10.15-14.18.46:831][  0]LogHMD: Failed to initialize OpenVR with code 110
[2018.10.15-14.18.46:834][  0]LogStats: UGameplayTagsManager::ConstructGameplayTagTree: ImportINI prefixes -  0.000 s
[2018.10.15-14.18.46:834][  0]LogStats: UGameplayTagsManager::ConstructGameplayTagTree: Construct from data asset -  0.000 s
[2018.10.15-14.18.46:834][  0]LogStats: UGameplayTagsManager::ConstructGameplayTagTree: ImportINI -  0.000 s
[2018.10.15-14.18.46:834][  0]LogStats: UGameplayTagsManager::ConstructGameplayTagTree: GameplayTagTreeChangedEvent.Broadcast -  0.000 s
[2018.10.15-14.18.47:110][  0]LogInit: Initializing FReadOnlyCVARCache
[2018.10.15-14.18.47:127][  0]LogAIModule: Creating AISystem for world Untitled
[2018.10.15-14.18.47:223][  0]LogInit: XAudio2 using 'Speakers (Realtek High Definition Audio)' : 2 channels at 48 kHz using 32 bits per sample (channel mask 0x3)
[2018.10.15-14.18.47:244][  0]LogInit: FAudioDevice initialized.
[2018.10.15-14.18.47:244][  0]LogNetVersion: Set ProjectVersion to 1.0.0.0. Version Checksum will be recalculated on next use.
[2018.10.15-14.18.47:346][  0]LogDerivedDataCache: Saved boot cache 0.10s 71MB C:/Users/ChristopherP/AppData/Local/UnrealEngine/4.20/DerivedDataCache/Boot.ddc.
[2018.10.15-14.18.47:354][  0]LogInit: Texture streaming: Enabled
[2018.10.15-14.18.47:372][  0]LogEngineSessionManager: EngineSessionManager initialized
[2018.10.15-14.18.47:516][  0]LogInit: Transaction tracking system initialized
[2018.10.15-14.18.47:551][  0]BlueprintLog: New page: Editor Load
[2018.10.15-14.18.47:632][  0]LocalizationService: Localization service is disabled
[2018.10.15-14.18.48:204][  0]LogCook: Display: Max memory allowance for cook 16384mb min free memory 0mb
[2018.10.15-14.18.48:205][  0]LogCook: Display: Mobile HDR setting 1
[2018.10.15-14.18.48:216][  0]LogFileCache: Scanning file cache for directory 'F:/UnrealProjects/DAGD300Assignment/Content/' took 0.02s
[2018.10.15-14.18.48:216][  0]LogGameplayTags: Display: UGameplayTagsManager::DoneAddingNativeTags. DelegateIsBound: 0
[2018.10.15-14.18.48:216][  0]LogStats: UGameplayTagsManager::ConstructGameplayTagTree: ImportINI prefixes -  0.000 s
[2018.10.15-14.18.48:216][  0]LogStats: UGameplayTagsManager::ConstructGameplayTagTree: Construct from data asset -  0.000 s
[2018.10.15-14.18.48:216][  0]LogStats: UGameplayTagsManager::ConstructGameplayTagTree: ImportINI -  0.000 s
[2018.10.15-14.18.48:216][  0]LogStats: UGameplayTagsManager::ConstructGameplayTagTree: GameplayTagTreeChangedEvent.Broadcast -  0.000 s
[2018.10.15-14.18.48:355][  0]SourceControl: Source control is disabled
[2018.10.15-14.18.48:355][  0]Cmd: MAP LOAD FILE="F:/UnrealProjects/DAGD300Assignment/Content/SideScrollerBP/Maps/SideScrollerExampleMap.umap" TEMPLATE=0 SHOWPROGRESS=1 FEATURELEVEL=3
[2018.10.15-14.18.48:409][  0]LightingResults: New page: Lighting Build
[2018.10.15-14.18.48:412][  0]MapCheck: New page: Map Check
[2018.10.15-14.18.48:412][  0]LightingResults: New page: Lighting Build
[2018.10.15-14.18.54:467][  0]LogAIModule: Creating AISystem for world SideScrollerExampleMap
[2018.10.15-14.18.54:819][  0]LogEditorServer: Finished looking for orphan Actors (0.000 secs)
[2018.10.15-14.18.54:865][  0]Cmd: MAP CHECKDEP NOCLEARLOG
[2018.10.15-14.18.54:973][  0]MapCheck: Map check complete: 0 Error(s), 0 Warning(s), took 108.278ms to complete.
[2018.10.15-14.18.54:973][  0]LogFileHelpers: Loading map 'SideScrollerExampleMap' took 6.618
[2018.10.15-14.18.55:612][  0]LogSlate: Updating window title bar state: overlay mode, drag disabled, window buttons hidden, title bar hidden
[2018.10.15-14.18.55:630][  0]LogSlate: Updating window title bar state: overlay mode, drag disabled, window buttons hidden, title bar hidden
[2018.10.15-14.18.55:638][  0]LogSlate: Updating window title bar state: overlay mode, drag disabled, window buttons hidden, title bar hidden
[2018.10.15-14.18.55:646][  0]LogSlate: Updating window title bar state: overlay mode, drag disabled, window buttons hidden, title bar hidden
[2018.10.15-14.18.55:698][  0]LogCollectionManager: Loaded 0 collections in 0.002330 seconds
[2018.10.15-14.18.55:892][  0]LogFileCache: Scanning file cache for directory 'F:/UnrealProjects/DAGD300Assignment/Saved/Collections/' took 0.01s
[2018.10.15-14.18.55:892][  0]LogFileCache: Scanning file cache for directory 'F:/UnrealProjects/DAGD300Assignment/Content/Developers/ChristopherP/Collections/' took 0.01s
[2018.10.15-14.18.55:892][  0]LogFileCache: Scanning file cache for directory 'F:/UnrealProjects/DAGD300Assignment/Content/Collections/' took 0.01s
[2018.10.15-14.18.55:892][  0]LogCollectionManager: Rebuilt the GUID cache for 0 collections in 0.000000 seconds
[2018.10.15-14.18.55:928][  0]LogContentBrowser: Native class hierarchy populated in 0.0108 seconds. Added 2572 classes and 603 folders.
[2018.10.15-14.18.56:026][  0]LogContentBrowser: Native class hierarchy updated for 'WidgetCarousel' in 0.0003 seconds. Added 0 classes and 0 folders.
[2018.10.15-14.18.57:373][  0]LogContentBrowser: Native class hierarchy updated for 'AddContentDialog' in 0.0003 seconds. Added 0 classes and 0 folders.
[2018.10.15-14.18.57:416][  0]LogContentBrowser: Native class hierarchy updated for 'SceneOutliner' in 0.0006 seconds. Added 1 classes and 2 folders.
[2018.10.15-14.18.58:383][  0]LogSlate: Took 0.000553 seconds to synchronously load lazily loaded font '../../../Engine/Content/Slate/Fonts/Roboto-Regular.ttf' (155K)
[2018.10.15-14.18.58:386][  0]LogSlate: Took 0.000382 seconds to synchronously load lazily loaded font '../../../Engine/Content/Slate/Fonts/Roboto-Bold.ttf' (160K)
[2018.10.15-14.18.58:446][  0]LogSlate: Took 0.018018 seconds to synchronously load lazily loaded font '../../../Engine/Content/Editor/Slate/Fonts/FontAwesome.ttf' (139K)
[2018.10.15-14.18.58:891][  0]LogRenderer: Reallocating scene render targets to support 1216x596 Format 10 NumSamples 1 (Frame:1).
[2018.10.15-14.18.59:295][  0]LogSlate: Took 0.009659 seconds to synchronously load lazily loaded font '../../../Engine/Content/Slate/Fonts/Roboto-Light.ttf' (167K)
[2018.10.15-14.18.59:516][  0]LogContentBrowser: Native class hierarchy updated for 'HierarchicalLODOutliner' in 0.0005 seconds. Added 0 classes and 0 folders.
[2018.10.15-14.18.59:516][  0]LogLoad: (Engine Initialization) Total time: 22.41 seconds
[2018.10.15-14.18.59:516][  0]LogLoad: (Engine Initialization) Total Blueprint compile time: 0.00 seconds
[2018.10.15-14.18.59:556][  0]LogWindowsTextInputMethodSystem: Display: IME system now deactivated.
[2018.10.15-14.18.59:625][  0]LogContentStreaming: Texture pool size now 1000 MB
[2018.10.15-14.18.59:803][  1]LogAssetRegistry: Asset discovery search completed in 16.1689 seconds
[2018.10.15-14.18.59:805][  1]LogCollectionManager: Rebuilt the object cache for 0 collections in 0.000000 seconds (found 0 objects)
[2018.10.15-14.18.59:805][  1]LogCollectionManager: Fixed up redirectors for 0 collections in 0.000044 seconds (updated 0 objects)
[2018.10.15-14.19.00:581][ 47]LogSlate: Took 0.000503 seconds to synchronously load lazily loaded font '../../../Engine/Content/Slate/Fonts/Roboto-Light.ttf' (167K)
[2018.10.15-14.20.20:477][499]LogSlate: FSceneViewport::OnFocusLost() reason 0
[2018.10.15-14.20.22:555][730]LogAssetEditorManager: Opening Asset editor for WidgetBlueprint /Game/GUI/OptionsMenu.OptionsMenu
[2018.10.15-14.20.23:683][730]LogContentBrowser: Native class hierarchy updated for 'BlueprintGraph' in 0.0007 seconds. Added 116 classes and 0 folders.
[2018.10.15-14.20.25:635][730]LogSlate: Took 0.014164 seconds to synchronously load lazily loaded font '../../../Engine/Content/Slate/Fonts/Roboto-BoldCondensed.ttf' (158K)
[2018.10.15-14.20.51:194][902]LogEditorTransaction: Undo Edit Bottom
[2018.10.15-14.23.14:788][ 68]LogUObjectHash: Warning: Ambiguous search, could be CanvasPanel /Game/GUI/OptionsMenu.OptionsMenu:WidgetTree.CanvasPanel_122 or CanvasPanel /Engine/Transient.WidgetTree:CanvasPanel_122
[2018.10.15-14.23.14:788][ 68]LogUObjectHash: Warning: Ambiguous search, could be CanvasPanel /Game/GUI/OptionsMenu.OptionsMenu:WidgetTree.CanvasPanel_122 or CanvasPanel /Game/GUI/OptionsMenu.OptionsMenu_C:WidgetTree.CanvasPanel_122
[2018.10.15-14.23.14:788][ 68]LogUObjectHash: Warning: Ambiguous search, could be CanvasPanel /Game/GUI/OptionsMenu.OptionsMenu:WidgetTree.CanvasPanel_122 or CanvasPanel /Engine/Transient.World_2:OptionsMenu_C_0.WidgetTree_0.CanvasPanel_122
[2018.10.15-14.23.14:788][ 68]LogUObjectHash: Warning: Ambiguous search, could be CanvasPanel /Game/GUI/OptionsMenu.OptionsMenu:WidgetTree.CanvasPanel_122 or CanvasPanel /Engine/Transient.World_2:OptionsMenu_C_1.WidgetTree_0.CanvasPanel_122
[2018.10.15-14.23.14:788][ 68]LogUObjectHash: Warning: Ambiguous search, could be CanvasPanel /Game/GUI/OptionsMenu.OptionsMenu:WidgetTree.CanvasPanel_122 or CanvasPanel /Engine/Transient.REINST_SKEL_OptionsMenu_C_4:WidgetTree.CanvasPanel_122
[2018.10.15-14.23.14:788][ 68]LogUObjectHash: Warning: Ambiguous search, could be CanvasPanel /Game/GUI/OptionsMenu.OptionsMenu:WidgetTree.CanvasPanel_122 or CanvasPanel /Engine/Transient.World_2:OptionsMenu_C_2.WidgetTree_0.CanvasPanel_122
[2018.10.15-14.23.14:788][ 68]LogUObjectHash: Warning: Ambiguous search, could be CanvasPanel /Game/GUI/OptionsMenu.OptionsMenu:WidgetTree.CanvasPanel_122 or CanvasPanel /Engine/Transient.World_2:OptionsMenu_C_3.WidgetTree_0.CanvasPanel_122
[2018.10.15-14.23.14:788][ 68]LogUObjectHash: Warning: Ambiguous search, could be CanvasPanel /Game/GUI/OptionsMenu.OptionsMenu:WidgetTree.CanvasPanel_122 or CanvasPanel /Engine/Transient.World_2:OptionsMenu_C_4.WidgetTree_0.CanvasPanel_122
[2018.10.15-14.23.14:788][ 68]LogUObjectHash: Warning: Ambiguous search, could be CanvasPanel /Game/GUI/OptionsMenu.OptionsMenu:WidgetTree.CanvasPanel_122 or CanvasPanel /Engine/Transient.World_2:OptionsMenu_C_5.WidgetTree_0.CanvasPanel_122
[2018.10.15-14.23.14:801][ 68]LogProperty: Warning: Illegal TEXT reference to a private object in external package (CanvasPanelSlot /Game/GUI/OptionsMenu.OptionsMenu:WidgetTree.CanvasPanel_122.CanvasPanelSlot_5) from referencer (HorizontalBox /Engine/UMG/Editor/Transient.HorizontalBox_39).  Import failed...
[2018.10.15-14.23.14:801][ 68]LogProperty: Warning: ObjectProperty /Script/UMG.Widget:Slot: unresolved reference to 'CanvasPanelSlot'"CanvasPanel_122.CanvasPanelSlot_5"''
[2018.10.15-14.23.14:888][ 68]LogSlate: Took 0.045234 seconds to synchronously load lazily loaded font '../../../Engine/Content/Slate/Fonts/DroidSansFallback.ttf' (3848K)
[2018.10.15-14.23.18:666][209]LogEditorTransaction: Undo Animatable Property Changed
[2018.10.15-14.23.19:917][252]LogEditorTransaction: Undo Animatable Property Changed
[2018.10.15-14.23.21:143][297]LogEditorTransaction: Undo Animatable Property Changed
[2018.10.15-14.23.21:457][308]LogEditorTransaction: Undo Paste clipboard contents
[2018.10.15-14.23.25:197][459]LogUObjectHash: Warning: Ambiguous search, could be CanvasPanel /Game/GUI/OptionsMenu.OptionsMenu:WidgetTree.CanvasPanel_122 or CanvasPanel /Engine/Transient.WidgetTree:CanvasPanel_122
[2018.10.15-14.23.25:197][459]LogUObjectHash: Warning: Ambiguous search, could be CanvasPanel /Game/GUI/OptionsMenu.OptionsMenu:WidgetTree.CanvasPanel_122 or CanvasPanel /Game/GUI/OptionsMenu.OptionsMenu_C:WidgetTree.CanvasPanel_122
[2018.10.15-14.23.25:197][459]LogUObjectHash: Warning: Ambiguous search, could be CanvasPanel /Game/GUI/OptionsMenu.OptionsMenu:WidgetTree.CanvasPanel_122 or CanvasPanel /Engine/Transient.World_2:OptionsMenu_C_0.WidgetTree_0.CanvasPanel_122
[2018.10.15-14.23.25:197][459]LogUObjectHash: Warning: Ambiguous search, could be CanvasPanel /Game/GUI/OptionsMenu.OptionsMenu:WidgetTree.CanvasPanel_122 or CanvasPanel /Engine/Transient.World_2:OptionsMenu_C_1.WidgetTree_0.CanvasPanel_122
[2018.10.15-14.23.25:197][459]LogUObjectHash: Warning: Ambiguous search, could be CanvasPanel /Game/GUI/OptionsMenu.OptionsMenu:WidgetTree.CanvasPanel_122 or CanvasPanel /Engine/Transient.REINST_SKEL_OptionsMenu_C_4:WidgetTree.CanvasPanel_122
[2018.10.15-14.23.25:197][459]LogUObjectHash: Warning: Ambiguous search, could be CanvasPanel /Game/GUI/OptionsMenu.OptionsMenu:WidgetTree.CanvasPanel_122 or CanvasPanel /Engine/Transient.World_2:OptionsMenu_C_2.WidgetTree_0.CanvasPanel_122
[2018.10.15-14.23.25:197][459]LogUObjectHash: Warning: Ambiguous search, could be CanvasPanel /Game/GUI/OptionsMenu.OptionsMenu:WidgetTree.CanvasPanel_122 or CanvasPanel /Engine/Transient.World_2:OptionsMenu_C_3.WidgetTree_0.CanvasPanel_122
[2018.10.15-14.23.25:197][459]LogUObjectHash: Warning: Ambiguous search, could be CanvasPanel /Game/GUI/OptionsMenu.OptionsMenu:WidgetTree.CanvasPanel_122 or CanvasPanel /Engine/Transient.World_2:OptionsMenu_C_4.WidgetTree_0.CanvasPanel_122
[2018.10.15-14.23.25:197][459]LogUObjectHash: Warning: Ambiguous search, could be CanvasPanel /Game/GUI/OptionsMenu.OptionsMenu:WidgetTree.CanvasPanel_122 or CanvasPanel /Engine/Transient.World_2:OptionsMenu_C_5.WidgetTree_0.CanvasPanel_122
[2018.10.15-14.23.25:197][459]LogUObjectHash: Warning: Ambiguous search, could be CanvasPanel /Game/GUI/OptionsMenu.OptionsMenu:WidgetTree.CanvasPanel_122 or CanvasPanel /Engine/Transient.World_2:OptionsMenu_C_6.WidgetTree_0.CanvasPanel_122
[2018.10.15-14.23.25:197][459]LogUObjectHash: Warning: Ambiguous search, could be CanvasPanel /Game/GUI/OptionsMenu.OptionsMenu:WidgetTree.CanvasPanel_122 or CanvasPanel /Engine/Transient.World_2:OptionsMenu_C_7.WidgetTree_0.CanvasPanel_122
[2018.10.15-14.23.25:197][459]LogProperty: Warning: Illegal TEXT reference to a private object in external package (CanvasPanelSlot /Game/GUI/OptionsMenu.OptionsMenu:WidgetTree.CanvasPanel_122.CanvasPanelSlot_5) from referencer (HorizontalBox /Engine/UMG/Editor/Transient.HorizontalBox_39).  Import failed...
[2018.10.15-14.23.25:197][459]LogProperty: Warning: ObjectProperty /Script/UMG.Widget:Slot: unresolved reference to 'CanvasPanelSlot'"CanvasPanel_122.CanvasPanelSlot_5"''
[2018.10.15-14.24.06:603][314]LogUObjectHash: Warning: Ambiguous search, could be CanvasPanel /Game/GUI/OptionsMenu.OptionsMenu:WidgetTree.CanvasPanel_122 or CanvasPanel /Engine/Transient.WidgetTree:CanvasPanel_122
[2018.10.15-14.24.06:603][314]LogUObjectHash: Warning: Ambiguous search, could be CanvasPanel /Game/GUI/OptionsMenu.OptionsMenu:WidgetTree.CanvasPanel_122 or CanvasPanel /Game/GUI/OptionsMenu.OptionsMenu_C:WidgetTree.CanvasPanel_122
[2018.10.15-14.24.06:603][314]LogUObjectHash: Warning: Ambiguous search, could be CanvasPanel /Game/GUI/OptionsMenu.OptionsMenu:WidgetTree.CanvasPanel_122 or CanvasPanel /Engine/Transient.World_2:OptionsMenu_C_0.WidgetTree_0.CanvasPanel_122
[2018.10.15-14.24.06:603][314]LogUObjectHash: Warning: Ambiguous search, could be CanvasPanel /Game/GUI/OptionsMenu.OptionsMenu:WidgetTree.CanvasPanel_122 or CanvasPanel /Engine/Transient.World_2:OptionsMenu_C_1.WidgetTree_0.CanvasPanel_122
[2018.10.15-14.24.06:603][314]LogUObjectHash: Warning: Ambiguous search, could be CanvasPanel /Game/GUI/OptionsMenu.OptionsMenu:WidgetTree.CanvasPanel_122 or CanvasPanel /Engine/Transient.REINST_SKEL_OptionsMenu_C_4:WidgetTree.CanvasPanel_122
[2018.10.15-14.24.06:603][314]LogUObjectHash: Warning: Ambiguous search, could be CanvasPanel /Game/GUI/OptionsMenu.OptionsMenu:WidgetTree.CanvasPanel_122 or CanvasPanel /Engine/Transient.World_2:OptionsMenu_C_2.WidgetTree_0.CanvasPanel_122
[2018.10.15-14.24.06:603][314]LogUObjectHash: Warning: Ambiguous search, could be CanvasPanel /Game/GUI/OptionsMenu.OptionsMenu:WidgetTree.CanvasPanel_122 or CanvasPanel /Engine/Transient.World_2:OptionsMenu_C_3.WidgetTree_0.CanvasPanel_122
[2018.10.15-14.24.06:603][314]LogUObjectHash: Warning: Ambiguous search, could be CanvasPanel /Game/GUI/OptionsMenu.OptionsMenu:WidgetTree.CanvasPanel_122 or CanvasPanel /Engine/Transient.World_2:OptionsMenu_C_4.WidgetTree_0.CanvasPanel_122
[2018.10.15-14.24.06:603][314]LogUObjectHash: Warning: Ambiguous search, could be CanvasPanel /Game/GUI/OptionsMenu.OptionsMenu:WidgetTree.CanvasPanel_122 or CanvasPanel /Engine/Transient.World_2:OptionsMenu_C_5.WidgetTree_0.CanvasPanel_122
[2018.10.15-14.24.06:603][314]LogUObjectHash: Warning: Ambiguous search, could be CanvasPanel /Game/GUI/OptionsMenu.OptionsMenu:WidgetTree.CanvasPanel_122 or CanvasPanel /Engine/Transient.World_2:OptionsMenu_C_6.WidgetTree_0.CanvasPanel_122
[2018.10.15-14.24.06:603][314]LogUObjectHash: Warning: Ambiguous search, could be CanvasPanel /Game/GUI/OptionsMenu.OptionsMenu:WidgetTree.CanvasPanel_122 or CanvasPanel /Engine/Transient.World_2:OptionsMenu_C_7.WidgetTree_0.CanvasPanel_122
[2018.10.15-14.24.06:603][314]LogUObjectHash: Warning: Ambiguous search, could be CanvasPanel /Game/GUI/OptionsMenu.OptionsMenu:WidgetTree.CanvasPanel_122 or CanvasPanel /Engine/Transient.World_2:OptionsMenu_C_8.WidgetTree_0.CanvasPanel_122
[2018.10.15-14.24.06:603][314]LogUObjectHash: Warning: Ambiguous search, could be CanvasPanel /Game/GUI/OptionsMenu.OptionsMenu:WidgetTree.CanvasPanel_122 or CanvasPanel /Engine/Transient.World_2:OptionsMenu_C_9.WidgetTree_0.CanvasPanel_122
[2018.10.15-14.24.06:603][314]LogProperty: Warning: Illegal TEXT reference to a private object in external package (CanvasPanelSlot /Game/GUI/OptionsMenu.OptionsMenu:WidgetTree.CanvasPanel_122.CanvasPanelSlot_3) from referencer (TextBlock /Engine/UMG/Editor/Transient.TextBlock_214).  Import failed...
[2018.10.15-14.24.06:603][314]LogProperty: Warning: ObjectProperty /Script/UMG.Widget:Slot: unresolved reference to 'CanvasPanelSlot'"CanvasPanel_122.CanvasPanelSlot_3"''
[2018.10.15-14.25.25:681][657]LogSlate: Window 'Save Asset As' being destroyed
[2018.10.15-14.26.17:219][660]BlueprintLog: New page: Compile OptionsMenu
[2018.10.15-14.26.17:940][688]Cmd: OBJ SAVEPACKAGE PACKAGE="/Game/GUI/OptionsMenu" FILE="F:/UnrealProjects/DAGD300Assignment/Content/GUI/OptionsMenu.uasset" SILENT=true
[2018.10.15-14.26.18:669][688]LogSavePackage: Moving 'F:/UnrealProjects/DAGD300Assignment/Saved/OptionsMenu39820D39488E95CC7E2F2E8C87C774E3.tmp' to 'F:/UnrealProjects/DAGD300Assignment/Content/GUI/OptionsMenu.uasset'
[2018.10.15-14.27.20:981][641]BlueprintLog: New page: Compile OptionsMenu
[2018.10.15-14.27.21:956][690]Cmd: OBJ SAVEPACKAGE PACKAGE="/Game/GUI/OptionsMenu" FILE="F:/UnrealProjects/DAGD300Assignment/Content/GUI/OptionsMenu.uasset" SILENT=true
[2018.10.15-14.27.21:985][690]LogSavePackage: Moving 'F:/UnrealProjects/DAGD300Assignment/Saved/OptionsMenuB6356CB549C34B856DA7739A6BF481DA.tmp' to 'F:/UnrealProjects/DAGD300Assignment/Content/GUI/OptionsMenu.uasset'
[2018.10.15-14.29.39:111][680]Cmd: OBJ SAVEPACKAGE PACKAGE="/Game/GUI/OptionsMenu" FILE="F:/UnrealProjects/DAGD300Assignment/Content/GUI/OptionsMenu.uasset" SILENT=true
[2018.10.15-14.29.39:137][680]LogSavePackage: Moving 'F:/UnrealProjects/DAGD300Assignment/Saved/OptionsMenu6F5CF2B8407E5F5EA574AB96E4C860FD.tmp' to 'F:/UnrealProjects/DAGD300Assignment/Content/GUI/OptionsMenu.uasset'
[2018.10.15-14.30.12:604][562]LogTemp: Repeating last play command: New Editor Window (PIE)
[2018.10.15-14.30.12:641][562]LogBlueprintUserMessages: Early PlayInEditor Detection: Level '/Game/SideScrollerBP/Maps/SideScrollerExampleMap.SideScrollerExampleMap:PersistentLevel' has LevelScriptBlueprint '/Game/SideScrollerBP/Maps/SideScrollerExampleMap.SideScrollerExampleMap:PersistentLevel.SideScrollerExampleMap' with GeneratedClass '/Game/SideScrollerBP/Maps/SideScrollerExampleMap.SideScrollerExampleMap_C' with ClassGeneratedBy '/Game/SideScrollerBP/Maps/SideScrollerExampleMap.SideScrollerExampleMap:PersistentLevel.SideScrollerExampleMap'
[2018.10.15-14.30.12:656][562]LogPlayLevel: PlayLevel: No blueprints needed recompiling
[2018.10.15-14.30.12:748][562]PIE: New page: PIE session: SideScrollerExampleMap (Oct 15, 2018, 6:30:12 AM)
[2018.10.15-14.30.12:748][562]LogPlayLevel: Creating play world package: /Game/SideScrollerBP/Maps/UEDPIE_0_SideScrollerExampleMap
[2018.10.15-14.30.12:870][562]LogPlayLevel: PIE: StaticDuplicateObject took: (0.122800s)
[2018.10.15-14.30.12:871][562]LogAIModule: Creating AISystem for world SideScrollerExampleMap
[2018.10.15-14.30.12:872][562]LogPlayLevel: PIE: World Init took: (0.001124s)
[2018.10.15-14.30.12:872][562]LogPlayLevel: PIE: Created PIE world by copying editor world from /Game/SideScrollerBP/Maps/SideScrollerExampleMap.SideScrollerExampleMap to /Game/SideScrollerBP/Maps/UEDPIE_0_SideScrollerExampleMap.SideScrollerExampleMap (0.124122s)
[2018.10.15-14.30.12:980][562]LogInit: XAudio2 using 'Speakers (Realtek High Definition Audio)' : 2 channels at 48 kHz using 32 bits per sample (channel mask 0x3)
[2018.10.15-14.30.12:999][562]LogInit: FAudioDevice initialized.
[2018.10.15-14.30.13:016][562]LogSlate: Updating window title bar state: overlay mode, drag disabled, window buttons hidden, title bar hidden
[2018.10.15-14.30.13:084][562]LogLoad: Game class is 'SideScrollerGameModeWithMenu_C'
[2018.10.15-14.30.13:096][562]LogWorld: Bringing World /Game/SideScrollerBP/Maps/UEDPIE_0_SideScrollerExampleMap.SideScrollerExampleMap up for play (max tick rate 0) at 2018.10.15-10.30.13
[2018.10.15-14.30.13:271][562]LogWorld: Bringing up level for play took: 0.185756
[2018.10.15-14.30.13:382][562]LogContentBrowser: Native class hierarchy updated for 'MovieSceneCapture' in 0.0005 seconds. Added 10 classes and 0 folders.
[2018.10.15-14.30.13:440][562]PIE: Play in editor start time for /Game/SideScrollerBP/Maps/UEDPIE_0_SideScrollerExampleMap 0.455
[2018.10.15-14.30.13:442][562]LogBlueprintUserMessages: Late PlayInEditor Detection: Level '/Game/SideScrollerBP/Maps/SideScrollerExampleMap.SideScrollerExampleMap:PersistentLevel' has LevelScriptBlueprint '/Game/SideScrollerBP/Maps/SideScrollerExampleMap.SideScrollerExampleMap:PersistentLevel.SideScrollerExampleMap' with GeneratedClass '/Game/SideScrollerBP/Maps/SideScrollerExampleMap.SideScrollerExampleMap_C' with ClassGeneratedBy '/Game/SideScrollerBP/Maps/SideScrollerExampleMap.SideScrollerExampleMap:PersistentLevel.SideScrollerExampleMap'
[2018.10.15-14.30.13:555][562]LogRenderer: Reallocating scene render targets to support 1292x756 Format 10 NumSamples 1 (Frame:1).
[2018.10.15-14.30.18:948][832]LogBlueprintUserMessages: [SaveMenu_C_0] Loading Save File 1
[2018.10.15-14.30.19:477][859]LogBlueprintUserMessages: [SaveMenu_C_0] Loading Save File 2
[2018.10.15-14.30.19:952][883]LogBlueprintUserMessages: [SaveMenu_C_0] Loading Save File 3
[2018.10.15-14.30.20:507][911]LogBlueprintUserMessages: [SaveMenu_C_0] Loading Save File 4
[2018.10.15-14.30.30:916][439]LogSlate: Updating window title bar state: overlay mode, drag disabled, window buttons hidden, title bar hidden
[2018.10.15-14.30.30:917][439]LogBlueprintUserMessages: Early EndPlayMap Detection: Level '/Game/SideScrollerBP/Maps/SideScrollerExampleMap.SideScrollerExampleMap:PersistentLevel' has LevelScriptBlueprint '/Game/SideScrollerBP/Maps/SideScrollerExampleMap.SideScrollerExampleMap:PersistentLevel.SideScrollerExampleMap' with GeneratedClass '/Game/SideScrollerBP/Maps/SideScrollerExampleMap.SideScrollerExampleMap_C' with ClassGeneratedBy '/Game/SideScrollerBP/Maps/SideScrollerExampleMap.SideScrollerExampleMap:PersistentLevel.SideScrollerExampleMap'
[2018.10.15-14.30.30:930][439]LogSlate: Window 'DAGD300Assignment Game Preview Standalone (64-bit/PCD3D_SM5)' being destroyed
[2018.10.15-14.30.30:979][439]LogPlayLevel: Display: Shutting down PIE online subsystems
[2018.10.15-14.30.30:979][439]LogBlueprintUserMessages: Late EndPlayMap Detection: Level '/Game/SideScrollerBP/Maps/SideScrollerExampleMap.SideScrollerExampleMap:PersistentLevel' has LevelScriptBlueprint '/Game/SideScrollerBP/Maps/SideScrollerExampleMap.SideScrollerExampleMap:PersistentLevel.SideScrollerExampleMap' with GeneratedClass '/Game/SideScrollerBP/Maps/SideScrollerExampleMap.SideScrollerExampleMap_C' with ClassGeneratedBy '/Game/SideScrollerBP/Maps/SideScrollerExampleMap.SideScrollerExampleMap:PersistentLevel.SideScrollerExampleMap'
[2018.10.15-14.30.31:051][440]LogPlayLevel: Display: Destroying online subsystem :Context_4
[2018.10.15-14.30.47:536][ 70]BlueprintLog: New page: Compile OptionsMenu
[2018.10.15-14.31.17:388][372]LogFileHelpers: Editor autosave (incl. sublevels) for '/Game/SideScrollerBP/Maps/SideScrollerExampleMap' took 0.033
[2018.10.15-14.31.17:439][372]OBJ SavePackage: Generating thumbnails for [0] asset(s) in package [/Game/GUI/OptionsMenu] ([1] browsable assets)...
[2018.10.15-14.31.17:439][372]OBJ SavePackage: Finished generating thumbnails for package [/Game/GUI/OptionsMenu]
[2018.10.15-14.31.17:439][372]Cmd: OBJ SAVEPACKAGE PACKAGE="/Game/GUI/OptionsMenu" FILE="F:/UnrealProjects/DAGD300Assignment/Saved/Autosaves/Game/GUI/OptionsMenu_Auto1.uasset" SILENT=false AUTOSAVING=true
[2018.10.15-14.31.17:465][372]LogSavePackage: Moving 'F:/UnrealProjects/DAGD300Assignment/Saved/OptionsMenu_Auto1037342C84EBCCC38D9C4789773769891.tmp' to 'F:/UnrealProjects/DAGD300Assignment/Saved/Autosaves/Game/GUI/OptionsMenu_Auto1.uasset'
[2018.10.15-14.31.17:495][372]LogFileHelpers: Auto-saving content packages took 0.106
[2018.10.15-14.33.42:757][821]Cmd: OBJ SAVEPACKAGE PACKAGE="/Game/GUI/OptionsMenu" FILE="F:/UnrealProjects/DAGD300Assignment/Content/GUI/OptionsMenu.uasset" SILENT=true
[2018.10.15-14.33.42:786][821]LogSavePackage: Moving 'F:/UnrealProjects/DAGD300Assignment/Saved/OptionsMenuEF8E46FC4EED42597AF563A70414A621.tmp' to 'F:/UnrealProjects/DAGD300Assignment/Content/GUI/OptionsMenu.uasset'
[2018.10.15-14.33.44:989][912]LogSlate: Window 'OptionsMenu' being destroyed
[2018.10.15-14.33.44:992][912]LogSlate: Window 'OptionsMenu' being destroyed
[2018.10.15-14.33.51:717][659]LogSlate: Window 'DAGD300Assignment - Unreal Editor' being destroyed
[2018.10.15-14.33.51:718][659]LogWindowsTextInputMethodSystem: Display: IME system now deactivated.
[2018.10.15-14.33.51:964][660]Cmd: QUIT_EDITOR
[2018.10.15-14.33.52:161][660]LogExit: Preparing to exit.
[2018.10.15-14.33.52:826][660]LogExit: Editor shut down
[2018.10.15-14.33.52:827][660]LogExit: Transaction tracking system shut down
[2018.10.15-14.33.53:465][660]LogExit: Object subsystem successfully closed.
[2018.10.15-14.33.53:485][660]LogShaderCompilers: Display: Shaders left to compile 0
[2018.10.15-14.33.53:489][660]LogD3D11RHI: Shutdown
[2018.10.15-14.33.53:489][660]LogD3D11RHI: CleanupD3DDevice
[2018.10.15-14.33.53:516][660]LogD3D11RHI: ~FD3D11DynamicRHI
[2018.10.15-14.33.53:527][660]LogModuleManager: Shutting down and abandoning module MovieSceneCapture (618)
[2018.10.15-14.33.53:527][660]LogModuleManager: Shutting down and abandoning module Voice (616)
[2018.10.15-14.33.53:541][660]LogModuleManager: Shutting down and abandoning module SequencerWidgets (614)
[2018.10.15-14.33.53:541][660]LogModuleManager: Shutting down and abandoning module BlueprintGraph (612)
[2018.10.15-14.33.53:541][660]LogModuleManager: Shutting down and abandoning module HierarchicalLODOutliner (610)
[2018.10.15-14.33.53:541][660]LogModuleManager: Shutting down and abandoning module SceneOutliner (608)
[2018.10.15-14.33.53:541][660]LogModuleManager: Shutting down and abandoning module AddContentDialog (606)
[2018.10.15-14.33.53:541][660]LogModuleManager: Shutting down and abandoning module WidgetCarousel (605)
[2018.10.15-14.33.53:541][660]LogModuleManager: Shutting down and abandoning module EditorWidgets (602)
[2018.10.15-14.33.53:541][660]LogModuleManager: Shutting down and abandoning module CollectionManager (600)
[2018.10.15-14.33.53:542][660]LogModuleManager: Shutting down and abandoning module StatsViewer (598)
[2018.10.15-14.33.53:542][660]LogModuleManager: Shutting down and abandoning module FoliageEdit (596)
[2018.10.15-14.33.53:542][660]LogModuleManager: Shutting down and abandoning module LandscapeEditor (594)
[2018.10.15-14.33.53:542][660]LogModuleManager: Shutting down and abandoning module MeshPaintMode (592)
[2018.10.15-14.33.53:542][660]LogModuleManager: Shutting down and abandoning module SceneDepthPickerMode (590)
[2018.10.15-14.33.53:542][660]LogModuleManager: Shutting down and abandoning module ActorPickerMode (588)
[2018.10.15-14.33.53:542][660]LogModuleManager: Shutting down and abandoning module GeometryMode (586)
[2018.10.15-14.33.53:542][660]LogModuleManager: Shutting down and abandoning module TextureAlignMode (584)
[2018.10.15-14.33.53:542][660]LogModuleManager: Shutting down and abandoning module BspMode (582)
[2018.10.15-14.33.53:542][660]LogModuleManager: Shutting down and abandoning module PIEPreviewDeviceProfileSelector (580)
[2018.10.15-14.33.53:542][660]LogModuleManager: Shutting down and abandoning module SequenceRecorderSections (578)
[2018.10.15-14.33.53:542][660]LogModuleManager: Shutting down and abandoning module AutomationWorker (576)
[2018.10.15-14.33.53:542][660]LogModuleManager: Shutting down and abandoning module AudioCaptureEditor (574)
[2018.10.15-14.33.53:542][660]LogModuleManager: Shutting down and abandoning module SequenceRecorder (573)
[2018.10.15-14.33.53:542][660]LogModuleManager: Shutting down and abandoning module MatineeToLevelSequence (570)
[2018.10.15-14.33.53:542][660]LogModuleManager: Shutting down and abandoning module LevelSequenceEditor (568)
[2018.10.15-14.33.53:542][660]LogModuleManager: Shutting down and abandoning module PlacementMode (567)
[2018.10.15-14.33.53:542][660]LogModuleManager: Shutting down and abandoning module MaterialEditor (566)
[2018.10.15-14.33.53:542][660]LogModuleManager: Shutting down and abandoning module WmfMediaFactory (562)
[2018.10.15-14.33.53:542][660]LogModuleManager: Shutting down and abandoning module WmfMediaEditor (560)
[2018.10.15-14.33.53:542][660]LogModuleManager: Shutting down and abandoning module MediaPlayerEditor (558)
[2018.10.15-14.33.53:542][660]LogModuleManager: Shutting down and abandoning module OpenExrWrapper (556)
[2018.10.15-14.33.53:542][660]LogModuleManager: Shutting down and abandoning module ImgMediaFactory (554)
[2018.10.15-14.33.53:542][660]LogModuleManager: Shutting down and abandoning module ImgMediaEditor (552)
[2018.10.15-14.33.53:542][660]LogModuleManager: Shutting down and abandoning module AvfMediaFactory (550)
[2018.10.15-14.33.53:542][660]LogModuleManager: Shutting down and abandoning module AvfMediaEditor (548)
[2018.10.15-14.33.53:542][660]LogModuleManager: Shutting down and abandoning module AndroidMediaFactory (546)
[2018.10.15-14.33.53:542][660]LogModuleManager: Shutting down and abandoning module AndroidMediaEditor (544)
[2018.10.15-14.33.53:542][660]LogModuleManager: Shutting down and abandoning module MagicLeapCameraPreviewFactory (542)
[2018.10.15-14.33.53:542][660]LogModuleManager: Shutting down and abandoning module MagicLeapMediaFactory (540)
[2018.10.15-14.33.53:542][660]LogModuleManager: Shutting down and abandoning module MagicLeapMediaEditor (538)
[2018.10.15-14.33.53:542][660]LogModuleManager: Shutting down and abandoning module CharacterAI (536)
[2018.10.15-14.33.53:542][660]LogModuleManager: Shutting down and abandoning module SmartSnapping (534)
[2018.10.15-14.33.53:543][660]LogModuleManager: Shutting down and abandoning module SessionServices (532)
[2018.10.15-14.33.53:543][660]LogModuleManager: Shutting down and abandoning module ViewportSnapping (530)
[2018.10.15-14.33.53:543][660]LogModuleManager: Shutting down and abandoning module ViewportInteraction (528)
[2018.10.15-14.33.53:543][660]LogModuleManager: Shutting down and abandoning module ClothPainter (526)
[2018.10.15-14.33.53:543][660]LogModuleManager: Shutting down and abandoning module SkeletalMeshEditor (525)
[2018.10.15-14.33.53:543][660]LogModuleManager: Shutting down and abandoning module LogVisualizer (522)
[2018.10.15-14.33.53:543][660]LogModuleManager: Shutting down and abandoning module IntroTutorials (520)
[2018.10.15-14.33.53:543][660]LogModuleManager: Shutting down and abandoning module GameProjectGeneration (519)
[2018.10.15-14.33.53:543][660]LogModuleManager: Shutting down and abandoning module LuminPlatformEditor (516)
[2018.10.15-14.33.53:543][660]LogModuleManager: Shutting down and abandoning module IOSPlatformEditor (514)
[2018.10.15-14.33.53:543][660]LogModuleManager: Shutting down and abandoning module HTML5PlatformEditor (512)
[2018.10.15-14.33.53:544][660]LogModuleManager: Shutting down and abandoning module AndroidPlatformEditor (510)
[2018.10.15-14.33.53:544][660]LogModuleManager: Shutting down and abandoning module AndroidDeviceDetection (509)
[2018.10.15-14.33.54:175][660]LogModuleManager: Shutting down and abandoning module WindowsPlatformEditor (506)
[2018.10.15-14.33.54:175][660]LogModuleManager: Shutting down and abandoning module LuminRuntimeSettings (504)
[2018.10.15-14.33.54:175][660]LogModuleManager: Shutting down and abandoning module IOSRuntimeSettings (502)
[2018.10.15-14.33.54:175][660]LogModuleManager: Shutting down and abandoning module AndroidRuntimeSettings (500)
[2018.10.15-14.33.54:175][660]LogModuleManager: Shutting down and abandoning module InputBindingEditor (498)
[2018.10.15-14.33.54:175][660]LogModuleManager: Shutting down and abandoning module MergeActors (496)
[2018.10.15-14.33.54:175][660]LogModuleManager: Shutting down and abandoning module LocalizationDashboard (494)
[2018.10.15-14.33.54:175][660]LogModuleManager: Shutting down and abandoning module LocalizationService (493)
[2018.10.15-14.33.54:175][660]LogModuleManager: Shutting down and abandoning module HardwareTargeting (490)
[2018.10.15-14.33.54:175][660]LogModuleManager: Shutting down and abandoning module DeviceProfileEditor (488)
[2018.10.15-14.33.54:175][660]LogModuleManager: Shutting down and abandoning module UndoHistory (486)
[2018.10.15-14.33.54:175][660]LogModuleManager: Shutting down and abandoning module XmlParser (484)
[2018.10.15-14.33.54:175][660]LogModuleManager: Shutting down and abandoning module Blutility (482)
[2018.10.15-14.33.54:175][660]LogModuleManager: Shutting down and abandoning module ProjectSettingsViewer (480)
[2018.10.15-14.33.54:175][660]LogModuleManager: Shutting down and abandoning module ProjectTargetPlatformEditor (479)
[2018.10.15-14.33.54:175][660]LogModuleManager: Shutting down and abandoning module EditorSettingsViewer (476)
[2018.10.15-14.33.54:175][660]LogModuleManager: Shutting down and abandoning module SettingsEditor (474)
[2018.10.15-14.33.54:175][660]LogModuleManager: Shutting down and abandoning module ProjectLauncher (472)
[2018.10.15-14.33.54:175][660]LogModuleManager: Shutting down and abandoning module SessionFrontend (470)
[2018.10.15-14.33.54:175][660]LogModuleManager: Shutting down and abandoning module ProfilerClient (468)
[2018.10.15-14.33.54:175][660]LogModuleManager: Shutting down and abandoning module DeviceManager (466)
[2018.10.15-14.33.54:175][660]LogModuleManager: Shutting down and abandoning module TargetDeviceServices (465)
[2018.10.15-14.33.54:228][660]LogModuleManager: Shutting down and abandoning module AutomationController (462)
[2018.10.15-14.33.54:228][660]LogModuleManager: Shutting down and abandoning module AutomationWindow (460)
[2018.10.15-14.33.54:228][660]LogModuleManager: Shutting down and abandoning module Layers (458)
[2018.10.15-14.33.54:228][660]LogModuleManager: Shutting down and abandoning module ComponentVisualizers (456)
[2018.10.15-14.33.54:228][660]LogModuleManager: Shutting down and abandoning module DetailCustomizations (454)
[2018.10.15-14.33.54:228][660]LogModuleManager: Shutting down and abandoning module PackagesDialog (452)
[2018.10.15-14.33.54:228][660]LogModuleManager: Shutting down and abandoning module Persona (450)
[2018.10.15-14.33.54:228][660]LogModuleManager: Shutting down and abandoning module AdvancedPreviewScene (449)
[2018.10.15-14.33.54:228][660]LogModuleManager: Shutting down and abandoning module AnimGraph (447)
[2018.10.15-14.33.54:228][660]LogModuleManager: Shutting down and abandoning module Kismet (444)
[2018.10.15-14.33.54:233][660]LogModuleManager: Shutting down and abandoning module GraphEditor (442)
[2018.10.15-14.33.54:233][660]LogModuleManager: Shutting down and abandoning module ClassViewer (440)
[2018.10.15-14.33.54:233][660]LogModuleManager: Shutting down and abandoning module Toolbox (438)
[2018.10.15-14.33.54:233][660]LogModuleManager: Shutting down and abandoning module ModuleUI (436)
[2018.10.15-14.33.54:233][660]LogModuleManager: Shutting down and abandoning module MovieSceneTools (434)
[2018.10.15-14.33.54:233][660]LogModuleManager: Shutting down and abandoning module OutputLog (432)
[2018.10.15-14.33.54:233][660]LogModuleManager: Shutting down and abandoning module GammaUI (430)
[2018.10.15-14.33.54:233][660]LogModuleManager: Shutting down and abandoning module Documentation (428)
[2018.10.15-14.33.54:233][660]LogModuleManager: Shutting down and abandoning module MovieSceneTracks (426)
[2018.10.15-14.33.54:233][660]LogModuleManager: Shutting down and abandoning module MovieScene (424)
[2018.10.15-14.33.54:233][660]LogModuleManager: Shutting down and abandoning module StreamingPauseRendering (422)
[2018.10.15-14.33.54:233][660]LogModuleManager: Shutting down and abandoning module LauncherPlatform (420)
[2018.10.15-14.33.54:233][660]LogModuleManager: Shutting down and abandoning module AnalyticsET (418)
[2018.10.15-14.33.54:233][660]LogModuleManager: Shutting down and abandoning module PortalServices (416)
[2018.10.15-14.33.54:233][660]LogModuleManager: Shutting down and abandoning module PortalRpc (414)
[2018.10.15-14.33.54:233][660]LogModuleManager: Shutting down and abandoning module MessagingRpc (412)
[2018.10.15-14.33.54:233][660]LogModuleManager: Shutting down and abandoning module AIModule (410)
[2018.10.15-14.33.54:233][660]LogModuleManager: Shutting down and abandoning module GameplayDebugger (409)
[2018.10.15-14.33.54:233][660]LogModuleManager: Shutting down and abandoning module AITestSuite (407)
[2018.10.15-14.33.54:233][660]LogModuleManager: Shutting down and abandoning module NavigationSystem (405)
[2018.10.15-14.33.54:233][660]LogModuleManager: Shutting down and abandoning module DesktopPlatform (402)
[2018.10.15-14.33.54:233][660]LogModuleManager: Shutting down and abandoning module ProfilerService (400)
[2018.10.15-14.33.54:397][660]LogModuleManager: Shutting down and abandoning module TaskGraph (398)
[2018.10.15-14.33.54:397][660]LogModuleManager: Shutting down and abandoning module SteamVRController (396)
[2018.10.15-14.33.54:397][660]LogModuleManager: Shutting down and abandoning module ProceduralMeshComponentEditor (394)
[2018.10.15-14.33.54:397][660]LogModuleManager: Shutting down and abandoning module ProceduralMeshComponent (392)
[2018.10.15-14.33.54:397][660]LogModuleManager: Shutting down and abandoning module OculusInput (390)
[2018.10.15-14.33.54:397][660]LogModuleManager: Shutting down and abandoning module MobilePatchingUtils (388)
[2018.10.15-14.33.54:397][660]LogModuleManager: Shutting down and abandoning module EditableMesh (386)
[2018.10.15-14.33.54:397][660]LogModuleManager: Shutting down and abandoning module CustomMeshComponent (384)
[2018.10.15-14.33.54:397][660]LogModuleManager: Shutting down and abandoning module CableComponent (382)
[2018.10.15-14.33.54:397][660]LogModuleManager: Shutting down and abandoning module AudioCapture (380)
[2018.10.15-14.33.54:397][660]LogModuleManager: Shutting down and abandoning module ArchVisCharacter (378)
[2018.10.15-14.33.54:397][660]LogModuleManager: Shutting down and abandoning module AndroidPermission (376)
[2018.10.15-14.33.54:397][660]LogModuleManager: Shutting down and abandoning module NUTUnrealEngine4 (374)
[2018.10.15-14.33.54:398][660]LogModuleManager: Shutting down and abandoning module NetcodeUnitTest (372)
[2018.10.15-14.33.54:398][660]LogModuleManager: Shutting down and abandoning module MediaCompositingEditor (370)
[2018.10.15-14.33.54:398][660]LogModuleManager: Shutting down and abandoning module MediaCompositing (368)
[2018.10.15-14.33.54:398][660]LogModuleManager: Shutting down and abandoning module LinearTimecode (366)
[2018.10.15-14.33.54:398][660]LogModuleManager: Shutting down and abandoning module ImgMedia (364)
[2018.10.15-14.33.54:401][660]LogModuleManager: Shutting down and abandoning module HTML5Networking (362)
[2018.10.15-14.33.54:401][660]LogModuleManager: Shutting down and abandoning module GeometryCacheTracks (360)
[2018.10.15-14.33.54:401][660]LogModuleManager: Shutting down and abandoning module GeometryCacheSequencer (358)
[2018.10.15-14.33.54:401][660]LogModuleManager: Shutting down and abandoning module BackChannel (356)
[2018.10.15-14.33.54:401][660]LogModuleManager: Shutting down and abandoning module AppleVision (354)
[2018.10.15-14.33.54:401][660]LogModuleManager: Shutting down and abandoning module AppleImageUtils (352)
[2018.10.15-14.33.54:401][660]LogModuleManager: Shutting down and abandoning module AlembicImporter (350)
[2018.10.15-14.33.54:401][660]LogModuleManager: Shutting down and abandoning module AlembicLibrary (349)
[2018.10.15-14.33.54:401][660]LogModuleManager: Shutting down and abandoning module GeometryCache (348)
[2018.10.15-14.33.54:401][660]LogModuleManager: Shutting down and abandoning module GeometryCacheEd (347)
[2018.10.15-14.33.54:401][660]LogModuleManager: Shutting down and abandoning module DatasmithContentEditor (342)
[2018.10.15-14.33.54:401][660]LogModuleManager: Shutting down and abandoning module DatasmithContent (340)
[2018.10.15-14.33.54:401][660]LogModuleManager: Shutting down and abandoning module SpeedTreeImporter (338)
[2018.10.15-14.33.54:401][660]LogModuleManager: Shutting down and abandoning module PluginBrowser (336)
[2018.10.15-14.33.54:401][660]LogModuleManager: Shutting down and abandoning module MobileLauncherProfileWizard (334)
[2018.10.15-14.33.54:401][660]LogModuleManager: Shutting down and abandoning module PolygonModeling (332)
[2018.10.15-14.33.54:402][660]LogModuleManager: Shutting down and abandoning module MeshEditor (330)
[2018.10.15-14.33.54:402][660]LogModuleManager: Shutting down and abandoning module CryptoKeysOpenSSL (328)
[2018.10.15-14.33.54:402][660]LogModuleManager: Shutting down and abandoning module CryptoKeys (326)
[2018.10.15-14.33.54:402][660]LogModuleManager: Shutting down and abandoning module VisualStudioSourceCodeAccess (324)
[2018.10.15-14.33.54:402][660]LogModuleManager: Shutting down and abandoning module VisualStudioCodeSourceCodeAccess (322)
[2018.10.15-14.33.54:402][660]LogModuleManager: Shutting down and abandoning module UObjectPlugin (320)
[2018.10.15-14.33.54:402][660]LogModuleManager: Shutting down and abandoning module SubversionSourceControl (318)
[2018.10.15-14.33.54:402][660]LogModuleManager: Shutting down and abandoning module PerforceSourceControl (316)
[2018.10.15-14.33.54:402][660]LogModuleManager: Shutting down and abandoning module GitSourceControl (314)
[2018.10.15-14.33.54:402][660]LogModuleManager: Shutting down and abandoning module SourceControl (313)
[2018.10.15-14.33.54:402][660]LogModuleManager: Shutting down and abandoning module CLionSourceCodeAccess (310)
[2018.10.15-14.33.54:402][660]LogModuleManager: Shutting down and abandoning module LightPropagationVolumeEditor (308)
[2018.10.15-14.33.54:402][660]LogModuleManager: Shutting down and abandoning module PaperTiledImporter (306)
[2018.10.15-14.33.54:402][660]LogModuleManager: Shutting down and abandoning module PaperSpriteSheetImporter (304)
[2018.10.15-14.33.54:402][660]LogModuleManager: Shutting down and abandoning module Paper2DEditor (302)
[2018.10.15-14.33.54:402][660]LogModuleManager: Shutting down and abandoning module MeshPaint (301)
[2018.10.15-14.33.54:402][660]LogModuleManager: Shutting down and abandoning module RuntimePhysXCooking (298)
[2018.10.15-14.33.54:402][660]LogModuleManager: Shutting down and abandoning module PhysXVehiclesEditor (296)
[2018.10.15-14.33.54:402][660]LogModuleManager: Shutting down and abandoning module PhysXVehicles (294)
[2018.10.15-14.33.54:402][660]LogModuleManager: Shutting down and abandoning module OculusEditor (292)
[2018.10.15-14.33.54:402][660]LogModuleManager: Shutting down and abandoning module LocationServicesBPLibrary (290)
[2018.10.15-14.33.54:402][660]LogModuleManager: Shutting down and abandoning module ImmediatePhysicsEditor (288)
[2018.10.15-14.33.54:402][660]LogModuleManager: Shutting down and abandoning module ImmediatePhysics (286)
[2018.10.15-14.33.54:402][660]LogModuleManager: Shutting down and abandoning module ActorSequence (284)
[2018.10.15-14.33.54:402][660]LogModuleManager: Shutting down and abandoning module UdpMessaging (282)
[2018.10.15-14.33.54:503][660]LogModuleManager: Shutting down and abandoning module TcpMessaging (280)
[2018.10.15-14.33.54:604][660]LogModuleManager: Shutting down and abandoning module MagicLeapAudio (278)
[2018.10.15-14.33.54:604][660]LogModuleManager: Shutting down and abandoning module GameplayTagsEditor (276)
[2018.10.15-14.33.54:604][660]LogModuleManager: Shutting down and abandoning module FacialAnimationEditor (274)
[2018.10.15-14.33.54:604][660]LogModuleManager: Shutting down and abandoning module FacialAnimation (272)
[2018.10.15-14.33.54:604][660]LogModuleManager: Shutting down and abandoning module DataValidation (270)
[2018.10.15-14.33.54:604][660]LogModuleManager: Shutting down and abandoning module AssetManagerEditor (268)
[2018.10.15-14.33.54:604][660]LogModuleManager: Shutting down and abandoning module LevelEditor (267)
[2018.10.15-14.33.54:604][660]LogModuleManager: Shutting down and abandoning module PixelInspectorModule (266)
[2018.10.15-14.33.54:604][660]LogModuleManager: Shutting down and abandoning module CommonMenuExtensions (264)
[2018.10.15-14.33.54:605][660]LogModuleManager: Shutting down and abandoning module MainFrame (262)
[2018.10.15-14.33.54:605][660]LogModuleManager: Shutting down and abandoning module HotReload (261)
[2018.10.15-14.33.54:605][660]LogModuleManager: Shutting down and abandoning module ContentBrowser (257)
[2018.10.15-14.33.54:606][660]LogModuleManager: Shutting down and abandoning module TreeMap (255)
[2018.10.15-14.33.54:606][660]LogModuleManager: Shutting down and abandoning module LightPropagationVolumeRuntime (252)
[2018.10.15-14.33.54:606][660]LogModuleManager: Shutting down and abandoning module AISupportModule (250)
[2018.10.15-14.33.54:606][660]LogModuleManager: Shutting down and abandoning module Paper2D (248)
[2018.10.15-14.33.54:606][660]LogModuleManager: Shutting down and abandoning module WindowsMoviePlayer (246)
[2018.10.15-14.33.54:606][660]LogModuleManager: Shutting down and abandoning module WmfMedia (244)
[2018.10.15-14.33.54:607][660]LogModuleManager: Shutting down and abandoning module Media (243)
[2018.10.15-14.33.54:613][660]LogModuleManager: Shutting down and abandoning module PacketHandler (240)
[2018.10.15-14.33.54:614][660]LogModuleManager: Shutting down and abandoning module ClothingSystemEditor (238)
[2018.10.15-14.33.54:614][660]LogModuleManager: Shutting down and abandoning module ClothingSystemRuntime (236)
[2018.10.15-14.33.54:614][660]LogModuleManager: Shutting down and abandoning module MediaAssets (234)
[2018.10.15-14.33.54:614][660]LogModuleManager: Shutting down and abandoning module Overlay (232)
[2018.10.15-14.33.54:614][660]LogModuleManager: Shutting down and abandoning module OverlayEditor (231)
[2018.10.15-14.33.54:614][660]LogModuleManager: Shutting down and abandoning module VREditor (228)
[2018.10.15-14.33.54:614][660]LogModuleManager: Shutting down and abandoning module StringTableEditor (226)
[2018.10.15-14.33.54:614][660]LogModuleManager: Shutting down and abandoning module GameplayTasksEditor (224)
[2018.10.15-14.33.54:614][660]LogModuleManager: Shutting down and abandoning module BehaviorTreeEditor (222)
[2018.10.15-14.33.54:614][660]LogModuleManager: Shutting down and abandoning module FunctionalTesting (220)
[2018.10.15-14.33.54:614][660]LogModuleManager: Shutting down and abandoning module CollisionAnalyzer (218)
[2018.10.15-14.33.54:614][660]LogModuleManager: Shutting down and abandoning module WorkspaceMenuStructure (217)
[2018.10.15-14.33.54:614][660]LogModuleManager: Shutting down and abandoning module UMG (214)
[2018.10.15-14.33.54:614][660]LogModuleManager: Shutting down and abandoning module UMGEditor (213)
[2018.10.15-14.33.54:614][660]LogModuleManager: Shutting down and abandoning module Sequencer (212)
[2018.10.15-14.33.54:614][660]LogModuleManager: Shutting down and abandoning module MessageLog (209)
[2018.10.15-14.33.54:614][660]LogModuleManager: Shutting down and abandoning module SlateReflector (204)
[2018.10.15-14.33.54:614][660]LogModuleManager: Shutting down and abandoning module Slate (202)
[2018.10.15-14.33.54:614][660]LogModuleManager: Shutting down and abandoning module EditorStyle (200)
[2018.10.15-14.33.54:615][660]LogModuleManager: Shutting down and abandoning module MRMesh (198)
[2018.10.15-14.33.54:615][660]LogModuleManager: Shutting down and abandoning module SourceCodeAccess (196)
[2018.10.15-14.33.54:615][660]LogModuleManager: Shutting down and abandoning module HeadMountedDisplay (194)
[2018.10.15-14.33.54:616][660]LogModuleManager: Shutting down and abandoning module XAudio2 (192)
[2018.10.15-14.33.54:616][660]LogModuleManager: Shutting down and abandoning module Networking (190)
[2018.10.15-14.33.54:616][660]LogModuleManager: Shutting down and abandoning module Core (188)
[2018.10.15-14.33.54:616][660]LogModuleManager: Shutting down and abandoning module LevelSequence (186)
[2018.10.15-14.33.54:616][660]LogModuleManager: Shutting down and abandoning module KismetCompiler (184)
[2018.10.15-14.33.54:616][660]LogModuleManager: Shutting down and abandoning module MeshUtilities (182)
[2018.10.15-14.33.54:616][660]LogModuleManager: Shutting down and abandoning module MeshMergeUtilities (181)
[2018.10.15-14.33.54:616][660]LogModuleManager: Shutting down and abandoning module MeshReductionInterface (180)
[2018.10.15-14.33.54:616][660]LogModuleManager: Shutting down and abandoning module SimplygonSwarm (179)
[2018.10.15-14.33.54:616][660]LogModuleManager: Shutting down and abandoning module ProxyLODMeshReduction (177)
[2018.10.15-14.33.54:616][660]LogModuleManager: Shutting down and abandoning module SimplygonMeshReduction (175)
[2018.10.15-14.33.54:616][660]LogModuleManager: Shutting down and abandoning module QuadricMeshReduction (173)
[2018.10.15-14.33.54:616][660]LogModuleManager: Shutting down and abandoning module MaterialBaking (169)
[2018.10.15-14.33.54:616][660]LogModuleManager: Shutting down and abandoning module DirectoryWatcher (165)
[2018.10.15-14.33.54:617][660]LogModuleManager: Shutting down and abandoning module DerivedDataCache (162)
[2018.10.15-14.33.54:678][660]LogDerivedDataCache: Shutdown
[2018.10.15-14.33.54:678][660]LogModuleManager: Shutting down and abandoning module XGEController (160)
[2018.10.15-14.33.54:678][660]LogModuleManager: Shutting down and abandoning module TargetPlatform (158)
[2018.10.15-14.33.54:678][660]LogModuleManager: Shutting down and abandoning module VulkanShaderFormat (157)
[2018.10.15-14.33.54:678][660]LogModuleManager: Shutting down and abandoning module ShaderFormatVectorVM (155)
[2018.10.15-14.33.54:678][660]LogModuleManager: Shutting down and abandoning module ShaderFormatOpenGL (153)
[2018.10.15-14.33.54:678][660]LogModuleManager: Shutting down and abandoning module ShaderFormatD3D (151)
[2018.10.15-14.33.54:678][660]LogModuleManager: Shutting down and abandoning module MetalShaderFormat (149)
[2018.10.15-14.33.54:679][660]LogModuleManager: Shutting down and abandoning module TextureFormatUncompressed (147)
[2018.10.15-14.33.54:679][660]LogModuleManager: Shutting down and abandoning module TextureFormatPVR (145)
[2018.10.15-14.33.54:679][660]LogModuleManager: Shutting down and abandoning module TextureFormatDXT (143)
[2018.10.15-14.33.54:679][660]LogModuleManager: Shutting down and abandoning module TextureFormatIntelISPCTexComp (141)
[2018.10.15-14.33.54:679][660]LogModuleManager: Shutting down and abandoning module TextureFormatASTC (139)
[2018.10.15-14.33.54:679][660]LogModuleManager: Shutting down and abandoning module ImageWrapper (138)
[2018.10.15-14.33.54:679][660]LogModuleManager: Shutting down and abandoning module TextureFormatAndroid (135)
[2018.10.15-14.33.54:679][660]LogModuleManager: Shutting down and abandoning module AudioFormatOpus (133)
[2018.10.15-14.33.54:679][660]LogModuleManager: Shutting down and abandoning module AudioFormatOgg (131)
[2018.10.15-14.33.54:679][660]LogModuleManager: Shutting down and abandoning module AudioFormatADPCM (129)
[2018.10.15-14.33.54:679][660]LogModuleManager: Shutting down and abandoning module LuminTargetPlatform (127)
[2018.10.15-14.33.54:679][660]LogModuleManager: Shutting down and abandoning module LinuxTargetPlatform (125)
[2018.10.15-14.33.54:679][660]LogModuleManager: Shutting down and abandoning module LinuxServerTargetPlatform (123)
[2018.10.15-14.33.54:679][660]LogModuleManager: Shutting down and abandoning module LinuxNoEditorTargetPlatform (121)
[2018.10.15-14.33.54:679][660]LogModuleManager: Shutting down and abandoning module LinuxClientTargetPlatform (119)
[2018.10.15-14.33.54:679][660]LogModuleManager: Shutting down and abandoning module TVOSTargetPlatform (117)
[2018.10.15-14.33.54:680][660]LogModuleManager: Shutting down and abandoning module Messaging (115)
[2018.10.15-14.33.54:680][660]LogModuleManager: Shutting down and abandoning module IOSTargetPlatform (113)
[2018.10.15-14.33.54:680][660]LogModuleManager: Shutting down and abandoning module HTML5TargetPlatform (111)
[2018.10.15-14.33.54:681][660]LogModuleManager: Shutting down and abandoning module AndroidTargetPlatform (109)
[2018.10.15-14.33.54:686][660]LogModuleManager: Shutting down and abandoning module WindowsTargetPlatform (107)
[2018.10.15-14.33.54:686][660]LogModuleManager: Shutting down and abandoning module WindowsServerTargetPlatform (105)
[2018.10.15-14.33.54:686][660]LogModuleManager: Shutting down and abandoning module WindowsNoEditorTargetPlatform (103)
[2018.10.15-14.33.54:686][660]LogModuleManager: Shutting down and abandoning module WindowsClientTargetPlatform (101)
[2018.10.15-14.33.54:686][660]LogModuleManager: Shutting down and abandoning module MacTargetPlatform (99)
[2018.10.15-14.33.54:686][660]LogModuleManager: Shutting down and abandoning module MacServerTargetPlatform (97)
[2018.10.15-14.33.54:686][660]LogModuleManager: Shutting down and abandoning module MacNoEditorTargetPlatform (95)
[2018.10.15-14.33.54:686][660]LogModuleManager: Shutting down and abandoning module MacClientTargetPlatform (93)
[2018.10.15-14.33.54:686][660]LogModuleManager: Shutting down and abandoning module AllDesktopTargetPlatform (91)
[2018.10.15-14.33.54:686][660]LogModuleManager: Shutting down and abandoning module InputCore (88)
[2018.10.15-14.33.54:686][660]LogModuleManager: Shutting down and abandoning module Settings (86)
[2018.10.15-14.33.54:686][660]LogModuleManager: Shutting down and abandoning module PhysXCooking (84)
[2018.10.15-14.33.54:686][660]LogModuleManager: Shutting down and abandoning module SteamVR (82)
[2018.10.15-14.33.54:686][660]LogModuleManager: Shutting down and abandoning module OculusHMD (80)
[2018.10.15-14.33.54:686][660]LogModuleManager: Shutting down and abandoning module ExampleDeviceProfileSelector (78)
[2018.10.15-14.33.54:686][660]LogModuleManager: Shutting down and abandoning module LauncherChunkInstaller (76)
[2018.10.15-14.33.54:686][660]LogModuleManager: Shutting down and abandoning module OnlineBlueprintSupport (74)
[2018.10.15-14.33.54:686][660]LogModuleManager: Shutting down and abandoning module OnlineSubsystem (70)
[2018.10.15-14.33.54:687][660]LogModuleManager: Shutting down and abandoning module XMPP (65)
[2018.10.15-14.33.54:687][660]LogModuleManager: Shutting down and abandoning module WebSockets (64)
[2018.10.15-14.33.54:694][660]LogModuleManager: Shutting down and abandoning module HTTP (61)
[2018.10.15-14.33.54:694][660]LogHttp: Display: Http module shutting down, but needs to wait on 1 outstanding Http requests:
[2018.10.15-14.33.54:695][660]LogHttp: Display: 	verb=[POST] url=[https://datarouter.ol.epicgames.com/datarouter/api/v1/public/data?SessionID=%7B46B6BA94-4222-33DD-24B1-9290234EFF17%7D&AppID=UEEditor.Rocket.Release&AppVersion=4.20.2-4302132%2B%2B%2BUE4%2BRelease-4.20&UserID=2f9916264acdf33f70768f822f9563c9%7C504a56eacb094752a172dcccc7c138cb%7C241500de-b41d-44c2-b004-1325f18bb3ba&AppEnvironment=datacollector-binary&UploadType=eteventstream] status=Processing
[2018.10.15-14.33.54:722][660]LogModuleManager: Shutting down and abandoning module SSL (60)
[2018.10.15-14.33.54:723][660]LogModuleManager: Shutting down and abandoning module MagicLeapEmulator (56)
[2018.10.15-14.33.54:723][660]LogModuleManager: Shutting down and abandoning module MagicLeapPrivileges (54)
[2018.10.15-14.33.54:723][660]LogModuleManager: Shutting down and abandoning module MagicLeapIdentity (52)
[2018.10.15-14.33.54:723][660]LogModuleManager: Shutting down and abandoning module MagicLeapHelperVulkan (50)
[2018.10.15-14.33.54:723][660]LogModuleManager: Shutting down and abandoning module MagicLeapHelperOpenGL (48)
[2018.10.15-14.33.54:723][660]LogModuleManager: Shutting down and abandoning module MagicLeapSecureStorage (46)
[2018.10.15-14.33.54:723][660]LogModuleManager: Shutting down and abandoning module MagicLeapGestures (44)
[2018.10.15-14.33.54:723][660]LogModuleManager: Shutting down and abandoning module MagicLeapEyeTracker (42)
[2018.10.15-14.33.54:723][660]LogModuleManager: Shutting down and abandoning module MagicLeapController (40)
[2018.10.15-14.33.54:723][660]LogSlate: Slate User Destroyed.  User Index 0, Is Virtual User: 0
[2018.10.15-14.33.54:723][660]LogModuleManager: Shutting down and abandoning module MagicLeap (38)
[2018.10.15-14.33.54:723][660]LogModuleManager: Shutting down and abandoning module AnimationModifiers (36)
[2018.10.15-14.33.54:723][660]LogModuleManager: Shutting down and abandoning module PropertyEditor (35)
[2018.10.15-14.33.54:723][660]LogModuleManager: Shutting down and abandoning module AudioEditor (32)
[2018.10.15-14.33.54:723][660]LogModuleManager: Shutting down and abandoning module TextureCompressor (30)
[2018.10.15-14.33.54:724][660]LogModuleManager: Shutting down and abandoning module ShaderCore (28)
[2018.10.15-14.33.54:724][660]LogModuleManager: Shutting down and abandoning module Landscape (26)
[2018.10.15-14.33.54:724][660]LogModuleManager: Shutting down and abandoning module SlateRHIRenderer (24)
[2018.10.15-14.33.54:727][660]LogModuleManager: Shutting down and abandoning module OpenGLDrv (22)
[2018.10.15-14.33.54:727][660]LogModuleManager: Shutting down and abandoning module D3D11RHI (20)
[2018.10.15-14.33.54:727][660]LogModuleManager: Shutting down and abandoning module AnimGraphRuntime (18)
[2018.10.15-14.33.54:727][660]LogModuleManager: Shutting down and abandoning module Renderer (16)
[2018.10.15-14.33.54:727][660]LogModuleManager: Shutting down and abandoning module Engine (14)
[2018.10.15-14.33.54:728][660]LogModuleManager: Shutting down and abandoning module CoreUObject (12)
[2018.10.15-14.33.54:728][660]LogModuleManager: Shutting down and abandoning module NetworkFile (10)
[2018.10.15-14.33.54:728][660]LogModuleManager: Shutting down and abandoning module CookedIterativeFile (8)
[2018.10.15-14.33.54:728][660]LogModuleManager: Shutting down and abandoning module StreamingFile (6)
[2018.10.15-14.33.54:728][660]LogModuleManager: Shutting down and abandoning module SandboxFile (4)
[2018.10.15-14.33.54:728][660]LogModuleManager: Shutting down and abandoning module PakFile (2)
[2018.10.15-14.33.54:732][660]LogExit: Exiting.
[2018.10.15-14.33.54:744][660]Log file closed, 10/15/18 10:33:54
